ARM GAS  C:\Users\Revanth\AppData\Local\Temp\ccxzhmZX.s 			page 1


   1              		.syntax unified
   2              		.cpu cortex-m3
   3              		.fpu softvfp
   4              		.eabi_attribute 20, 1
   5              		.eabi_attribute 21, 1
   6              		.eabi_attribute 23, 3
   7              		.eabi_attribute 24, 1
   8              		.eabi_attribute 25, 1
   9              		.eabi_attribute 26, 1
  10              		.eabi_attribute 30, 1
  11              		.eabi_attribute 34, 1
  12              		.eabi_attribute 18, 4
  13              		.thumb
  14              		.syntax unified
  15              		.file	"main.c"
  16              		.text
  17              	.Ltext0:
  18              		.cfi_sections	.debug_frame
  19              		.section	.text.main,"ax",%progbits
  20              		.align	2
  21              		.global	main
  22              		.thumb
  23              		.thumb_func
  24              		.type	main, %function
  25              	main:
  26              	.LFB64:
  27              		.file 1 "main.c"
   1:main.c        **** /* ========================================
   2:main.c        ****    Copyright Sigtuple, 2022
   3:main.c        ****    All Rights Reserved
   4:main.c        ****    UNPUBLISHED, LICENSED SOFTWARE.
   5:main.c        **** 
   6:main.c        ****    CONFIDENTIAL AND PROPRIETARY INFORMATION
   7:main.c        ****    WHICH IS THE PROPERTY OF SIGTUPLE.
   8:main.c        **** 
   9:main.c        ****    ========================================
  10:main.c        **** */
  11:main.c        **** #include "project.h"
  12:main.c        **** #include <stdlib.h>
  13:main.c        **** #include <string.h>
  14:main.c        **** #include "AS76.h"
  15:main.c        **** #include "variables.h"
  16:main.c        **** 
  17:main.c        **** 
  18:main.c        **** uint8_t status_x =0xFF;
  19:main.c        **** uint8_t status_y =0xFF;
  20:main.c        **** uint8_t status_z =0xFF;
  21:main.c        **** uint8_t status_t =0xFF;
  22:main.c        **** 
  23:main.c        **** 
  24:main.c        **** 
  25:main.c        **** int main(void)
  26:main.c        **** {
  28              		.loc 1 26 0
  29              		.cfi_startproc
  30              		@ Volatile: function does not return.
  31              		@ args = 0, pretend = 0, frame = 0
ARM GAS  C:\Users\Revanth\AppData\Local\Temp\ccxzhmZX.s 			page 2


  32              		@ frame_needed = 0, uses_anonymous_args = 0
  33 0000 08B5     		push	{r3, lr}
  34              		.cfi_def_cfa_offset 8
  35              		.cfi_offset 3, -8
  36              		.cfi_offset 14, -4
  27:main.c        ****     CyGlobalIntEnable;                                  /* Enable global interrupts. */
  37              		.loc 1 27 0
  38              		.syntax unified
  39              	@ 27 "main.c" 1
  40 0002 62B6     		CPSIE   i
  41              	@ 0 "" 2
  28:main.c        ****     wait_timer_Init();
  42              		.loc 1 28 0
  43              		.thumb
  44              		.syntax unified
  45 0004 FFF7FEFF 		bl	wait_timer_Init
  46              	.LVL0:
  29:main.c        ****     
  30:main.c        ****     
  31:main.c        ****     
  32:main.c        ****     
  33:main.c        ****     LED3_Write(0xFF);
  47              		.loc 1 33 0
  48 0008 FF20     		movs	r0, #255
  49 000a FFF7FEFF 		bl	LED3_Write
  50              	.LVL1:
  34:main.c        ****     LED2_Write(0xFF);
  51              		.loc 1 34 0
  52 000e FF20     		movs	r0, #255
  53 0010 FFF7FEFF 		bl	LED2_Write
  54              	.LVL2:
  35:main.c        ****     Initialize_PWM();     
  55              		.loc 1 35 0
  56 0014 FFF7FEFF 		bl	Initialize_PWM
  57              	.LVL3:
  36:main.c        ****     UART_PCB_LOG_Start();   
  58              		.loc 1 36 0
  59 0018 FFF7FEFF 		bl	UART_PCB_LOG_Start
  60              	.LVL4:
  37:main.c        ****     Write_Debug_UART_Char("PCB On/PCB RESET**********  \r\n");
  61              		.loc 1 37 0
  62 001c 2E48     		ldr	r0, .L5
  63 001e FFF7FEFF 		bl	Write_Debug_UART_Char
  64              	.LVL5:
  38:main.c        ****     Initialize_USB();                                   /* Start USB to communicate with motherbord
  65              		.loc 1 38 0
  66 0022 FFF7FEFF 		bl	Initialize_USB
  67              	.LVL6:
  39:main.c        ****     Initialize_And_Start_All_Opt_Encoder();             /* Start optical decoder. */    
  68              		.loc 1 39 0
  69 0026 FFF7FEFF 		bl	Initialize_And_Start_All_Opt_Encoder
  70              	.LVL7:
  40:main.c        ****     SPIM_Start();                                       /* SPI communication start for motor driver
  71              		.loc 1 40 0
  72 002a FFF7FEFF 		bl	SPIM_Start
  73              	.LVL8:
  41:main.c        ****     Initialize_Motor(TMC5160_nCS_MotorX);
ARM GAS  C:\Users\Revanth\AppData\Local\Temp\ccxzhmZX.s 			page 3


  74              		.loc 1 41 0
  75 002e 0020     		movs	r0, #0
  76 0030 FFF7FEFF 		bl	Initialize_Motor
  77              	.LVL9:
  42:main.c        ****     CyDelayUs(100);
  78              		.loc 1 42 0
  79 0034 6420     		movs	r0, #100
  80 0036 FFF7FEFF 		bl	CyDelayUs
  81              	.LVL10:
  43:main.c        ****     Initialize_Motor(TMC5160_nCS_MotorY); 
  82              		.loc 1 43 0
  83 003a 0120     		movs	r0, #1
  84 003c FFF7FEFF 		bl	Initialize_Motor
  85              	.LVL11:
  44:main.c        ****     CyDelayUs(100);
  86              		.loc 1 44 0
  87 0040 6420     		movs	r0, #100
  88 0042 FFF7FEFF 		bl	CyDelayUs
  89              	.LVL12:
  45:main.c        ****     Initialize_Motor(TMC5160_nCS_MotorZ); 
  90              		.loc 1 45 0
  91 0046 0220     		movs	r0, #2
  92 0048 FFF7FEFF 		bl	Initialize_Motor
  93              	.LVL13:
  46:main.c        ****     CyDelayUs(100);
  94              		.loc 1 46 0
  95 004c 6420     		movs	r0, #100
  96 004e FFF7FEFF 		bl	CyDelayUs
  97              	.LVL14:
  47:main.c        ****     Initialize_Motor(TMC5160_nCS_MotorT); 
  98              		.loc 1 47 0
  99 0052 0320     		movs	r0, #3
 100 0054 FFF7FEFF 		bl	Initialize_Motor
 101              	.LVL15:
  48:main.c        ****     CyDelayUs(100);
 102              		.loc 1 48 0
 103 0058 6420     		movs	r0, #100
 104 005a FFF7FEFF 		bl	CyDelayUs
 105              	.LVL16:
  49:main.c        ****     Initialize_Motor(TMC5160_nCS_MotorO); 
 106              		.loc 1 49 0
 107 005e 0420     		movs	r0, #4
 108 0060 FFF7FEFF 		bl	Initialize_Motor
 109              	.LVL17:
  50:main.c        ****     CyDelayUs(100);
 110              		.loc 1 50 0
 111 0064 6420     		movs	r0, #100
 112 0066 FFF7FEFF 		bl	CyDelayUs
 113              	.LVL18:
  51:main.c        **** 
  52:main.c        ****  
  53:main.c        ****     // API for Homing X,Y,Z,T
  54:main.c        ****     //TMC5160_MotorZ_EN_Write(0x00);
  55:main.c        ****     CyDelay(100);
 114              		.loc 1 55 0
 115 006a 6420     		movs	r0, #100
 116 006c FFF7FEFF 		bl	CyDelay
ARM GAS  C:\Users\Revanth\AppData\Local\Temp\ccxzhmZX.s 			page 4


 117              	.LVL19:
  56:main.c        ****     //homeZ(TMC5160_nCS_MotorZ);
  57:main.c        ****     //TMC5160_MotorX_EN_Write(0x00);
  58:main.c        ****     CyDelay(100);
 118              		.loc 1 58 0
 119 0070 6420     		movs	r0, #100
 120 0072 FFF7FEFF 		bl	CyDelay
 121              	.LVL20:
  59:main.c        ****     //homeX(TMC5160_nCS_MotorX);
  60:main.c        ****     //TMC5160_MotorY_EN_Write(0x00);
  61:main.c        ****     CyDelay(100);
 122              		.loc 1 61 0
 123 0076 6420     		movs	r0, #100
 124 0078 FFF7FEFF 		bl	CyDelay
 125              	.LVL21:
  62:main.c        ****     //homeY(TMC5160_nCS_MotorY);
  63:main.c        ****     
  64:main.c        ****     //TMC5160_MotorT_EN_Write(0x00);
  65:main.c        ****     //homeT(TMC5160_nCS_MotorT);
  66:main.c        ****     //TMC5160_MotorT_EN_Write(0xFF); 
  67:main.c        ****     //TMC5160_MotorO_EN_Write(0x00);
  68:main.c        ****     update_max_velocity(6200, TMC5160_nCS_MotorO);
 126              		.loc 1 68 0
 127 007c 0421     		movs	r1, #4
 128 007e 41F63800 		movw	r0, #6200
 129 0082 FFF7FEFF 		bl	update_max_velocity
 130              	.LVL22:
  69:main.c        ****     
  70:main.c        ****     QuadDec_X_SetCounter(0x00) ;
 131              		.loc 1 70 0
 132 0086 0020     		movs	r0, #0
 133 0088 FFF7FEFF 		bl	QuadDec_X_SetCounter
 134              	.LVL23:
  71:main.c        ****     QuadDec_Y_SetCounter(0x00) ;  
 135              		.loc 1 71 0
 136 008c 0020     		movs	r0, #0
 137 008e FFF7FEFF 		bl	QuadDec_Y_SetCounter
 138              	.LVL24:
  72:main.c        ****     
  73:main.c        ****     LED3_Write(0x00);
 139              		.loc 1 73 0
 140 0092 0020     		movs	r0, #0
 141 0094 FFF7FEFF 		bl	LED3_Write
 142              	.LVL25:
  74:main.c        ****     LED2_Write(0x00);
 143              		.loc 1 74 0
 144 0098 0020     		movs	r0, #0
 145 009a FFF7FEFF 		bl	LED2_Write
 146              	.LVL26:
 147              	.L3:
  75:main.c        ****     
  76:main.c        ****    
  77:main.c        ****         
  78:main.c        **** ////////////////////////////////////////// LOOP ///////////////////////////////////////////////////
  79:main.c        ****         
  80:main.c        ****     for (;;)  
  81:main.c        ****     {    
ARM GAS  C:\Users\Revanth\AppData\Local\Temp\ccxzhmZX.s 			page 5


  82:main.c        ****         Is_USB_Unpluged();                              /* Reset MCU if USB unplugged or plugged. *
 148              		.loc 1 82 0
 149 009e FFF7FEFF 		bl	Is_USB_Unpluged
 150              	.LVL27:
  83:main.c        ****         if (0 != USB_DataIsReady())                     /* Check for input data from host. */
 151              		.loc 1 83 0
 152 00a2 FFF7FEFF 		bl	USB_DataIsReady
 153              	.LVL28:
 154 00a6 88B1     		cbz	r0, .L2
  84:main.c        ****         {       
  85:main.c        ****             count = USB_GetAll(USB_received);           /* Read received data and re-enable OUT end
 155              		.loc 1 85 0
 156 00a8 0C48     		ldr	r0, .L5+4
 157 00aa FFF7FEFF 		bl	USB_GetAll
 158              	.LVL29:
 159 00ae 0C4B     		ldr	r3, .L5+8
 160 00b0 1880     		strh	r0, [r3]	@ movhi
  86:main.c        ****             if(count >= 2)                              /* Check if data id more then 2 bytes. */
 161              		.loc 1 86 0
 162 00b2 0128     		cmp	r0, #1
 163 00b4 0AD9     		bls	.L2
  87:main.c        ****             {
  88:main.c        ****                 Write_Debug_UART_Char("DATA RECEIVED  \r\n");
 164              		.loc 1 88 0
 165 00b6 0B48     		ldr	r0, .L5+12
 166 00b8 FFF7FEFF 		bl	Write_Debug_UART_Char
 167              	.LVL30:
  89:main.c        ****                 LED2_Write(0xFF);
 168              		.loc 1 89 0
 169 00bc FF20     		movs	r0, #255
 170 00be FFF7FEFF 		bl	LED2_Write
 171              	.LVL31:
  90:main.c        ****                  Process_USB_Data();   
 172              		.loc 1 90 0
 173 00c2 FFF7FEFF 		bl	Process_USB_Data
 174              	.LVL32:
  91:main.c        ****                 LED2_Write(0x00);
 175              		.loc 1 91 0
 176 00c6 0020     		movs	r0, #0
 177 00c8 FFF7FEFF 		bl	LED2_Write
 178              	.LVL33:
 179              	.L2:
  92:main.c        ****                   /* Process The USB incoming data. */
  93:main.c        ****                
  94:main.c        ****                 
  95:main.c        **** 
  96:main.c        ****             }
  97:main.c        ****                
  98:main.c        ****         }            
  99:main.c        ****     
 100:main.c        ****            
 101:main.c        ****    
 102:main.c        ****         
 103:main.c        ****       
 104:main.c        ****     // Test API for Movement Check with error correction 
 105:main.c        ****     //goTo_XYZ(1656000,556000,0); 
 106:main.c        ****     //goTo_XYZ(2560000,800000,60000);
ARM GAS  C:\Users\Revanth\AppData\Local\Temp\ccxzhmZX.s 			page 6


 107:main.c        ****     //CyDelayUs(50);;
 108:main.c        ****     //goTo_XYZ((51200*40),(51200*6),(51200*7)); 
 109:main.c        ****     //CyDelayUs(50); 
 110:main.c        ****     //goTo_XYZ((51200*60),(51200*15),(51200*10)); 
 111:main.c        ****     //CyDelayUs(50);    
 112:main.c        ****     //goTo_XYZ(0,0,0); 
 113:main.c        ****     //CyDelayUs(50);  
 114:main.c        ****                
 115:main.c        **** 
 116:main.c        ****     CyDelayUs(500);
 180              		.loc 1 116 0
 181 00cc 4FF4FA70 		mov	r0, #500
 182 00d0 FFF7FEFF 		bl	CyDelayUs
 183              	.LVL34:
 117:main.c        **** //
 118:main.c        **** //        
 119:main.c        ****         }    
 184              		.loc 1 119 0
 185 00d4 E3E7     		b	.L3
 186              	.L6:
 187 00d6 00BF     		.align	2
 188              	.L5:
 189 00d8 00000000 		.word	.LC0
 190 00dc 00000000 		.word	USB_received
 191 00e0 00000000 		.word	count
 192 00e4 20000000 		.word	.LC1
 193              		.cfi_endproc
 194              	.LFE64:
 195              		.size	main, .-main
 196              		.global	status_t
 197              		.global	status_z
 198              		.global	status_y
 199              		.global	status_x
 200              		.comm	USB_transmit,58,4
 201              		.comm	USB_received,64,4
 202              		.comm	count,2,2
 203              		.comm	Is_Slide_On_Gripper,1,1
 204              		.data
 205              		.type	status_t, %object
 206              		.size	status_t, 1
 207              	status_t:
 208 0000 FF       		.byte	-1
 209              		.type	status_z, %object
 210              		.size	status_z, 1
 211              	status_z:
 212 0001 FF       		.byte	-1
 213              		.type	status_y, %object
 214              		.size	status_y, 1
 215              	status_y:
 216 0002 FF       		.byte	-1
 217              		.type	status_x, %object
 218              		.size	status_x, 1
 219              	status_x:
 220 0003 FF       		.byte	-1
 221              		.section	.rodata.str1.4,"aMS",%progbits,1
 222              		.align	2
 223              	.LC0:
ARM GAS  C:\Users\Revanth\AppData\Local\Temp\ccxzhmZX.s 			page 7


 224 0000 50434220 		.ascii	"PCB On/PCB RESET**********  \015\012\000"
 224      4F6E2F50 
 224      43422052 
 224      45534554 
 224      2A2A2A2A 
 225 001f 00       		.space	1
 226              	.LC1:
 227 0020 44415441 		.ascii	"DATA RECEIVED  \015\012\000"
 227      20524543 
 227      45495645 
 227      4420200D 
 227      0A00
 228              		.text
 229              	.Letext0:
 230              		.file 2 "c:\\program files (x86)\\cypress\\psoc creator\\4.4\\psoc creator\\import\\gnu\\arm\\5.4.
 231              		.file 3 "c:\\program files (x86)\\cypress\\psoc creator\\4.4\\psoc creator\\import\\gnu\\arm\\5.4.
 232              		.file 4 "Generated_Source\\PSoC5/cytypes.h"
 233              		.file 5 "Generated_Source\\PSoC5/core_cm3.h"
 234              		.file 6 "variables.h"
 235              		.file 7 "Generated_Source\\PSoC5/wait_timer.h"
 236              		.file 8 "Generated_Source\\PSoC5/LED3.h"
 237              		.file 9 "Generated_Source\\PSoC5/LED2.h"
 238              		.file 10 "Generated_Source\\PSoC5/UART_PCB_LOG.h"
 239              		.file 11 "Generated_Source\\PSoC5/SPIM.h"
 240              		.file 12 "Generated_Source\\PSoC5/CyLib.h"
 241              		.file 13 "AS76.h"
 242              		.file 14 "Generated_Source\\PSoC5/QuadDec_X.h"
 243              		.file 15 "Generated_Source\\PSoC5/QuadDec_Y.h"
 244              		.file 16 "Generated_Source\\PSoC5/USB_cdc.h"
 245              		.section	.debug_info,"",%progbits
 246              	.Ldebug_info0:
 247 0000 E1040000 		.4byte	0x4e1
 248 0004 0400     		.2byte	0x4
 249 0006 00000000 		.4byte	.Ldebug_abbrev0
 250 000a 04       		.byte	0x4
 251 000b 01       		.uleb128 0x1
 252 000c CE000000 		.4byte	.LASF50
 253 0010 0C       		.byte	0xc
 254 0011 5D020000 		.4byte	.LASF51
 255 0015 92020000 		.4byte	.LASF52
 256 0019 00000000 		.4byte	.Ldebug_ranges0+0
 257 001d 00000000 		.4byte	0
 258 0021 00000000 		.4byte	.Ldebug_line0
 259 0025 02       		.uleb128 0x2
 260 0026 01       		.byte	0x1
 261 0027 06       		.byte	0x6
 262 0028 2C030000 		.4byte	.LASF0
 263 002c 03       		.uleb128 0x3
 264 002d 00000000 		.4byte	.LASF4
 265 0031 02       		.byte	0x2
 266 0032 1D       		.byte	0x1d
 267 0033 37000000 		.4byte	0x37
 268 0037 02       		.uleb128 0x2
 269 0038 01       		.byte	0x1
 270 0039 08       		.byte	0x8
 271 003a C0000000 		.4byte	.LASF1
 272 003e 02       		.uleb128 0x2
ARM GAS  C:\Users\Revanth\AppData\Local\Temp\ccxzhmZX.s 			page 8


 273 003f 02       		.byte	0x2
 274 0040 05       		.byte	0x5
 275 0041 88020000 		.4byte	.LASF2
 276 0045 02       		.uleb128 0x2
 277 0046 02       		.byte	0x2
 278 0047 07       		.byte	0x7
 279 0048 6E010000 		.4byte	.LASF3
 280 004c 03       		.uleb128 0x3
 281 004d 28000000 		.4byte	.LASF5
 282 0051 02       		.byte	0x2
 283 0052 3F       		.byte	0x3f
 284 0053 57000000 		.4byte	0x57
 285 0057 02       		.uleb128 0x2
 286 0058 04       		.byte	0x4
 287 0059 05       		.byte	0x5
 288 005a 17030000 		.4byte	.LASF6
 289 005e 02       		.uleb128 0x2
 290 005f 04       		.byte	0x4
 291 0060 07       		.byte	0x7
 292 0061 5C010000 		.4byte	.LASF7
 293 0065 02       		.uleb128 0x2
 294 0066 08       		.byte	0x8
 295 0067 05       		.byte	0x5
 296 0068 4F020000 		.4byte	.LASF8
 297 006c 02       		.uleb128 0x2
 298 006d 08       		.byte	0x8
 299 006e 07       		.byte	0x7
 300 006f F5010000 		.4byte	.LASF9
 301 0073 04       		.uleb128 0x4
 302 0074 04       		.byte	0x4
 303 0075 05       		.byte	0x5
 304 0076 696E7400 		.ascii	"int\000"
 305 007a 02       		.uleb128 0x2
 306 007b 04       		.byte	0x4
 307 007c 07       		.byte	0x7
 308 007d E8010000 		.4byte	.LASF10
 309 0081 03       		.uleb128 0x3
 310 0082 0C020000 		.4byte	.LASF11
 311 0086 03       		.byte	0x3
 312 0087 18       		.byte	0x18
 313 0088 2C000000 		.4byte	0x2c
 314 008c 03       		.uleb128 0x3
 315 008d 1F020000 		.4byte	.LASF12
 316 0091 03       		.byte	0x3
 317 0092 2C       		.byte	0x2c
 318 0093 4C000000 		.4byte	0x4c
 319 0097 05       		.uleb128 0x5
 320 0098 E0020000 		.4byte	.LASF13
 321 009c 04       		.byte	0x4
 322 009d E401     		.2byte	0x1e4
 323 009f 37000000 		.4byte	0x37
 324 00a3 05       		.uleb128 0x5
 325 00a4 8E010000 		.4byte	.LASF14
 326 00a8 04       		.byte	0x4
 327 00a9 E501     		.2byte	0x1e5
 328 00ab 45000000 		.4byte	0x45
 329 00af 05       		.uleb128 0x5
ARM GAS  C:\Users\Revanth\AppData\Local\Temp\ccxzhmZX.s 			page 9


 330 00b0 D3010000 		.4byte	.LASF15
 331 00b4 04       		.byte	0x4
 332 00b5 E701     		.2byte	0x1e7
 333 00b7 25000000 		.4byte	0x25
 334 00bb 02       		.uleb128 0x2
 335 00bc 04       		.byte	0x4
 336 00bd 04       		.byte	0x4
 337 00be AA000000 		.4byte	.LASF16
 338 00c2 02       		.uleb128 0x2
 339 00c3 08       		.byte	0x8
 340 00c4 04       		.byte	0x4
 341 00c5 38030000 		.4byte	.LASF17
 342 00c9 02       		.uleb128 0x2
 343 00ca 01       		.byte	0x1
 344 00cb 08       		.byte	0x8
 345 00cc 64020000 		.4byte	.LASF18
 346 00d0 02       		.uleb128 0x2
 347 00d1 08       		.byte	0x8
 348 00d2 04       		.byte	0x4
 349 00d3 20030000 		.4byte	.LASF19
 350 00d7 02       		.uleb128 0x2
 351 00d8 04       		.byte	0x4
 352 00d9 07       		.byte	0x7
 353 00da 27020000 		.4byte	.LASF20
 354 00de 06       		.uleb128 0x6
 355 00df B5010000 		.4byte	.LASF53
 356 00e3 01       		.byte	0x1
 357 00e4 19       		.byte	0x19
 358 00e5 73000000 		.4byte	0x73
 359 00e9 00000000 		.4byte	.LFB64
 360 00ed E8000000 		.4byte	.LFE64-.LFB64
 361 00f1 01       		.uleb128 0x1
 362 00f2 9C       		.byte	0x9c
 363 00f3 53030000 		.4byte	0x353
 364 00f7 07       		.uleb128 0x7
 365 00f8 08000000 		.4byte	.LVL0
 366 00fc 13040000 		.4byte	0x413
 367 0100 08       		.uleb128 0x8
 368 0101 0E000000 		.4byte	.LVL1
 369 0105 1E040000 		.4byte	0x41e
 370 0109 14010000 		.4byte	0x114
 371 010d 09       		.uleb128 0x9
 372 010e 01       		.uleb128 0x1
 373 010f 50       		.byte	0x50
 374 0110 02       		.uleb128 0x2
 375 0111 09       		.byte	0x9
 376 0112 FF       		.byte	0xff
 377 0113 00       		.byte	0
 378 0114 08       		.uleb128 0x8
 379 0115 14000000 		.4byte	.LVL2
 380 0119 29040000 		.4byte	0x429
 381 011d 28010000 		.4byte	0x128
 382 0121 09       		.uleb128 0x9
 383 0122 01       		.uleb128 0x1
 384 0123 50       		.byte	0x50
 385 0124 02       		.uleb128 0x2
 386 0125 09       		.byte	0x9
ARM GAS  C:\Users\Revanth\AppData\Local\Temp\ccxzhmZX.s 			page 10


 387 0126 FF       		.byte	0xff
 388 0127 00       		.byte	0
 389 0128 07       		.uleb128 0x7
 390 0129 18000000 		.4byte	.LVL3
 391 012d 34040000 		.4byte	0x434
 392 0131 07       		.uleb128 0x7
 393 0132 1C000000 		.4byte	.LVL4
 394 0136 3F040000 		.4byte	0x43f
 395 013a 08       		.uleb128 0x8
 396 013b 22000000 		.4byte	.LVL5
 397 013f 4A040000 		.4byte	0x44a
 398 0143 51010000 		.4byte	0x151
 399 0147 09       		.uleb128 0x9
 400 0148 01       		.uleb128 0x1
 401 0149 50       		.byte	0x50
 402 014a 05       		.uleb128 0x5
 403 014b 03       		.byte	0x3
 404 014c 00000000 		.4byte	.LC0
 405 0150 00       		.byte	0
 406 0151 07       		.uleb128 0x7
 407 0152 26000000 		.4byte	.LVL6
 408 0156 55040000 		.4byte	0x455
 409 015a 07       		.uleb128 0x7
 410 015b 2A000000 		.4byte	.LVL7
 411 015f 60040000 		.4byte	0x460
 412 0163 07       		.uleb128 0x7
 413 0164 2E000000 		.4byte	.LVL8
 414 0168 6B040000 		.4byte	0x46b
 415 016c 08       		.uleb128 0x8
 416 016d 34000000 		.4byte	.LVL9
 417 0171 76040000 		.4byte	0x476
 418 0175 7F010000 		.4byte	0x17f
 419 0179 09       		.uleb128 0x9
 420 017a 01       		.uleb128 0x1
 421 017b 50       		.byte	0x50
 422 017c 01       		.uleb128 0x1
 423 017d 30       		.byte	0x30
 424 017e 00       		.byte	0
 425 017f 08       		.uleb128 0x8
 426 0180 3A000000 		.4byte	.LVL10
 427 0184 81040000 		.4byte	0x481
 428 0188 93010000 		.4byte	0x193
 429 018c 09       		.uleb128 0x9
 430 018d 01       		.uleb128 0x1
 431 018e 50       		.byte	0x50
 432 018f 02       		.uleb128 0x2
 433 0190 08       		.byte	0x8
 434 0191 64       		.byte	0x64
 435 0192 00       		.byte	0
 436 0193 08       		.uleb128 0x8
 437 0194 40000000 		.4byte	.LVL11
 438 0198 76040000 		.4byte	0x476
 439 019c A6010000 		.4byte	0x1a6
 440 01a0 09       		.uleb128 0x9
 441 01a1 01       		.uleb128 0x1
 442 01a2 50       		.byte	0x50
 443 01a3 01       		.uleb128 0x1
ARM GAS  C:\Users\Revanth\AppData\Local\Temp\ccxzhmZX.s 			page 11


 444 01a4 31       		.byte	0x31
 445 01a5 00       		.byte	0
 446 01a6 08       		.uleb128 0x8
 447 01a7 46000000 		.4byte	.LVL12
 448 01ab 81040000 		.4byte	0x481
 449 01af BA010000 		.4byte	0x1ba
 450 01b3 09       		.uleb128 0x9
 451 01b4 01       		.uleb128 0x1
 452 01b5 50       		.byte	0x50
 453 01b6 02       		.uleb128 0x2
 454 01b7 08       		.byte	0x8
 455 01b8 64       		.byte	0x64
 456 01b9 00       		.byte	0
 457 01ba 08       		.uleb128 0x8
 458 01bb 4C000000 		.4byte	.LVL13
 459 01bf 76040000 		.4byte	0x476
 460 01c3 CD010000 		.4byte	0x1cd
 461 01c7 09       		.uleb128 0x9
 462 01c8 01       		.uleb128 0x1
 463 01c9 50       		.byte	0x50
 464 01ca 01       		.uleb128 0x1
 465 01cb 32       		.byte	0x32
 466 01cc 00       		.byte	0
 467 01cd 08       		.uleb128 0x8
 468 01ce 52000000 		.4byte	.LVL14
 469 01d2 81040000 		.4byte	0x481
 470 01d6 E1010000 		.4byte	0x1e1
 471 01da 09       		.uleb128 0x9
 472 01db 01       		.uleb128 0x1
 473 01dc 50       		.byte	0x50
 474 01dd 02       		.uleb128 0x2
 475 01de 08       		.byte	0x8
 476 01df 64       		.byte	0x64
 477 01e0 00       		.byte	0
 478 01e1 08       		.uleb128 0x8
 479 01e2 58000000 		.4byte	.LVL15
 480 01e6 76040000 		.4byte	0x476
 481 01ea F4010000 		.4byte	0x1f4
 482 01ee 09       		.uleb128 0x9
 483 01ef 01       		.uleb128 0x1
 484 01f0 50       		.byte	0x50
 485 01f1 01       		.uleb128 0x1
 486 01f2 33       		.byte	0x33
 487 01f3 00       		.byte	0
 488 01f4 08       		.uleb128 0x8
 489 01f5 5E000000 		.4byte	.LVL16
 490 01f9 81040000 		.4byte	0x481
 491 01fd 08020000 		.4byte	0x208
 492 0201 09       		.uleb128 0x9
 493 0202 01       		.uleb128 0x1
 494 0203 50       		.byte	0x50
 495 0204 02       		.uleb128 0x2
 496 0205 08       		.byte	0x8
 497 0206 64       		.byte	0x64
 498 0207 00       		.byte	0
 499 0208 08       		.uleb128 0x8
 500 0209 64000000 		.4byte	.LVL17
ARM GAS  C:\Users\Revanth\AppData\Local\Temp\ccxzhmZX.s 			page 12


 501 020d 76040000 		.4byte	0x476
 502 0211 1B020000 		.4byte	0x21b
 503 0215 09       		.uleb128 0x9
 504 0216 01       		.uleb128 0x1
 505 0217 50       		.byte	0x50
 506 0218 01       		.uleb128 0x1
 507 0219 34       		.byte	0x34
 508 021a 00       		.byte	0
 509 021b 08       		.uleb128 0x8
 510 021c 6A000000 		.4byte	.LVL18
 511 0220 81040000 		.4byte	0x481
 512 0224 2F020000 		.4byte	0x22f
 513 0228 09       		.uleb128 0x9
 514 0229 01       		.uleb128 0x1
 515 022a 50       		.byte	0x50
 516 022b 02       		.uleb128 0x2
 517 022c 08       		.byte	0x8
 518 022d 64       		.byte	0x64
 519 022e 00       		.byte	0
 520 022f 08       		.uleb128 0x8
 521 0230 70000000 		.4byte	.LVL19
 522 0234 8C040000 		.4byte	0x48c
 523 0238 43020000 		.4byte	0x243
 524 023c 09       		.uleb128 0x9
 525 023d 01       		.uleb128 0x1
 526 023e 50       		.byte	0x50
 527 023f 02       		.uleb128 0x2
 528 0240 08       		.byte	0x8
 529 0241 64       		.byte	0x64
 530 0242 00       		.byte	0
 531 0243 08       		.uleb128 0x8
 532 0244 76000000 		.4byte	.LVL20
 533 0248 8C040000 		.4byte	0x48c
 534 024c 57020000 		.4byte	0x257
 535 0250 09       		.uleb128 0x9
 536 0251 01       		.uleb128 0x1
 537 0252 50       		.byte	0x50
 538 0253 02       		.uleb128 0x2
 539 0254 08       		.byte	0x8
 540 0255 64       		.byte	0x64
 541 0256 00       		.byte	0
 542 0257 08       		.uleb128 0x8
 543 0258 7C000000 		.4byte	.LVL21
 544 025c 8C040000 		.4byte	0x48c
 545 0260 6B020000 		.4byte	0x26b
 546 0264 09       		.uleb128 0x9
 547 0265 01       		.uleb128 0x1
 548 0266 50       		.byte	0x50
 549 0267 02       		.uleb128 0x2
 550 0268 08       		.byte	0x8
 551 0269 64       		.byte	0x64
 552 026a 00       		.byte	0
 553 026b 08       		.uleb128 0x8
 554 026c 86000000 		.4byte	.LVL22
 555 0270 97040000 		.4byte	0x497
 556 0274 85020000 		.4byte	0x285
 557 0278 09       		.uleb128 0x9
ARM GAS  C:\Users\Revanth\AppData\Local\Temp\ccxzhmZX.s 			page 13


 558 0279 01       		.uleb128 0x1
 559 027a 50       		.byte	0x50
 560 027b 03       		.uleb128 0x3
 561 027c 0A       		.byte	0xa
 562 027d 3818     		.2byte	0x1838
 563 027f 09       		.uleb128 0x9
 564 0280 01       		.uleb128 0x1
 565 0281 51       		.byte	0x51
 566 0282 01       		.uleb128 0x1
 567 0283 34       		.byte	0x34
 568 0284 00       		.byte	0
 569 0285 08       		.uleb128 0x8
 570 0286 8C000000 		.4byte	.LVL23
 571 028a A2040000 		.4byte	0x4a2
 572 028e 98020000 		.4byte	0x298
 573 0292 09       		.uleb128 0x9
 574 0293 01       		.uleb128 0x1
 575 0294 50       		.byte	0x50
 576 0295 01       		.uleb128 0x1
 577 0296 30       		.byte	0x30
 578 0297 00       		.byte	0
 579 0298 08       		.uleb128 0x8
 580 0299 92000000 		.4byte	.LVL24
 581 029d AD040000 		.4byte	0x4ad
 582 02a1 AB020000 		.4byte	0x2ab
 583 02a5 09       		.uleb128 0x9
 584 02a6 01       		.uleb128 0x1
 585 02a7 50       		.byte	0x50
 586 02a8 01       		.uleb128 0x1
 587 02a9 30       		.byte	0x30
 588 02aa 00       		.byte	0
 589 02ab 08       		.uleb128 0x8
 590 02ac 98000000 		.4byte	.LVL25
 591 02b0 1E040000 		.4byte	0x41e
 592 02b4 BE020000 		.4byte	0x2be
 593 02b8 09       		.uleb128 0x9
 594 02b9 01       		.uleb128 0x1
 595 02ba 50       		.byte	0x50
 596 02bb 01       		.uleb128 0x1
 597 02bc 30       		.byte	0x30
 598 02bd 00       		.byte	0
 599 02be 08       		.uleb128 0x8
 600 02bf 9E000000 		.4byte	.LVL26
 601 02c3 29040000 		.4byte	0x429
 602 02c7 D1020000 		.4byte	0x2d1
 603 02cb 09       		.uleb128 0x9
 604 02cc 01       		.uleb128 0x1
 605 02cd 50       		.byte	0x50
 606 02ce 01       		.uleb128 0x1
 607 02cf 30       		.byte	0x30
 608 02d0 00       		.byte	0
 609 02d1 07       		.uleb128 0x7
 610 02d2 A2000000 		.4byte	.LVL27
 611 02d6 B8040000 		.4byte	0x4b8
 612 02da 07       		.uleb128 0x7
 613 02db A6000000 		.4byte	.LVL28
 614 02df C3040000 		.4byte	0x4c3
ARM GAS  C:\Users\Revanth\AppData\Local\Temp\ccxzhmZX.s 			page 14


 615 02e3 08       		.uleb128 0x8
 616 02e4 AE000000 		.4byte	.LVL29
 617 02e8 CE040000 		.4byte	0x4ce
 618 02ec FA020000 		.4byte	0x2fa
 619 02f0 09       		.uleb128 0x9
 620 02f1 01       		.uleb128 0x1
 621 02f2 50       		.byte	0x50
 622 02f3 05       		.uleb128 0x5
 623 02f4 03       		.byte	0x3
 624 02f5 00000000 		.4byte	USB_received
 625 02f9 00       		.byte	0
 626 02fa 08       		.uleb128 0x8
 627 02fb BC000000 		.4byte	.LVL30
 628 02ff 4A040000 		.4byte	0x44a
 629 0303 11030000 		.4byte	0x311
 630 0307 09       		.uleb128 0x9
 631 0308 01       		.uleb128 0x1
 632 0309 50       		.byte	0x50
 633 030a 05       		.uleb128 0x5
 634 030b 03       		.byte	0x3
 635 030c 20000000 		.4byte	.LC1
 636 0310 00       		.byte	0
 637 0311 08       		.uleb128 0x8
 638 0312 C2000000 		.4byte	.LVL31
 639 0316 29040000 		.4byte	0x429
 640 031a 25030000 		.4byte	0x325
 641 031e 09       		.uleb128 0x9
 642 031f 01       		.uleb128 0x1
 643 0320 50       		.byte	0x50
 644 0321 02       		.uleb128 0x2
 645 0322 09       		.byte	0x9
 646 0323 FF       		.byte	0xff
 647 0324 00       		.byte	0
 648 0325 07       		.uleb128 0x7
 649 0326 C6000000 		.4byte	.LVL32
 650 032a D9040000 		.4byte	0x4d9
 651 032e 08       		.uleb128 0x8
 652 032f CC000000 		.4byte	.LVL33
 653 0333 29040000 		.4byte	0x429
 654 0337 41030000 		.4byte	0x341
 655 033b 09       		.uleb128 0x9
 656 033c 01       		.uleb128 0x1
 657 033d 50       		.byte	0x50
 658 033e 01       		.uleb128 0x1
 659 033f 30       		.byte	0x30
 660 0340 00       		.byte	0
 661 0341 0A       		.uleb128 0xa
 662 0342 D4000000 		.4byte	.LVL34
 663 0346 81040000 		.4byte	0x481
 664 034a 09       		.uleb128 0x9
 665 034b 01       		.uleb128 0x1
 666 034c 50       		.byte	0x50
 667 034d 03       		.uleb128 0x3
 668 034e 0A       		.byte	0xa
 669 034f F401     		.2byte	0x1f4
 670 0351 00       		.byte	0
 671 0352 00       		.byte	0
ARM GAS  C:\Users\Revanth\AppData\Local\Temp\ccxzhmZX.s 			page 15


 672 0353 0B       		.uleb128 0xb
 673 0354 81010000 		.4byte	.LASF21
 674 0358 05       		.byte	0x5
 675 0359 1207     		.2byte	0x712
 676 035b 5F030000 		.4byte	0x35f
 677 035f 0C       		.uleb128 0xc
 678 0360 8C000000 		.4byte	0x8c
 679 0364 0D       		.uleb128 0xd
 680 0365 51000000 		.4byte	.LASF22
 681 0369 06       		.byte	0x6
 682 036a 16       		.byte	0x16
 683 036b 75030000 		.4byte	0x375
 684 036f 05       		.uleb128 0x5
 685 0370 03       		.byte	0x3
 686 0371 00000000 		.4byte	Is_Slide_On_Gripper
 687 0375 02       		.uleb128 0x2
 688 0376 01       		.byte	0x1
 689 0377 02       		.byte	0x2
 690 0378 3F030000 		.4byte	.LASF23
 691 037c 0D       		.uleb128 0xd
 692 037d 72020000 		.4byte	.LASF24
 693 0381 06       		.byte	0x6
 694 0382 17       		.byte	0x17
 695 0383 A3000000 		.4byte	0xa3
 696 0387 05       		.uleb128 0x5
 697 0388 03       		.byte	0x3
 698 0389 00000000 		.4byte	count
 699 038d 0E       		.uleb128 0xe
 700 038e 97000000 		.4byte	0x97
 701 0392 9D030000 		.4byte	0x39d
 702 0396 0F       		.uleb128 0xf
 703 0397 D7000000 		.4byte	0xd7
 704 039b 3F       		.byte	0x3f
 705 039c 00       		.byte	0
 706 039d 0D       		.uleb128 0xd
 707 039e A8010000 		.4byte	.LASF25
 708 03a2 06       		.byte	0x6
 709 03a3 18       		.byte	0x18
 710 03a4 8D030000 		.4byte	0x38d
 711 03a8 05       		.uleb128 0x5
 712 03a9 03       		.byte	0x3
 713 03aa 00000000 		.4byte	USB_received
 714 03ae 0E       		.uleb128 0xe
 715 03af AF000000 		.4byte	0xaf
 716 03b3 BE030000 		.4byte	0x3be
 717 03b7 0F       		.uleb128 0xf
 718 03b8 D7000000 		.4byte	0xd7
 719 03bc 39       		.byte	0x39
 720 03bd 00       		.byte	0
 721 03be 0D       		.uleb128 0xd
 722 03bf 1B000000 		.4byte	.LASF26
 723 03c3 06       		.byte	0x6
 724 03c4 19       		.byte	0x19
 725 03c5 AE030000 		.4byte	0x3ae
 726 03c9 05       		.uleb128 0x5
 727 03ca 03       		.byte	0x3
 728 03cb 00000000 		.4byte	USB_transmit
ARM GAS  C:\Users\Revanth\AppData\Local\Temp\ccxzhmZX.s 			page 16


 729 03cf 0D       		.uleb128 0xd
 730 03d0 5C030000 		.4byte	.LASF27
 731 03d4 01       		.byte	0x1
 732 03d5 12       		.byte	0x12
 733 03d6 81000000 		.4byte	0x81
 734 03da 05       		.uleb128 0x5
 735 03db 03       		.byte	0x3
 736 03dc 00000000 		.4byte	status_x
 737 03e0 0D       		.uleb128 0xd
 738 03e1 65030000 		.4byte	.LASF28
 739 03e5 01       		.byte	0x1
 740 03e6 13       		.byte	0x13
 741 03e7 81000000 		.4byte	0x81
 742 03eb 05       		.uleb128 0x5
 743 03ec 03       		.byte	0x3
 744 03ed 00000000 		.4byte	status_y
 745 03f1 0D       		.uleb128 0xd
 746 03f2 69020000 		.4byte	.LASF29
 747 03f6 01       		.byte	0x1
 748 03f7 14       		.byte	0x14
 749 03f8 81000000 		.4byte	0x81
 750 03fc 05       		.uleb128 0x5
 751 03fd 03       		.byte	0x3
 752 03fe 00000000 		.4byte	status_z
 753 0402 0D       		.uleb128 0xd
 754 0403 30020000 		.4byte	.LASF30
 755 0407 01       		.byte	0x1
 756 0408 15       		.byte	0x15
 757 0409 81000000 		.4byte	0x81
 758 040d 05       		.uleb128 0x5
 759 040e 03       		.byte	0x3
 760 040f 00000000 		.4byte	status_t
 761 0413 10       		.uleb128 0x10
 762 0414 B0000000 		.4byte	.LASF31
 763 0418 B0000000 		.4byte	.LASF31
 764 041c 07       		.byte	0x7
 765 041d 8A       		.byte	0x8a
 766 041e 10       		.uleb128 0x10
 767 041f 8A000000 		.4byte	.LASF32
 768 0423 8A000000 		.4byte	.LASF32
 769 0427 08       		.byte	0x8
 770 0428 26       		.byte	0x26
 771 0429 10       		.uleb128 0x10
 772 042a 32000000 		.4byte	.LASF33
 773 042e 32000000 		.4byte	.LASF33
 774 0432 09       		.byte	0x9
 775 0433 26       		.byte	0x26
 776 0434 10       		.uleb128 0x10
 777 0435 45030000 		.4byte	.LASF34
 778 0439 45030000 		.4byte	.LASF34
 779 043d 06       		.byte	0x6
 780 043e 2B       		.byte	0x2b
 781 043f 10       		.uleb128 0x10
 782 0440 95010000 		.4byte	.LASF35
 783 0444 95010000 		.4byte	.LASF35
 784 0448 0A       		.byte	0xa
 785 0449 54       		.byte	0x54
ARM GAS  C:\Users\Revanth\AppData\Local\Temp\ccxzhmZX.s 			page 17


 786 044a 10       		.uleb128 0x10
 787 044b 39020000 		.4byte	.LASF36
 788 044f 39020000 		.4byte	.LASF36
 789 0453 06       		.byte	0x6
 790 0454 3E       		.byte	0x3e
 791 0455 10       		.uleb128 0x10
 792 0456 BA010000 		.4byte	.LASF37
 793 045a BA010000 		.4byte	.LASF37
 794 045e 06       		.byte	0x6
 795 045f 3A       		.byte	0x3a
 796 0460 10       		.uleb128 0x10
 797 0461 65000000 		.4byte	.LASF38
 798 0465 65000000 		.4byte	.LASF38
 799 0469 06       		.byte	0x6
 800 046a 20       		.byte	0x20
 801 046b 10       		.uleb128 0x10
 802 046c 14020000 		.4byte	.LASF39
 803 0470 14020000 		.4byte	.LASF39
 804 0474 0B       		.byte	0xb
 805 0475 4D       		.byte	0x4d
 806 0476 10       		.uleb128 0x10
 807 0477 06030000 		.4byte	.LASF40
 808 047b 06030000 		.4byte	.LASF40
 809 047f 06       		.byte	0x6
 810 0480 1F       		.byte	0x1f
 811 0481 10       		.uleb128 0x10
 812 0482 C9010000 		.4byte	.LASF41
 813 0486 C9010000 		.4byte	.LASF41
 814 048a 0C       		.byte	0xc
 815 048b 77       		.byte	0x77
 816 048c 10       		.uleb128 0x10
 817 048d 54030000 		.4byte	.LASF42
 818 0491 54030000 		.4byte	.LASF42
 819 0495 0C       		.byte	0xc
 820 0496 76       		.byte	0x76
 821 0497 10       		.uleb128 0x10
 822 0498 3D000000 		.4byte	.LASF43
 823 049c 3D000000 		.4byte	.LASF43
 824 04a0 0D       		.byte	0xd
 825 04a1 2D       		.byte	0x2d
 826 04a2 10       		.uleb128 0x10
 827 04a3 E6020000 		.4byte	.LASF44
 828 04a7 E6020000 		.4byte	.LASF44
 829 04ab 0E       		.byte	0xe
 830 04ac 4F       		.byte	0x4f
 831 04ad 10       		.uleb128 0x10
 832 04ae 95000000 		.4byte	.LASF45
 833 04b2 95000000 		.4byte	.LASF45
 834 04b6 0F       		.byte	0xf
 835 04b7 4F       		.byte	0x4f
 836 04b8 10       		.uleb128 0x10
 837 04b9 D8010000 		.4byte	.LASF46
 838 04bd D8010000 		.4byte	.LASF46
 839 04c1 06       		.byte	0x6
 840 04c2 38       		.byte	0x38
 841 04c3 10       		.uleb128 0x10
 842 04c4 78020000 		.4byte	.LASF47
ARM GAS  C:\Users\Revanth\AppData\Local\Temp\ccxzhmZX.s 			page 18


 843 04c8 78020000 		.4byte	.LASF47
 844 04cc 10       		.byte	0x10
 845 04cd 29       		.byte	0x29
 846 04ce 10       		.uleb128 0x10
 847 04cf FB020000 		.4byte	.LASF48
 848 04d3 FB020000 		.4byte	.LASF48
 849 04d7 10       		.byte	0x10
 850 04d8 2B       		.byte	0x2b
 851 04d9 10       		.uleb128 0x10
 852 04da 0A000000 		.4byte	.LASF49
 853 04de 0A000000 		.4byte	.LASF49
 854 04e2 06       		.byte	0x6
 855 04e3 36       		.byte	0x36
 856 04e4 00       		.byte	0
 857              		.section	.debug_abbrev,"",%progbits
 858              	.Ldebug_abbrev0:
 859 0000 01       		.uleb128 0x1
 860 0001 11       		.uleb128 0x11
 861 0002 01       		.byte	0x1
 862 0003 25       		.uleb128 0x25
 863 0004 0E       		.uleb128 0xe
 864 0005 13       		.uleb128 0x13
 865 0006 0B       		.uleb128 0xb
 866 0007 03       		.uleb128 0x3
 867 0008 0E       		.uleb128 0xe
 868 0009 1B       		.uleb128 0x1b
 869 000a 0E       		.uleb128 0xe
 870 000b 55       		.uleb128 0x55
 871 000c 17       		.uleb128 0x17
 872 000d 11       		.uleb128 0x11
 873 000e 01       		.uleb128 0x1
 874 000f 10       		.uleb128 0x10
 875 0010 17       		.uleb128 0x17
 876 0011 00       		.byte	0
 877 0012 00       		.byte	0
 878 0013 02       		.uleb128 0x2
 879 0014 24       		.uleb128 0x24
 880 0015 00       		.byte	0
 881 0016 0B       		.uleb128 0xb
 882 0017 0B       		.uleb128 0xb
 883 0018 3E       		.uleb128 0x3e
 884 0019 0B       		.uleb128 0xb
 885 001a 03       		.uleb128 0x3
 886 001b 0E       		.uleb128 0xe
 887 001c 00       		.byte	0
 888 001d 00       		.byte	0
 889 001e 03       		.uleb128 0x3
 890 001f 16       		.uleb128 0x16
 891 0020 00       		.byte	0
 892 0021 03       		.uleb128 0x3
 893 0022 0E       		.uleb128 0xe
 894 0023 3A       		.uleb128 0x3a
 895 0024 0B       		.uleb128 0xb
 896 0025 3B       		.uleb128 0x3b
 897 0026 0B       		.uleb128 0xb
 898 0027 49       		.uleb128 0x49
 899 0028 13       		.uleb128 0x13
ARM GAS  C:\Users\Revanth\AppData\Local\Temp\ccxzhmZX.s 			page 19


 900 0029 00       		.byte	0
 901 002a 00       		.byte	0
 902 002b 04       		.uleb128 0x4
 903 002c 24       		.uleb128 0x24
 904 002d 00       		.byte	0
 905 002e 0B       		.uleb128 0xb
 906 002f 0B       		.uleb128 0xb
 907 0030 3E       		.uleb128 0x3e
 908 0031 0B       		.uleb128 0xb
 909 0032 03       		.uleb128 0x3
 910 0033 08       		.uleb128 0x8
 911 0034 00       		.byte	0
 912 0035 00       		.byte	0
 913 0036 05       		.uleb128 0x5
 914 0037 16       		.uleb128 0x16
 915 0038 00       		.byte	0
 916 0039 03       		.uleb128 0x3
 917 003a 0E       		.uleb128 0xe
 918 003b 3A       		.uleb128 0x3a
 919 003c 0B       		.uleb128 0xb
 920 003d 3B       		.uleb128 0x3b
 921 003e 05       		.uleb128 0x5
 922 003f 49       		.uleb128 0x49
 923 0040 13       		.uleb128 0x13
 924 0041 00       		.byte	0
 925 0042 00       		.byte	0
 926 0043 06       		.uleb128 0x6
 927 0044 2E       		.uleb128 0x2e
 928 0045 01       		.byte	0x1
 929 0046 3F       		.uleb128 0x3f
 930 0047 19       		.uleb128 0x19
 931 0048 03       		.uleb128 0x3
 932 0049 0E       		.uleb128 0xe
 933 004a 3A       		.uleb128 0x3a
 934 004b 0B       		.uleb128 0xb
 935 004c 3B       		.uleb128 0x3b
 936 004d 0B       		.uleb128 0xb
 937 004e 27       		.uleb128 0x27
 938 004f 19       		.uleb128 0x19
 939 0050 49       		.uleb128 0x49
 940 0051 13       		.uleb128 0x13
 941 0052 8701     		.uleb128 0x87
 942 0054 19       		.uleb128 0x19
 943 0055 11       		.uleb128 0x11
 944 0056 01       		.uleb128 0x1
 945 0057 12       		.uleb128 0x12
 946 0058 06       		.uleb128 0x6
 947 0059 40       		.uleb128 0x40
 948 005a 18       		.uleb128 0x18
 949 005b 9742     		.uleb128 0x2117
 950 005d 19       		.uleb128 0x19
 951 005e 01       		.uleb128 0x1
 952 005f 13       		.uleb128 0x13
 953 0060 00       		.byte	0
 954 0061 00       		.byte	0
 955 0062 07       		.uleb128 0x7
 956 0063 898201   		.uleb128 0x4109
ARM GAS  C:\Users\Revanth\AppData\Local\Temp\ccxzhmZX.s 			page 20


 957 0066 00       		.byte	0
 958 0067 11       		.uleb128 0x11
 959 0068 01       		.uleb128 0x1
 960 0069 31       		.uleb128 0x31
 961 006a 13       		.uleb128 0x13
 962 006b 00       		.byte	0
 963 006c 00       		.byte	0
 964 006d 08       		.uleb128 0x8
 965 006e 898201   		.uleb128 0x4109
 966 0071 01       		.byte	0x1
 967 0072 11       		.uleb128 0x11
 968 0073 01       		.uleb128 0x1
 969 0074 31       		.uleb128 0x31
 970 0075 13       		.uleb128 0x13
 971 0076 01       		.uleb128 0x1
 972 0077 13       		.uleb128 0x13
 973 0078 00       		.byte	0
 974 0079 00       		.byte	0
 975 007a 09       		.uleb128 0x9
 976 007b 8A8201   		.uleb128 0x410a
 977 007e 00       		.byte	0
 978 007f 02       		.uleb128 0x2
 979 0080 18       		.uleb128 0x18
 980 0081 9142     		.uleb128 0x2111
 981 0083 18       		.uleb128 0x18
 982 0084 00       		.byte	0
 983 0085 00       		.byte	0
 984 0086 0A       		.uleb128 0xa
 985 0087 898201   		.uleb128 0x4109
 986 008a 01       		.byte	0x1
 987 008b 11       		.uleb128 0x11
 988 008c 01       		.uleb128 0x1
 989 008d 31       		.uleb128 0x31
 990 008e 13       		.uleb128 0x13
 991 008f 00       		.byte	0
 992 0090 00       		.byte	0
 993 0091 0B       		.uleb128 0xb
 994 0092 34       		.uleb128 0x34
 995 0093 00       		.byte	0
 996 0094 03       		.uleb128 0x3
 997 0095 0E       		.uleb128 0xe
 998 0096 3A       		.uleb128 0x3a
 999 0097 0B       		.uleb128 0xb
 1000 0098 3B       		.uleb128 0x3b
 1001 0099 05       		.uleb128 0x5
 1002 009a 49       		.uleb128 0x49
 1003 009b 13       		.uleb128 0x13
 1004 009c 3F       		.uleb128 0x3f
 1005 009d 19       		.uleb128 0x19
 1006 009e 3C       		.uleb128 0x3c
 1007 009f 19       		.uleb128 0x19
 1008 00a0 00       		.byte	0
 1009 00a1 00       		.byte	0
 1010 00a2 0C       		.uleb128 0xc
 1011 00a3 35       		.uleb128 0x35
 1012 00a4 00       		.byte	0
 1013 00a5 49       		.uleb128 0x49
ARM GAS  C:\Users\Revanth\AppData\Local\Temp\ccxzhmZX.s 			page 21


 1014 00a6 13       		.uleb128 0x13
 1015 00a7 00       		.byte	0
 1016 00a8 00       		.byte	0
 1017 00a9 0D       		.uleb128 0xd
 1018 00aa 34       		.uleb128 0x34
 1019 00ab 00       		.byte	0
 1020 00ac 03       		.uleb128 0x3
 1021 00ad 0E       		.uleb128 0xe
 1022 00ae 3A       		.uleb128 0x3a
 1023 00af 0B       		.uleb128 0xb
 1024 00b0 3B       		.uleb128 0x3b
 1025 00b1 0B       		.uleb128 0xb
 1026 00b2 49       		.uleb128 0x49
 1027 00b3 13       		.uleb128 0x13
 1028 00b4 3F       		.uleb128 0x3f
 1029 00b5 19       		.uleb128 0x19
 1030 00b6 02       		.uleb128 0x2
 1031 00b7 18       		.uleb128 0x18
 1032 00b8 00       		.byte	0
 1033 00b9 00       		.byte	0
 1034 00ba 0E       		.uleb128 0xe
 1035 00bb 01       		.uleb128 0x1
 1036 00bc 01       		.byte	0x1
 1037 00bd 49       		.uleb128 0x49
 1038 00be 13       		.uleb128 0x13
 1039 00bf 01       		.uleb128 0x1
 1040 00c0 13       		.uleb128 0x13
 1041 00c1 00       		.byte	0
 1042 00c2 00       		.byte	0
 1043 00c3 0F       		.uleb128 0xf
 1044 00c4 21       		.uleb128 0x21
 1045 00c5 00       		.byte	0
 1046 00c6 49       		.uleb128 0x49
 1047 00c7 13       		.uleb128 0x13
 1048 00c8 2F       		.uleb128 0x2f
 1049 00c9 0B       		.uleb128 0xb
 1050 00ca 00       		.byte	0
 1051 00cb 00       		.byte	0
 1052 00cc 10       		.uleb128 0x10
 1053 00cd 2E       		.uleb128 0x2e
 1054 00ce 00       		.byte	0
 1055 00cf 3F       		.uleb128 0x3f
 1056 00d0 19       		.uleb128 0x19
 1057 00d1 3C       		.uleb128 0x3c
 1058 00d2 19       		.uleb128 0x19
 1059 00d3 6E       		.uleb128 0x6e
 1060 00d4 0E       		.uleb128 0xe
 1061 00d5 03       		.uleb128 0x3
 1062 00d6 0E       		.uleb128 0xe
 1063 00d7 3A       		.uleb128 0x3a
 1064 00d8 0B       		.uleb128 0xb
 1065 00d9 3B       		.uleb128 0x3b
 1066 00da 0B       		.uleb128 0xb
 1067 00db 00       		.byte	0
 1068 00dc 00       		.byte	0
 1069 00dd 00       		.byte	0
 1070              		.section	.debug_aranges,"",%progbits
ARM GAS  C:\Users\Revanth\AppData\Local\Temp\ccxzhmZX.s 			page 22


 1071 0000 1C000000 		.4byte	0x1c
 1072 0004 0200     		.2byte	0x2
 1073 0006 00000000 		.4byte	.Ldebug_info0
 1074 000a 04       		.byte	0x4
 1075 000b 00       		.byte	0
 1076 000c 0000     		.2byte	0
 1077 000e 0000     		.2byte	0
 1078 0010 00000000 		.4byte	.LFB64
 1079 0014 E8000000 		.4byte	.LFE64-.LFB64
 1080 0018 00000000 		.4byte	0
 1081 001c 00000000 		.4byte	0
 1082              		.section	.debug_ranges,"",%progbits
 1083              	.Ldebug_ranges0:
 1084 0000 00000000 		.4byte	.LFB64
 1085 0004 E8000000 		.4byte	.LFE64
 1086 0008 00000000 		.4byte	0
 1087 000c 00000000 		.4byte	0
 1088              		.section	.debug_line,"",%progbits
 1089              	.Ldebug_line0:
 1090 0000 18020000 		.section	.debug_str,"MS",%progbits,1
 1090      0200DB01 
 1090      00000201 
 1090      FB0E0D00 
 1090      01010101 
 1091              	.LASF4:
 1092 0000 5F5F7569 		.ascii	"__uint8_t\000"
 1092      6E74385F 
 1092      7400
 1093              	.LASF49:
 1094 000a 50726F63 		.ascii	"Process_USB_Data\000"
 1094      6573735F 
 1094      5553425F 
 1094      44617461 
 1094      00
 1095              	.LASF26:
 1096 001b 5553425F 		.ascii	"USB_transmit\000"
 1096      7472616E 
 1096      736D6974 
 1096      00
 1097              	.LASF5:
 1098 0028 5F5F696E 		.ascii	"__int32_t\000"
 1098      7433325F 
 1098      7400
 1099              	.LASF33:
 1100 0032 4C454432 		.ascii	"LED2_Write\000"
 1100      5F577269 
 1100      746500
 1101              	.LASF43:
 1102 003d 75706461 		.ascii	"update_max_velocity\000"
 1102      74655F6D 
 1102      61785F76 
 1102      656C6F63 
 1102      69747900 
 1103              	.LASF22:
 1104 0051 49735F53 		.ascii	"Is_Slide_On_Gripper\000"
 1104      6C696465 
 1104      5F4F6E5F 
ARM GAS  C:\Users\Revanth\AppData\Local\Temp\ccxzhmZX.s 			page 23


 1104      47726970 
 1104      70657200 
 1105              	.LASF38:
 1106 0065 496E6974 		.ascii	"Initialize_And_Start_All_Opt_Encoder\000"
 1106      69616C69 
 1106      7A655F41 
 1106      6E645F53 
 1106      74617274 
 1107              	.LASF32:
 1108 008a 4C454433 		.ascii	"LED3_Write\000"
 1108      5F577269 
 1108      746500
 1109              	.LASF45:
 1110 0095 51756164 		.ascii	"QuadDec_Y_SetCounter\000"
 1110      4465635F 
 1110      595F5365 
 1110      74436F75 
 1110      6E746572 
 1111              	.LASF16:
 1112 00aa 666C6F61 		.ascii	"float\000"
 1112      7400
 1113              	.LASF31:
 1114 00b0 77616974 		.ascii	"wait_timer_Init\000"
 1114      5F74696D 
 1114      65725F49 
 1114      6E697400 
 1115              	.LASF1:
 1116 00c0 756E7369 		.ascii	"unsigned char\000"
 1116      676E6564 
 1116      20636861 
 1116      7200
 1117              	.LASF50:
 1118 00ce 474E5520 		.ascii	"GNU C11 5.4.1 20160609 (release) [ARM/embedded-5-br"
 1118      43313120 
 1118      352E342E 
 1118      31203230 
 1118      31363036 
 1119 0101 616E6368 		.ascii	"anch revision 237715] -mcpu=cortex-m3 -mthumb -g -O"
 1119      20726576 
 1119      6973696F 
 1119      6E203233 
 1119      37373135 
 1120 0134 67202D66 		.ascii	"g -ffunction-sections -ffat-lto-objects\000"
 1120      66756E63 
 1120      74696F6E 
 1120      2D736563 
 1120      74696F6E 
 1121              	.LASF7:
 1122 015c 6C6F6E67 		.ascii	"long unsigned int\000"
 1122      20756E73 
 1122      69676E65 
 1122      6420696E 
 1122      7400
 1123              	.LASF3:
 1124 016e 73686F72 		.ascii	"short unsigned int\000"
 1124      7420756E 
 1124      7369676E 
ARM GAS  C:\Users\Revanth\AppData\Local\Temp\ccxzhmZX.s 			page 24


 1124      65642069 
 1124      6E7400
 1125              	.LASF21:
 1126 0181 49544D5F 		.ascii	"ITM_RxBuffer\000"
 1126      52784275 
 1126      66666572 
 1126      00
 1127              	.LASF14:
 1128 018e 75696E74 		.ascii	"uint16\000"
 1128      313600
 1129              	.LASF35:
 1130 0195 55415254 		.ascii	"UART_PCB_LOG_Start\000"
 1130      5F504342 
 1130      5F4C4F47 
 1130      5F537461 
 1130      727400
 1131              	.LASF25:
 1132 01a8 5553425F 		.ascii	"USB_received\000"
 1132      72656365 
 1132      69766564 
 1132      00
 1133              	.LASF53:
 1134 01b5 6D61696E 		.ascii	"main\000"
 1134      00
 1135              	.LASF37:
 1136 01ba 496E6974 		.ascii	"Initialize_USB\000"
 1136      69616C69 
 1136      7A655F55 
 1136      534200
 1137              	.LASF41:
 1138 01c9 43794465 		.ascii	"CyDelayUs\000"
 1138      6C617955 
 1138      7300
 1139              	.LASF15:
 1140 01d3 696E7438 		.ascii	"int8\000"
 1140      00
 1141              	.LASF46:
 1142 01d8 49735F55 		.ascii	"Is_USB_Unpluged\000"
 1142      53425F55 
 1142      6E706C75 
 1142      67656400 
 1143              	.LASF10:
 1144 01e8 756E7369 		.ascii	"unsigned int\000"
 1144      676E6564 
 1144      20696E74 
 1144      00
 1145              	.LASF9:
 1146 01f5 6C6F6E67 		.ascii	"long long unsigned int\000"
 1146      206C6F6E 
 1146      6720756E 
 1146      7369676E 
 1146      65642069 
 1147              	.LASF11:
 1148 020c 75696E74 		.ascii	"uint8_t\000"
 1148      385F7400 
 1149              	.LASF39:
 1150 0214 5350494D 		.ascii	"SPIM_Start\000"
ARM GAS  C:\Users\Revanth\AppData\Local\Temp\ccxzhmZX.s 			page 25


 1150      5F537461 
 1150      727400
 1151              	.LASF12:
 1152 021f 696E7433 		.ascii	"int32_t\000"
 1152      325F7400 
 1153              	.LASF20:
 1154 0227 73697A65 		.ascii	"sizetype\000"
 1154      74797065 
 1154      00
 1155              	.LASF30:
 1156 0230 73746174 		.ascii	"status_t\000"
 1156      75735F74 
 1156      00
 1157              	.LASF36:
 1158 0239 57726974 		.ascii	"Write_Debug_UART_Char\000"
 1158      655F4465 
 1158      6275675F 
 1158      55415254 
 1158      5F436861 
 1159              	.LASF8:
 1160 024f 6C6F6E67 		.ascii	"long long int\000"
 1160      206C6F6E 
 1160      6720696E 
 1160      7400
 1161              	.LASF51:
 1162 025d 6D61696E 		.ascii	"main.c\000"
 1162      2E6300
 1163              	.LASF18:
 1164 0264 63686172 		.ascii	"char\000"
 1164      00
 1165              	.LASF29:
 1166 0269 73746174 		.ascii	"status_z\000"
 1166      75735F7A 
 1166      00
 1167              	.LASF24:
 1168 0272 636F756E 		.ascii	"count\000"
 1168      7400
 1169              	.LASF47:
 1170 0278 5553425F 		.ascii	"USB_DataIsReady\000"
 1170      44617461 
 1170      49735265 
 1170      61647900 
 1171              	.LASF2:
 1172 0288 73686F72 		.ascii	"short int\000"
 1172      7420696E 
 1172      7400
 1173              	.LASF52:
 1174 0292 433A5C55 		.ascii	"C:\\Users\\Revanth\\Documents\\GitHub\\AS76_FFP\\AS"
 1174      73657273 
 1174      5C526576 
 1174      616E7468 
 1174      5C446F63 
 1175 02bf 37365F46 		.ascii	"76_FFP\\Half_Skeleton_V2_T1.cydsn\000"
 1175      46505C48 
 1175      616C665F 
 1175      536B656C 
 1175      65746F6E 
ARM GAS  C:\Users\Revanth\AppData\Local\Temp\ccxzhmZX.s 			page 26


 1176              	.LASF13:
 1177 02e0 75696E74 		.ascii	"uint8\000"
 1177      3800
 1178              	.LASF44:
 1179 02e6 51756164 		.ascii	"QuadDec_X_SetCounter\000"
 1179      4465635F 
 1179      585F5365 
 1179      74436F75 
 1179      6E746572 
 1180              	.LASF48:
 1181 02fb 5553425F 		.ascii	"USB_GetAll\000"
 1181      47657441 
 1181      6C6C00
 1182              	.LASF40:
 1183 0306 496E6974 		.ascii	"Initialize_Motor\000"
 1183      69616C69 
 1183      7A655F4D 
 1183      6F746F72 
 1183      00
 1184              	.LASF6:
 1185 0317 6C6F6E67 		.ascii	"long int\000"
 1185      20696E74 
 1185      00
 1186              	.LASF19:
 1187 0320 6C6F6E67 		.ascii	"long double\000"
 1187      20646F75 
 1187      626C6500 
 1188              	.LASF0:
 1189 032c 7369676E 		.ascii	"signed char\000"
 1189      65642063 
 1189      68617200 
 1190              	.LASF17:
 1191 0338 646F7562 		.ascii	"double\000"
 1191      6C6500
 1192              	.LASF23:
 1193 033f 5F426F6F 		.ascii	"_Bool\000"
 1193      6C00
 1194              	.LASF34:
 1195 0345 496E6974 		.ascii	"Initialize_PWM\000"
 1195      69616C69 
 1195      7A655F50 
 1195      574D00
 1196              	.LASF42:
 1197 0354 43794465 		.ascii	"CyDelay\000"
 1197      6C617900 
 1198              	.LASF27:
 1199 035c 73746174 		.ascii	"status_x\000"
 1199      75735F78 
 1199      00
 1200              	.LASF28:
 1201 0365 73746174 		.ascii	"status_y\000"
 1201      75735F79 
 1201      00
 1202              		.ident	"GCC: (GNU Tools for ARM Embedded Processors) 5.4.1 20160609 (release) [ARM/embedded-5-bran
