ARM GAS  C:\Users\Revanth\AppData\Local\Temp\cc3Fd8Cp.s 			page 1


   1              		.syntax unified
   2              		.cpu cortex-m3
   3              		.fpu softvfp
   4              		.eabi_attribute 20, 1
   5              		.eabi_attribute 21, 1
   6              		.eabi_attribute 23, 3
   7              		.eabi_attribute 24, 1
   8              		.eabi_attribute 25, 1
   9              		.eabi_attribute 26, 1
  10              		.eabi_attribute 30, 1
  11              		.eabi_attribute 34, 1
  12              		.eabi_attribute 18, 4
  13              		.thumb
  14              		.syntax unified
  15              		.file	"UART_PCB_LOG_INT.c"
  16              		.text
  17              	.Ltext0:
  18              		.cfi_sections	.debug_frame
  19              		.section	.text.UART_PCB_LOG_RXISR,"ax",%progbits
  20              		.align	2
  21              		.global	UART_PCB_LOG_RXISR
  22              		.thumb
  23              		.thumb_func
  24              		.type	UART_PCB_LOG_RXISR, %function
  25              	UART_PCB_LOG_RXISR:
  26              	.LFB0:
  27              		.file 1 "Generated_Source\\PSoC5\\UART_PCB_LOG_INT.c"
   1:Generated_Source\PSoC5/UART_PCB_LOG_INT.c **** /*******************************************************************************
   2:Generated_Source\PSoC5/UART_PCB_LOG_INT.c **** * File Name: UART_PCB_LOGINT.c
   3:Generated_Source\PSoC5/UART_PCB_LOG_INT.c **** * Version 2.50
   4:Generated_Source\PSoC5/UART_PCB_LOG_INT.c **** *
   5:Generated_Source\PSoC5/UART_PCB_LOG_INT.c **** * Description:
   6:Generated_Source\PSoC5/UART_PCB_LOG_INT.c **** *  This file provides all Interrupt Service functionality of the UART component
   7:Generated_Source\PSoC5/UART_PCB_LOG_INT.c **** *
   8:Generated_Source\PSoC5/UART_PCB_LOG_INT.c **** ********************************************************************************
   9:Generated_Source\PSoC5/UART_PCB_LOG_INT.c **** * Copyright 2008-2015, Cypress Semiconductor Corporation.  All rights reserved.
  10:Generated_Source\PSoC5/UART_PCB_LOG_INT.c **** * You may use this file only in accordance with the license, terms, conditions,
  11:Generated_Source\PSoC5/UART_PCB_LOG_INT.c **** * disclaimers, and limitations in the end user license agreement accompanying
  12:Generated_Source\PSoC5/UART_PCB_LOG_INT.c **** * the software package with which this file was provided.
  13:Generated_Source\PSoC5/UART_PCB_LOG_INT.c **** *******************************************************************************/
  14:Generated_Source\PSoC5/UART_PCB_LOG_INT.c **** 
  15:Generated_Source\PSoC5/UART_PCB_LOG_INT.c **** #include "UART_PCB_LOG.h"
  16:Generated_Source\PSoC5/UART_PCB_LOG_INT.c **** #include "cyapicallbacks.h"
  17:Generated_Source\PSoC5/UART_PCB_LOG_INT.c **** 
  18:Generated_Source\PSoC5/UART_PCB_LOG_INT.c **** 
  19:Generated_Source\PSoC5/UART_PCB_LOG_INT.c **** /***************************************
  20:Generated_Source\PSoC5/UART_PCB_LOG_INT.c **** * Custom Declarations
  21:Generated_Source\PSoC5/UART_PCB_LOG_INT.c **** ***************************************/
  22:Generated_Source\PSoC5/UART_PCB_LOG_INT.c **** /* `#START CUSTOM_DECLARATIONS` Place your declaration here */
  23:Generated_Source\PSoC5/UART_PCB_LOG_INT.c **** 
  24:Generated_Source\PSoC5/UART_PCB_LOG_INT.c **** /* `#END` */
  25:Generated_Source\PSoC5/UART_PCB_LOG_INT.c **** 
  26:Generated_Source\PSoC5/UART_PCB_LOG_INT.c **** #if (UART_PCB_LOG_RX_INTERRUPT_ENABLED && (UART_PCB_LOG_RX_ENABLED || UART_PCB_LOG_HD_ENABLED))
  27:Generated_Source\PSoC5/UART_PCB_LOG_INT.c ****     /*******************************************************************************
  28:Generated_Source\PSoC5/UART_PCB_LOG_INT.c ****     * Function Name: UART_PCB_LOG_RXISR
  29:Generated_Source\PSoC5/UART_PCB_LOG_INT.c ****     ********************************************************************************
  30:Generated_Source\PSoC5/UART_PCB_LOG_INT.c ****     *
ARM GAS  C:\Users\Revanth\AppData\Local\Temp\cc3Fd8Cp.s 			page 2


  31:Generated_Source\PSoC5/UART_PCB_LOG_INT.c ****     * Summary:
  32:Generated_Source\PSoC5/UART_PCB_LOG_INT.c ****     *  Interrupt Service Routine for RX portion of the UART
  33:Generated_Source\PSoC5/UART_PCB_LOG_INT.c ****     *
  34:Generated_Source\PSoC5/UART_PCB_LOG_INT.c ****     * Parameters:
  35:Generated_Source\PSoC5/UART_PCB_LOG_INT.c ****     *  None.
  36:Generated_Source\PSoC5/UART_PCB_LOG_INT.c ****     *
  37:Generated_Source\PSoC5/UART_PCB_LOG_INT.c ****     * Return:
  38:Generated_Source\PSoC5/UART_PCB_LOG_INT.c ****     *  None.
  39:Generated_Source\PSoC5/UART_PCB_LOG_INT.c ****     *
  40:Generated_Source\PSoC5/UART_PCB_LOG_INT.c ****     * Global Variables:
  41:Generated_Source\PSoC5/UART_PCB_LOG_INT.c ****     *  UART_PCB_LOG_rxBuffer - RAM buffer pointer for save received data.
  42:Generated_Source\PSoC5/UART_PCB_LOG_INT.c ****     *  UART_PCB_LOG_rxBufferWrite - cyclic index for write to rxBuffer,
  43:Generated_Source\PSoC5/UART_PCB_LOG_INT.c ****     *     increments after each byte saved to buffer.
  44:Generated_Source\PSoC5/UART_PCB_LOG_INT.c ****     *  UART_PCB_LOG_rxBufferRead - cyclic index for read from rxBuffer,
  45:Generated_Source\PSoC5/UART_PCB_LOG_INT.c ****     *     checked to detect overflow condition.
  46:Generated_Source\PSoC5/UART_PCB_LOG_INT.c ****     *  UART_PCB_LOG_rxBufferOverflow - software overflow flag. Set to one
  47:Generated_Source\PSoC5/UART_PCB_LOG_INT.c ****     *     when UART_PCB_LOG_rxBufferWrite index overtakes
  48:Generated_Source\PSoC5/UART_PCB_LOG_INT.c ****     *     UART_PCB_LOG_rxBufferRead index.
  49:Generated_Source\PSoC5/UART_PCB_LOG_INT.c ****     *  UART_PCB_LOG_rxBufferLoopDetect - additional variable to detect overflow.
  50:Generated_Source\PSoC5/UART_PCB_LOG_INT.c ****     *     Set to one when UART_PCB_LOG_rxBufferWrite is equal to
  51:Generated_Source\PSoC5/UART_PCB_LOG_INT.c ****     *    UART_PCB_LOG_rxBufferRead
  52:Generated_Source\PSoC5/UART_PCB_LOG_INT.c ****     *  UART_PCB_LOG_rxAddressMode - this variable contains the Address mode,
  53:Generated_Source\PSoC5/UART_PCB_LOG_INT.c ****     *     selected in customizer or set by UART_SetRxAddressMode() API.
  54:Generated_Source\PSoC5/UART_PCB_LOG_INT.c ****     *  UART_PCB_LOG_rxAddressDetected - set to 1 when correct address received,
  55:Generated_Source\PSoC5/UART_PCB_LOG_INT.c ****     *     and analysed to store following addressed data bytes to the buffer.
  56:Generated_Source\PSoC5/UART_PCB_LOG_INT.c ****     *     When not correct address received, set to 0 to skip following data bytes.
  57:Generated_Source\PSoC5/UART_PCB_LOG_INT.c ****     *
  58:Generated_Source\PSoC5/UART_PCB_LOG_INT.c ****     *******************************************************************************/
  59:Generated_Source\PSoC5/UART_PCB_LOG_INT.c ****     CY_ISR(UART_PCB_LOG_RXISR)
  60:Generated_Source\PSoC5/UART_PCB_LOG_INT.c ****     {
  28              		.loc 1 60 0
  29              		.cfi_startproc
  30              		@ args = 0, pretend = 0, frame = 0
  31              		@ frame_needed = 0, uses_anonymous_args = 0
  32              		@ link register save eliminated.
  33              	.L6:
  61:Generated_Source\PSoC5/UART_PCB_LOG_INT.c ****         uint8 readData;
  62:Generated_Source\PSoC5/UART_PCB_LOG_INT.c ****         uint8 readStatus;
  63:Generated_Source\PSoC5/UART_PCB_LOG_INT.c ****         uint8 increment_pointer = 0u;
  64:Generated_Source\PSoC5/UART_PCB_LOG_INT.c **** 
  65:Generated_Source\PSoC5/UART_PCB_LOG_INT.c ****     #if(CY_PSOC3)
  66:Generated_Source\PSoC5/UART_PCB_LOG_INT.c ****         uint8 int_en;
  67:Generated_Source\PSoC5/UART_PCB_LOG_INT.c ****     #endif /* (CY_PSOC3) */
  68:Generated_Source\PSoC5/UART_PCB_LOG_INT.c **** 
  69:Generated_Source\PSoC5/UART_PCB_LOG_INT.c ****     #ifdef UART_PCB_LOG_RXISR_ENTRY_CALLBACK
  70:Generated_Source\PSoC5/UART_PCB_LOG_INT.c ****         UART_PCB_LOG_RXISR_EntryCallback();
  71:Generated_Source\PSoC5/UART_PCB_LOG_INT.c ****     #endif /* UART_PCB_LOG_RXISR_ENTRY_CALLBACK */
  72:Generated_Source\PSoC5/UART_PCB_LOG_INT.c **** 
  73:Generated_Source\PSoC5/UART_PCB_LOG_INT.c ****         /* User code required at start of ISR */
  74:Generated_Source\PSoC5/UART_PCB_LOG_INT.c ****         /* `#START UART_PCB_LOG_RXISR_START` */
  75:Generated_Source\PSoC5/UART_PCB_LOG_INT.c **** 
  76:Generated_Source\PSoC5/UART_PCB_LOG_INT.c ****         /* `#END` */
  77:Generated_Source\PSoC5/UART_PCB_LOG_INT.c **** 
  78:Generated_Source\PSoC5/UART_PCB_LOG_INT.c ****     #if(CY_PSOC3)   /* Make sure nested interrupt is enabled */
  79:Generated_Source\PSoC5/UART_PCB_LOG_INT.c ****         int_en = EA;
  80:Generated_Source\PSoC5/UART_PCB_LOG_INT.c ****         CyGlobalIntEnable;
  81:Generated_Source\PSoC5/UART_PCB_LOG_INT.c ****     #endif /* (CY_PSOC3) */
ARM GAS  C:\Users\Revanth\AppData\Local\Temp\cc3Fd8Cp.s 			page 3


  82:Generated_Source\PSoC5/UART_PCB_LOG_INT.c **** 
  83:Generated_Source\PSoC5/UART_PCB_LOG_INT.c ****         do
  84:Generated_Source\PSoC5/UART_PCB_LOG_INT.c ****         {
  85:Generated_Source\PSoC5/UART_PCB_LOG_INT.c ****             /* Read receiver status register */
  86:Generated_Source\PSoC5/UART_PCB_LOG_INT.c ****             readStatus = UART_PCB_LOG_RXSTATUS_REG;
  34              		.loc 1 86 0
  35 0000 1D4B     		ldr	r3, .L7
  36 0002 1B78     		ldrb	r3, [r3]	@ zero_extendqisi2
  37 0004 DBB2     		uxtb	r3, r3
  38              	.LVL0:
  87:Generated_Source\PSoC5/UART_PCB_LOG_INT.c ****             /* Copy the same status to readData variable for backward compatibility support 
  88:Generated_Source\PSoC5/UART_PCB_LOG_INT.c ****             *  of the user code in UART_PCB_LOG_RXISR_ERROR` section. 
  89:Generated_Source\PSoC5/UART_PCB_LOG_INT.c ****             */
  90:Generated_Source\PSoC5/UART_PCB_LOG_INT.c ****             readData = readStatus;
  91:Generated_Source\PSoC5/UART_PCB_LOG_INT.c **** 
  92:Generated_Source\PSoC5/UART_PCB_LOG_INT.c ****             if((readStatus & (UART_PCB_LOG_RX_STS_BREAK | 
  39              		.loc 1 92 0
  40 0006 13F01E0F 		tst	r3, #30
  41 000a 05D0     		beq	.L2
  93:Generated_Source\PSoC5/UART_PCB_LOG_INT.c ****                             UART_PCB_LOG_RX_STS_PAR_ERROR |
  94:Generated_Source\PSoC5/UART_PCB_LOG_INT.c ****                             UART_PCB_LOG_RX_STS_STOP_ERROR | 
  95:Generated_Source\PSoC5/UART_PCB_LOG_INT.c ****                             UART_PCB_LOG_RX_STS_OVERRUN)) != 0u)
  96:Generated_Source\PSoC5/UART_PCB_LOG_INT.c ****             {
  97:Generated_Source\PSoC5/UART_PCB_LOG_INT.c ****                 /* ERROR handling. */
  98:Generated_Source\PSoC5/UART_PCB_LOG_INT.c ****                 UART_PCB_LOG_errorStatus |= readStatus & ( UART_PCB_LOG_RX_STS_BREAK | 
  42              		.loc 1 98 0
  43 000c 1B48     		ldr	r0, .L7+4
  44 000e 03F01E02 		and	r2, r3, #30
  45 0012 0178     		ldrb	r1, [r0]	@ zero_extendqisi2
  46 0014 0A43     		orrs	r2, r2, r1
  47 0016 0270     		strb	r2, [r0]
  48              	.L2:
  49 0018 03F02003 		and	r3, r3, #32
  50              	.LVL1:
  99:Generated_Source\PSoC5/UART_PCB_LOG_INT.c ****                                                             UART_PCB_LOG_RX_STS_PAR_ERROR | 
 100:Generated_Source\PSoC5/UART_PCB_LOG_INT.c ****                                                             UART_PCB_LOG_RX_STS_STOP_ERROR | 
 101:Generated_Source\PSoC5/UART_PCB_LOG_INT.c ****                                                             UART_PCB_LOG_RX_STS_OVERRUN);
 102:Generated_Source\PSoC5/UART_PCB_LOG_INT.c ****                 /* `#START UART_PCB_LOG_RXISR_ERROR` */
 103:Generated_Source\PSoC5/UART_PCB_LOG_INT.c **** 
 104:Generated_Source\PSoC5/UART_PCB_LOG_INT.c ****                 /* `#END` */
 105:Generated_Source\PSoC5/UART_PCB_LOG_INT.c ****                 
 106:Generated_Source\PSoC5/UART_PCB_LOG_INT.c ****             #ifdef UART_PCB_LOG_RXISR_ERROR_CALLBACK
 107:Generated_Source\PSoC5/UART_PCB_LOG_INT.c ****                 UART_PCB_LOG_RXISR_ERROR_Callback();
 108:Generated_Source\PSoC5/UART_PCB_LOG_INT.c ****             #endif /* UART_PCB_LOG_RXISR_ERROR_CALLBACK */
 109:Generated_Source\PSoC5/UART_PCB_LOG_INT.c ****             }
 110:Generated_Source\PSoC5/UART_PCB_LOG_INT.c ****             
 111:Generated_Source\PSoC5/UART_PCB_LOG_INT.c ****             if((readStatus & UART_PCB_LOG_RX_STS_FIFO_NOTEMPTY) != 0u)
  51              		.loc 1 111 0
  52 001c 03F0FF02 		and	r2, r3, #255
  53 0020 33B3     		cbz	r3, .L3
 112:Generated_Source\PSoC5/UART_PCB_LOG_INT.c ****             {
 113:Generated_Source\PSoC5/UART_PCB_LOG_INT.c ****                 /* Read data from the RX data register */
 114:Generated_Source\PSoC5/UART_PCB_LOG_INT.c ****                 readData = UART_PCB_LOG_RXDATA_REG;
  54              		.loc 1 114 0
  55 0022 174B     		ldr	r3, .L7+8
  56 0024 1978     		ldrb	r1, [r3]	@ zero_extendqisi2
  57 0026 C9B2     		uxtb	r1, r1
ARM GAS  C:\Users\Revanth\AppData\Local\Temp\cc3Fd8Cp.s 			page 4


  58              	.LVL2:
 115:Generated_Source\PSoC5/UART_PCB_LOG_INT.c ****             #if (UART_PCB_LOG_RXHW_ADDRESS_ENABLED)
 116:Generated_Source\PSoC5/UART_PCB_LOG_INT.c ****                 if(UART_PCB_LOG_rxAddressMode == (uint8)UART_PCB_LOG__B_UART__AM_SW_DETECT_TO_BUFFE
 117:Generated_Source\PSoC5/UART_PCB_LOG_INT.c ****                 {
 118:Generated_Source\PSoC5/UART_PCB_LOG_INT.c ****                     if((readStatus & UART_PCB_LOG_RX_STS_MRKSPC) != 0u)
 119:Generated_Source\PSoC5/UART_PCB_LOG_INT.c ****                     {
 120:Generated_Source\PSoC5/UART_PCB_LOG_INT.c ****                         if ((readStatus & UART_PCB_LOG_RX_STS_ADDR_MATCH) != 0u)
 121:Generated_Source\PSoC5/UART_PCB_LOG_INT.c ****                         {
 122:Generated_Source\PSoC5/UART_PCB_LOG_INT.c ****                             UART_PCB_LOG_rxAddressDetected = 1u;
 123:Generated_Source\PSoC5/UART_PCB_LOG_INT.c ****                         }
 124:Generated_Source\PSoC5/UART_PCB_LOG_INT.c ****                         else
 125:Generated_Source\PSoC5/UART_PCB_LOG_INT.c ****                         {
 126:Generated_Source\PSoC5/UART_PCB_LOG_INT.c ****                             UART_PCB_LOG_rxAddressDetected = 0u;
 127:Generated_Source\PSoC5/UART_PCB_LOG_INT.c ****                         }
 128:Generated_Source\PSoC5/UART_PCB_LOG_INT.c ****                     }
 129:Generated_Source\PSoC5/UART_PCB_LOG_INT.c ****                     if(UART_PCB_LOG_rxAddressDetected != 0u)
 130:Generated_Source\PSoC5/UART_PCB_LOG_INT.c ****                     {   /* Store only addressed data */
 131:Generated_Source\PSoC5/UART_PCB_LOG_INT.c ****                         UART_PCB_LOG_rxBuffer[UART_PCB_LOG_rxBufferWrite] = readData;
 132:Generated_Source\PSoC5/UART_PCB_LOG_INT.c ****                         increment_pointer = 1u;
 133:Generated_Source\PSoC5/UART_PCB_LOG_INT.c ****                     }
 134:Generated_Source\PSoC5/UART_PCB_LOG_INT.c ****                 }
 135:Generated_Source\PSoC5/UART_PCB_LOG_INT.c ****                 else /* Without software addressing */
 136:Generated_Source\PSoC5/UART_PCB_LOG_INT.c ****                 {
 137:Generated_Source\PSoC5/UART_PCB_LOG_INT.c ****                     UART_PCB_LOG_rxBuffer[UART_PCB_LOG_rxBufferWrite] = readData;
 138:Generated_Source\PSoC5/UART_PCB_LOG_INT.c ****                     increment_pointer = 1u;
 139:Generated_Source\PSoC5/UART_PCB_LOG_INT.c ****                 }
 140:Generated_Source\PSoC5/UART_PCB_LOG_INT.c ****             #else  /* Without addressing */
 141:Generated_Source\PSoC5/UART_PCB_LOG_INT.c ****                 UART_PCB_LOG_rxBuffer[UART_PCB_LOG_rxBufferWrite] = readData;
  59              		.loc 1 141 0
  60 0028 164B     		ldr	r3, .L7+12
  61 002a 1B78     		ldrb	r3, [r3]	@ zero_extendqisi2
  62 002c DBB2     		uxtb	r3, r3
  63 002e 1648     		ldr	r0, .L7+16
  64 0030 C154     		strb	r1, [r0, r3]
  65              	.LVL3:
 142:Generated_Source\PSoC5/UART_PCB_LOG_INT.c ****                 increment_pointer = 1u;
 143:Generated_Source\PSoC5/UART_PCB_LOG_INT.c ****             #endif /* (UART_PCB_LOG_RXHW_ADDRESS_ENABLED) */
 144:Generated_Source\PSoC5/UART_PCB_LOG_INT.c **** 
 145:Generated_Source\PSoC5/UART_PCB_LOG_INT.c ****                 /* Do not increment buffer pointer when skip not addressed data */
 146:Generated_Source\PSoC5/UART_PCB_LOG_INT.c ****                 if(increment_pointer != 0u)
 147:Generated_Source\PSoC5/UART_PCB_LOG_INT.c ****                 {
 148:Generated_Source\PSoC5/UART_PCB_LOG_INT.c ****                     if(UART_PCB_LOG_rxBufferLoopDetect != 0u)
  66              		.loc 1 148 0
  67 0032 164B     		ldr	r3, .L7+20
  68 0034 1B78     		ldrb	r3, [r3]	@ zero_extendqisi2
  69 0036 13F0FF0F 		tst	r3, #255
  70 003a 02D0     		beq	.L4
 149:Generated_Source\PSoC5/UART_PCB_LOG_INT.c ****                     {   /* Set Software Buffer status Overflow */
 150:Generated_Source\PSoC5/UART_PCB_LOG_INT.c ****                         UART_PCB_LOG_rxBufferOverflow = 1u;
  71              		.loc 1 150 0
  72 003c 0121     		movs	r1, #1
  73              	.LVL4:
  74 003e 144B     		ldr	r3, .L7+24
  75 0040 1970     		strb	r1, [r3]
  76              	.L4:
 151:Generated_Source\PSoC5/UART_PCB_LOG_INT.c ****                     }
 152:Generated_Source\PSoC5/UART_PCB_LOG_INT.c ****                     /* Set next pointer. */
ARM GAS  C:\Users\Revanth\AppData\Local\Temp\cc3Fd8Cp.s 			page 5


 153:Generated_Source\PSoC5/UART_PCB_LOG_INT.c ****                     UART_PCB_LOG_rxBufferWrite++;
  77              		.loc 1 153 0
  78 0042 1049     		ldr	r1, .L7+12
  79 0044 0B78     		ldrb	r3, [r1]	@ zero_extendqisi2
  80 0046 0133     		adds	r3, r3, #1
  81 0048 DBB2     		uxtb	r3, r3
  82 004a 0B70     		strb	r3, [r1]
 154:Generated_Source\PSoC5/UART_PCB_LOG_INT.c **** 
 155:Generated_Source\PSoC5/UART_PCB_LOG_INT.c ****                     /* Check pointer for a loop condition */
 156:Generated_Source\PSoC5/UART_PCB_LOG_INT.c ****                     if(UART_PCB_LOG_rxBufferWrite >= UART_PCB_LOG_RX_BUFFER_SIZE)
  83              		.loc 1 156 0
  84 004c 0B78     		ldrb	r3, [r1]	@ zero_extendqisi2
  85 004e DBB2     		uxtb	r3, r3
  86 0050 3F2B     		cmp	r3, #63
  87 0052 02D9     		bls	.L5
 157:Generated_Source\PSoC5/UART_PCB_LOG_INT.c ****                     {
 158:Generated_Source\PSoC5/UART_PCB_LOG_INT.c ****                         UART_PCB_LOG_rxBufferWrite = 0u;
  88              		.loc 1 158 0
  89 0054 0021     		movs	r1, #0
  90 0056 0B4B     		ldr	r3, .L7+12
  91 0058 1970     		strb	r1, [r3]
  92              	.L5:
 159:Generated_Source\PSoC5/UART_PCB_LOG_INT.c ****                     }
 160:Generated_Source\PSoC5/UART_PCB_LOG_INT.c **** 
 161:Generated_Source\PSoC5/UART_PCB_LOG_INT.c ****                     /* Detect pre-overload condition and set flag */
 162:Generated_Source\PSoC5/UART_PCB_LOG_INT.c ****                     if(UART_PCB_LOG_rxBufferWrite == UART_PCB_LOG_rxBufferRead)
  93              		.loc 1 162 0
  94 005a 0A4B     		ldr	r3, .L7+12
  95 005c 1978     		ldrb	r1, [r3]	@ zero_extendqisi2
  96 005e C9B2     		uxtb	r1, r1
  97 0060 0C4B     		ldr	r3, .L7+28
  98 0062 1B78     		ldrb	r3, [r3]	@ zero_extendqisi2
  99 0064 DBB2     		uxtb	r3, r3
 100 0066 9942     		cmp	r1, r3
 101 0068 02D1     		bne	.L3
 163:Generated_Source\PSoC5/UART_PCB_LOG_INT.c ****                     {
 164:Generated_Source\PSoC5/UART_PCB_LOG_INT.c ****                         UART_PCB_LOG_rxBufferLoopDetect = 1u;
 102              		.loc 1 164 0
 103 006a 0121     		movs	r1, #1
 104 006c 074B     		ldr	r3, .L7+20
 105 006e 1970     		strb	r1, [r3]
 106              	.LVL5:
 107              	.L3:
 165:Generated_Source\PSoC5/UART_PCB_LOG_INT.c ****                         /* When Hardware Flow Control selected */
 166:Generated_Source\PSoC5/UART_PCB_LOG_INT.c ****                         #if (UART_PCB_LOG_FLOW_CONTROL != 0u)
 167:Generated_Source\PSoC5/UART_PCB_LOG_INT.c ****                             /* Disable RX interrupt mask, it is enabled when user read data from th
 168:Generated_Source\PSoC5/UART_PCB_LOG_INT.c ****                             UART_PCB_LOG_RXSTATUS_MASK_REG  &= (uint8)~UART_PCB_LOG_RX_STS_FIFO_NOT
 169:Generated_Source\PSoC5/UART_PCB_LOG_INT.c ****                             CyIntClearPending(UART_PCB_LOG_RX_VECT_NUM);
 170:Generated_Source\PSoC5/UART_PCB_LOG_INT.c ****                             break; /* Break the reading of the FIFO loop, leave the data there for 
 171:Generated_Source\PSoC5/UART_PCB_LOG_INT.c ****                         #endif /* (UART_PCB_LOG_FLOW_CONTROL != 0u) */
 172:Generated_Source\PSoC5/UART_PCB_LOG_INT.c ****                     }
 173:Generated_Source\PSoC5/UART_PCB_LOG_INT.c ****                 }
 174:Generated_Source\PSoC5/UART_PCB_LOG_INT.c ****             }
 175:Generated_Source\PSoC5/UART_PCB_LOG_INT.c ****         }while((readStatus & UART_PCB_LOG_RX_STS_FIFO_NOTEMPTY) != 0u);
 108              		.loc 1 175 0
 109 0070 002A     		cmp	r2, #0
 110 0072 C5D1     		bne	.L6
ARM GAS  C:\Users\Revanth\AppData\Local\Temp\cc3Fd8Cp.s 			page 6


 176:Generated_Source\PSoC5/UART_PCB_LOG_INT.c **** 
 177:Generated_Source\PSoC5/UART_PCB_LOG_INT.c ****         /* User code required at end of ISR (Optional) */
 178:Generated_Source\PSoC5/UART_PCB_LOG_INT.c ****         /* `#START UART_PCB_LOG_RXISR_END` */
 179:Generated_Source\PSoC5/UART_PCB_LOG_INT.c **** 
 180:Generated_Source\PSoC5/UART_PCB_LOG_INT.c ****         /* `#END` */
 181:Generated_Source\PSoC5/UART_PCB_LOG_INT.c **** 
 182:Generated_Source\PSoC5/UART_PCB_LOG_INT.c ****     #ifdef UART_PCB_LOG_RXISR_EXIT_CALLBACK
 183:Generated_Source\PSoC5/UART_PCB_LOG_INT.c ****         UART_PCB_LOG_RXISR_ExitCallback();
 184:Generated_Source\PSoC5/UART_PCB_LOG_INT.c ****     #endif /* UART_PCB_LOG_RXISR_EXIT_CALLBACK */
 185:Generated_Source\PSoC5/UART_PCB_LOG_INT.c **** 
 186:Generated_Source\PSoC5/UART_PCB_LOG_INT.c ****     #if(CY_PSOC3)
 187:Generated_Source\PSoC5/UART_PCB_LOG_INT.c ****         EA = int_en;
 188:Generated_Source\PSoC5/UART_PCB_LOG_INT.c ****     #endif /* (CY_PSOC3) */
 189:Generated_Source\PSoC5/UART_PCB_LOG_INT.c ****     }
 111              		.loc 1 189 0
 112 0074 7047     		bx	lr
 113              	.L8:
 114 0076 00BF     		.align	2
 115              	.L7:
 116 0078 61640040 		.word	1073767521
 117 007c 00000000 		.word	UART_PCB_LOG_errorStatus
 118 0080 45640040 		.word	1073767493
 119 0084 00000000 		.word	UART_PCB_LOG_rxBufferWrite
 120 0088 00000000 		.word	UART_PCB_LOG_rxBuffer
 121 008c 00000000 		.word	UART_PCB_LOG_rxBufferLoopDetect
 122 0090 00000000 		.word	UART_PCB_LOG_rxBufferOverflow
 123 0094 00000000 		.word	UART_PCB_LOG_rxBufferRead
 124              		.cfi_endproc
 125              	.LFE0:
 126              		.size	UART_PCB_LOG_RXISR, .-UART_PCB_LOG_RXISR
 127              		.text
 128              	.Letext0:
 129              		.file 2 "Generated_Source\\PSoC5\\cytypes.h"
 130              		.file 3 "Generated_Source\\PSoC5\\UART_PCB_LOG.h"
 131              		.section	.debug_info,"",%progbits
 132              	.Ldebug_info0:
 133 0000 48010000 		.4byte	0x148
 134 0004 0400     		.2byte	0x4
 135 0006 00000000 		.4byte	.Ldebug_abbrev0
 136 000a 04       		.byte	0x4
 137 000b 01       		.uleb128 0x1
 138 000c 53000000 		.4byte	.LASF25
 139 0010 0C       		.byte	0xc
 140 0011 E6000000 		.4byte	.LASF26
 141 0015 EC010000 		.4byte	.LASF27
 142 0019 00000000 		.4byte	.Ldebug_ranges0+0
 143 001d 00000000 		.4byte	0
 144 0021 00000000 		.4byte	.Ldebug_line0
 145 0025 02       		.uleb128 0x2
 146 0026 01       		.byte	0x1
 147 0027 06       		.byte	0x6
 148 0028 D5010000 		.4byte	.LASF0
 149 002c 02       		.uleb128 0x2
 150 002d 01       		.byte	0x1
 151 002e 08       		.byte	0x8
 152 002f 58010000 		.4byte	.LASF1
 153 0033 02       		.uleb128 0x2
ARM GAS  C:\Users\Revanth\AppData\Local\Temp\cc3Fd8Cp.s 			page 7


 154 0034 02       		.byte	0x2
 155 0035 05       		.byte	0x5
 156 0036 56020000 		.4byte	.LASF2
 157 003a 02       		.uleb128 0x2
 158 003b 02       		.byte	0x2
 159 003c 07       		.byte	0x7
 160 003d 0E000000 		.4byte	.LASF3
 161 0041 02       		.uleb128 0x2
 162 0042 04       		.byte	0x4
 163 0043 05       		.byte	0x5
 164 0044 6B010000 		.4byte	.LASF4
 165 0048 02       		.uleb128 0x2
 166 0049 04       		.byte	0x4
 167 004a 07       		.byte	0x7
 168 004b 10010000 		.4byte	.LASF5
 169 004f 02       		.uleb128 0x2
 170 0050 08       		.byte	0x8
 171 0051 05       		.byte	0x5
 172 0052 00000000 		.4byte	.LASF6
 173 0056 02       		.uleb128 0x2
 174 0057 08       		.byte	0x8
 175 0058 07       		.byte	0x7
 176 0059 22010000 		.4byte	.LASF7
 177 005d 03       		.uleb128 0x3
 178 005e 04       		.byte	0x4
 179 005f 05       		.byte	0x5
 180 0060 696E7400 		.ascii	"int\000"
 181 0064 02       		.uleb128 0x2
 182 0065 04       		.byte	0x4
 183 0066 07       		.byte	0x7
 184 0067 21000000 		.4byte	.LASF8
 185 006b 04       		.uleb128 0x4
 186 006c CF010000 		.4byte	.LASF12
 187 0070 02       		.byte	0x2
 188 0071 E401     		.2byte	0x1e4
 189 0073 2C000000 		.4byte	0x2c
 190 0077 02       		.uleb128 0x2
 191 0078 04       		.byte	0x4
 192 0079 04       		.byte	0x4
 193 007a 52010000 		.4byte	.LASF9
 194 007e 02       		.uleb128 0x2
 195 007f 08       		.byte	0x8
 196 0080 04       		.byte	0x4
 197 0081 92010000 		.4byte	.LASF10
 198 0085 02       		.uleb128 0x2
 199 0086 01       		.byte	0x1
 200 0087 08       		.byte	0x8
 201 0088 66010000 		.4byte	.LASF11
 202 008c 04       		.uleb128 0x4
 203 008d E1000000 		.4byte	.LASF13
 204 0091 02       		.byte	0x2
 205 0092 8E02     		.2byte	0x28e
 206 0094 98000000 		.4byte	0x98
 207 0098 05       		.uleb128 0x5
 208 0099 6B000000 		.4byte	0x6b
 209 009d 02       		.uleb128 0x2
 210 009e 08       		.byte	0x8
ARM GAS  C:\Users\Revanth\AppData\Local\Temp\cc3Fd8Cp.s 			page 8


 211 009f 04       		.byte	0x4
 212 00a0 30020000 		.4byte	.LASF14
 213 00a4 02       		.uleb128 0x2
 214 00a5 04       		.byte	0x4
 215 00a6 07       		.byte	0x7
 216 00a7 84020000 		.4byte	.LASF15
 217 00ab 06       		.uleb128 0x6
 218 00ac 40000000 		.4byte	.LASF28
 219 00b0 01       		.byte	0x1
 220 00b1 3B       		.byte	0x3b
 221 00b2 00000000 		.4byte	.LFB0
 222 00b6 98000000 		.4byte	.LFE0-.LFB0
 223 00ba 01       		.uleb128 0x1
 224 00bb 9C       		.byte	0x9c
 225 00bc EE000000 		.4byte	0xee
 226 00c0 07       		.uleb128 0x7
 227 00c1 7B020000 		.4byte	.LASF16
 228 00c5 01       		.byte	0x1
 229 00c6 3D       		.byte	0x3d
 230 00c7 6B000000 		.4byte	0x6b
 231 00cb 00000000 		.4byte	.LLST0
 232 00cf 07       		.uleb128 0x7
 233 00d0 E1010000 		.4byte	.LASF17
 234 00d4 01       		.byte	0x1
 235 00d5 3E       		.byte	0x3e
 236 00d6 6B000000 		.4byte	0x6b
 237 00da 1E000000 		.4byte	.LLST1
 238 00de 07       		.uleb128 0x7
 239 00df 2E000000 		.4byte	.LASF18
 240 00e3 01       		.byte	0x1
 241 00e4 3F       		.byte	0x3f
 242 00e5 6B000000 		.4byte	0x6b
 243 00e9 31000000 		.4byte	.LLST2
 244 00ed 00       		.byte	0
 245 00ee 08       		.uleb128 0x8
 246 00ef 39010000 		.4byte	.LASF19
 247 00f3 03       		.byte	0x3
 248 00f4 3D01     		.2byte	0x13d
 249 00f6 6B000000 		.4byte	0x6b
 250 00fa 09       		.uleb128 0x9
 251 00fb 98000000 		.4byte	0x98
 252 00ff 0A010000 		.4byte	0x10a
 253 0103 0A       		.uleb128 0xa
 254 0104 A4000000 		.4byte	0xa4
 255 0108 3F       		.byte	0x3f
 256 0109 00       		.byte	0
 257 010a 08       		.uleb128 0x8
 258 010b B9010000 		.4byte	.LASF20
 259 010f 03       		.byte	0x3
 260 0110 3E01     		.2byte	0x13e
 261 0112 16010000 		.4byte	0x116
 262 0116 05       		.uleb128 0x5
 263 0117 FA000000 		.4byte	0xfa
 264 011b 08       		.uleb128 0x8
 265 011c 3C020000 		.4byte	.LASF21
 266 0120 03       		.byte	0x3
 267 0121 3F01     		.2byte	0x13f
ARM GAS  C:\Users\Revanth\AppData\Local\Temp\cc3Fd8Cp.s 			page 9


 268 0123 98000000 		.4byte	0x98
 269 0127 08       		.uleb128 0x8
 270 0128 60020000 		.4byte	.LASF22
 271 012c 03       		.byte	0x3
 272 012d 4001     		.2byte	0x140
 273 012f 98000000 		.4byte	0x98
 274 0133 08       		.uleb128 0x8
 275 0134 99010000 		.4byte	.LASF23
 276 0138 03       		.byte	0x3
 277 0139 4101     		.2byte	0x141
 278 013b 98000000 		.4byte	0x98
 279 013f 08       		.uleb128 0x8
 280 0140 74010000 		.4byte	.LASF24
 281 0144 03       		.byte	0x3
 282 0145 4201     		.2byte	0x142
 283 0147 98000000 		.4byte	0x98
 284 014b 00       		.byte	0
 285              		.section	.debug_abbrev,"",%progbits
 286              	.Ldebug_abbrev0:
 287 0000 01       		.uleb128 0x1
 288 0001 11       		.uleb128 0x11
 289 0002 01       		.byte	0x1
 290 0003 25       		.uleb128 0x25
 291 0004 0E       		.uleb128 0xe
 292 0005 13       		.uleb128 0x13
 293 0006 0B       		.uleb128 0xb
 294 0007 03       		.uleb128 0x3
 295 0008 0E       		.uleb128 0xe
 296 0009 1B       		.uleb128 0x1b
 297 000a 0E       		.uleb128 0xe
 298 000b 55       		.uleb128 0x55
 299 000c 17       		.uleb128 0x17
 300 000d 11       		.uleb128 0x11
 301 000e 01       		.uleb128 0x1
 302 000f 10       		.uleb128 0x10
 303 0010 17       		.uleb128 0x17
 304 0011 00       		.byte	0
 305 0012 00       		.byte	0
 306 0013 02       		.uleb128 0x2
 307 0014 24       		.uleb128 0x24
 308 0015 00       		.byte	0
 309 0016 0B       		.uleb128 0xb
 310 0017 0B       		.uleb128 0xb
 311 0018 3E       		.uleb128 0x3e
 312 0019 0B       		.uleb128 0xb
 313 001a 03       		.uleb128 0x3
 314 001b 0E       		.uleb128 0xe
 315 001c 00       		.byte	0
 316 001d 00       		.byte	0
 317 001e 03       		.uleb128 0x3
 318 001f 24       		.uleb128 0x24
 319 0020 00       		.byte	0
 320 0021 0B       		.uleb128 0xb
 321 0022 0B       		.uleb128 0xb
 322 0023 3E       		.uleb128 0x3e
 323 0024 0B       		.uleb128 0xb
 324 0025 03       		.uleb128 0x3
ARM GAS  C:\Users\Revanth\AppData\Local\Temp\cc3Fd8Cp.s 			page 10


 325 0026 08       		.uleb128 0x8
 326 0027 00       		.byte	0
 327 0028 00       		.byte	0
 328 0029 04       		.uleb128 0x4
 329 002a 16       		.uleb128 0x16
 330 002b 00       		.byte	0
 331 002c 03       		.uleb128 0x3
 332 002d 0E       		.uleb128 0xe
 333 002e 3A       		.uleb128 0x3a
 334 002f 0B       		.uleb128 0xb
 335 0030 3B       		.uleb128 0x3b
 336 0031 05       		.uleb128 0x5
 337 0032 49       		.uleb128 0x49
 338 0033 13       		.uleb128 0x13
 339 0034 00       		.byte	0
 340 0035 00       		.byte	0
 341 0036 05       		.uleb128 0x5
 342 0037 35       		.uleb128 0x35
 343 0038 00       		.byte	0
 344 0039 49       		.uleb128 0x49
 345 003a 13       		.uleb128 0x13
 346 003b 00       		.byte	0
 347 003c 00       		.byte	0
 348 003d 06       		.uleb128 0x6
 349 003e 2E       		.uleb128 0x2e
 350 003f 01       		.byte	0x1
 351 0040 3F       		.uleb128 0x3f
 352 0041 19       		.uleb128 0x19
 353 0042 03       		.uleb128 0x3
 354 0043 0E       		.uleb128 0xe
 355 0044 3A       		.uleb128 0x3a
 356 0045 0B       		.uleb128 0xb
 357 0046 3B       		.uleb128 0x3b
 358 0047 0B       		.uleb128 0xb
 359 0048 27       		.uleb128 0x27
 360 0049 19       		.uleb128 0x19
 361 004a 11       		.uleb128 0x11
 362 004b 01       		.uleb128 0x1
 363 004c 12       		.uleb128 0x12
 364 004d 06       		.uleb128 0x6
 365 004e 40       		.uleb128 0x40
 366 004f 18       		.uleb128 0x18
 367 0050 9742     		.uleb128 0x2117
 368 0052 19       		.uleb128 0x19
 369 0053 01       		.uleb128 0x1
 370 0054 13       		.uleb128 0x13
 371 0055 00       		.byte	0
 372 0056 00       		.byte	0
 373 0057 07       		.uleb128 0x7
 374 0058 34       		.uleb128 0x34
 375 0059 00       		.byte	0
 376 005a 03       		.uleb128 0x3
 377 005b 0E       		.uleb128 0xe
 378 005c 3A       		.uleb128 0x3a
 379 005d 0B       		.uleb128 0xb
 380 005e 3B       		.uleb128 0x3b
 381 005f 0B       		.uleb128 0xb
ARM GAS  C:\Users\Revanth\AppData\Local\Temp\cc3Fd8Cp.s 			page 11


 382 0060 49       		.uleb128 0x49
 383 0061 13       		.uleb128 0x13
 384 0062 02       		.uleb128 0x2
 385 0063 17       		.uleb128 0x17
 386 0064 00       		.byte	0
 387 0065 00       		.byte	0
 388 0066 08       		.uleb128 0x8
 389 0067 34       		.uleb128 0x34
 390 0068 00       		.byte	0
 391 0069 03       		.uleb128 0x3
 392 006a 0E       		.uleb128 0xe
 393 006b 3A       		.uleb128 0x3a
 394 006c 0B       		.uleb128 0xb
 395 006d 3B       		.uleb128 0x3b
 396 006e 05       		.uleb128 0x5
 397 006f 49       		.uleb128 0x49
 398 0070 13       		.uleb128 0x13
 399 0071 3F       		.uleb128 0x3f
 400 0072 19       		.uleb128 0x19
 401 0073 3C       		.uleb128 0x3c
 402 0074 19       		.uleb128 0x19
 403 0075 00       		.byte	0
 404 0076 00       		.byte	0
 405 0077 09       		.uleb128 0x9
 406 0078 01       		.uleb128 0x1
 407 0079 01       		.byte	0x1
 408 007a 49       		.uleb128 0x49
 409 007b 13       		.uleb128 0x13
 410 007c 01       		.uleb128 0x1
 411 007d 13       		.uleb128 0x13
 412 007e 00       		.byte	0
 413 007f 00       		.byte	0
 414 0080 0A       		.uleb128 0xa
 415 0081 21       		.uleb128 0x21
 416 0082 00       		.byte	0
 417 0083 49       		.uleb128 0x49
 418 0084 13       		.uleb128 0x13
 419 0085 2F       		.uleb128 0x2f
 420 0086 0B       		.uleb128 0xb
 421 0087 00       		.byte	0
 422 0088 00       		.byte	0
 423 0089 00       		.byte	0
 424              		.section	.debug_loc,"",%progbits
 425              	.Ldebug_loc0:
 426              	.LLST0:
 427 0000 06000000 		.4byte	.LVL0
 428 0004 1C000000 		.4byte	.LVL1
 429 0008 0100     		.2byte	0x1
 430 000a 53       		.byte	0x53
 431 000b 28000000 		.4byte	.LVL2
 432 000f 3E000000 		.4byte	.LVL4
 433 0013 0100     		.2byte	0x1
 434 0015 51       		.byte	0x51
 435 0016 00000000 		.4byte	0
 436 001a 00000000 		.4byte	0
 437              	.LLST1:
 438 001e 06000000 		.4byte	.LVL0
ARM GAS  C:\Users\Revanth\AppData\Local\Temp\cc3Fd8Cp.s 			page 12


 439 0022 1C000000 		.4byte	.LVL1
 440 0026 0100     		.2byte	0x1
 441 0028 53       		.byte	0x53
 442 0029 00000000 		.4byte	0
 443 002d 00000000 		.4byte	0
 444              	.LLST2:
 445 0031 32000000 		.4byte	.LVL3
 446 0035 70000000 		.4byte	.LVL5
 447 0039 0200     		.2byte	0x2
 448 003b 31       		.byte	0x31
 449 003c 9F       		.byte	0x9f
 450 003d 00000000 		.4byte	0
 451 0041 00000000 		.4byte	0
 452              		.section	.debug_aranges,"",%progbits
 453 0000 1C000000 		.4byte	0x1c
 454 0004 0200     		.2byte	0x2
 455 0006 00000000 		.4byte	.Ldebug_info0
 456 000a 04       		.byte	0x4
 457 000b 00       		.byte	0
 458 000c 0000     		.2byte	0
 459 000e 0000     		.2byte	0
 460 0010 00000000 		.4byte	.LFB0
 461 0014 98000000 		.4byte	.LFE0-.LFB0
 462 0018 00000000 		.4byte	0
 463 001c 00000000 		.4byte	0
 464              		.section	.debug_ranges,"",%progbits
 465              	.Ldebug_ranges0:
 466 0000 00000000 		.4byte	.LFB0
 467 0004 98000000 		.4byte	.LFE0
 468 0008 00000000 		.4byte	0
 469 000c 00000000 		.4byte	0
 470              		.section	.debug_line,"",%progbits
 471              	.Ldebug_line0:
 472 0000 8D000000 		.section	.debug_str,"MS",%progbits,1
 472      02005F00 
 472      00000201 
 472      FB0E0D00 
 472      01010101 
 473              	.LASF6:
 474 0000 6C6F6E67 		.ascii	"long long int\000"
 474      206C6F6E 
 474      6720696E 
 474      7400
 475              	.LASF3:
 476 000e 73686F72 		.ascii	"short unsigned int\000"
 476      7420756E 
 476      7369676E 
 476      65642069 
 476      6E7400
 477              	.LASF8:
 478 0021 756E7369 		.ascii	"unsigned int\000"
 478      676E6564 
 478      20696E74 
 478      00
 479              	.LASF18:
 480 002e 696E6372 		.ascii	"increment_pointer\000"
 480      656D656E 
ARM GAS  C:\Users\Revanth\AppData\Local\Temp\cc3Fd8Cp.s 			page 13


 480      745F706F 
 480      696E7465 
 480      7200
 481              	.LASF28:
 482 0040 55415254 		.ascii	"UART_PCB_LOG_RXISR\000"
 482      5F504342 
 482      5F4C4F47 
 482      5F525849 
 482      535200
 483              	.LASF25:
 484 0053 474E5520 		.ascii	"GNU C11 5.4.1 20160609 (release) [ARM/embedded-5-br"
 484      43313120 
 484      352E342E 
 484      31203230 
 484      31363036 
 485 0086 616E6368 		.ascii	"anch revision 237715] -mcpu=cortex-m3 -mthumb -g -O"
 485      20726576 
 485      6973696F 
 485      6E203233 
 485      37373135 
 486 00b9 67202D66 		.ascii	"g -ffunction-sections -ffat-lto-objects\000"
 486      66756E63 
 486      74696F6E 
 486      2D736563 
 486      74696F6E 
 487              	.LASF13:
 488 00e1 72656738 		.ascii	"reg8\000"
 488      00
 489              	.LASF26:
 490 00e6 47656E65 		.ascii	"Generated_Source\\PSoC5\\UART_PCB_LOG_INT.c\000"
 490      72617465 
 490      645F536F 
 490      75726365 
 490      5C50536F 
 491              	.LASF5:
 492 0110 6C6F6E67 		.ascii	"long unsigned int\000"
 492      20756E73 
 492      69676E65 
 492      6420696E 
 492      7400
 493              	.LASF7:
 494 0122 6C6F6E67 		.ascii	"long long unsigned int\000"
 494      206C6F6E 
 494      6720756E 
 494      7369676E 
 494      65642069 
 495              	.LASF19:
 496 0139 55415254 		.ascii	"UART_PCB_LOG_errorStatus\000"
 496      5F504342 
 496      5F4C4F47 
 496      5F657272 
 496      6F725374 
 497              	.LASF9:
 498 0152 666C6F61 		.ascii	"float\000"
 498      7400
 499              	.LASF1:
 500 0158 756E7369 		.ascii	"unsigned char\000"
ARM GAS  C:\Users\Revanth\AppData\Local\Temp\cc3Fd8Cp.s 			page 14


 500      676E6564 
 500      20636861 
 500      7200
 501              	.LASF11:
 502 0166 63686172 		.ascii	"char\000"
 502      00
 503              	.LASF4:
 504 016b 6C6F6E67 		.ascii	"long int\000"
 504      20696E74 
 504      00
 505              	.LASF24:
 506 0174 55415254 		.ascii	"UART_PCB_LOG_rxBufferOverflow\000"
 506      5F504342 
 506      5F4C4F47 
 506      5F727842 
 506      75666665 
 507              	.LASF10:
 508 0192 646F7562 		.ascii	"double\000"
 508      6C6500
 509              	.LASF23:
 510 0199 55415254 		.ascii	"UART_PCB_LOG_rxBufferLoopDetect\000"
 510      5F504342 
 510      5F4C4F47 
 510      5F727842 
 510      75666665 
 511              	.LASF20:
 512 01b9 55415254 		.ascii	"UART_PCB_LOG_rxBuffer\000"
 512      5F504342 
 512      5F4C4F47 
 512      5F727842 
 512      75666665 
 513              	.LASF12:
 514 01cf 75696E74 		.ascii	"uint8\000"
 514      3800
 515              	.LASF0:
 516 01d5 7369676E 		.ascii	"signed char\000"
 516      65642063 
 516      68617200 
 517              	.LASF17:
 518 01e1 72656164 		.ascii	"readStatus\000"
 518      53746174 
 518      757300
 519              	.LASF27:
 520 01ec 433A5C55 		.ascii	"C:\\Users\\Revanth\\Documents\\GitHub\\AS76_FFP\\AS"
 520      73657273 
 520      5C526576 
 520      616E7468 
 520      5C446F63 
 521 0219 37365F46 		.ascii	"76_FFP\\AS76_FFP2.cydsn\000"
 521      46505C41 
 521      5337365F 
 521      46465032 
 521      2E637964 
 522              	.LASF14:
 523 0230 6C6F6E67 		.ascii	"long double\000"
 523      20646F75 
 523      626C6500 
ARM GAS  C:\Users\Revanth\AppData\Local\Temp\cc3Fd8Cp.s 			page 15


 524              	.LASF21:
 525 023c 55415254 		.ascii	"UART_PCB_LOG_rxBufferRead\000"
 525      5F504342 
 525      5F4C4F47 
 525      5F727842 
 525      75666665 
 526              	.LASF2:
 527 0256 73686F72 		.ascii	"short int\000"
 527      7420696E 
 527      7400
 528              	.LASF22:
 529 0260 55415254 		.ascii	"UART_PCB_LOG_rxBufferWrite\000"
 529      5F504342 
 529      5F4C4F47 
 529      5F727842 
 529      75666665 
 530              	.LASF16:
 531 027b 72656164 		.ascii	"readData\000"
 531      44617461 
 531      00
 532              	.LASF15:
 533 0284 73697A65 		.ascii	"sizetype\000"
 533      74797065 
 533      00
 534              		.ident	"GCC: (GNU Tools for ARM Embedded Processors) 5.4.1 20160609 (release) [ARM/embedded-5-bran
