ARM GAS  C:\Users\Revanth\AppData\Local\Temp\ccRrUbgA.s 			page 1


   1              		.syntax unified
   2              		.cpu cortex-m3
   3              		.fpu softvfp
   4              		.eabi_attribute 20, 1
   5              		.eabi_attribute 21, 1
   6              		.eabi_attribute 23, 3
   7              		.eabi_attribute 24, 1
   8              		.eabi_attribute 25, 1
   9              		.eabi_attribute 26, 1
  10              		.eabi_attribute 30, 1
  11              		.eabi_attribute 34, 1
  12              		.eabi_attribute 18, 4
  13              		.thumb
  14              		.syntax unified
  15              		.file	"USB_descr.c"
  16              		.text
  17              	.Ltext0:
  18              		.cfi_sections	.debug_frame
  19              		.comm	USB_idSerialNumberStringDescriptor,34,4
  20              		.global	USB_MSOS_CONFIGURATION_DESCR
  21              		.global	USB_MSOS_DESCRIPTOR
  22              		.global	USB_TABLE
  23              		.global	USB_DEVICE0_TABLE
  24              		.global	USB_DEVICE0_CONFIGURATION0_TABLE
  25              		.global	USB_DEVICE0_CONFIGURATION0_INTERFACE_CLASS
  26              		.global	USB_DEVICE0_CONFIGURATION0_EP_SETTINGS_TABLE
  27              		.global	USB_HIDREPORT_DESCRIPTOR1
  28              		.global	USB_SN_STRING_DESCRIPTOR
  29              		.global	USB_STRING_DESCRIPTORS
  30              		.global	USB_DEVICE0_CONFIGURATION0_DESCR
  31              		.global	USB_DEVICE0_DESCR
  32              		.section	.rodata
  33              		.align	2
  34              		.type	USB_MSOS_CONFIGURATION_DESCR, %object
  35              		.size	USB_MSOS_CONFIGURATION_DESCR, 40
  36              	USB_MSOS_CONFIGURATION_DESCR:
  37 0000 28       		.byte	40
  38 0001 00       		.byte	0
  39 0002 00       		.byte	0
  40 0003 00       		.byte	0
  41 0004 00       		.byte	0
  42 0005 01       		.byte	1
  43 0006 04       		.byte	4
  44 0007 00       		.byte	0
  45 0008 01       		.byte	1
  46 0009 00       		.byte	0
  47 000a 00       		.byte	0
  48 000b 00       		.byte	0
  49 000c 00       		.byte	0
  50 000d 00       		.byte	0
  51 000e 00       		.byte	0
  52 000f 00       		.byte	0
  53 0010 00       		.byte	0
  54 0011 01       		.byte	1
  55 0012 43       		.byte	67
  56 0013 59       		.byte	89
  57 0014 55       		.byte	85
ARM GAS  C:\Users\Revanth\AppData\Local\Temp\ccRrUbgA.s 			page 2


  58 0015 53       		.byte	83
  59 0016 42       		.byte	66
  60 0017 00       		.byte	0
  61 0018 00       		.byte	0
  62 0019 00       		.byte	0
  63 001a 30       		.byte	48
  64 001b 30       		.byte	48
  65 001c 30       		.byte	48
  66 001d 30       		.byte	48
  67 001e 31       		.byte	49
  68 001f 00       		.byte	0
  69 0020 00       		.byte	0
  70 0021 00       		.byte	0
  71 0022 00       		.byte	0
  72 0023 00       		.byte	0
  73 0024 00       		.byte	0
  74 0025 00       		.byte	0
  75 0026 00       		.byte	0
  76 0027 00       		.byte	0
  77              		.type	USB_MSOS_DESCRIPTOR, %object
  78              		.size	USB_MSOS_DESCRIPTOR, 18
  79              	USB_MSOS_DESCRIPTOR:
  80 0028 12       		.byte	18
  81 0029 03       		.byte	3
  82 002a 4D       		.byte	77
  83 002b 00       		.byte	0
  84 002c 53       		.byte	83
  85 002d 00       		.byte	0
  86 002e 46       		.byte	70
  87 002f 00       		.byte	0
  88 0030 54       		.byte	84
  89 0031 00       		.byte	0
  90 0032 31       		.byte	49
  91 0033 00       		.byte	0
  92 0034 30       		.byte	48
  93 0035 00       		.byte	0
  94 0036 30       		.byte	48
  95 0037 00       		.byte	0
  96 0038 01       		.byte	1
  97 0039 00       		.byte	0
  98 003a 0000     		.space	2
  99              		.type	USB_TABLE, %object
 100              		.size	USB_TABLE, 8
 101              	USB_TABLE:
 102 003c 01       		.byte	1
 103 003d 000000   		.space	3
 104 0040 00000000 		.word	USB_DEVICE0_TABLE
 105              		.type	USB_DEVICE0_TABLE, %object
 106              		.size	USB_DEVICE0_TABLE, 24
 107              	USB_DEVICE0_TABLE:
 108 0044 01       		.byte	1
 109 0045 000000   		.space	3
 110 0048 00000000 		.word	USB_DEVICE0_DESCR
 111 004c 00       		.byte	0
 112 004d 000000   		.space	3
 113 0050 00000000 		.word	0
 114 0054 01       		.byte	1
ARM GAS  C:\Users\Revanth\AppData\Local\Temp\ccRrUbgA.s 			page 3


 115 0055 000000   		.space	3
 116 0058 00000000 		.word	USB_DEVICE0_CONFIGURATION0_TABLE
 117              		.type	USB_DEVICE0_CONFIGURATION0_TABLE, %object
 118              		.size	USB_DEVICE0_CONFIGURATION0_TABLE, 40
 119              	USB_DEVICE0_CONFIGURATION0_TABLE:
 120 005c 01       		.byte	1
 121 005d 000000   		.space	3
 122 0060 00000000 		.word	USB_DEVICE0_CONFIGURATION0_DESCR
 123 0064 03       		.byte	3
 124 0065 000000   		.space	3
 125 0068 00000000 		.word	USB_DEVICE0_CONFIGURATION0_EP_SETTINGS_TABLE
 126 006c 00       		.byte	0
 127 006d 000000   		.space	3
 128 0070 00000000 		.word	0
 129 0074 00       		.byte	0
 130 0075 000000   		.space	3
 131 0078 00000000 		.word	0
 132 007c 00       		.byte	0
 133 007d 000000   		.space	3
 134 0080 00000000 		.word	USB_DEVICE0_CONFIGURATION0_INTERFACE_CLASS
 135              		.type	USB_DEVICE0_CONFIGURATION0_INTERFACE_CLASS, %object
 136              		.size	USB_DEVICE0_CONFIGURATION0_INTERFACE_CLASS, 2
 137              	USB_DEVICE0_CONFIGURATION0_INTERFACE_CLASS:
 138 0084 02       		.byte	2
 139 0085 0A       		.byte	10
 140 0086 0000     		.space	2
 141              		.type	USB_DEVICE0_CONFIGURATION0_EP_SETTINGS_TABLE, %object
 142              		.size	USB_DEVICE0_CONFIGURATION0_EP_SETTINGS_TABLE, 24
 143              	USB_DEVICE0_CONFIGURATION0_EP_SETTINGS_TABLE:
 144 0088 00       		.byte	0
 145 0089 00       		.byte	0
 146 008a 81       		.byte	-127
 147 008b 03       		.byte	3
 148 008c 0800     		.short	8
 149 008e 02       		.byte	2
 150 008f 00       		.space	1
 151 0090 01       		.byte	1
 152 0091 00       		.byte	0
 153 0092 82       		.byte	-126
 154 0093 02       		.byte	2
 155 0094 4000     		.short	64
 156 0096 0A       		.byte	10
 157 0097 00       		.space	1
 158 0098 01       		.byte	1
 159 0099 00       		.byte	0
 160 009a 03       		.byte	3
 161 009b 02       		.byte	2
 162 009c 4000     		.short	64
 163 009e 0A       		.byte	10
 164 009f 00       		.space	1
 165              		.type	USB_HIDREPORT_DESCRIPTOR1, %object
 166              		.size	USB_HIDREPORT_DESCRIPTOR1, 54
 167              	USB_HIDREPORT_DESCRIPTOR1:
 168 00a0 32       		.byte	50
 169 00a1 00       		.byte	0
 170 00a2 05       		.byte	5
 171 00a3 01       		.byte	1
ARM GAS  C:\Users\Revanth\AppData\Local\Temp\ccRrUbgA.s 			page 4


 172 00a4 09       		.byte	9
 173 00a5 02       		.byte	2
 174 00a6 A1       		.byte	-95
 175 00a7 01       		.byte	1
 176 00a8 09       		.byte	9
 177 00a9 01       		.byte	1
 178 00aa A1       		.byte	-95
 179 00ab 00       		.byte	0
 180 00ac 05       		.byte	5
 181 00ad 09       		.byte	9
 182 00ae 19       		.byte	25
 183 00af 01       		.byte	1
 184 00b0 29       		.byte	41
 185 00b1 03       		.byte	3
 186 00b2 15       		.byte	21
 187 00b3 00       		.byte	0
 188 00b4 25       		.byte	37
 189 00b5 01       		.byte	1
 190 00b6 95       		.byte	-107
 191 00b7 03       		.byte	3
 192 00b8 75       		.byte	117
 193 00b9 01       		.byte	1
 194 00ba 81       		.byte	-127
 195 00bb 02       		.byte	2
 196 00bc 95       		.byte	-107
 197 00bd 01       		.byte	1
 198 00be 75       		.byte	117
 199 00bf 05       		.byte	5
 200 00c0 81       		.byte	-127
 201 00c1 01       		.byte	1
 202 00c2 05       		.byte	5
 203 00c3 01       		.byte	1
 204 00c4 09       		.byte	9
 205 00c5 30       		.byte	48
 206 00c6 09       		.byte	9
 207 00c7 31       		.byte	49
 208 00c8 15       		.byte	21
 209 00c9 81       		.byte	-127
 210 00ca 25       		.byte	37
 211 00cb 7F       		.byte	127
 212 00cc 75       		.byte	117
 213 00cd 08       		.byte	8
 214 00ce 95       		.byte	-107
 215 00cf 02       		.byte	2
 216 00d0 81       		.byte	-127
 217 00d1 06       		.byte	6
 218 00d2 C0       		.byte	-64
 219 00d3 C0       		.byte	-64
 220 00d4 00       		.byte	0
 221 00d5 00       		.byte	0
 222 00d6 0000     		.space	2
 223              		.type	USB_SN_STRING_DESCRIPTOR, %object
 224              		.size	USB_SN_STRING_DESCRIPTOR, 2
 225              	USB_SN_STRING_DESCRIPTOR:
 226 00d8 02       		.byte	2
 227 00d9 03       		.byte	3
 228 00da 0000     		.space	2
ARM GAS  C:\Users\Revanth\AppData\Local\Temp\ccRrUbgA.s 			page 5


 229              		.type	USB_STRING_DESCRIPTORS, %object
 230              		.size	USB_STRING_DESCRIPTORS, 231
 231              	USB_STRING_DESCRIPTORS:
 232 00dc 04       		.byte	4
 233 00dd 03       		.byte	3
 234 00de 09       		.byte	9
 235 00df 04       		.byte	4
 236 00e0 3A       		.byte	58
 237 00e1 03       		.byte	3
 238 00e2 43       		.byte	67
 239 00e3 00       		.byte	0
 240 00e4 79       		.byte	121
 241 00e5 00       		.byte	0
 242 00e6 70       		.byte	112
 243 00e7 00       		.byte	0
 244 00e8 72       		.byte	114
 245 00e9 00       		.byte	0
 246 00ea 65       		.byte	101
 247 00eb 00       		.byte	0
 248 00ec 73       		.byte	115
 249 00ed 00       		.byte	0
 250 00ee 73       		.byte	115
 251 00ef 00       		.byte	0
 252 00f0 20       		.byte	32
 253 00f1 00       		.byte	0
 254 00f2 4D       		.byte	77
 255 00f3 00       		.byte	0
 256 00f4 6F       		.byte	111
 257 00f5 00       		.byte	0
 258 00f6 74       		.byte	116
 259 00f7 00       		.byte	0
 260 00f8 6F       		.byte	111
 261 00f9 00       		.byte	0
 262 00fa 72       		.byte	114
 263 00fb 00       		.byte	0
 264 00fc 20       		.byte	32
 265 00fd 00       		.byte	0
 266 00fe 43       		.byte	67
 267 00ff 00       		.byte	0
 268 0100 6F       		.byte	111
 269 0101 00       		.byte	0
 270 0102 6E       		.byte	110
 271 0103 00       		.byte	0
 272 0104 74       		.byte	116
 273 0105 00       		.byte	0
 274 0106 72       		.byte	114
 275 0107 00       		.byte	0
 276 0108 6F       		.byte	111
 277 0109 00       		.byte	0
 278 010a 6C       		.byte	108
 279 010b 00       		.byte	0
 280 010c 20       		.byte	32
 281 010d 00       		.byte	0
 282 010e 42       		.byte	66
 283 010f 00       		.byte	0
 284 0110 6F       		.byte	111
 285 0111 00       		.byte	0
ARM GAS  C:\Users\Revanth\AppData\Local\Temp\ccRrUbgA.s 			page 6


 286 0112 61       		.byte	97
 287 0113 00       		.byte	0
 288 0114 72       		.byte	114
 289 0115 00       		.byte	0
 290 0116 64       		.byte	100
 291 0117 00       		.byte	0
 292 0118 20       		.byte	32
 293 0119 00       		.byte	0
 294 011a 10       		.byte	16
 295 011b 03       		.byte	3
 296 011c 55       		.byte	85
 297 011d 00       		.byte	0
 298 011e 53       		.byte	83
 299 011f 00       		.byte	0
 300 0120 42       		.byte	66
 301 0121 00       		.byte	0
 302 0122 55       		.byte	85
 303 0123 00       		.byte	0
 304 0124 41       		.byte	65
 305 0125 00       		.byte	0
 306 0126 52       		.byte	82
 307 0127 00       		.byte	0
 308 0128 54       		.byte	84
 309 0129 00       		.byte	0
 310 012a 38       		.byte	56
 311 012b 03       		.byte	3
 312 012c 43       		.byte	67
 313 012d 00       		.byte	0
 314 012e 44       		.byte	68
 315 012f 00       		.byte	0
 316 0130 43       		.byte	67
 317 0131 00       		.byte	0
 318 0132 20       		.byte	32
 319 0133 00       		.byte	0
 320 0134 43       		.byte	67
 321 0135 00       		.byte	0
 322 0136 6F       		.byte	111
 323 0137 00       		.byte	0
 324 0138 6D       		.byte	109
 325 0139 00       		.byte	0
 326 013a 6D       		.byte	109
 327 013b 00       		.byte	0
 328 013c 75       		.byte	117
 329 013d 00       		.byte	0
 330 013e 6E       		.byte	110
 331 013f 00       		.byte	0
 332 0140 69       		.byte	105
 333 0141 00       		.byte	0
 334 0142 63       		.byte	99
 335 0143 00       		.byte	0
 336 0144 61       		.byte	97
 337 0145 00       		.byte	0
 338 0146 74       		.byte	116
 339 0147 00       		.byte	0
 340 0148 69       		.byte	105
 341 0149 00       		.byte	0
 342 014a 6F       		.byte	111
ARM GAS  C:\Users\Revanth\AppData\Local\Temp\ccRrUbgA.s 			page 7


 343 014b 00       		.byte	0
 344 014c 6E       		.byte	110
 345 014d 00       		.byte	0
 346 014e 20       		.byte	32
 347 014f 00       		.byte	0
 348 0150 49       		.byte	73
 349 0151 00       		.byte	0
 350 0152 6E       		.byte	110
 351 0153 00       		.byte	0
 352 0154 74       		.byte	116
 353 0155 00       		.byte	0
 354 0156 65       		.byte	101
 355 0157 00       		.byte	0
 356 0158 72       		.byte	114
 357 0159 00       		.byte	0
 358 015a 66       		.byte	102
 359 015b 00       		.byte	0
 360 015c 61       		.byte	97
 361 015d 00       		.byte	0
 362 015e 63       		.byte	99
 363 015f 00       		.byte	0
 364 0160 65       		.byte	101
 365 0161 00       		.byte	0
 366 0162 26       		.byte	38
 367 0163 03       		.byte	3
 368 0164 43       		.byte	67
 369 0165 00       		.byte	0
 370 0166 44       		.byte	68
 371 0167 00       		.byte	0
 372 0168 43       		.byte	67
 373 0169 00       		.byte	0
 374 016a 20       		.byte	32
 375 016b 00       		.byte	0
 376 016c 44       		.byte	68
 377 016d 00       		.byte	0
 378 016e 61       		.byte	97
 379 016f 00       		.byte	0
 380 0170 74       		.byte	116
 381 0171 00       		.byte	0
 382 0172 61       		.byte	97
 383 0173 00       		.byte	0
 384 0174 20       		.byte	32
 385 0175 00       		.byte	0
 386 0176 49       		.byte	73
 387 0177 00       		.byte	0
 388 0178 6E       		.byte	110
 389 0179 00       		.byte	0
 390 017a 74       		.byte	116
 391 017b 00       		.byte	0
 392 017c 65       		.byte	101
 393 017d 00       		.byte	0
 394 017e 72       		.byte	114
 395 017f 00       		.byte	0
 396 0180 66       		.byte	102
 397 0181 00       		.byte	0
 398 0182 61       		.byte	97
 399 0183 00       		.byte	0
ARM GAS  C:\Users\Revanth\AppData\Local\Temp\ccRrUbgA.s 			page 8


 400 0184 63       		.byte	99
 401 0185 00       		.byte	0
 402 0186 65       		.byte	101
 403 0187 00       		.byte	0
 404 0188 3A       		.byte	58
 405 0189 03       		.byte	3
 406 018a 43       		.byte	67
 407 018b 00       		.byte	0
 408 018c 79       		.byte	121
 409 018d 00       		.byte	0
 410 018e 70       		.byte	112
 411 018f 00       		.byte	0
 412 0190 72       		.byte	114
 413 0191 00       		.byte	0
 414 0192 65       		.byte	101
 415 0193 00       		.byte	0
 416 0194 73       		.byte	115
 417 0195 00       		.byte	0
 418 0196 73       		.byte	115
 419 0197 00       		.byte	0
 420 0198 20       		.byte	32
 421 0199 00       		.byte	0
 422 019a 4D       		.byte	77
 423 019b 00       		.byte	0
 424 019c 6F       		.byte	111
 425 019d 00       		.byte	0
 426 019e 74       		.byte	116
 427 019f 00       		.byte	0
 428 01a0 6F       		.byte	111
 429 01a1 00       		.byte	0
 430 01a2 72       		.byte	114
 431 01a3 00       		.byte	0
 432 01a4 20       		.byte	32
 433 01a5 00       		.byte	0
 434 01a6 43       		.byte	67
 435 01a7 00       		.byte	0
 436 01a8 6F       		.byte	111
 437 01a9 00       		.byte	0
 438 01aa 6E       		.byte	110
 439 01ab 00       		.byte	0
 440 01ac 74       		.byte	116
 441 01ad 00       		.byte	0
 442 01ae 72       		.byte	114
 443 01af 00       		.byte	0
 444 01b0 6F       		.byte	111
 445 01b1 00       		.byte	0
 446 01b2 6C       		.byte	108
 447 01b3 00       		.byte	0
 448 01b4 20       		.byte	32
 449 01b5 00       		.byte	0
 450 01b6 42       		.byte	66
 451 01b7 00       		.byte	0
 452 01b8 6F       		.byte	111
 453 01b9 00       		.byte	0
 454 01ba 61       		.byte	97
 455 01bb 00       		.byte	0
 456 01bc 72       		.byte	114
ARM GAS  C:\Users\Revanth\AppData\Local\Temp\ccRrUbgA.s 			page 9


 457 01bd 00       		.byte	0
 458 01be 64       		.byte	100
 459 01bf 00       		.byte	0
 460 01c0 20       		.byte	32
 461 01c1 00       		.byte	0
 462 01c2 00       		.byte	0
 463 01c3 00       		.space	1
 464              		.type	USB_DEVICE0_CONFIGURATION0_DESCR, %object
 465              		.size	USB_DEVICE0_CONFIGURATION0_DESCR, 67
 466              	USB_DEVICE0_CONFIGURATION0_DESCR:
 467 01c4 09       		.byte	9
 468 01c5 02       		.byte	2
 469 01c6 43       		.byte	67
 470 01c7 00       		.byte	0
 471 01c8 02       		.byte	2
 472 01c9 01       		.byte	1
 473 01ca 05       		.byte	5
 474 01cb 80       		.byte	-128
 475 01cc 32       		.byte	50
 476 01cd 09       		.byte	9
 477 01ce 04       		.byte	4
 478 01cf 00       		.byte	0
 479 01d0 00       		.byte	0
 480 01d1 01       		.byte	1
 481 01d2 02       		.byte	2
 482 01d3 02       		.byte	2
 483 01d4 01       		.byte	1
 484 01d5 03       		.byte	3
 485 01d6 05       		.byte	5
 486 01d7 24       		.byte	36
 487 01d8 00       		.byte	0
 488 01d9 10       		.byte	16
 489 01da 01       		.byte	1
 490 01db 04       		.byte	4
 491 01dc 24       		.byte	36
 492 01dd 02       		.byte	2
 493 01de 02       		.byte	2
 494 01df 05       		.byte	5
 495 01e0 24       		.byte	36
 496 01e1 06       		.byte	6
 497 01e2 00       		.byte	0
 498 01e3 01       		.byte	1
 499 01e4 05       		.byte	5
 500 01e5 24       		.byte	36
 501 01e6 01       		.byte	1
 502 01e7 00       		.byte	0
 503 01e8 01       		.byte	1
 504 01e9 07       		.byte	7
 505 01ea 05       		.byte	5
 506 01eb 81       		.byte	-127
 507 01ec 03       		.byte	3
 508 01ed 08       		.byte	8
 509 01ee 00       		.byte	0
 510 01ef 0A       		.byte	10
 511 01f0 09       		.byte	9
 512 01f1 04       		.byte	4
 513 01f2 01       		.byte	1
ARM GAS  C:\Users\Revanth\AppData\Local\Temp\ccRrUbgA.s 			page 10


 514 01f3 00       		.byte	0
 515 01f4 02       		.byte	2
 516 01f5 0A       		.byte	10
 517 01f6 00       		.byte	0
 518 01f7 00       		.byte	0
 519 01f8 04       		.byte	4
 520 01f9 07       		.byte	7
 521 01fa 05       		.byte	5
 522 01fb 82       		.byte	-126
 523 01fc 02       		.byte	2
 524 01fd 40       		.byte	64
 525 01fe 00       		.byte	0
 526 01ff 00       		.byte	0
 527 0200 07       		.byte	7
 528 0201 05       		.byte	5
 529 0202 03       		.byte	3
 530 0203 02       		.byte	2
 531 0204 40       		.byte	64
 532 0205 00       		.byte	0
 533 0206 00       		.byte	0
 534 0207 00       		.space	1
 535              		.type	USB_DEVICE0_DESCR, %object
 536              		.size	USB_DEVICE0_DESCR, 18
 537              	USB_DEVICE0_DESCR:
 538 0208 12       		.byte	18
 539 0209 01       		.byte	1
 540 020a 00       		.byte	0
 541 020b 02       		.byte	2
 542 020c 02       		.byte	2
 543 020d 00       		.byte	0
 544 020e 00       		.byte	0
 545 020f 08       		.byte	8
 546 0210 B4       		.byte	-76
 547 0211 04       		.byte	4
 548 0212 32       		.byte	50
 549 0213 F2       		.byte	-14
 550 0214 01       		.byte	1
 551 0215 00       		.byte	0
 552 0216 01       		.byte	1
 553 0217 02       		.byte	2
 554 0218 80       		.byte	-128
 555 0219 01       		.byte	1
 556              		.text
 557              	.Letext0:
 558              		.file 1 "Generated_Source\\PSoC5\\cytypes.h"
 559              		.file 2 "Generated_Source\\PSoC5\\USB.h"
 560              		.file 3 "Generated_Source\\PSoC5\\USB_descr.c"
 561              		.section	.debug_info,"",%progbits
 562              	.Ldebug_info0:
 563 0000 08030000 		.4byte	0x308
 564 0004 0400     		.2byte	0x4
 565 0006 00000000 		.4byte	.Ldebug_abbrev0
 566 000a 04       		.byte	0x4
 567 000b 01       		.uleb128 0x1
 568 000c ED000000 		.4byte	.LASF38
 569 0010 0C       		.byte	0xc
 570 0011 86020000 		.4byte	.LASF39
ARM GAS  C:\Users\Revanth\AppData\Local\Temp\ccRrUbgA.s 			page 11


 571 0015 00000000 		.4byte	.LASF40
 572 0019 00000000 		.4byte	.Ldebug_line0
 573 001d 02       		.uleb128 0x2
 574 001e 01       		.byte	0x1
 575 001f 06       		.byte	0x6
 576 0020 60030000 		.4byte	.LASF0
 577 0024 02       		.uleb128 0x2
 578 0025 01       		.byte	0x1
 579 0026 08       		.byte	0x8
 580 0027 DF000000 		.4byte	.LASF1
 581 002b 02       		.uleb128 0x2
 582 002c 02       		.byte	0x2
 583 002d 05       		.byte	0x5
 584 002e 06030000 		.4byte	.LASF2
 585 0032 02       		.uleb128 0x2
 586 0033 02       		.byte	0x2
 587 0034 07       		.byte	0x7
 588 0035 67000000 		.4byte	.LASF3
 589 0039 02       		.uleb128 0x2
 590 003a 04       		.byte	0x4
 591 003b 05       		.byte	0x5
 592 003c 4B030000 		.4byte	.LASF4
 593 0040 02       		.uleb128 0x2
 594 0041 04       		.byte	0x4
 595 0042 07       		.byte	0x7
 596 0043 86010000 		.4byte	.LASF5
 597 0047 02       		.uleb128 0x2
 598 0048 08       		.byte	0x8
 599 0049 05       		.byte	0x5
 600 004a D0020000 		.4byte	.LASF6
 601 004e 02       		.uleb128 0x2
 602 004f 08       		.byte	0x8
 603 0050 07       		.byte	0x7
 604 0051 A9020000 		.4byte	.LASF7
 605 0055 03       		.uleb128 0x3
 606 0056 04       		.byte	0x4
 607 0057 05       		.byte	0x5
 608 0058 696E7400 		.ascii	"int\000"
 609 005c 02       		.uleb128 0x2
 610 005d 04       		.byte	0x4
 611 005e 07       		.byte	0x7
 612 005f 5C020000 		.4byte	.LASF8
 613 0063 04       		.uleb128 0x4
 614 0064 10030000 		.4byte	.LASF9
 615 0068 01       		.byte	0x1
 616 0069 E401     		.2byte	0x1e4
 617 006b 24000000 		.4byte	0x24
 618 006f 04       		.uleb128 0x4
 619 0070 41020000 		.4byte	.LASF10
 620 0074 01       		.byte	0x1
 621 0075 E501     		.2byte	0x1e5
 622 0077 32000000 		.4byte	0x32
 623 007b 02       		.uleb128 0x2
 624 007c 04       		.byte	0x4
 625 007d 04       		.byte	0x4
 626 007e AD000000 		.4byte	.LASF11
 627 0082 02       		.uleb128 0x2
ARM GAS  C:\Users\Revanth\AppData\Local\Temp\ccRrUbgA.s 			page 12


 628 0083 08       		.byte	0x8
 629 0084 04       		.byte	0x4
 630 0085 02020000 		.4byte	.LASF12
 631 0089 02       		.uleb128 0x2
 632 008a 01       		.byte	0x1
 633 008b 08       		.byte	0x8
 634 008c DE020000 		.4byte	.LASF13
 635 0090 02       		.uleb128 0x2
 636 0091 08       		.byte	0x8
 637 0092 04       		.byte	0x4
 638 0093 54030000 		.4byte	.LASF14
 639 0097 02       		.uleb128 0x2
 640 0098 04       		.byte	0x4
 641 0099 07       		.byte	0x7
 642 009a C7020000 		.4byte	.LASF15
 643 009e 05       		.uleb128 0x5
 644 009f 08       		.byte	0x8
 645 00a0 02       		.byte	0x2
 646 00a1 9E       		.byte	0x9e
 647 00a2 EF000000 		.4byte	0xef
 648 00a6 06       		.uleb128 0x6
 649 00a7 16030000 		.4byte	.LASF16
 650 00ab 02       		.byte	0x2
 651 00ac A0       		.byte	0xa0
 652 00ad 63000000 		.4byte	0x63
 653 00b1 00       		.byte	0
 654 00b2 06       		.uleb128 0x6
 655 00b3 B3000000 		.4byte	.LASF17
 656 00b7 02       		.byte	0x2
 657 00b8 A1       		.byte	0xa1
 658 00b9 63000000 		.4byte	0x63
 659 00bd 01       		.byte	0x1
 660 00be 06       		.uleb128 0x6
 661 00bf 98010000 		.4byte	.LASF18
 662 00c3 02       		.byte	0x2
 663 00c4 A2       		.byte	0xa2
 664 00c5 63000000 		.4byte	0x63
 665 00c9 02       		.byte	0x2
 666 00ca 06       		.uleb128 0x6
 667 00cb 7B010000 		.4byte	.LASF19
 668 00cf 02       		.byte	0x2
 669 00d0 A3       		.byte	0xa3
 670 00d1 63000000 		.4byte	0x63
 671 00d5 03       		.byte	0x3
 672 00d6 06       		.uleb128 0x6
 673 00d7 09020000 		.4byte	.LASF20
 674 00db 02       		.byte	0x2
 675 00dc A4       		.byte	0xa4
 676 00dd 6F000000 		.4byte	0x6f
 677 00e1 04       		.byte	0x4
 678 00e2 06       		.uleb128 0x6
 679 00e3 6C030000 		.4byte	.LASF21
 680 00e7 02       		.byte	0x2
 681 00e8 A5       		.byte	0xa5
 682 00e9 63000000 		.4byte	0x63
 683 00ed 06       		.byte	0x6
 684 00ee 00       		.byte	0
ARM GAS  C:\Users\Revanth\AppData\Local\Temp\ccRrUbgA.s 			page 13


 685 00ef 07       		.uleb128 0x7
 686 00f0 9D010000 		.4byte	.LASF22
 687 00f4 02       		.byte	0x2
 688 00f5 A6       		.byte	0xa6
 689 00f6 9E000000 		.4byte	0x9e
 690 00fa 05       		.uleb128 0x5
 691 00fb 08       		.byte	0x8
 692 00fc 02       		.byte	0x2
 693 00fd B5       		.byte	0xb5
 694 00fe 19010000 		.4byte	0x119
 695 0102 08       		.uleb128 0x8
 696 0103 6300     		.ascii	"c\000"
 697 0105 02       		.byte	0x2
 698 0106 B7       		.byte	0xb7
 699 0107 63000000 		.4byte	0x63
 700 010b 00       		.byte	0
 701 010c 06       		.uleb128 0x6
 702 010d C0020000 		.4byte	.LASF23
 703 0111 02       		.byte	0x2
 704 0112 B8       		.byte	0xb8
 705 0113 19010000 		.4byte	0x119
 706 0117 04       		.byte	0x4
 707 0118 00       		.byte	0
 708 0119 09       		.uleb128 0x9
 709 011a 04       		.byte	0x4
 710 011b 1F010000 		.4byte	0x11f
 711 011f 0A       		.uleb128 0xa
 712 0120 07       		.uleb128 0x7
 713 0121 D5000000 		.4byte	.LASF24
 714 0125 02       		.byte	0x2
 715 0126 B9       		.byte	0xb9
 716 0127 FA000000 		.4byte	0xfa
 717 012b 0B       		.uleb128 0xb
 718 012c 3B010000 		.4byte	0x13b
 719 0130 3B010000 		.4byte	0x13b
 720 0134 0C       		.uleb128 0xc
 721 0135 97000000 		.4byte	0x97
 722 0139 11       		.byte	0x11
 723 013a 00       		.byte	0
 724 013b 0D       		.uleb128 0xd
 725 013c 63000000 		.4byte	0x63
 726 0140 0E       		.uleb128 0xe
 727 0141 CF010000 		.4byte	.LASF25
 728 0145 03       		.byte	0x3
 729 0146 24       		.byte	0x24
 730 0147 51010000 		.4byte	0x151
 731 014b 05       		.uleb128 0x5
 732 014c 03       		.byte	0x3
 733 014d 00000000 		.4byte	USB_DEVICE0_DESCR
 734 0151 0D       		.uleb128 0xd
 735 0152 2B010000 		.4byte	0x12b
 736 0156 0B       		.uleb128 0xb
 737 0157 3B010000 		.4byte	0x13b
 738 015b 66010000 		.4byte	0x166
 739 015f 0C       		.uleb128 0xc
 740 0160 97000000 		.4byte	0x97
 741 0164 42       		.byte	0x42
ARM GAS  C:\Users\Revanth\AppData\Local\Temp\ccRrUbgA.s 			page 14


 742 0165 00       		.byte	0
 743 0166 0E       		.uleb128 0xe
 744 0167 E1010000 		.4byte	.LASF26
 745 016b 03       		.byte	0x3
 746 016c 37       		.byte	0x37
 747 016d 77010000 		.4byte	0x177
 748 0171 05       		.uleb128 0x5
 749 0172 03       		.byte	0x3
 750 0173 00000000 		.4byte	USB_DEVICE0_CONFIGURATION0_DESCR
 751 0177 0D       		.uleb128 0xd
 752 0178 56010000 		.4byte	0x156
 753 017c 0B       		.uleb128 0xb
 754 017d 8C010000 		.4byte	0x18c
 755 0181 8C010000 		.4byte	0x18c
 756 0185 0C       		.uleb128 0xc
 757 0186 97000000 		.4byte	0x97
 758 018a 02       		.byte	0x2
 759 018b 00       		.byte	0
 760 018c 0D       		.uleb128 0xd
 761 018d EF000000 		.4byte	0xef
 762 0191 0F       		.uleb128 0xf
 763 0192 14020000 		.4byte	.LASF27
 764 0196 03       		.byte	0x3
 765 0197 0701     		.2byte	0x107
 766 0199 A3010000 		.4byte	0x1a3
 767 019d 05       		.uleb128 0x5
 768 019e 03       		.byte	0x3
 769 019f 00000000 		.4byte	USB_DEVICE0_CONFIGURATION0_EP_SETTINGS_TABLE
 770 01a3 0D       		.uleb128 0xd
 771 01a4 7C010000 		.4byte	0x17c
 772 01a8 0B       		.uleb128 0xb
 773 01a9 3B010000 		.4byte	0x13b
 774 01ad B8010000 		.4byte	0x1b8
 775 01b1 0C       		.uleb128 0xc
 776 01b2 97000000 		.4byte	0x97
 777 01b6 01       		.byte	0x1
 778 01b7 00       		.byte	0
 779 01b8 0F       		.uleb128 0xf
 780 01b9 20030000 		.4byte	.LASF28
 781 01bd 03       		.byte	0x3
 782 01be 0D01     		.2byte	0x10d
 783 01c0 CA010000 		.4byte	0x1ca
 784 01c4 05       		.uleb128 0x5
 785 01c5 03       		.byte	0x3
 786 01c6 00000000 		.4byte	USB_DEVICE0_CONFIGURATION0_INTERFACE_CLASS
 787 01ca 0D       		.uleb128 0xd
 788 01cb A8010000 		.4byte	0x1a8
 789 01cf 0B       		.uleb128 0xb
 790 01d0 DF010000 		.4byte	0x1df
 791 01d4 DF010000 		.4byte	0x1df
 792 01d8 0C       		.uleb128 0xc
 793 01d9 97000000 		.4byte	0x97
 794 01dd 04       		.byte	0x4
 795 01de 00       		.byte	0
 796 01df 0D       		.uleb128 0xd
 797 01e0 20010000 		.4byte	0x120
 798 01e4 0F       		.uleb128 0xf
ARM GAS  C:\Users\Revanth\AppData\Local\Temp\ccRrUbgA.s 			page 15


 799 01e5 8C000000 		.4byte	.LASF29
 800 01e9 03       		.byte	0x3
 801 01ea 1501     		.2byte	0x115
 802 01ec F6010000 		.4byte	0x1f6
 803 01f0 05       		.uleb128 0x5
 804 01f1 03       		.byte	0x3
 805 01f2 00000000 		.4byte	USB_DEVICE0_CONFIGURATION0_TABLE
 806 01f6 0D       		.uleb128 0xd
 807 01f7 CF010000 		.4byte	0x1cf
 808 01fb 0B       		.uleb128 0xb
 809 01fc DF010000 		.4byte	0x1df
 810 0200 0B020000 		.4byte	0x20b
 811 0204 0C       		.uleb128 0xc
 812 0205 97000000 		.4byte	0x97
 813 0209 02       		.byte	0x2
 814 020a 00       		.byte	0
 815 020b 0F       		.uleb128 0xf
 816 020c 7A000000 		.4byte	.LASF30
 817 0210 03       		.byte	0x3
 818 0211 2001     		.2byte	0x120
 819 0213 1D020000 		.4byte	0x21d
 820 0217 05       		.uleb128 0x5
 821 0218 03       		.byte	0x3
 822 0219 00000000 		.4byte	USB_DEVICE0_TABLE
 823 021d 0D       		.uleb128 0xd
 824 021e FB010000 		.4byte	0x1fb
 825 0222 0B       		.uleb128 0xb
 826 0223 DF010000 		.4byte	0x1df
 827 0227 32020000 		.4byte	0x232
 828 022b 0C       		.uleb128 0xc
 829 022c 97000000 		.4byte	0x97
 830 0230 00       		.byte	0
 831 0231 00       		.byte	0
 832 0232 0F       		.uleb128 0xf
 833 0233 FC020000 		.4byte	.LASF31
 834 0237 03       		.byte	0x3
 835 0238 2801     		.2byte	0x128
 836 023a 44020000 		.4byte	0x244
 837 023e 05       		.uleb128 0x5
 838 023f 03       		.byte	0x3
 839 0240 00000000 		.4byte	USB_TABLE
 840 0244 0D       		.uleb128 0xd
 841 0245 22020000 		.4byte	0x222
 842 0249 0E       		.uleb128 0xe
 843 024a E3020000 		.4byte	.LASF32
 844 024e 03       		.byte	0x3
 845 024f D5       		.byte	0xd5
 846 0250 5A020000 		.4byte	0x25a
 847 0254 05       		.uleb128 0x5
 848 0255 03       		.byte	0x3
 849 0256 00000000 		.4byte	USB_SN_STRING_DESCRIPTOR
 850 025a 0D       		.uleb128 0xd
 851 025b A8010000 		.4byte	0x1a8
 852 025f 0B       		.uleb128 0xb
 853 0260 3B010000 		.4byte	0x13b
 854 0264 6F020000 		.4byte	0x26f
 855 0268 0C       		.uleb128 0xc
ARM GAS  C:\Users\Revanth\AppData\Local\Temp\ccRrUbgA.s 			page 16


 856 0269 97000000 		.4byte	0x97
 857 026d E6       		.byte	0xe6
 858 026e 00       		.byte	0
 859 026f 0E       		.uleb128 0xe
 860 0270 BE000000 		.4byte	.LASF33
 861 0274 03       		.byte	0x3
 862 0275 96       		.byte	0x96
 863 0276 80020000 		.4byte	0x280
 864 027a 05       		.uleb128 0x5
 865 027b 03       		.byte	0x3
 866 027c 00000000 		.4byte	USB_STRING_DESCRIPTORS
 867 0280 0D       		.uleb128 0xd
 868 0281 5F020000 		.4byte	0x25f
 869 0285 0B       		.uleb128 0xb
 870 0286 3B010000 		.4byte	0x13b
 871 028a 95020000 		.4byte	0x295
 872 028e 0C       		.uleb128 0xc
 873 028f 97000000 		.4byte	0x97
 874 0293 35       		.byte	0x35
 875 0294 00       		.byte	0
 876 0295 0E       		.uleb128 0xe
 877 0296 B5010000 		.4byte	.LASF34
 878 029a 03       		.byte	0x3
 879 029b DE       		.byte	0xde
 880 029c A6020000 		.4byte	0x2a6
 881 02a0 05       		.uleb128 0x5
 882 02a1 03       		.byte	0x3
 883 02a2 00000000 		.4byte	USB_HIDREPORT_DESCRIPTOR1
 884 02a6 0D       		.uleb128 0xd
 885 02a7 85020000 		.4byte	0x285
 886 02ab 0F       		.uleb128 0xf
 887 02ac 48020000 		.4byte	.LASF35
 888 02b0 03       		.byte	0x3
 889 02b1 3801     		.2byte	0x138
 890 02b3 BD020000 		.4byte	0x2bd
 891 02b7 05       		.uleb128 0x5
 892 02b8 03       		.byte	0x3
 893 02b9 00000000 		.4byte	USB_MSOS_DESCRIPTOR
 894 02bd 0D       		.uleb128 0xd
 895 02be 2B010000 		.4byte	0x12b
 896 02c2 0B       		.uleb128 0xb
 897 02c3 3B010000 		.4byte	0x13b
 898 02c7 D2020000 		.4byte	0x2d2
 899 02cb 0C       		.uleb128 0xc
 900 02cc 97000000 		.4byte	0x97
 901 02d0 27       		.byte	0x27
 902 02d1 00       		.byte	0
 903 02d2 0F       		.uleb128 0xf
 904 02d3 69020000 		.4byte	.LASF36
 905 02d7 03       		.byte	0x3
 906 02d8 4301     		.2byte	0x143
 907 02da E4020000 		.4byte	0x2e4
 908 02de 05       		.uleb128 0x5
 909 02df 03       		.byte	0x3
 910 02e0 00000000 		.4byte	USB_MSOS_CONFIGURATION_DESCR
 911 02e4 0D       		.uleb128 0xd
 912 02e5 C2020000 		.4byte	0x2c2
ARM GAS  C:\Users\Revanth\AppData\Local\Temp\ccRrUbgA.s 			page 17


 913 02e9 0B       		.uleb128 0xb
 914 02ea 63000000 		.4byte	0x63
 915 02ee F9020000 		.4byte	0x2f9
 916 02f2 0C       		.uleb128 0xc
 917 02f3 97000000 		.4byte	0x97
 918 02f7 21       		.byte	0x21
 919 02f8 00       		.byte	0
 920 02f9 0F       		.uleb128 0xf
 921 02fa 44000000 		.4byte	.LASF37
 922 02fe 03       		.byte	0x3
 923 02ff 5601     		.2byte	0x156
 924 0301 E9020000 		.4byte	0x2e9
 925 0305 05       		.uleb128 0x5
 926 0306 03       		.byte	0x3
 927 0307 00000000 		.4byte	USB_idSerialNumberStringDescriptor
 928 030b 00       		.byte	0
 929              		.section	.debug_abbrev,"",%progbits
 930              	.Ldebug_abbrev0:
 931 0000 01       		.uleb128 0x1
 932 0001 11       		.uleb128 0x11
 933 0002 01       		.byte	0x1
 934 0003 25       		.uleb128 0x25
 935 0004 0E       		.uleb128 0xe
 936 0005 13       		.uleb128 0x13
 937 0006 0B       		.uleb128 0xb
 938 0007 03       		.uleb128 0x3
 939 0008 0E       		.uleb128 0xe
 940 0009 1B       		.uleb128 0x1b
 941 000a 0E       		.uleb128 0xe
 942 000b 10       		.uleb128 0x10
 943 000c 17       		.uleb128 0x17
 944 000d 00       		.byte	0
 945 000e 00       		.byte	0
 946 000f 02       		.uleb128 0x2
 947 0010 24       		.uleb128 0x24
 948 0011 00       		.byte	0
 949 0012 0B       		.uleb128 0xb
 950 0013 0B       		.uleb128 0xb
 951 0014 3E       		.uleb128 0x3e
 952 0015 0B       		.uleb128 0xb
 953 0016 03       		.uleb128 0x3
 954 0017 0E       		.uleb128 0xe
 955 0018 00       		.byte	0
 956 0019 00       		.byte	0
 957 001a 03       		.uleb128 0x3
 958 001b 24       		.uleb128 0x24
 959 001c 00       		.byte	0
 960 001d 0B       		.uleb128 0xb
 961 001e 0B       		.uleb128 0xb
 962 001f 3E       		.uleb128 0x3e
 963 0020 0B       		.uleb128 0xb
 964 0021 03       		.uleb128 0x3
 965 0022 08       		.uleb128 0x8
 966 0023 00       		.byte	0
 967 0024 00       		.byte	0
 968 0025 04       		.uleb128 0x4
 969 0026 16       		.uleb128 0x16
ARM GAS  C:\Users\Revanth\AppData\Local\Temp\ccRrUbgA.s 			page 18


 970 0027 00       		.byte	0
 971 0028 03       		.uleb128 0x3
 972 0029 0E       		.uleb128 0xe
 973 002a 3A       		.uleb128 0x3a
 974 002b 0B       		.uleb128 0xb
 975 002c 3B       		.uleb128 0x3b
 976 002d 05       		.uleb128 0x5
 977 002e 49       		.uleb128 0x49
 978 002f 13       		.uleb128 0x13
 979 0030 00       		.byte	0
 980 0031 00       		.byte	0
 981 0032 05       		.uleb128 0x5
 982 0033 13       		.uleb128 0x13
 983 0034 01       		.byte	0x1
 984 0035 0B       		.uleb128 0xb
 985 0036 0B       		.uleb128 0xb
 986 0037 3A       		.uleb128 0x3a
 987 0038 0B       		.uleb128 0xb
 988 0039 3B       		.uleb128 0x3b
 989 003a 0B       		.uleb128 0xb
 990 003b 01       		.uleb128 0x1
 991 003c 13       		.uleb128 0x13
 992 003d 00       		.byte	0
 993 003e 00       		.byte	0
 994 003f 06       		.uleb128 0x6
 995 0040 0D       		.uleb128 0xd
 996 0041 00       		.byte	0
 997 0042 03       		.uleb128 0x3
 998 0043 0E       		.uleb128 0xe
 999 0044 3A       		.uleb128 0x3a
 1000 0045 0B       		.uleb128 0xb
 1001 0046 3B       		.uleb128 0x3b
 1002 0047 0B       		.uleb128 0xb
 1003 0048 49       		.uleb128 0x49
 1004 0049 13       		.uleb128 0x13
 1005 004a 38       		.uleb128 0x38
 1006 004b 0B       		.uleb128 0xb
 1007 004c 00       		.byte	0
 1008 004d 00       		.byte	0
 1009 004e 07       		.uleb128 0x7
 1010 004f 16       		.uleb128 0x16
 1011 0050 00       		.byte	0
 1012 0051 03       		.uleb128 0x3
 1013 0052 0E       		.uleb128 0xe
 1014 0053 3A       		.uleb128 0x3a
 1015 0054 0B       		.uleb128 0xb
 1016 0055 3B       		.uleb128 0x3b
 1017 0056 0B       		.uleb128 0xb
 1018 0057 49       		.uleb128 0x49
 1019 0058 13       		.uleb128 0x13
 1020 0059 00       		.byte	0
 1021 005a 00       		.byte	0
 1022 005b 08       		.uleb128 0x8
 1023 005c 0D       		.uleb128 0xd
 1024 005d 00       		.byte	0
 1025 005e 03       		.uleb128 0x3
 1026 005f 08       		.uleb128 0x8
ARM GAS  C:\Users\Revanth\AppData\Local\Temp\ccRrUbgA.s 			page 19


 1027 0060 3A       		.uleb128 0x3a
 1028 0061 0B       		.uleb128 0xb
 1029 0062 3B       		.uleb128 0x3b
 1030 0063 0B       		.uleb128 0xb
 1031 0064 49       		.uleb128 0x49
 1032 0065 13       		.uleb128 0x13
 1033 0066 38       		.uleb128 0x38
 1034 0067 0B       		.uleb128 0xb
 1035 0068 00       		.byte	0
 1036 0069 00       		.byte	0
 1037 006a 09       		.uleb128 0x9
 1038 006b 0F       		.uleb128 0xf
 1039 006c 00       		.byte	0
 1040 006d 0B       		.uleb128 0xb
 1041 006e 0B       		.uleb128 0xb
 1042 006f 49       		.uleb128 0x49
 1043 0070 13       		.uleb128 0x13
 1044 0071 00       		.byte	0
 1045 0072 00       		.byte	0
 1046 0073 0A       		.uleb128 0xa
 1047 0074 26       		.uleb128 0x26
 1048 0075 00       		.byte	0
 1049 0076 00       		.byte	0
 1050 0077 00       		.byte	0
 1051 0078 0B       		.uleb128 0xb
 1052 0079 01       		.uleb128 0x1
 1053 007a 01       		.byte	0x1
 1054 007b 49       		.uleb128 0x49
 1055 007c 13       		.uleb128 0x13
 1056 007d 01       		.uleb128 0x1
 1057 007e 13       		.uleb128 0x13
 1058 007f 00       		.byte	0
 1059 0080 00       		.byte	0
 1060 0081 0C       		.uleb128 0xc
 1061 0082 21       		.uleb128 0x21
 1062 0083 00       		.byte	0
 1063 0084 49       		.uleb128 0x49
 1064 0085 13       		.uleb128 0x13
 1065 0086 2F       		.uleb128 0x2f
 1066 0087 0B       		.uleb128 0xb
 1067 0088 00       		.byte	0
 1068 0089 00       		.byte	0
 1069 008a 0D       		.uleb128 0xd
 1070 008b 26       		.uleb128 0x26
 1071 008c 00       		.byte	0
 1072 008d 49       		.uleb128 0x49
 1073 008e 13       		.uleb128 0x13
 1074 008f 00       		.byte	0
 1075 0090 00       		.byte	0
 1076 0091 0E       		.uleb128 0xe
 1077 0092 34       		.uleb128 0x34
 1078 0093 00       		.byte	0
 1079 0094 03       		.uleb128 0x3
 1080 0095 0E       		.uleb128 0xe
 1081 0096 3A       		.uleb128 0x3a
 1082 0097 0B       		.uleb128 0xb
 1083 0098 3B       		.uleb128 0x3b
ARM GAS  C:\Users\Revanth\AppData\Local\Temp\ccRrUbgA.s 			page 20


 1084 0099 0B       		.uleb128 0xb
 1085 009a 49       		.uleb128 0x49
 1086 009b 13       		.uleb128 0x13
 1087 009c 3F       		.uleb128 0x3f
 1088 009d 19       		.uleb128 0x19
 1089 009e 02       		.uleb128 0x2
 1090 009f 18       		.uleb128 0x18
 1091 00a0 00       		.byte	0
 1092 00a1 00       		.byte	0
 1093 00a2 0F       		.uleb128 0xf
 1094 00a3 34       		.uleb128 0x34
 1095 00a4 00       		.byte	0
 1096 00a5 03       		.uleb128 0x3
 1097 00a6 0E       		.uleb128 0xe
 1098 00a7 3A       		.uleb128 0x3a
 1099 00a8 0B       		.uleb128 0xb
 1100 00a9 3B       		.uleb128 0x3b
 1101 00aa 05       		.uleb128 0x5
 1102 00ab 49       		.uleb128 0x49
 1103 00ac 13       		.uleb128 0x13
 1104 00ad 3F       		.uleb128 0x3f
 1105 00ae 19       		.uleb128 0x19
 1106 00af 02       		.uleb128 0x2
 1107 00b0 18       		.uleb128 0x18
 1108 00b1 00       		.byte	0
 1109 00b2 00       		.byte	0
 1110 00b3 00       		.byte	0
 1111              		.section	.debug_aranges,"",%progbits
 1112 0000 14000000 		.4byte	0x14
 1113 0004 0200     		.2byte	0x2
 1114 0006 00000000 		.4byte	.Ldebug_info0
 1115 000a 04       		.byte	0x4
 1116 000b 00       		.byte	0
 1117 000c 0000     		.2byte	0
 1118 000e 0000     		.2byte	0
 1119 0010 00000000 		.4byte	0
 1120 0014 00000000 		.4byte	0
 1121              		.section	.debug_line,"",%progbits
 1122              	.Ldebug_line0:
 1123 0000 55000000 		.section	.debug_str,"MS",%progbits,1
 1123      02004F00 
 1123      00000201 
 1123      FB0E0D00 
 1123      01010101 
 1124              	.LASF40:
 1125 0000 433A5C55 		.ascii	"C:\\Users\\Revanth\\Documents\\GitHub\\AS76_FFP\\AS"
 1125      73657273 
 1125      5C526576 
 1125      616E7468 
 1125      5C446F63 
 1126 002d 37365F46 		.ascii	"76_FFP\\AS76_FFP5.cydsn\000"
 1126      46505C41 
 1126      5337365F 
 1126      46465035 
 1126      2E637964 
 1127              	.LASF37:
 1128 0044 5553425F 		.ascii	"USB_idSerialNumberStringDescriptor\000"
ARM GAS  C:\Users\Revanth\AppData\Local\Temp\ccRrUbgA.s 			page 21


 1128      69645365 
 1128      7269616C 
 1128      4E756D62 
 1128      65725374 
 1129              	.LASF3:
 1130 0067 73686F72 		.ascii	"short unsigned int\000"
 1130      7420756E 
 1130      7369676E 
 1130      65642069 
 1130      6E7400
 1131              	.LASF30:
 1132 007a 5553425F 		.ascii	"USB_DEVICE0_TABLE\000"
 1132      44455649 
 1132      4345305F 
 1132      5441424C 
 1132      4500
 1133              	.LASF29:
 1134 008c 5553425F 		.ascii	"USB_DEVICE0_CONFIGURATION0_TABLE\000"
 1134      44455649 
 1134      4345305F 
 1134      434F4E46 
 1134      49475552 
 1135              	.LASF11:
 1136 00ad 666C6F61 		.ascii	"float\000"
 1136      7400
 1137              	.LASF17:
 1138 00b3 616C7453 		.ascii	"altSetting\000"
 1138      65747469 
 1138      6E6700
 1139              	.LASF33:
 1140 00be 5553425F 		.ascii	"USB_STRING_DESCRIPTORS\000"
 1140      53545249 
 1140      4E475F44 
 1140      45534352 
 1140      4950544F 
 1141              	.LASF24:
 1142 00d5 545F5553 		.ascii	"T_USB_LUT\000"
 1142      425F4C55 
 1142      5400
 1143              	.LASF1:
 1144 00df 756E7369 		.ascii	"unsigned char\000"
 1144      676E6564 
 1144      20636861 
 1144      7200
 1145              	.LASF38:
 1146 00ed 474E5520 		.ascii	"GNU C11 5.4.1 20160609 (release) [ARM/embedded-5-br"
 1146      43313120 
 1146      352E342E 
 1146      31203230 
 1146      31363036 
 1147 0120 616E6368 		.ascii	"anch revision 237715] -mcpu=cortex-m3 -mthumb -g -O"
 1147      20726576 
 1147      6973696F 
 1147      6E203233 
 1147      37373135 
 1148 0153 67202D66 		.ascii	"g -ffunction-sections -ffat-lto-objects\000"
 1148      66756E63 
ARM GAS  C:\Users\Revanth\AppData\Local\Temp\ccRrUbgA.s 			page 22


 1148      74696F6E 
 1148      2D736563 
 1148      74696F6E 
 1149              	.LASF19:
 1150 017b 61747472 		.ascii	"attributes\000"
 1150      69627574 
 1150      657300
 1151              	.LASF5:
 1152 0186 6C6F6E67 		.ascii	"long unsigned int\000"
 1152      20756E73 
 1152      69676E65 
 1152      6420696E 
 1152      7400
 1153              	.LASF18:
 1154 0198 61646472 		.ascii	"addr\000"
 1154      00
 1155              	.LASF22:
 1156 019d 545F5553 		.ascii	"T_USB_EP_SETTINGS_BLOCK\000"
 1156      425F4550 
 1156      5F534554 
 1156      54494E47 
 1156      535F424C 
 1157              	.LASF34:
 1158 01b5 5553425F 		.ascii	"USB_HIDREPORT_DESCRIPTOR1\000"
 1158      48494452 
 1158      45504F52 
 1158      545F4445 
 1158      53435249 
 1159              	.LASF25:
 1160 01cf 5553425F 		.ascii	"USB_DEVICE0_DESCR\000"
 1160      44455649 
 1160      4345305F 
 1160      44455343 
 1160      5200
 1161              	.LASF26:
 1162 01e1 5553425F 		.ascii	"USB_DEVICE0_CONFIGURATION0_DESCR\000"
 1162      44455649 
 1162      4345305F 
 1162      434F4E46 
 1162      49475552 
 1163              	.LASF12:
 1164 0202 646F7562 		.ascii	"double\000"
 1164      6C6500
 1165              	.LASF20:
 1166 0209 62756666 		.ascii	"bufferSize\000"
 1166      65725369 
 1166      7A6500
 1167              	.LASF27:
 1168 0214 5553425F 		.ascii	"USB_DEVICE0_CONFIGURATION0_EP_SETTINGS_TABLE\000"
 1168      44455649 
 1168      4345305F 
 1168      434F4E46 
 1168      49475552 
 1169              	.LASF10:
 1170 0241 75696E74 		.ascii	"uint16\000"
 1170      313600
 1171              	.LASF35:
ARM GAS  C:\Users\Revanth\AppData\Local\Temp\ccRrUbgA.s 			page 23


 1172 0248 5553425F 		.ascii	"USB_MSOS_DESCRIPTOR\000"
 1172      4D534F53 
 1172      5F444553 
 1172      43524950 
 1172      544F5200 
 1173              	.LASF8:
 1174 025c 756E7369 		.ascii	"unsigned int\000"
 1174      676E6564 
 1174      20696E74 
 1174      00
 1175              	.LASF36:
 1176 0269 5553425F 		.ascii	"USB_MSOS_CONFIGURATION_DESCR\000"
 1176      4D534F53 
 1176      5F434F4E 
 1176      46494755 
 1176      52415449 
 1177              	.LASF39:
 1178 0286 47656E65 		.ascii	"Generated_Source\\PSoC5\\USB_descr.c\000"
 1178      72617465 
 1178      645F536F 
 1178      75726365 
 1178      5C50536F 
 1179              	.LASF7:
 1180 02a9 6C6F6E67 		.ascii	"long long unsigned int\000"
 1180      206C6F6E 
 1180      6720756E 
 1180      7369676E 
 1180      65642069 
 1181              	.LASF23:
 1182 02c0 705F6C69 		.ascii	"p_list\000"
 1182      737400
 1183              	.LASF15:
 1184 02c7 73697A65 		.ascii	"sizetype\000"
 1184      74797065 
 1184      00
 1185              	.LASF6:
 1186 02d0 6C6F6E67 		.ascii	"long long int\000"
 1186      206C6F6E 
 1186      6720696E 
 1186      7400
 1187              	.LASF13:
 1188 02de 63686172 		.ascii	"char\000"
 1188      00
 1189              	.LASF32:
 1190 02e3 5553425F 		.ascii	"USB_SN_STRING_DESCRIPTOR\000"
 1190      534E5F53 
 1190      5452494E 
 1190      475F4445 
 1190      53435249 
 1191              	.LASF31:
 1192 02fc 5553425F 		.ascii	"USB_TABLE\000"
 1192      5441424C 
 1192      4500
 1193              	.LASF2:
 1194 0306 73686F72 		.ascii	"short int\000"
 1194      7420696E 
 1194      7400
ARM GAS  C:\Users\Revanth\AppData\Local\Temp\ccRrUbgA.s 			page 24


 1195              	.LASF9:
 1196 0310 75696E74 		.ascii	"uint8\000"
 1196      3800
 1197              	.LASF16:
 1198 0316 696E7465 		.ascii	"interface\000"
 1198      72666163 
 1198      6500
 1199              	.LASF28:
 1200 0320 5553425F 		.ascii	"USB_DEVICE0_CONFIGURATION0_INTERFACE_CLASS\000"
 1200      44455649 
 1200      4345305F 
 1200      434F4E46 
 1200      49475552 
 1201              	.LASF4:
 1202 034b 6C6F6E67 		.ascii	"long int\000"
 1202      20696E74 
 1202      00
 1203              	.LASF14:
 1204 0354 6C6F6E67 		.ascii	"long double\000"
 1204      20646F75 
 1204      626C6500 
 1205              	.LASF0:
 1206 0360 7369676E 		.ascii	"signed char\000"
 1206      65642063 
 1206      68617200 
 1207              	.LASF21:
 1208 036c 624D6973 		.ascii	"bMisc\000"
 1208      6300
 1209              		.ident	"GCC: (GNU Tools for ARM Embedded Processors) 5.4.1 20160609 (release) [ARM/embedded-5-bran
