ARM GAS  C:\Users\Admin\AppData\Local\Temp\ccrNj1XX.s 			page 1


   1              		.syntax unified
   2              		.cpu cortex-m3
   3              		.fpu softvfp
   4              		.eabi_attribute 20, 1
   5              		.eabi_attribute 21, 1
   6              		.eabi_attribute 23, 3
   7              		.eabi_attribute 24, 1
   8              		.eabi_attribute 25, 1
   9              		.eabi_attribute 26, 1
  10              		.eabi_attribute 30, 6
  11              		.eabi_attribute 34, 1
  12              		.eabi_attribute 18, 4
  13              		.thumb
  14              		.syntax unified
  15              		.file	"SPIM_INT.c"
  16              		.text
  17              	.Ltext0:
  18              		.cfi_sections	.debug_frame
  19              		.section	.text.SPIM_TX_ISR,"ax",%progbits
  20              		.align	2
  21              		.global	SPIM_TX_ISR
  22              		.thumb
  23              		.thumb_func
  24              		.type	SPIM_TX_ISR, %function
  25              	SPIM_TX_ISR:
  26              	.LFB0:
  27              		.file 1 "Generated_Source\\PSoC5\\SPIM_INT.c"
   1:Generated_Source\PSoC5/SPIM_INT.c **** /*******************************************************************************
   2:Generated_Source\PSoC5/SPIM_INT.c **** * File Name: SPIM_INT.c
   3:Generated_Source\PSoC5/SPIM_INT.c **** * Version 2.50
   4:Generated_Source\PSoC5/SPIM_INT.c **** *
   5:Generated_Source\PSoC5/SPIM_INT.c **** * Description:
   6:Generated_Source\PSoC5/SPIM_INT.c **** *  This file provides all Interrupt Service Routine (ISR) for the SPI Master
   7:Generated_Source\PSoC5/SPIM_INT.c **** *  component.
   8:Generated_Source\PSoC5/SPIM_INT.c **** *
   9:Generated_Source\PSoC5/SPIM_INT.c **** * Note:
  10:Generated_Source\PSoC5/SPIM_INT.c **** *  None.
  11:Generated_Source\PSoC5/SPIM_INT.c **** *
  12:Generated_Source\PSoC5/SPIM_INT.c **** ********************************************************************************
  13:Generated_Source\PSoC5/SPIM_INT.c **** * Copyright 2008-2015, Cypress Semiconductor Corporation.  All rights reserved.
  14:Generated_Source\PSoC5/SPIM_INT.c **** * You may use this file only in accordance with the license, terms, conditions,
  15:Generated_Source\PSoC5/SPIM_INT.c **** * disclaimers, and limitations in the end user license agreement accompanying
  16:Generated_Source\PSoC5/SPIM_INT.c **** * the software package with which this file was provided.
  17:Generated_Source\PSoC5/SPIM_INT.c **** *******************************************************************************/
  18:Generated_Source\PSoC5/SPIM_INT.c **** 
  19:Generated_Source\PSoC5/SPIM_INT.c **** #include "SPIM_PVT.h"
  20:Generated_Source\PSoC5/SPIM_INT.c **** #include "cyapicallbacks.h"
  21:Generated_Source\PSoC5/SPIM_INT.c **** 
  22:Generated_Source\PSoC5/SPIM_INT.c **** /* User code required at start of ISR */
  23:Generated_Source\PSoC5/SPIM_INT.c **** /* `#START SPIM_ISR_START_DEF` */
  24:Generated_Source\PSoC5/SPIM_INT.c **** 
  25:Generated_Source\PSoC5/SPIM_INT.c **** /* `#END` */
  26:Generated_Source\PSoC5/SPIM_INT.c **** 
  27:Generated_Source\PSoC5/SPIM_INT.c **** 
  28:Generated_Source\PSoC5/SPIM_INT.c **** /*******************************************************************************
  29:Generated_Source\PSoC5/SPIM_INT.c **** * Function Name: SPIM_TX_ISR
  30:Generated_Source\PSoC5/SPIM_INT.c **** ********************************************************************************
ARM GAS  C:\Users\Admin\AppData\Local\Temp\ccrNj1XX.s 			page 2


  31:Generated_Source\PSoC5/SPIM_INT.c **** *
  32:Generated_Source\PSoC5/SPIM_INT.c **** * Summary:
  33:Generated_Source\PSoC5/SPIM_INT.c **** *  Interrupt Service Routine for TX portion of the SPI Master.
  34:Generated_Source\PSoC5/SPIM_INT.c **** *
  35:Generated_Source\PSoC5/SPIM_INT.c **** * Parameters:
  36:Generated_Source\PSoC5/SPIM_INT.c **** *  None.
  37:Generated_Source\PSoC5/SPIM_INT.c **** *
  38:Generated_Source\PSoC5/SPIM_INT.c **** * Return:
  39:Generated_Source\PSoC5/SPIM_INT.c **** *  None.
  40:Generated_Source\PSoC5/SPIM_INT.c **** *
  41:Generated_Source\PSoC5/SPIM_INT.c **** * Global variables:
  42:Generated_Source\PSoC5/SPIM_INT.c **** *  SPIM_txBufferWrite - used for the account of the bytes which
  43:Generated_Source\PSoC5/SPIM_INT.c **** *  have been written down in the TX software buffer.
  44:Generated_Source\PSoC5/SPIM_INT.c **** *  SPIM_txBufferRead - used for the account of the bytes which
  45:Generated_Source\PSoC5/SPIM_INT.c **** *  have been read from the TX software buffer, modified when exist data to
  46:Generated_Source\PSoC5/SPIM_INT.c **** *  sending and FIFO Not Full.
  47:Generated_Source\PSoC5/SPIM_INT.c **** *  SPIM_txBuffer[SPIM_TX_BUFFER_SIZE] - used to store
  48:Generated_Source\PSoC5/SPIM_INT.c **** *  data to sending.
  49:Generated_Source\PSoC5/SPIM_INT.c **** *  All described above Global variables are used when Software Buffer is used.
  50:Generated_Source\PSoC5/SPIM_INT.c **** *
  51:Generated_Source\PSoC5/SPIM_INT.c **** *******************************************************************************/
  52:Generated_Source\PSoC5/SPIM_INT.c **** CY_ISR(SPIM_TX_ISR)
  53:Generated_Source\PSoC5/SPIM_INT.c **** {
  28              		.loc 1 53 0
  29              		.cfi_startproc
  30              		@ args = 0, pretend = 0, frame = 8
  31              		@ frame_needed = 1, uses_anonymous_args = 0
  32              		@ link register save eliminated.
  33 0000 80B4     		push	{r7}
  34              		.cfi_def_cfa_offset 4
  35              		.cfi_offset 7, -4
  36 0002 83B0     		sub	sp, sp, #12
  37              		.cfi_def_cfa_offset 16
  38 0004 00AF     		add	r7, sp, #0
  39              		.cfi_def_cfa_register 7
  54:Generated_Source\PSoC5/SPIM_INT.c ****     #if(SPIM_TX_SOFTWARE_BUF_ENABLED)
  55:Generated_Source\PSoC5/SPIM_INT.c ****         uint8 tmpStatus;
  56:Generated_Source\PSoC5/SPIM_INT.c ****     #endif /* (SPIM_TX_SOFTWARE_BUF_ENABLED) */
  57:Generated_Source\PSoC5/SPIM_INT.c **** 
  58:Generated_Source\PSoC5/SPIM_INT.c ****     #ifdef SPIM_TX_ISR_ENTRY_CALLBACK
  59:Generated_Source\PSoC5/SPIM_INT.c ****         SPIM_TX_ISR_EntryCallback();
  60:Generated_Source\PSoC5/SPIM_INT.c ****     #endif /* SPIM_TX_ISR_ENTRY_CALLBACK */
  61:Generated_Source\PSoC5/SPIM_INT.c **** 
  62:Generated_Source\PSoC5/SPIM_INT.c ****     /* User code required at start of ISR */
  63:Generated_Source\PSoC5/SPIM_INT.c ****     /* `#START SPIM_TX_ISR_START` */
  64:Generated_Source\PSoC5/SPIM_INT.c **** 
  65:Generated_Source\PSoC5/SPIM_INT.c ****     /* `#END` */
  66:Generated_Source\PSoC5/SPIM_INT.c ****     
  67:Generated_Source\PSoC5/SPIM_INT.c ****     #if(SPIM_TX_SOFTWARE_BUF_ENABLED)
  68:Generated_Source\PSoC5/SPIM_INT.c ****         /* Check if TX data buffer is not empty and there is space in TX FIFO */
  69:Generated_Source\PSoC5/SPIM_INT.c ****         while(SPIM_txBufferRead != SPIM_txBufferWrite)
  40              		.loc 1 69 0
  41 0006 35E0     		b	.L2
  42              	.L8:
  70:Generated_Source\PSoC5/SPIM_INT.c ****         {
  71:Generated_Source\PSoC5/SPIM_INT.c ****             tmpStatus = SPIM_GET_STATUS_TX(SPIM_swStatusTx);
  43              		.loc 1 71 0
ARM GAS  C:\Users\Admin\AppData\Local\Temp\ccrNj1XX.s 			page 3


  44 0008 2A4B     		ldr	r3, .L12
  45 000a 1B78     		ldrb	r3, [r3]
  46 000c DAB2     		uxtb	r2, r3
  47 000e 2A4B     		ldr	r3, .L12+4
  48 0010 1B78     		ldrb	r3, [r3]
  49 0012 DBB2     		uxtb	r3, r3
  50 0014 03F00903 		and	r3, r3, #9
  51 0018 DBB2     		uxtb	r3, r3
  52 001a 1343     		orrs	r3, r3, r2
  53 001c FB71     		strb	r3, [r7, #7]
  72:Generated_Source\PSoC5/SPIM_INT.c ****             SPIM_swStatusTx = tmpStatus;
  54              		.loc 1 72 0
  55 001e 264A     		ldr	r2, .L12+4
  56 0020 FB79     		ldrb	r3, [r7, #7]
  57 0022 1370     		strb	r3, [r2]
  73:Generated_Source\PSoC5/SPIM_INT.c **** 
  74:Generated_Source\PSoC5/SPIM_INT.c ****             if(0u != (SPIM_swStatusTx & SPIM_STS_TX_FIFO_NOT_FULL))
  58              		.loc 1 74 0
  59 0024 244B     		ldr	r3, .L12+4
  60 0026 1B78     		ldrb	r3, [r3]
  61 0028 DBB2     		uxtb	r3, r3
  62 002a 03F00403 		and	r3, r3, #4
  63 002e 002B     		cmp	r3, #0
  64 0030 29D0     		beq	.L10
  75:Generated_Source\PSoC5/SPIM_INT.c ****             {
  76:Generated_Source\PSoC5/SPIM_INT.c ****                 if(0u == SPIM_txBufferFull)
  65              		.loc 1 76 0
  66 0032 224B     		ldr	r3, .L12+8
  67 0034 1B78     		ldrb	r3, [r3]
  68 0036 DBB2     		uxtb	r3, r3
  69 0038 002B     		cmp	r3, #0
  70 003a 0FD1     		bne	.L4
  77:Generated_Source\PSoC5/SPIM_INT.c ****                 {
  78:Generated_Source\PSoC5/SPIM_INT.c ****                    SPIM_txBufferRead++;
  71              		.loc 1 78 0
  72 003c 204B     		ldr	r3, .L12+12
  73 003e 1B78     		ldrb	r3, [r3]
  74 0040 DBB2     		uxtb	r3, r3
  75 0042 0133     		adds	r3, r3, #1
  76 0044 DAB2     		uxtb	r2, r3
  77 0046 1E4B     		ldr	r3, .L12+12
  78 0048 1A70     		strb	r2, [r3]
  79:Generated_Source\PSoC5/SPIM_INT.c **** 
  80:Generated_Source\PSoC5/SPIM_INT.c ****                     if(SPIM_txBufferRead >= SPIM_TX_BUFFER_SIZE)
  79              		.loc 1 80 0
  80 004a 1D4B     		ldr	r3, .L12+12
  81 004c 1B78     		ldrb	r3, [r3]
  82 004e DBB2     		uxtb	r3, r3
  83 0050 092B     		cmp	r3, #9
  84 0052 06D9     		bls	.L6
  81:Generated_Source\PSoC5/SPIM_INT.c ****                     {
  82:Generated_Source\PSoC5/SPIM_INT.c ****                         SPIM_txBufferRead = 0u;
  85              		.loc 1 82 0
  86 0054 1A4B     		ldr	r3, .L12+12
  87 0056 0022     		movs	r2, #0
  88 0058 1A70     		strb	r2, [r3]
  89 005a 02E0     		b	.L6
ARM GAS  C:\Users\Admin\AppData\Local\Temp\ccrNj1XX.s 			page 4


  90              	.L4:
  83:Generated_Source\PSoC5/SPIM_INT.c ****                     }
  84:Generated_Source\PSoC5/SPIM_INT.c ****                 }
  85:Generated_Source\PSoC5/SPIM_INT.c ****                 else
  86:Generated_Source\PSoC5/SPIM_INT.c ****                 {
  87:Generated_Source\PSoC5/SPIM_INT.c ****                     SPIM_txBufferFull = 0u;
  91              		.loc 1 87 0
  92 005c 174B     		ldr	r3, .L12+8
  93 005e 0022     		movs	r2, #0
  94 0060 1A70     		strb	r2, [r3]
  95              	.L6:
  88:Generated_Source\PSoC5/SPIM_INT.c ****                 }
  89:Generated_Source\PSoC5/SPIM_INT.c **** 
  90:Generated_Source\PSoC5/SPIM_INT.c ****                 /* Put data element into the TX FIFO */
  91:Generated_Source\PSoC5/SPIM_INT.c ****                 CY_SET_REG8(SPIM_TXDATA_PTR, 
  96              		.loc 1 91 0
  97 0062 184B     		ldr	r3, .L12+16
  98 0064 164A     		ldr	r2, .L12+12
  99 0066 1278     		ldrb	r2, [r2]
 100 0068 D2B2     		uxtb	r2, r2
 101 006a 1146     		mov	r1, r2
 102 006c 164A     		ldr	r2, .L12+20
 103 006e 525C     		ldrb	r2, [r2, r1]
 104 0070 D2B2     		uxtb	r2, r2
 105 0072 1A70     		strb	r2, [r3]
 106              	.L2:
  69:Generated_Source\PSoC5/SPIM_INT.c ****         {
 107              		.loc 1 69 0
 108 0074 124B     		ldr	r3, .L12+12
 109 0076 1B78     		ldrb	r3, [r3]
 110 0078 DAB2     		uxtb	r2, r3
 111 007a 144B     		ldr	r3, .L12+24
 112 007c 1B78     		ldrb	r3, [r3]
 113 007e DBB2     		uxtb	r3, r3
 114 0080 9A42     		cmp	r2, r3
 115 0082 C1D1     		bne	.L8
 116 0084 00E0     		b	.L7
 117              	.L10:
  92:Generated_Source\PSoC5/SPIM_INT.c ****                                              SPIM_txBuffer[SPIM_txBufferRead]);
  93:Generated_Source\PSoC5/SPIM_INT.c ****             }
  94:Generated_Source\PSoC5/SPIM_INT.c ****             else
  95:Generated_Source\PSoC5/SPIM_INT.c ****             {
  96:Generated_Source\PSoC5/SPIM_INT.c ****                 break;
 118              		.loc 1 96 0
 119 0086 00BF     		nop
 120              	.L7:
  97:Generated_Source\PSoC5/SPIM_INT.c ****             }
  98:Generated_Source\PSoC5/SPIM_INT.c ****         }
  99:Generated_Source\PSoC5/SPIM_INT.c **** 
 100:Generated_Source\PSoC5/SPIM_INT.c ****         if(SPIM_txBufferRead == SPIM_txBufferWrite)
 121              		.loc 1 100 0
 122 0088 0D4B     		ldr	r3, .L12+12
 123 008a 1B78     		ldrb	r3, [r3]
 124 008c DAB2     		uxtb	r2, r3
 125 008e 0F4B     		ldr	r3, .L12+24
 126 0090 1B78     		ldrb	r3, [r3]
 127 0092 DBB2     		uxtb	r3, r3
ARM GAS  C:\Users\Admin\AppData\Local\Temp\ccrNj1XX.s 			page 5


 128 0094 9A42     		cmp	r2, r3
 129 0096 07D1     		bne	.L11
 101:Generated_Source\PSoC5/SPIM_INT.c ****         {
 102:Generated_Source\PSoC5/SPIM_INT.c ****             /* TX Buffer is EMPTY: disable interrupt on TX NOT FULL */
 103:Generated_Source\PSoC5/SPIM_INT.c ****             SPIM_TX_STATUS_MASK_REG &= ((uint8) ~SPIM_STS_TX_FIFO_NOT_FULL);
 130              		.loc 1 103 0
 131 0098 0D4A     		ldr	r2, .L12+28
 132 009a 0D4B     		ldr	r3, .L12+28
 133 009c 1B78     		ldrb	r3, [r3]
 134 009e DBB2     		uxtb	r3, r3
 135 00a0 23F00403 		bic	r3, r3, #4
 136 00a4 DBB2     		uxtb	r3, r3
 137 00a6 1370     		strb	r3, [r2]
 138              	.L11:
 104:Generated_Source\PSoC5/SPIM_INT.c ****         }
 105:Generated_Source\PSoC5/SPIM_INT.c **** 
 106:Generated_Source\PSoC5/SPIM_INT.c ****     #endif /* (SPIM_TX_SOFTWARE_BUF_ENABLED) */
 107:Generated_Source\PSoC5/SPIM_INT.c **** 
 108:Generated_Source\PSoC5/SPIM_INT.c ****     /* User code required at end of ISR (Optional) */
 109:Generated_Source\PSoC5/SPIM_INT.c ****     /* `#START SPIM_TX_ISR_END` */
 110:Generated_Source\PSoC5/SPIM_INT.c **** 
 111:Generated_Source\PSoC5/SPIM_INT.c ****     /* `#END` */
 112:Generated_Source\PSoC5/SPIM_INT.c ****     
 113:Generated_Source\PSoC5/SPIM_INT.c ****     #ifdef SPIM_TX_ISR_EXIT_CALLBACK
 114:Generated_Source\PSoC5/SPIM_INT.c ****         SPIM_TX_ISR_ExitCallback();
 115:Generated_Source\PSoC5/SPIM_INT.c ****     #endif /* SPIM_TX_ISR_EXIT_CALLBACK */
 116:Generated_Source\PSoC5/SPIM_INT.c **** }
 139              		.loc 1 116 0
 140 00a8 00BF     		nop
 141 00aa 0C37     		adds	r7, r7, #12
 142              		.cfi_def_cfa_offset 4
 143 00ac BD46     		mov	sp, r7
 144              		.cfi_def_cfa_register 13
 145              		@ sp needed
 146 00ae 80BC     		pop	{r7}
 147              		.cfi_restore 7
 148              		.cfi_def_cfa_offset 0
 149 00b0 7047     		bx	lr
 150              	.L13:
 151 00b2 00BF     		.align	2
 152              	.L12:
 153 00b4 64650040 		.word	1073767780
 154 00b8 00000000 		.word	SPIM_swStatusTx
 155 00bc 00000000 		.word	SPIM_txBufferFull
 156 00c0 00000000 		.word	SPIM_txBufferRead
 157 00c4 4B650040 		.word	1073767755
 158 00c8 00000000 		.word	SPIM_txBuffer
 159 00cc 00000000 		.word	SPIM_txBufferWrite
 160 00d0 84650040 		.word	1073767812
 161              		.cfi_endproc
 162              	.LFE0:
 163              		.size	SPIM_TX_ISR, .-SPIM_TX_ISR
 164              		.section	.text.SPIM_RX_ISR,"ax",%progbits
 165              		.align	2
 166              		.global	SPIM_RX_ISR
 167              		.thumb
 168              		.thumb_func
ARM GAS  C:\Users\Admin\AppData\Local\Temp\ccrNj1XX.s 			page 6


 169              		.type	SPIM_RX_ISR, %function
 170              	SPIM_RX_ISR:
 171              	.LFB1:
 117:Generated_Source\PSoC5/SPIM_INT.c **** 
 118:Generated_Source\PSoC5/SPIM_INT.c **** 
 119:Generated_Source\PSoC5/SPIM_INT.c **** /*******************************************************************************
 120:Generated_Source\PSoC5/SPIM_INT.c **** * Function Name: SPIM_RX_ISR
 121:Generated_Source\PSoC5/SPIM_INT.c **** ********************************************************************************
 122:Generated_Source\PSoC5/SPIM_INT.c **** *
 123:Generated_Source\PSoC5/SPIM_INT.c **** * Summary:
 124:Generated_Source\PSoC5/SPIM_INT.c **** *  Interrupt Service Routine for RX portion of the SPI Master.
 125:Generated_Source\PSoC5/SPIM_INT.c **** *
 126:Generated_Source\PSoC5/SPIM_INT.c **** * Parameters:
 127:Generated_Source\PSoC5/SPIM_INT.c **** *  None.
 128:Generated_Source\PSoC5/SPIM_INT.c **** *
 129:Generated_Source\PSoC5/SPIM_INT.c **** * Return:
 130:Generated_Source\PSoC5/SPIM_INT.c **** *  None.
 131:Generated_Source\PSoC5/SPIM_INT.c **** *
 132:Generated_Source\PSoC5/SPIM_INT.c **** * Global variables:
 133:Generated_Source\PSoC5/SPIM_INT.c **** *  SPIM_rxBufferWrite - used for the account of the bytes which
 134:Generated_Source\PSoC5/SPIM_INT.c **** *  have been written down in the RX software buffer modified when FIFO contains
 135:Generated_Source\PSoC5/SPIM_INT.c **** *  new data.
 136:Generated_Source\PSoC5/SPIM_INT.c **** *  SPIM_rxBufferRead - used for the account of the bytes which
 137:Generated_Source\PSoC5/SPIM_INT.c **** *  have been read from the RX software buffer, modified when overflow occurred.
 138:Generated_Source\PSoC5/SPIM_INT.c **** *  SPIM_rxBuffer[SPIM_RX_BUFFER_SIZE] - used to store
 139:Generated_Source\PSoC5/SPIM_INT.c **** *  received data, modified when FIFO contains new data.
 140:Generated_Source\PSoC5/SPIM_INT.c **** *  All described above Global variables are used when Software Buffer is used.
 141:Generated_Source\PSoC5/SPIM_INT.c **** *
 142:Generated_Source\PSoC5/SPIM_INT.c **** *******************************************************************************/
 143:Generated_Source\PSoC5/SPIM_INT.c **** CY_ISR(SPIM_RX_ISR)
 144:Generated_Source\PSoC5/SPIM_INT.c **** {
 172              		.loc 1 144 0
 173              		.cfi_startproc
 174              		@ args = 0, pretend = 0, frame = 0
 175              		@ frame_needed = 1, uses_anonymous_args = 0
 176              		@ link register save eliminated.
 177 0000 80B4     		push	{r7}
 178              		.cfi_def_cfa_offset 4
 179              		.cfi_offset 7, -4
 180 0002 00AF     		add	r7, sp, #0
 181              		.cfi_def_cfa_register 7
 145:Generated_Source\PSoC5/SPIM_INT.c ****     #if(SPIM_RX_SOFTWARE_BUF_ENABLED)
 146:Generated_Source\PSoC5/SPIM_INT.c ****         uint8 tmpStatus;
 147:Generated_Source\PSoC5/SPIM_INT.c ****         uint8 rxData;
 148:Generated_Source\PSoC5/SPIM_INT.c ****     #endif /* (SPIM_RX_SOFTWARE_BUF_ENABLED) */
 149:Generated_Source\PSoC5/SPIM_INT.c **** 
 150:Generated_Source\PSoC5/SPIM_INT.c ****     #ifdef SPIM_RX_ISR_ENTRY_CALLBACK
 151:Generated_Source\PSoC5/SPIM_INT.c ****         SPIM_RX_ISR_EntryCallback();
 152:Generated_Source\PSoC5/SPIM_INT.c ****     #endif /* SPIM_RX_ISR_ENTRY_CALLBACK */
 153:Generated_Source\PSoC5/SPIM_INT.c **** 
 154:Generated_Source\PSoC5/SPIM_INT.c ****     /* User code required at start of ISR */
 155:Generated_Source\PSoC5/SPIM_INT.c ****     /* `#START SPIM_RX_ISR_START` */
 156:Generated_Source\PSoC5/SPIM_INT.c **** 
 157:Generated_Source\PSoC5/SPIM_INT.c ****     /* `#END` */
 158:Generated_Source\PSoC5/SPIM_INT.c ****     
 159:Generated_Source\PSoC5/SPIM_INT.c ****     #if(SPIM_RX_SOFTWARE_BUF_ENABLED)
 160:Generated_Source\PSoC5/SPIM_INT.c **** 
ARM GAS  C:\Users\Admin\AppData\Local\Temp\ccrNj1XX.s 			page 7


 161:Generated_Source\PSoC5/SPIM_INT.c ****         tmpStatus = SPIM_GET_STATUS_RX(SPIM_swStatusRx);
 162:Generated_Source\PSoC5/SPIM_INT.c ****         SPIM_swStatusRx = tmpStatus;
 163:Generated_Source\PSoC5/SPIM_INT.c **** 
 164:Generated_Source\PSoC5/SPIM_INT.c ****         /* Check if RX data FIFO has some data to be moved into the RX Buffer */
 165:Generated_Source\PSoC5/SPIM_INT.c ****         while(0u != (SPIM_swStatusRx & SPIM_STS_RX_FIFO_NOT_EMPTY))
 166:Generated_Source\PSoC5/SPIM_INT.c ****         {
 167:Generated_Source\PSoC5/SPIM_INT.c ****             rxData = CY_GET_REG8(SPIM_RXDATA_PTR);
 168:Generated_Source\PSoC5/SPIM_INT.c **** 
 169:Generated_Source\PSoC5/SPIM_INT.c ****             /* Set next pointer. */
 170:Generated_Source\PSoC5/SPIM_INT.c ****             SPIM_rxBufferWrite++;
 171:Generated_Source\PSoC5/SPIM_INT.c ****             if(SPIM_rxBufferWrite >= SPIM_RX_BUFFER_SIZE)
 172:Generated_Source\PSoC5/SPIM_INT.c ****             {
 173:Generated_Source\PSoC5/SPIM_INT.c ****                 SPIM_rxBufferWrite = 0u;
 174:Generated_Source\PSoC5/SPIM_INT.c ****             }
 175:Generated_Source\PSoC5/SPIM_INT.c **** 
 176:Generated_Source\PSoC5/SPIM_INT.c ****             if(SPIM_rxBufferWrite == SPIM_rxBufferRead)
 177:Generated_Source\PSoC5/SPIM_INT.c ****             {
 178:Generated_Source\PSoC5/SPIM_INT.c ****                 SPIM_rxBufferRead++;
 179:Generated_Source\PSoC5/SPIM_INT.c ****                 if(SPIM_rxBufferRead >= SPIM_RX_BUFFER_SIZE)
 180:Generated_Source\PSoC5/SPIM_INT.c ****                 {
 181:Generated_Source\PSoC5/SPIM_INT.c ****                     SPIM_rxBufferRead = 0u;
 182:Generated_Source\PSoC5/SPIM_INT.c ****                 }
 183:Generated_Source\PSoC5/SPIM_INT.c **** 
 184:Generated_Source\PSoC5/SPIM_INT.c ****                 SPIM_rxBufferFull = 1u;
 185:Generated_Source\PSoC5/SPIM_INT.c ****             }
 186:Generated_Source\PSoC5/SPIM_INT.c **** 
 187:Generated_Source\PSoC5/SPIM_INT.c ****             /* Move data from the FIFO to the Buffer */
 188:Generated_Source\PSoC5/SPIM_INT.c ****             SPIM_rxBuffer[SPIM_rxBufferWrite] = rxData;
 189:Generated_Source\PSoC5/SPIM_INT.c **** 
 190:Generated_Source\PSoC5/SPIM_INT.c ****             tmpStatus = SPIM_GET_STATUS_RX(SPIM_swStatusRx);
 191:Generated_Source\PSoC5/SPIM_INT.c ****             SPIM_swStatusRx = tmpStatus;
 192:Generated_Source\PSoC5/SPIM_INT.c ****         }
 193:Generated_Source\PSoC5/SPIM_INT.c **** 
 194:Generated_Source\PSoC5/SPIM_INT.c ****     #endif /* (SPIM_RX_SOFTWARE_BUF_ENABLED) */
 195:Generated_Source\PSoC5/SPIM_INT.c **** 
 196:Generated_Source\PSoC5/SPIM_INT.c ****     /* User code required at end of ISR (Optional) */
 197:Generated_Source\PSoC5/SPIM_INT.c ****     /* `#START SPIM_RX_ISR_END` */
 198:Generated_Source\PSoC5/SPIM_INT.c **** 
 199:Generated_Source\PSoC5/SPIM_INT.c ****     /* `#END` */
 200:Generated_Source\PSoC5/SPIM_INT.c ****     
 201:Generated_Source\PSoC5/SPIM_INT.c ****     #ifdef SPIM_RX_ISR_EXIT_CALLBACK
 202:Generated_Source\PSoC5/SPIM_INT.c ****         SPIM_RX_ISR_ExitCallback();
 203:Generated_Source\PSoC5/SPIM_INT.c ****     #endif /* SPIM_RX_ISR_EXIT_CALLBACK */
 204:Generated_Source\PSoC5/SPIM_INT.c **** }
 182              		.loc 1 204 0
 183 0004 00BF     		nop
 184 0006 BD46     		mov	sp, r7
 185              		.cfi_def_cfa_register 13
 186              		@ sp needed
 187 0008 80BC     		pop	{r7}
 188              		.cfi_restore 7
 189              		.cfi_def_cfa_offset 0
 190 000a 7047     		bx	lr
 191              		.cfi_endproc
 192              	.LFE1:
 193              		.size	SPIM_RX_ISR, .-SPIM_RX_ISR
 194              		.text
ARM GAS  C:\Users\Admin\AppData\Local\Temp\ccrNj1XX.s 			page 8


 195              	.Letext0:
 196              		.file 2 "Generated_Source\\PSoC5\\cytypes.h"
 197              		.file 3 "Generated_Source\\PSoC5\\SPIM_PVT.h"
 198              		.section	.debug_info,"",%progbits
 199              	.Ldebug_info0:
 200 0000 29010000 		.4byte	0x129
 201 0004 0400     		.2byte	0x4
 202 0006 00000000 		.4byte	.Ldebug_abbrev0
 203 000a 04       		.byte	0x4
 204 000b 01       		.uleb128 0x1
 205 000c 39010000 		.4byte	.LASF21
 206 0010 0C       		.byte	0xc
 207 0011 1B000000 		.4byte	.LASF22
 208 0015 9D000000 		.4byte	.LASF23
 209 0019 00000000 		.4byte	.Ldebug_ranges0+0
 210 001d 00000000 		.4byte	0
 211 0021 00000000 		.4byte	.Ldebug_line0
 212 0025 02       		.uleb128 0x2
 213 0026 01       		.byte	0x1
 214 0027 06       		.byte	0x6
 215 0028 1D020000 		.4byte	.LASF0
 216 002c 02       		.uleb128 0x2
 217 002d 01       		.byte	0x1
 218 002e 08       		.byte	0x8
 219 002f 3D000000 		.4byte	.LASF1
 220 0033 02       		.uleb128 0x2
 221 0034 02       		.byte	0x2
 222 0035 05       		.byte	0x5
 223 0036 45020000 		.4byte	.LASF2
 224 003a 02       		.uleb128 0x2
 225 003b 02       		.byte	0x2
 226 003c 07       		.byte	0x7
 227 003d 0A020000 		.4byte	.LASF3
 228 0041 02       		.uleb128 0x2
 229 0042 04       		.byte	0x4
 230 0043 05       		.byte	0x5
 231 0044 DE010000 		.4byte	.LASF4
 232 0048 02       		.uleb128 0x2
 233 0049 04       		.byte	0x4
 234 004a 07       		.byte	0x7
 235 004b 6E000000 		.4byte	.LASF5
 236 004f 02       		.uleb128 0x2
 237 0050 08       		.byte	0x8
 238 0051 05       		.byte	0x5
 239 0052 00000000 		.4byte	.LASF6
 240 0056 02       		.uleb128 0x2
 241 0057 08       		.byte	0x8
 242 0058 07       		.byte	0x7
 243 0059 80000000 		.4byte	.LASF7
 244 005d 03       		.uleb128 0x3
 245 005e 04       		.byte	0x4
 246 005f 05       		.byte	0x5
 247 0060 696E7400 		.ascii	"int\000"
 248 0064 02       		.uleb128 0x2
 249 0065 04       		.byte	0x4
 250 0066 07       		.byte	0x7
 251 0067 0E000000 		.4byte	.LASF8
ARM GAS  C:\Users\Admin\AppData\Local\Temp\ccrNj1XX.s 			page 9


 252 006b 04       		.uleb128 0x4
 253 006c 68000000 		.4byte	.LASF12
 254 0070 02       		.byte	0x2
 255 0071 E401     		.2byte	0x1e4
 256 0073 2C000000 		.4byte	0x2c
 257 0077 02       		.uleb128 0x2
 258 0078 04       		.byte	0x4
 259 0079 04       		.byte	0x4
 260 007a 97000000 		.4byte	.LASF9
 261 007e 02       		.uleb128 0x2
 262 007f 08       		.byte	0x8
 263 0080 04       		.byte	0x4
 264 0081 F9010000 		.4byte	.LASF10
 265 0085 02       		.uleb128 0x2
 266 0086 01       		.byte	0x1
 267 0087 08       		.byte	0x8
 268 0088 D9010000 		.4byte	.LASF11
 269 008c 04       		.uleb128 0x4
 270 008d 63000000 		.4byte	.LASF13
 271 0091 02       		.byte	0x2
 272 0092 8E02     		.2byte	0x28e
 273 0094 98000000 		.4byte	0x98
 274 0098 05       		.uleb128 0x5
 275 0099 6B000000 		.4byte	0x6b
 276 009d 02       		.uleb128 0x2
 277 009e 08       		.byte	0x8
 278 009f 04       		.byte	0x4
 279 00a0 39020000 		.4byte	.LASF14
 280 00a4 02       		.uleb128 0x2
 281 00a5 04       		.byte	0x4
 282 00a6 07       		.byte	0x7
 283 00a7 70020000 		.4byte	.LASF15
 284 00ab 06       		.uleb128 0x6
 285 00ac 4B000000 		.4byte	.LASF24
 286 00b0 01       		.byte	0x1
 287 00b1 34       		.byte	0x34
 288 00b2 00000000 		.4byte	.LFB0
 289 00b6 D4000000 		.4byte	.LFE0-.LFB0
 290 00ba 01       		.uleb128 0x1
 291 00bb 9C       		.byte	0x9c
 292 00bc CF000000 		.4byte	0xcf
 293 00c0 07       		.uleb128 0x7
 294 00c1 00020000 		.4byte	.LASF25
 295 00c5 01       		.byte	0x1
 296 00c6 37       		.byte	0x37
 297 00c7 6B000000 		.4byte	0x6b
 298 00cb 02       		.uleb128 0x2
 299 00cc 91       		.byte	0x91
 300 00cd 77       		.sleb128 -9
 301 00ce 00       		.byte	0
 302 00cf 08       		.uleb128 0x8
 303 00d0 57000000 		.4byte	.LASF26
 304 00d4 01       		.byte	0x1
 305 00d5 8F       		.byte	0x8f
 306 00d6 00000000 		.4byte	.LFB1
 307 00da 0C000000 		.4byte	.LFE1-.LFB1
 308 00de 01       		.uleb128 0x1
ARM GAS  C:\Users\Admin\AppData\Local\Temp\ccrNj1XX.s 			page 10


 309 00df 9C       		.byte	0x9c
 310 00e0 09       		.uleb128 0x9
 311 00e1 29020000 		.4byte	.LASF16
 312 00e5 03       		.byte	0x3
 313 00e6 21       		.byte	0x21
 314 00e7 98000000 		.4byte	0x98
 315 00eb 0A       		.uleb128 0xa
 316 00ec 98000000 		.4byte	0x98
 317 00f0 FB000000 		.4byte	0xfb
 318 00f4 0B       		.uleb128 0xb
 319 00f5 A4000000 		.4byte	0xa4
 320 00f9 09       		.byte	0x9
 321 00fa 00       		.byte	0
 322 00fb 09       		.uleb128 0x9
 323 00fc 62020000 		.4byte	.LASF17
 324 0100 03       		.byte	0x3
 325 0101 25       		.byte	0x25
 326 0102 06010000 		.4byte	0x106
 327 0106 05       		.uleb128 0x5
 328 0107 EB000000 		.4byte	0xeb
 329 010b 09       		.uleb128 0x9
 330 010c E7010000 		.4byte	.LASF18
 331 0110 03       		.byte	0x3
 332 0111 26       		.byte	0x26
 333 0112 98000000 		.4byte	0x98
 334 0116 09       		.uleb128 0x9
 335 0117 4F020000 		.4byte	.LASF19
 336 011b 03       		.byte	0x3
 337 011c 27       		.byte	0x27
 338 011d 98000000 		.4byte	0x98
 339 0121 09       		.uleb128 0x9
 340 0122 C7010000 		.4byte	.LASF20
 341 0126 03       		.byte	0x3
 342 0127 28       		.byte	0x28
 343 0128 98000000 		.4byte	0x98
 344 012c 00       		.byte	0
 345              		.section	.debug_abbrev,"",%progbits
 346              	.Ldebug_abbrev0:
 347 0000 01       		.uleb128 0x1
 348 0001 11       		.uleb128 0x11
 349 0002 01       		.byte	0x1
 350 0003 25       		.uleb128 0x25
 351 0004 0E       		.uleb128 0xe
 352 0005 13       		.uleb128 0x13
 353 0006 0B       		.uleb128 0xb
 354 0007 03       		.uleb128 0x3
 355 0008 0E       		.uleb128 0xe
 356 0009 1B       		.uleb128 0x1b
 357 000a 0E       		.uleb128 0xe
 358 000b 55       		.uleb128 0x55
 359 000c 17       		.uleb128 0x17
 360 000d 11       		.uleb128 0x11
 361 000e 01       		.uleb128 0x1
 362 000f 10       		.uleb128 0x10
 363 0010 17       		.uleb128 0x17
 364 0011 00       		.byte	0
 365 0012 00       		.byte	0
ARM GAS  C:\Users\Admin\AppData\Local\Temp\ccrNj1XX.s 			page 11


 366 0013 02       		.uleb128 0x2
 367 0014 24       		.uleb128 0x24
 368 0015 00       		.byte	0
 369 0016 0B       		.uleb128 0xb
 370 0017 0B       		.uleb128 0xb
 371 0018 3E       		.uleb128 0x3e
 372 0019 0B       		.uleb128 0xb
 373 001a 03       		.uleb128 0x3
 374 001b 0E       		.uleb128 0xe
 375 001c 00       		.byte	0
 376 001d 00       		.byte	0
 377 001e 03       		.uleb128 0x3
 378 001f 24       		.uleb128 0x24
 379 0020 00       		.byte	0
 380 0021 0B       		.uleb128 0xb
 381 0022 0B       		.uleb128 0xb
 382 0023 3E       		.uleb128 0x3e
 383 0024 0B       		.uleb128 0xb
 384 0025 03       		.uleb128 0x3
 385 0026 08       		.uleb128 0x8
 386 0027 00       		.byte	0
 387 0028 00       		.byte	0
 388 0029 04       		.uleb128 0x4
 389 002a 16       		.uleb128 0x16
 390 002b 00       		.byte	0
 391 002c 03       		.uleb128 0x3
 392 002d 0E       		.uleb128 0xe
 393 002e 3A       		.uleb128 0x3a
 394 002f 0B       		.uleb128 0xb
 395 0030 3B       		.uleb128 0x3b
 396 0031 05       		.uleb128 0x5
 397 0032 49       		.uleb128 0x49
 398 0033 13       		.uleb128 0x13
 399 0034 00       		.byte	0
 400 0035 00       		.byte	0
 401 0036 05       		.uleb128 0x5
 402 0037 35       		.uleb128 0x35
 403 0038 00       		.byte	0
 404 0039 49       		.uleb128 0x49
 405 003a 13       		.uleb128 0x13
 406 003b 00       		.byte	0
 407 003c 00       		.byte	0
 408 003d 06       		.uleb128 0x6
 409 003e 2E       		.uleb128 0x2e
 410 003f 01       		.byte	0x1
 411 0040 3F       		.uleb128 0x3f
 412 0041 19       		.uleb128 0x19
 413 0042 03       		.uleb128 0x3
 414 0043 0E       		.uleb128 0xe
 415 0044 3A       		.uleb128 0x3a
 416 0045 0B       		.uleb128 0xb
 417 0046 3B       		.uleb128 0x3b
 418 0047 0B       		.uleb128 0xb
 419 0048 27       		.uleb128 0x27
 420 0049 19       		.uleb128 0x19
 421 004a 11       		.uleb128 0x11
 422 004b 01       		.uleb128 0x1
ARM GAS  C:\Users\Admin\AppData\Local\Temp\ccrNj1XX.s 			page 12


 423 004c 12       		.uleb128 0x12
 424 004d 06       		.uleb128 0x6
 425 004e 40       		.uleb128 0x40
 426 004f 18       		.uleb128 0x18
 427 0050 9742     		.uleb128 0x2117
 428 0052 19       		.uleb128 0x19
 429 0053 01       		.uleb128 0x1
 430 0054 13       		.uleb128 0x13
 431 0055 00       		.byte	0
 432 0056 00       		.byte	0
 433 0057 07       		.uleb128 0x7
 434 0058 34       		.uleb128 0x34
 435 0059 00       		.byte	0
 436 005a 03       		.uleb128 0x3
 437 005b 0E       		.uleb128 0xe
 438 005c 3A       		.uleb128 0x3a
 439 005d 0B       		.uleb128 0xb
 440 005e 3B       		.uleb128 0x3b
 441 005f 0B       		.uleb128 0xb
 442 0060 49       		.uleb128 0x49
 443 0061 13       		.uleb128 0x13
 444 0062 02       		.uleb128 0x2
 445 0063 18       		.uleb128 0x18
 446 0064 00       		.byte	0
 447 0065 00       		.byte	0
 448 0066 08       		.uleb128 0x8
 449 0067 2E       		.uleb128 0x2e
 450 0068 00       		.byte	0
 451 0069 3F       		.uleb128 0x3f
 452 006a 19       		.uleb128 0x19
 453 006b 03       		.uleb128 0x3
 454 006c 0E       		.uleb128 0xe
 455 006d 3A       		.uleb128 0x3a
 456 006e 0B       		.uleb128 0xb
 457 006f 3B       		.uleb128 0x3b
 458 0070 0B       		.uleb128 0xb
 459 0071 27       		.uleb128 0x27
 460 0072 19       		.uleb128 0x19
 461 0073 11       		.uleb128 0x11
 462 0074 01       		.uleb128 0x1
 463 0075 12       		.uleb128 0x12
 464 0076 06       		.uleb128 0x6
 465 0077 40       		.uleb128 0x40
 466 0078 18       		.uleb128 0x18
 467 0079 9742     		.uleb128 0x2117
 468 007b 19       		.uleb128 0x19
 469 007c 00       		.byte	0
 470 007d 00       		.byte	0
 471 007e 09       		.uleb128 0x9
 472 007f 34       		.uleb128 0x34
 473 0080 00       		.byte	0
 474 0081 03       		.uleb128 0x3
 475 0082 0E       		.uleb128 0xe
 476 0083 3A       		.uleb128 0x3a
 477 0084 0B       		.uleb128 0xb
 478 0085 3B       		.uleb128 0x3b
 479 0086 0B       		.uleb128 0xb
ARM GAS  C:\Users\Admin\AppData\Local\Temp\ccrNj1XX.s 			page 13


 480 0087 49       		.uleb128 0x49
 481 0088 13       		.uleb128 0x13
 482 0089 3F       		.uleb128 0x3f
 483 008a 19       		.uleb128 0x19
 484 008b 3C       		.uleb128 0x3c
 485 008c 19       		.uleb128 0x19
 486 008d 00       		.byte	0
 487 008e 00       		.byte	0
 488 008f 0A       		.uleb128 0xa
 489 0090 01       		.uleb128 0x1
 490 0091 01       		.byte	0x1
 491 0092 49       		.uleb128 0x49
 492 0093 13       		.uleb128 0x13
 493 0094 01       		.uleb128 0x1
 494 0095 13       		.uleb128 0x13
 495 0096 00       		.byte	0
 496 0097 00       		.byte	0
 497 0098 0B       		.uleb128 0xb
 498 0099 21       		.uleb128 0x21
 499 009a 00       		.byte	0
 500 009b 49       		.uleb128 0x49
 501 009c 13       		.uleb128 0x13
 502 009d 2F       		.uleb128 0x2f
 503 009e 0B       		.uleb128 0xb
 504 009f 00       		.byte	0
 505 00a0 00       		.byte	0
 506 00a1 00       		.byte	0
 507              		.section	.debug_aranges,"",%progbits
 508 0000 24000000 		.4byte	0x24
 509 0004 0200     		.2byte	0x2
 510 0006 00000000 		.4byte	.Ldebug_info0
 511 000a 04       		.byte	0x4
 512 000b 00       		.byte	0
 513 000c 0000     		.2byte	0
 514 000e 0000     		.2byte	0
 515 0010 00000000 		.4byte	.LFB0
 516 0014 D4000000 		.4byte	.LFE0-.LFB0
 517 0018 00000000 		.4byte	.LFB1
 518 001c 0C000000 		.4byte	.LFE1-.LFB1
 519 0020 00000000 		.4byte	0
 520 0024 00000000 		.4byte	0
 521              		.section	.debug_ranges,"",%progbits
 522              	.Ldebug_ranges0:
 523 0000 00000000 		.4byte	.LFB0
 524 0004 D4000000 		.4byte	.LFE0
 525 0008 00000000 		.4byte	.LFB1
 526 000c 0C000000 		.4byte	.LFE1
 527 0010 00000000 		.4byte	0
 528 0014 00000000 		.4byte	0
 529              		.section	.debug_line,"",%progbits
 530              	.Ldebug_line0:
 531 0000 92000000 		.section	.debug_str,"MS",%progbits,1
 531      02005300 
 531      00000201 
 531      FB0E0D00 
 531      01010101 
 532              	.LASF6:
ARM GAS  C:\Users\Admin\AppData\Local\Temp\ccrNj1XX.s 			page 14


 533 0000 6C6F6E67 		.ascii	"long long int\000"
 533      206C6F6E 
 533      6720696E 
 533      7400
 534              	.LASF8:
 535 000e 756E7369 		.ascii	"unsigned int\000"
 535      676E6564 
 535      20696E74 
 535      00
 536              	.LASF22:
 537 001b 47656E65 		.ascii	"Generated_Source\\PSoC5\\SPIM_INT.c\000"
 537      72617465 
 537      645F536F 
 537      75726365 
 537      5C50536F 
 538              	.LASF1:
 539 003d 756E7369 		.ascii	"unsigned char\000"
 539      676E6564 
 539      20636861 
 539      7200
 540              	.LASF24:
 541 004b 5350494D 		.ascii	"SPIM_TX_ISR\000"
 541      5F54585F 
 541      49535200 
 542              	.LASF26:
 543 0057 5350494D 		.ascii	"SPIM_RX_ISR\000"
 543      5F52585F 
 543      49535200 
 544              	.LASF13:
 545 0063 72656738 		.ascii	"reg8\000"
 545      00
 546              	.LASF12:
 547 0068 75696E74 		.ascii	"uint8\000"
 547      3800
 548              	.LASF5:
 549 006e 6C6F6E67 		.ascii	"long unsigned int\000"
 549      20756E73 
 549      69676E65 
 549      6420696E 
 549      7400
 550              	.LASF7:
 551 0080 6C6F6E67 		.ascii	"long long unsigned int\000"
 551      206C6F6E 
 551      6720756E 
 551      7369676E 
 551      65642069 
 552              	.LASF9:
 553 0097 666C6F61 		.ascii	"float\000"
 553      7400
 554              	.LASF23:
 555 009d 433A5C55 		.ascii	"C:\\Users\\Admin\\Dropbox\\My PC (DESKTOP-JTCBHVV)\\"
 555      73657273 
 555      5C41646D 
 555      696E5C44 
 555      726F7062 
 556 00cc 446F776E 		.ascii	"Downloads\\fw comp\\firmware_binaries_Firmware for "
 556      6C6F6164 
ARM GAS  C:\Users\Admin\AppData\Local\Temp\ccrNj1XX.s 			page 15


 556      735C6677 
 556      20636F6D 
 556      705C6669 
 557 00fd 53686F6E 		.ascii	"ShonitV2.2 PCB AI100 N_seriesV2.4_devlopment\\Desig"
 557      69745632 
 557      2E322050 
 557      43422041 
 557      49313030 
 558 012f 6E30312E 		.ascii	"n01.cydsn\000"
 558      63796473 
 558      6E00
 559              	.LASF21:
 560 0139 474E5520 		.ascii	"GNU C11 5.4.1 20160609 (release) [ARM/embedded-5-br"
 560      43313120 
 560      352E342E 
 560      31203230 
 560      31363036 
 561 016c 616E6368 		.ascii	"anch revision 237715] -mcpu=cortex-m3 -mthumb -g -O"
 561      20726576 
 561      6973696F 
 561      6E203233 
 561      37373135 
 562 019f 30202D66 		.ascii	"0 -ffunction-sections -ffat-lto-objects\000"
 562      66756E63 
 562      74696F6E 
 562      2D736563 
 562      74696F6E 
 563              	.LASF20:
 564 01c7 5350494D 		.ascii	"SPIM_txBufferFull\000"
 564      5F747842 
 564      75666665 
 564      7246756C 
 564      6C00
 565              	.LASF11:
 566 01d9 63686172 		.ascii	"char\000"
 566      00
 567              	.LASF4:
 568 01de 6C6F6E67 		.ascii	"long int\000"
 568      20696E74 
 568      00
 569              	.LASF18:
 570 01e7 5350494D 		.ascii	"SPIM_txBufferRead\000"
 570      5F747842 
 570      75666665 
 570      72526561 
 570      6400
 571              	.LASF10:
 572 01f9 646F7562 		.ascii	"double\000"
 572      6C6500
 573              	.LASF25:
 574 0200 746D7053 		.ascii	"tmpStatus\000"
 574      74617475 
 574      7300
 575              	.LASF3:
 576 020a 73686F72 		.ascii	"short unsigned int\000"
 576      7420756E 
 576      7369676E 
ARM GAS  C:\Users\Admin\AppData\Local\Temp\ccrNj1XX.s 			page 16


 576      65642069 
 576      6E7400
 577              	.LASF0:
 578 021d 7369676E 		.ascii	"signed char\000"
 578      65642063 
 578      68617200 
 579              	.LASF16:
 580 0229 5350494D 		.ascii	"SPIM_swStatusTx\000"
 580      5F737753 
 580      74617475 
 580      73547800 
 581              	.LASF14:
 582 0239 6C6F6E67 		.ascii	"long double\000"
 582      20646F75 
 582      626C6500 
 583              	.LASF2:
 584 0245 73686F72 		.ascii	"short int\000"
 584      7420696E 
 584      7400
 585              	.LASF19:
 586 024f 5350494D 		.ascii	"SPIM_txBufferWrite\000"
 586      5F747842 
 586      75666665 
 586      72577269 
 586      746500
 587              	.LASF17:
 588 0262 5350494D 		.ascii	"SPIM_txBuffer\000"
 588      5F747842 
 588      75666665 
 588      7200
 589              	.LASF15:
 590 0270 73697A65 		.ascii	"sizetype\000"
 590      74797065 
 590      00
 591              		.ident	"GCC: (GNU Tools for ARM Embedded Processors) 5.4.1 20160609 (release) [ARM/embedded-5-bran
