--------------- Clean Started: 05/08/2024 15:03:26 Project: AS76_FFP2, Configuration: ARM GCC 5.4-2016-q2-update Debug ---------------
Deleting file ".\CortexM3\ARM_GCC_541\Debug\main.o"
Deleting file ".\CortexM3\ARM_GCC_541\Debug\AS76.o"
Deleting file ".\CortexM3\ARM_GCC_541\Debug\cyfitter_cfg.o"
Deleting file ".\CortexM3\ARM_GCC_541\Debug\cymetadata.o"
Deleting file ".\CortexM3\ARM_GCC_541\Debug\Pin_CSMotorX.o"
Deleting file ".\CortexM3\ARM_GCC_541\Debug\Pin_CSMotorY.o"
Deleting file ".\CortexM3\ARM_GCC_541\Debug\Pin_CSMotorZ.o"
Deleting file ".\CortexM3\ARM_GCC_541\Debug\SPIM.o"
Deleting file ".\CortexM3\ARM_GCC_541\Debug\SPIM_PM.o"
Deleting file ".\CortexM3\ARM_GCC_541\Debug\SPIM_INT.o"
Deleting file ".\CortexM3\ARM_GCC_541\Debug\Pin_SDO.o"
Deleting file ".\CortexM3\ARM_GCC_541\Debug\Pin_SDI.o"
Deleting file ".\CortexM3\ARM_GCC_541\Debug\Pin_SCK.o"
Deleting file ".\CortexM3\ARM_GCC_541\Debug\Cm3Start.o"
Deleting file ".\CortexM3\ARM_GCC_541\Debug\CyBootAsmGnu.o"
Deleting file ".\CortexM3\ARM_GCC_541\Debug\CyDmac.o"
Deleting file ".\CortexM3\ARM_GCC_541\Debug\CyFlash.o"
Deleting file ".\CortexM3\ARM_GCC_541\Debug\CyLib.o"
Deleting file ".\CortexM3\ARM_GCC_541\Debug\cyPm.o"
Deleting file ".\CortexM3\ARM_GCC_541\Debug\CySpc.o"
Deleting file ".\CortexM3\ARM_GCC_541\Debug\cyutils.o"
Deleting file ".\CortexM3\ARM_GCC_541\Debug\USB.o"
Deleting file ".\CortexM3\ARM_GCC_541\Debug\USB_audio.o"
Deleting file ".\CortexM3\ARM_GCC_541\Debug\USB_boot.o"
Deleting file ".\CortexM3\ARM_GCC_541\Debug\USB_cdc.o"
Deleting file ".\CortexM3\ARM_GCC_541\Debug\USB_cls.o"
Deleting file ".\CortexM3\ARM_GCC_541\Debug\USB_descr.o"
Deleting file ".\CortexM3\ARM_GCC_541\Debug\USB_drv.o"
Deleting file ".\CortexM3\ARM_GCC_541\Debug\USB_episr.o"
Deleting file ".\CortexM3\ARM_GCC_541\Debug\USB_hid.o"
Deleting file ".\CortexM3\ARM_GCC_541\Debug\USB_pm.o"
Deleting file ".\CortexM3\ARM_GCC_541\Debug\USB_std.o"
Deleting file ".\CortexM3\ARM_GCC_541\Debug\USB_vnd.o"
Deleting file ".\CortexM3\ARM_GCC_541\Debug\USB_midi.o"
Deleting file ".\CortexM3\ARM_GCC_541\Debug\USB_msc.o"
Deleting file ".\CortexM3\ARM_GCC_541\Debug\USB_Dm.o"
Deleting file ".\CortexM3\ARM_GCC_541\Debug\USB_Dp.o"
Deleting file ".\CortexM3\ARM_GCC_541\Debug\PWM_CondenserLED.o"
Deleting file ".\CortexM3\ARM_GCC_541\Debug\PWM_CondenserLED_PM.o"
Deleting file ".\CortexM3\ARM_GCC_541\Debug\Pin_CondenserLED.o"
Deleting file ".\CortexM3\ARM_GCC_541\Debug\SPIM_IntClock.o"
Deleting file ".\CortexM3\ARM_GCC_541\Debug\cy_em_eeprom.o"
Deleting file ".\CortexM3\ARM_GCC_541\Debug\QuadDec_X.o"
Deleting file ".\CortexM3\ARM_GCC_541\Debug\QuadDec_X_INT.o"
Deleting file ".\CortexM3\ARM_GCC_541\Debug\QuadDec_X_PM.o"
Deleting file ".\CortexM3\ARM_GCC_541\Debug\QuadDec_X_isr.o"
Deleting file ".\CortexM3\ARM_GCC_541\Debug\QuadDec_X_Cnt16.o"
Deleting file ".\CortexM3\ARM_GCC_541\Debug\QuadDec_X_Cnt16_PM.o"
Deleting file ".\CortexM3\ARM_GCC_541\Debug\UART_PCB_LOG.o"
Deleting file ".\CortexM3\ARM_GCC_541\Debug\UART_PCB_LOG_PM.o"
Deleting file ".\CortexM3\ARM_GCC_541\Debug\UART_PCB_LOG_INT.o"
Deleting file ".\CortexM3\ARM_GCC_541\Debug\UART_PCB_LOG_BOOT.o"
Deleting file ".\CortexM3\ARM_GCC_541\Debug\UART_PCB_LOG_IntClock.o"
Deleting file ".\CortexM3\ARM_GCC_541\Debug\Clock_Encoder_24Mhz.o"
Deleting file ".\CortexM3\ARM_GCC_541\Debug\Pin_Buzzer.o"
Deleting file ".\CortexM3\ARM_GCC_541\Debug\Pin_Backlight.o"
Deleting file ".\CortexM3\ARM_GCC_541\Debug\Pin_OptDec_X_A.o"
Deleting file ".\CortexM3\ARM_GCC_541\Debug\LED2.o"
Deleting file ".\CortexM3\ARM_GCC_541\Debug\Pin_OptDec_Z_A.o"
Deleting file ".\CortexM3\ARM_GCC_541\Debug\Pin_OptDec_Z_B.o"
Deleting file ".\CortexM3\ARM_GCC_541\Debug\PWM_CLK.o"
Deleting file ".\CortexM3\ARM_GCC_541\Debug\Pin_CSMotorO.o"
Deleting file ".\CortexM3\ARM_GCC_541\Debug\Pin_CSMotorT.o"
Deleting file ".\CortexM3\ARM_GCC_541\Debug\Pin_BC_LED.o"
Deleting file ".\CortexM3\ARM_GCC_541\Debug\QuadDec_TZ.o"
Deleting file ".\CortexM3\ARM_GCC_541\Debug\QuadDec_TZ_INT.o"
Deleting file ".\CortexM3\ARM_GCC_541\Debug\QuadDec_TZ_PM.o"
Deleting file ".\CortexM3\ARM_GCC_541\Debug\PWM_Buzzer.o"
Deleting file ".\CortexM3\ARM_GCC_541\Debug\PWM_Buzzer_PM.o"
Deleting file ".\CortexM3\ARM_GCC_541\Debug\Pin_OptDec_X_B.o"
Deleting file ".\CortexM3\ARM_GCC_541\Debug\Pin_OptDec_Y_A.o"
Deleting file ".\CortexM3\ARM_GCC_541\Debug\QuadDec_Y.o"
Deleting file ".\CortexM3\ARM_GCC_541\Debug\QuadDec_Y_INT.o"
Deleting file ".\CortexM3\ARM_GCC_541\Debug\QuadDec_Y_PM.o"
Deleting file ".\CortexM3\ARM_GCC_541\Debug\PWM_BarcodeCondenser_LED.o"
Deleting file ".\CortexM3\ARM_GCC_541\Debug\PWM_BarcodeCondenser_LED_PM.o"
Deleting file ".\CortexM3\ARM_GCC_541\Debug\LED3.o"
Deleting file ".\CortexM3\ARM_GCC_541\Debug\Pin_Encoder_T_A.o"
Deleting file ".\CortexM3\ARM_GCC_541\Debug\Pin_Encoder_T_B.o"
Deleting file ".\CortexM3\ARM_GCC_541\Debug\Encoder_T_Z_Select.o"
Deleting file ".\CortexM3\ARM_GCC_541\Debug\Encoder_T_Z_Select_PM.o"
Deleting file ".\CortexM3\ARM_GCC_541\Debug\TMC5160_MotorX_EN.o"
Deleting file ".\CortexM3\ARM_GCC_541\Debug\TMC5160_MotorY_EN.o"
Deleting file ".\CortexM3\ARM_GCC_541\Debug\TMC5160_MotorZ_EN.o"
Deleting file ".\CortexM3\ARM_GCC_541\Debug\TMC5160_MotorT_EN.o"
Deleting file ".\CortexM3\ARM_GCC_541\Debug\TMC5160_MotorO_EN.o"
Deleting file ".\CortexM3\ARM_GCC_541\Debug\Pin_OptDec_Y_B.o"
Deleting file ".\CortexM3\ARM_GCC_541\Debug\LIM_X_L.o"
Deleting file ".\CortexM3\ARM_GCC_541\Debug\LIM_X_R.o"
Deleting file ".\CortexM3\ARM_GCC_541\Debug\LIM_Y_L.o"
Deleting file ".\CortexM3\ARM_GCC_541\Debug\LIM_Y_R.o"
Deleting file ".\CortexM3\ARM_GCC_541\Debug\LIM_Z_L.o"
Deleting file ".\CortexM3\ARM_GCC_541\Debug\LIM_Z_R.o"
Deleting file ".\CortexM3\ARM_GCC_541\Debug\LIM_T_L.o"
Deleting file ".\CortexM3\ARM_GCC_541\Debug\LIM_T_R.o"
Deleting file ".\CortexM3\ARM_GCC_541\Debug\QuadDec_TZ_isr.o"
Deleting file ".\CortexM3\ARM_GCC_541\Debug\QuadDec_TZ_Cnt16.o"
Deleting file ".\CortexM3\ARM_GCC_541\Debug\QuadDec_TZ_Cnt16_PM.o"
Deleting file ".\CortexM3\ARM_GCC_541\Debug\QuadDec_Y_isr.o"
Deleting file ".\CortexM3\ARM_GCC_541\Debug\QuadDec_Y_Cnt16.o"
Deleting file ".\CortexM3\ARM_GCC_541\Debug\QuadDec_Y_Cnt16_PM.o"
Deleting file ".\CortexM3\ARM_GCC_541\Debug\timer_clock.o"
Deleting file ".\CortexM3\ARM_GCC_541\Debug\wait_timer.o"
Deleting file ".\CortexM3\ARM_GCC_541\Debug\wait_timer_PM.o"
Deleting file ".\CortexM3\ARM_GCC_541\Debug\wait_interrupt.o"
Deleting file ".\CortexM3\ARM_GCC_541\Debug\AS76_FFP2.hex"
Deleting file ".\CortexM3\ARM_GCC_541\Debug\AS76_FFP2.elf"
Deleting file ".\CortexM3\ARM_GCC_541\Debug\AS76_FFP2.map"
Deleting file ".\AS76_FFP2.cycdx"
Deleting file ".\AS76_FFP2.svd"
Deleting file ".\AS76_FFP2.rpt"
Deleting file ".\AS76_FFP2_timing.html"
Deleting file ".\CortexM3\ARM_GCC_541\Debug\.deps\SOURCE_C__ARM_GCC_GENERIC.P"
Deleting file ".\CortexM3\ARM_GCC_541\Debug\.deps\SOURCE_ASM__ARM_GCC_GENERIC.P"
--------------- Clean Succeeded: 05/08/2024 15:03:27 ---------------
