ARM GAS  C:\Users\Revanth\AppData\Local\Temp\ccCm4TTM.s 			page 1


   1              		.syntax unified
   2              		.cpu cortex-m3
   3              		.fpu softvfp
   4              		.eabi_attribute 20, 1
   5              		.eabi_attribute 21, 1
   6              		.eabi_attribute 23, 3
   7              		.eabi_attribute 24, 1
   8              		.eabi_attribute 25, 1
   9              		.eabi_attribute 26, 1
  10              		.eabi_attribute 30, 1
  11              		.eabi_attribute 34, 1
  12              		.eabi_attribute 18, 4
  13              		.thumb
  14              		.syntax unified
  15              		.file	"SPIM_INT.c"
  16              		.text
  17              	.Ltext0:
  18              		.cfi_sections	.debug_frame
  19              		.section	.text.SPIM_TX_ISR,"ax",%progbits
  20              		.align	2
  21              		.global	SPIM_TX_ISR
  22              		.thumb
  23              		.thumb_func
  24              		.type	SPIM_TX_ISR, %function
  25              	SPIM_TX_ISR:
  26              	.LFB0:
  27              		.file 1 "Generated_Source\\PSoC5\\SPIM_INT.c"
   1:Generated_Source\PSoC5/SPIM_INT.c **** /*******************************************************************************
   2:Generated_Source\PSoC5/SPIM_INT.c **** * File Name: SPIM_INT.c
   3:Generated_Source\PSoC5/SPIM_INT.c **** * Version 2.50
   4:Generated_Source\PSoC5/SPIM_INT.c **** *
   5:Generated_Source\PSoC5/SPIM_INT.c **** * Description:
   6:Generated_Source\PSoC5/SPIM_INT.c **** *  This file provides all Interrupt Service Routine (ISR) for the SPI Master
   7:Generated_Source\PSoC5/SPIM_INT.c **** *  component.
   8:Generated_Source\PSoC5/SPIM_INT.c **** *
   9:Generated_Source\PSoC5/SPIM_INT.c **** * Note:
  10:Generated_Source\PSoC5/SPIM_INT.c **** *  None.
  11:Generated_Source\PSoC5/SPIM_INT.c **** *
  12:Generated_Source\PSoC5/SPIM_INT.c **** ********************************************************************************
  13:Generated_Source\PSoC5/SPIM_INT.c **** * Copyright 2008-2015, Cypress Semiconductor Corporation.  All rights reserved.
  14:Generated_Source\PSoC5/SPIM_INT.c **** * You may use this file only in accordance with the license, terms, conditions,
  15:Generated_Source\PSoC5/SPIM_INT.c **** * disclaimers, and limitations in the end user license agreement accompanying
  16:Generated_Source\PSoC5/SPIM_INT.c **** * the software package with which this file was provided.
  17:Generated_Source\PSoC5/SPIM_INT.c **** *******************************************************************************/
  18:Generated_Source\PSoC5/SPIM_INT.c **** 
  19:Generated_Source\PSoC5/SPIM_INT.c **** #include "SPIM_PVT.h"
  20:Generated_Source\PSoC5/SPIM_INT.c **** #include "cyapicallbacks.h"
  21:Generated_Source\PSoC5/SPIM_INT.c **** 
  22:Generated_Source\PSoC5/SPIM_INT.c **** /* User code required at start of ISR */
  23:Generated_Source\PSoC5/SPIM_INT.c **** /* `#START SPIM_ISR_START_DEF` */
  24:Generated_Source\PSoC5/SPIM_INT.c **** 
  25:Generated_Source\PSoC5/SPIM_INT.c **** /* `#END` */
  26:Generated_Source\PSoC5/SPIM_INT.c **** 
  27:Generated_Source\PSoC5/SPIM_INT.c **** 
  28:Generated_Source\PSoC5/SPIM_INT.c **** /*******************************************************************************
  29:Generated_Source\PSoC5/SPIM_INT.c **** * Function Name: SPIM_TX_ISR
  30:Generated_Source\PSoC5/SPIM_INT.c **** ********************************************************************************
ARM GAS  C:\Users\Revanth\AppData\Local\Temp\ccCm4TTM.s 			page 2


  31:Generated_Source\PSoC5/SPIM_INT.c **** *
  32:Generated_Source\PSoC5/SPIM_INT.c **** * Summary:
  33:Generated_Source\PSoC5/SPIM_INT.c **** *  Interrupt Service Routine for TX portion of the SPI Master.
  34:Generated_Source\PSoC5/SPIM_INT.c **** *
  35:Generated_Source\PSoC5/SPIM_INT.c **** * Parameters:
  36:Generated_Source\PSoC5/SPIM_INT.c **** *  None.
  37:Generated_Source\PSoC5/SPIM_INT.c **** *
  38:Generated_Source\PSoC5/SPIM_INT.c **** * Return:
  39:Generated_Source\PSoC5/SPIM_INT.c **** *  None.
  40:Generated_Source\PSoC5/SPIM_INT.c **** *
  41:Generated_Source\PSoC5/SPIM_INT.c **** * Global variables:
  42:Generated_Source\PSoC5/SPIM_INT.c **** *  SPIM_txBufferWrite - used for the account of the bytes which
  43:Generated_Source\PSoC5/SPIM_INT.c **** *  have been written down in the TX software buffer.
  44:Generated_Source\PSoC5/SPIM_INT.c **** *  SPIM_txBufferRead - used for the account of the bytes which
  45:Generated_Source\PSoC5/SPIM_INT.c **** *  have been read from the TX software buffer, modified when exist data to
  46:Generated_Source\PSoC5/SPIM_INT.c **** *  sending and FIFO Not Full.
  47:Generated_Source\PSoC5/SPIM_INT.c **** *  SPIM_txBuffer[SPIM_TX_BUFFER_SIZE] - used to store
  48:Generated_Source\PSoC5/SPIM_INT.c **** *  data to sending.
  49:Generated_Source\PSoC5/SPIM_INT.c **** *  All described above Global variables are used when Software Buffer is used.
  50:Generated_Source\PSoC5/SPIM_INT.c **** *
  51:Generated_Source\PSoC5/SPIM_INT.c **** *******************************************************************************/
  52:Generated_Source\PSoC5/SPIM_INT.c **** CY_ISR(SPIM_TX_ISR)
  53:Generated_Source\PSoC5/SPIM_INT.c **** {
  28              		.loc 1 53 0
  29              		.cfi_startproc
  30              		@ args = 0, pretend = 0, frame = 0
  31              		@ frame_needed = 0, uses_anonymous_args = 0
  32              		@ link register save eliminated.
  54:Generated_Source\PSoC5/SPIM_INT.c ****     #if(SPIM_TX_SOFTWARE_BUF_ENABLED)
  55:Generated_Source\PSoC5/SPIM_INT.c ****         uint8 tmpStatus;
  56:Generated_Source\PSoC5/SPIM_INT.c ****     #endif /* (SPIM_TX_SOFTWARE_BUF_ENABLED) */
  57:Generated_Source\PSoC5/SPIM_INT.c **** 
  58:Generated_Source\PSoC5/SPIM_INT.c ****     #ifdef SPIM_TX_ISR_ENTRY_CALLBACK
  59:Generated_Source\PSoC5/SPIM_INT.c ****         SPIM_TX_ISR_EntryCallback();
  60:Generated_Source\PSoC5/SPIM_INT.c ****     #endif /* SPIM_TX_ISR_ENTRY_CALLBACK */
  61:Generated_Source\PSoC5/SPIM_INT.c **** 
  62:Generated_Source\PSoC5/SPIM_INT.c ****     /* User code required at start of ISR */
  63:Generated_Source\PSoC5/SPIM_INT.c ****     /* `#START SPIM_TX_ISR_START` */
  64:Generated_Source\PSoC5/SPIM_INT.c **** 
  65:Generated_Source\PSoC5/SPIM_INT.c ****     /* `#END` */
  66:Generated_Source\PSoC5/SPIM_INT.c ****     
  67:Generated_Source\PSoC5/SPIM_INT.c ****     #if(SPIM_TX_SOFTWARE_BUF_ENABLED)
  68:Generated_Source\PSoC5/SPIM_INT.c ****         /* Check if TX data buffer is not empty and there is space in TX FIFO */
  69:Generated_Source\PSoC5/SPIM_INT.c ****         while(SPIM_txBufferRead != SPIM_txBufferWrite)
  33              		.loc 1 69 0
  34 0000 28E0     		b	.L2
  35              	.L6:
  70:Generated_Source\PSoC5/SPIM_INT.c ****         {
  71:Generated_Source\PSoC5/SPIM_INT.c ****             tmpStatus = SPIM_GET_STATUS_TX(SPIM_swStatusTx);
  36              		.loc 1 71 0
  37 0002 1F4B     		ldr	r3, .L8
  38 0004 1978     		ldrb	r1, [r3]	@ zero_extendqisi2
  39 0006 1F4A     		ldr	r2, .L8+4
  40 0008 1378     		ldrb	r3, [r2]	@ zero_extendqisi2
  41 000a 03F00903 		and	r3, r3, #9
  42 000e 0B43     		orrs	r3, r3, r1
  43              	.LVL0:
ARM GAS  C:\Users\Revanth\AppData\Local\Temp\ccCm4TTM.s 			page 3


  72:Generated_Source\PSoC5/SPIM_INT.c ****             SPIM_swStatusTx = tmpStatus;
  44              		.loc 1 72 0
  45 0010 1370     		strb	r3, [r2]
  73:Generated_Source\PSoC5/SPIM_INT.c **** 
  74:Generated_Source\PSoC5/SPIM_INT.c ****             if(0u != (SPIM_swStatusTx & SPIM_STS_TX_FIFO_NOT_FULL))
  46              		.loc 1 74 0
  47 0012 1378     		ldrb	r3, [r2]	@ zero_extendqisi2
  48              	.LVL1:
  49 0014 13F0040F 		tst	r3, #4
  50 0018 24D0     		beq	.L3
  75:Generated_Source\PSoC5/SPIM_INT.c ****             {
  76:Generated_Source\PSoC5/SPIM_INT.c ****                 if(0u == SPIM_txBufferFull)
  51              		.loc 1 76 0
  52 001a 1B4B     		ldr	r3, .L8+8
  53 001c 1B78     		ldrb	r3, [r3]	@ zero_extendqisi2
  54 001e 13F0FF0F 		tst	r3, #255
  55 0022 0CD1     		bne	.L4
  77:Generated_Source\PSoC5/SPIM_INT.c ****                 {
  78:Generated_Source\PSoC5/SPIM_INT.c ****                    SPIM_txBufferRead++;
  56              		.loc 1 78 0
  57 0024 194A     		ldr	r2, .L8+12
  58              	.LVL2:
  59 0026 1378     		ldrb	r3, [r2]	@ zero_extendqisi2
  60 0028 0133     		adds	r3, r3, #1
  61 002a DBB2     		uxtb	r3, r3
  62 002c 1370     		strb	r3, [r2]
  63              	.LVL3:
  79:Generated_Source\PSoC5/SPIM_INT.c **** 
  80:Generated_Source\PSoC5/SPIM_INT.c ****                     if(SPIM_txBufferRead >= SPIM_TX_BUFFER_SIZE)
  64              		.loc 1 80 0
  65 002e 1378     		ldrb	r3, [r2]	@ zero_extendqisi2
  66 0030 DBB2     		uxtb	r3, r3
  67 0032 042B     		cmp	r3, #4
  68 0034 06D9     		bls	.L5
  81:Generated_Source\PSoC5/SPIM_INT.c ****                     {
  82:Generated_Source\PSoC5/SPIM_INT.c ****                         SPIM_txBufferRead = 0u;
  69              		.loc 1 82 0
  70 0036 0022     		movs	r2, #0
  71 0038 144B     		ldr	r3, .L8+12
  72 003a 1A70     		strb	r2, [r3]
  73 003c 02E0     		b	.L5
  74              	.LVL4:
  75              	.L4:
  83:Generated_Source\PSoC5/SPIM_INT.c ****                     }
  84:Generated_Source\PSoC5/SPIM_INT.c ****                 }
  85:Generated_Source\PSoC5/SPIM_INT.c ****                 else
  86:Generated_Source\PSoC5/SPIM_INT.c ****                 {
  87:Generated_Source\PSoC5/SPIM_INT.c ****                     SPIM_txBufferFull = 0u;
  76              		.loc 1 87 0
  77 003e 0022     		movs	r2, #0
  78              	.LVL5:
  79 0040 114B     		ldr	r3, .L8+8
  80 0042 1A70     		strb	r2, [r3]
  81              	.LVL6:
  82              	.L5:
  88:Generated_Source\PSoC5/SPIM_INT.c ****                 }
  89:Generated_Source\PSoC5/SPIM_INT.c **** 
ARM GAS  C:\Users\Revanth\AppData\Local\Temp\ccCm4TTM.s 			page 4


  90:Generated_Source\PSoC5/SPIM_INT.c ****                 /* Put data element into the TX FIFO */
  91:Generated_Source\PSoC5/SPIM_INT.c ****                 CY_SET_REG8(SPIM_TXDATA_PTR, 
  83              		.loc 1 91 0
  84 0044 114B     		ldr	r3, .L8+12
  85 0046 1B78     		ldrb	r3, [r3]	@ zero_extendqisi2
  86 0048 DBB2     		uxtb	r3, r3
  87 004a 114A     		ldr	r2, .L8+16
  88 004c D35C     		ldrb	r3, [r2, r3]	@ zero_extendqisi2
  89 004e DBB2     		uxtb	r3, r3
  90 0050 104A     		ldr	r2, .L8+20
  91 0052 1370     		strb	r3, [r2]
  92              	.L2:
  69:Generated_Source\PSoC5/SPIM_INT.c ****         {
  93              		.loc 1 69 0
  94 0054 0D4B     		ldr	r3, .L8+12
  95 0056 1A78     		ldrb	r2, [r3]	@ zero_extendqisi2
  96 0058 D2B2     		uxtb	r2, r2
  97 005a 0F4B     		ldr	r3, .L8+24
  98 005c 1B78     		ldrb	r3, [r3]	@ zero_extendqisi2
  99 005e DBB2     		uxtb	r3, r3
 100 0060 9A42     		cmp	r2, r3
 101 0062 CED1     		bne	.L6
 102              	.L3:
  92:Generated_Source\PSoC5/SPIM_INT.c ****                                              SPIM_txBuffer[SPIM_txBufferRead]);
  93:Generated_Source\PSoC5/SPIM_INT.c ****             }
  94:Generated_Source\PSoC5/SPIM_INT.c ****             else
  95:Generated_Source\PSoC5/SPIM_INT.c ****             {
  96:Generated_Source\PSoC5/SPIM_INT.c ****                 break;
  97:Generated_Source\PSoC5/SPIM_INT.c ****             }
  98:Generated_Source\PSoC5/SPIM_INT.c ****         }
  99:Generated_Source\PSoC5/SPIM_INT.c **** 
 100:Generated_Source\PSoC5/SPIM_INT.c ****         if(SPIM_txBufferRead == SPIM_txBufferWrite)
 103              		.loc 1 100 0
 104 0064 094B     		ldr	r3, .L8+12
 105 0066 1A78     		ldrb	r2, [r3]	@ zero_extendqisi2
 106 0068 D2B2     		uxtb	r2, r2
 107 006a 0B4B     		ldr	r3, .L8+24
 108 006c 1B78     		ldrb	r3, [r3]	@ zero_extendqisi2
 109 006e DBB2     		uxtb	r3, r3
 110 0070 9A42     		cmp	r2, r3
 111 0072 04D1     		bne	.L1
 101:Generated_Source\PSoC5/SPIM_INT.c ****         {
 102:Generated_Source\PSoC5/SPIM_INT.c ****             /* TX Buffer is EMPTY: disable interrupt on TX NOT FULL */
 103:Generated_Source\PSoC5/SPIM_INT.c ****             SPIM_TX_STATUS_MASK_REG &= ((uint8) ~SPIM_STS_TX_FIFO_NOT_FULL);
 112              		.loc 1 103 0
 113 0074 094A     		ldr	r2, .L8+28
 114 0076 1378     		ldrb	r3, [r2]	@ zero_extendqisi2
 115 0078 03F0FB03 		and	r3, r3, #251
 116 007c 1370     		strb	r3, [r2]
 117              	.L1:
 118 007e 7047     		bx	lr
 119              	.L9:
 120              		.align	2
 121              	.L8:
 122 0080 63640040 		.word	1073767523
 123 0084 00000000 		.word	SPIM_swStatusTx
 124 0088 00000000 		.word	SPIM_txBufferFull
ARM GAS  C:\Users\Revanth\AppData\Local\Temp\ccCm4TTM.s 			page 5


 125 008c 00000000 		.word	SPIM_txBufferRead
 126 0090 00000000 		.word	SPIM_txBuffer
 127 0094 43640040 		.word	1073767491
 128 0098 00000000 		.word	SPIM_txBufferWrite
 129 009c 83640040 		.word	1073767555
 130              		.cfi_endproc
 131              	.LFE0:
 132              		.size	SPIM_TX_ISR, .-SPIM_TX_ISR
 133              		.section	.text.SPIM_RX_ISR,"ax",%progbits
 134              		.align	2
 135              		.global	SPIM_RX_ISR
 136              		.thumb
 137              		.thumb_func
 138              		.type	SPIM_RX_ISR, %function
 139              	SPIM_RX_ISR:
 140              	.LFB1:
 104:Generated_Source\PSoC5/SPIM_INT.c ****         }
 105:Generated_Source\PSoC5/SPIM_INT.c **** 
 106:Generated_Source\PSoC5/SPIM_INT.c ****     #endif /* (SPIM_TX_SOFTWARE_BUF_ENABLED) */
 107:Generated_Source\PSoC5/SPIM_INT.c **** 
 108:Generated_Source\PSoC5/SPIM_INT.c ****     /* User code required at end of ISR (Optional) */
 109:Generated_Source\PSoC5/SPIM_INT.c ****     /* `#START SPIM_TX_ISR_END` */
 110:Generated_Source\PSoC5/SPIM_INT.c **** 
 111:Generated_Source\PSoC5/SPIM_INT.c ****     /* `#END` */
 112:Generated_Source\PSoC5/SPIM_INT.c ****     
 113:Generated_Source\PSoC5/SPIM_INT.c ****     #ifdef SPIM_TX_ISR_EXIT_CALLBACK
 114:Generated_Source\PSoC5/SPIM_INT.c ****         SPIM_TX_ISR_ExitCallback();
 115:Generated_Source\PSoC5/SPIM_INT.c ****     #endif /* SPIM_TX_ISR_EXIT_CALLBACK */
 116:Generated_Source\PSoC5/SPIM_INT.c **** }
 117:Generated_Source\PSoC5/SPIM_INT.c **** 
 118:Generated_Source\PSoC5/SPIM_INT.c **** 
 119:Generated_Source\PSoC5/SPIM_INT.c **** /*******************************************************************************
 120:Generated_Source\PSoC5/SPIM_INT.c **** * Function Name: SPIM_RX_ISR
 121:Generated_Source\PSoC5/SPIM_INT.c **** ********************************************************************************
 122:Generated_Source\PSoC5/SPIM_INT.c **** *
 123:Generated_Source\PSoC5/SPIM_INT.c **** * Summary:
 124:Generated_Source\PSoC5/SPIM_INT.c **** *  Interrupt Service Routine for RX portion of the SPI Master.
 125:Generated_Source\PSoC5/SPIM_INT.c **** *
 126:Generated_Source\PSoC5/SPIM_INT.c **** * Parameters:
 127:Generated_Source\PSoC5/SPIM_INT.c **** *  None.
 128:Generated_Source\PSoC5/SPIM_INT.c **** *
 129:Generated_Source\PSoC5/SPIM_INT.c **** * Return:
 130:Generated_Source\PSoC5/SPIM_INT.c **** *  None.
 131:Generated_Source\PSoC5/SPIM_INT.c **** *
 132:Generated_Source\PSoC5/SPIM_INT.c **** * Global variables:
 133:Generated_Source\PSoC5/SPIM_INT.c **** *  SPIM_rxBufferWrite - used for the account of the bytes which
 134:Generated_Source\PSoC5/SPIM_INT.c **** *  have been written down in the RX software buffer modified when FIFO contains
 135:Generated_Source\PSoC5/SPIM_INT.c **** *  new data.
 136:Generated_Source\PSoC5/SPIM_INT.c **** *  SPIM_rxBufferRead - used for the account of the bytes which
 137:Generated_Source\PSoC5/SPIM_INT.c **** *  have been read from the RX software buffer, modified when overflow occurred.
 138:Generated_Source\PSoC5/SPIM_INT.c **** *  SPIM_rxBuffer[SPIM_RX_BUFFER_SIZE] - used to store
 139:Generated_Source\PSoC5/SPIM_INT.c **** *  received data, modified when FIFO contains new data.
 140:Generated_Source\PSoC5/SPIM_INT.c **** *  All described above Global variables are used when Software Buffer is used.
 141:Generated_Source\PSoC5/SPIM_INT.c **** *
 142:Generated_Source\PSoC5/SPIM_INT.c **** *******************************************************************************/
 143:Generated_Source\PSoC5/SPIM_INT.c **** CY_ISR(SPIM_RX_ISR)
 144:Generated_Source\PSoC5/SPIM_INT.c **** {
ARM GAS  C:\Users\Revanth\AppData\Local\Temp\ccCm4TTM.s 			page 6


 141              		.loc 1 144 0
 142              		.cfi_startproc
 143              		@ args = 0, pretend = 0, frame = 0
 144              		@ frame_needed = 0, uses_anonymous_args = 0
 145              		@ link register save eliminated.
 145:Generated_Source\PSoC5/SPIM_INT.c ****     #if(SPIM_RX_SOFTWARE_BUF_ENABLED)
 146:Generated_Source\PSoC5/SPIM_INT.c ****         uint8 tmpStatus;
 147:Generated_Source\PSoC5/SPIM_INT.c ****         uint8 rxData;
 148:Generated_Source\PSoC5/SPIM_INT.c ****     #endif /* (SPIM_RX_SOFTWARE_BUF_ENABLED) */
 149:Generated_Source\PSoC5/SPIM_INT.c **** 
 150:Generated_Source\PSoC5/SPIM_INT.c ****     #ifdef SPIM_RX_ISR_ENTRY_CALLBACK
 151:Generated_Source\PSoC5/SPIM_INT.c ****         SPIM_RX_ISR_EntryCallback();
 152:Generated_Source\PSoC5/SPIM_INT.c ****     #endif /* SPIM_RX_ISR_ENTRY_CALLBACK */
 153:Generated_Source\PSoC5/SPIM_INT.c **** 
 154:Generated_Source\PSoC5/SPIM_INT.c ****     /* User code required at start of ISR */
 155:Generated_Source\PSoC5/SPIM_INT.c ****     /* `#START SPIM_RX_ISR_START` */
 156:Generated_Source\PSoC5/SPIM_INT.c **** 
 157:Generated_Source\PSoC5/SPIM_INT.c ****     /* `#END` */
 158:Generated_Source\PSoC5/SPIM_INT.c ****     
 159:Generated_Source\PSoC5/SPIM_INT.c ****     #if(SPIM_RX_SOFTWARE_BUF_ENABLED)
 160:Generated_Source\PSoC5/SPIM_INT.c **** 
 161:Generated_Source\PSoC5/SPIM_INT.c ****         tmpStatus = SPIM_GET_STATUS_RX(SPIM_swStatusRx);
 146              		.loc 1 161 0
 147 0000 204B     		ldr	r3, .L16
 148 0002 1A78     		ldrb	r2, [r3]	@ zero_extendqisi2
 149 0004 2049     		ldr	r1, .L16+4
 150 0006 0B78     		ldrb	r3, [r1]	@ zero_extendqisi2
 151 0008 03F04003 		and	r3, r3, #64
 152 000c 1343     		orrs	r3, r3, r2
 153              	.LVL7:
 162:Generated_Source\PSoC5/SPIM_INT.c ****         SPIM_swStatusRx = tmpStatus;
 154              		.loc 1 162 0
 155 000e 0B70     		strb	r3, [r1]
 163:Generated_Source\PSoC5/SPIM_INT.c **** 
 164:Generated_Source\PSoC5/SPIM_INT.c ****         /* Check if RX data FIFO has some data to be moved into the RX Buffer */
 165:Generated_Source\PSoC5/SPIM_INT.c ****         while(0u != (SPIM_swStatusRx & SPIM_STS_RX_FIFO_NOT_EMPTY))
 156              		.loc 1 165 0
 157 0010 32E0     		b	.L11
 158              	.LVL8:
 159              	.L15:
 166:Generated_Source\PSoC5/SPIM_INT.c ****         {
 167:Generated_Source\PSoC5/SPIM_INT.c ****             rxData = CY_GET_REG8(SPIM_RXDATA_PTR);
 160              		.loc 1 167 0
 161 0012 1E4B     		ldr	r3, .L16+8
 162 0014 1A78     		ldrb	r2, [r3]	@ zero_extendqisi2
 163 0016 D2B2     		uxtb	r2, r2
 164              	.LVL9:
 168:Generated_Source\PSoC5/SPIM_INT.c **** 
 169:Generated_Source\PSoC5/SPIM_INT.c ****             /* Set next pointer. */
 170:Generated_Source\PSoC5/SPIM_INT.c ****             SPIM_rxBufferWrite++;
 165              		.loc 1 170 0
 166 0018 1D49     		ldr	r1, .L16+12
 167              	.LVL10:
 168 001a 0B78     		ldrb	r3, [r1]	@ zero_extendqisi2
 169 001c 0133     		adds	r3, r3, #1
 170 001e DBB2     		uxtb	r3, r3
 171 0020 0B70     		strb	r3, [r1]
ARM GAS  C:\Users\Revanth\AppData\Local\Temp\ccCm4TTM.s 			page 7


 172              	.LVL11:
 171:Generated_Source\PSoC5/SPIM_INT.c ****             if(SPIM_rxBufferWrite >= SPIM_RX_BUFFER_SIZE)
 173              		.loc 1 171 0
 174 0022 0B78     		ldrb	r3, [r1]	@ zero_extendqisi2
 175 0024 DBB2     		uxtb	r3, r3
 176 0026 052B     		cmp	r3, #5
 177 0028 02D9     		bls	.L12
 172:Generated_Source\PSoC5/SPIM_INT.c ****             {
 173:Generated_Source\PSoC5/SPIM_INT.c ****                 SPIM_rxBufferWrite = 0u;
 178              		.loc 1 173 0
 179 002a 0021     		movs	r1, #0
 180 002c 184B     		ldr	r3, .L16+12
 181 002e 1970     		strb	r1, [r3]
 182              	.L12:
 174:Generated_Source\PSoC5/SPIM_INT.c ****             }
 175:Generated_Source\PSoC5/SPIM_INT.c **** 
 176:Generated_Source\PSoC5/SPIM_INT.c ****             if(SPIM_rxBufferWrite == SPIM_rxBufferRead)
 183              		.loc 1 176 0
 184 0030 174B     		ldr	r3, .L16+12
 185 0032 1978     		ldrb	r1, [r3]	@ zero_extendqisi2
 186 0034 C9B2     		uxtb	r1, r1
 187 0036 174B     		ldr	r3, .L16+16
 188 0038 1B78     		ldrb	r3, [r3]	@ zero_extendqisi2
 189 003a DBB2     		uxtb	r3, r3
 190 003c 9942     		cmp	r1, r3
 191 003e 0ED1     		bne	.L13
 177:Generated_Source\PSoC5/SPIM_INT.c ****             {
 178:Generated_Source\PSoC5/SPIM_INT.c ****                 SPIM_rxBufferRead++;
 192              		.loc 1 178 0
 193 0040 1449     		ldr	r1, .L16+16
 194 0042 0B78     		ldrb	r3, [r1]	@ zero_extendqisi2
 195 0044 0133     		adds	r3, r3, #1
 196 0046 DBB2     		uxtb	r3, r3
 197 0048 0B70     		strb	r3, [r1]
 179:Generated_Source\PSoC5/SPIM_INT.c ****                 if(SPIM_rxBufferRead >= SPIM_RX_BUFFER_SIZE)
 198              		.loc 1 179 0
 199 004a 0B78     		ldrb	r3, [r1]	@ zero_extendqisi2
 200 004c DBB2     		uxtb	r3, r3
 201 004e 052B     		cmp	r3, #5
 202 0050 02D9     		bls	.L14
 180:Generated_Source\PSoC5/SPIM_INT.c ****                 {
 181:Generated_Source\PSoC5/SPIM_INT.c ****                     SPIM_rxBufferRead = 0u;
 203              		.loc 1 181 0
 204 0052 0021     		movs	r1, #0
 205 0054 0F4B     		ldr	r3, .L16+16
 206 0056 1970     		strb	r1, [r3]
 207              	.L14:
 182:Generated_Source\PSoC5/SPIM_INT.c ****                 }
 183:Generated_Source\PSoC5/SPIM_INT.c **** 
 184:Generated_Source\PSoC5/SPIM_INT.c ****                 SPIM_rxBufferFull = 1u;
 208              		.loc 1 184 0
 209 0058 0121     		movs	r1, #1
 210 005a 0F4B     		ldr	r3, .L16+20
 211 005c 1970     		strb	r1, [r3]
 212              	.L13:
 185:Generated_Source\PSoC5/SPIM_INT.c ****             }
 186:Generated_Source\PSoC5/SPIM_INT.c **** 
ARM GAS  C:\Users\Revanth\AppData\Local\Temp\ccCm4TTM.s 			page 8


 187:Generated_Source\PSoC5/SPIM_INT.c ****             /* Move data from the FIFO to the Buffer */
 188:Generated_Source\PSoC5/SPIM_INT.c ****             SPIM_rxBuffer[SPIM_rxBufferWrite] = rxData;
 213              		.loc 1 188 0
 214 005e 0C4B     		ldr	r3, .L16+12
 215 0060 1B78     		ldrb	r3, [r3]	@ zero_extendqisi2
 216 0062 DBB2     		uxtb	r3, r3
 217 0064 0D49     		ldr	r1, .L16+24
 218 0066 CA54     		strb	r2, [r1, r3]
 189:Generated_Source\PSoC5/SPIM_INT.c **** 
 190:Generated_Source\PSoC5/SPIM_INT.c ****             tmpStatus = SPIM_GET_STATUS_RX(SPIM_swStatusRx);
 219              		.loc 1 190 0
 220 0068 064B     		ldr	r3, .L16
 221 006a 1A78     		ldrb	r2, [r3]	@ zero_extendqisi2
 222              	.LVL12:
 223 006c 0649     		ldr	r1, .L16+4
 224 006e 0B78     		ldrb	r3, [r1]	@ zero_extendqisi2
 225 0070 03F04003 		and	r3, r3, #64
 226 0074 1343     		orrs	r3, r3, r2
 227              	.LVL13:
 191:Generated_Source\PSoC5/SPIM_INT.c ****             SPIM_swStatusRx = tmpStatus;
 228              		.loc 1 191 0
 229 0076 0B70     		strb	r3, [r1]
 230              	.L11:
 165:Generated_Source\PSoC5/SPIM_INT.c ****         {
 231              		.loc 1 165 0
 232 0078 034B     		ldr	r3, .L16+4
 233              	.LVL14:
 234 007a 1B78     		ldrb	r3, [r3]	@ zero_extendqisi2
 235 007c 13F0200F 		tst	r3, #32
 236 0080 C7D1     		bne	.L15
 192:Generated_Source\PSoC5/SPIM_INT.c ****         }
 193:Generated_Source\PSoC5/SPIM_INT.c **** 
 194:Generated_Source\PSoC5/SPIM_INT.c ****     #endif /* (SPIM_RX_SOFTWARE_BUF_ENABLED) */
 195:Generated_Source\PSoC5/SPIM_INT.c **** 
 196:Generated_Source\PSoC5/SPIM_INT.c ****     /* User code required at end of ISR (Optional) */
 197:Generated_Source\PSoC5/SPIM_INT.c ****     /* `#START SPIM_RX_ISR_END` */
 198:Generated_Source\PSoC5/SPIM_INT.c **** 
 199:Generated_Source\PSoC5/SPIM_INT.c ****     /* `#END` */
 200:Generated_Source\PSoC5/SPIM_INT.c ****     
 201:Generated_Source\PSoC5/SPIM_INT.c ****     #ifdef SPIM_RX_ISR_EXIT_CALLBACK
 202:Generated_Source\PSoC5/SPIM_INT.c ****         SPIM_RX_ISR_ExitCallback();
 203:Generated_Source\PSoC5/SPIM_INT.c ****     #endif /* SPIM_RX_ISR_EXIT_CALLBACK */
 204:Generated_Source\PSoC5/SPIM_INT.c **** }
 237              		.loc 1 204 0
 238 0082 7047     		bx	lr
 239              	.L17:
 240              		.align	2
 241              	.L16:
 242 0084 64640040 		.word	1073767524
 243 0088 00000000 		.word	SPIM_swStatusRx
 244 008c 53640040 		.word	1073767507
 245 0090 00000000 		.word	SPIM_rxBufferWrite
 246 0094 00000000 		.word	SPIM_rxBufferRead
 247 0098 00000000 		.word	SPIM_rxBufferFull
 248 009c 00000000 		.word	SPIM_rxBuffer
 249              		.cfi_endproc
 250              	.LFE1:
ARM GAS  C:\Users\Revanth\AppData\Local\Temp\ccCm4TTM.s 			page 9


 251              		.size	SPIM_RX_ISR, .-SPIM_RX_ISR
 252              		.text
 253              	.Letext0:
 254              		.file 2 "Generated_Source\\PSoC5\\cytypes.h"
 255              		.file 3 "Generated_Source\\PSoC5\\SPIM_PVT.h"
 256              		.section	.debug_info,"",%progbits
 257              	.Ldebug_info0:
 258 0000 99010000 		.4byte	0x199
 259 0004 0400     		.2byte	0x4
 260 0006 00000000 		.4byte	.Ldebug_abbrev0
 261 000a 04       		.byte	0x4
 262 000b 01       		.uleb128 0x1
 263 000c DD000000 		.4byte	.LASF30
 264 0010 0C       		.byte	0xc
 265 0011 71000000 		.4byte	.LASF31
 266 0015 0C000000 		.4byte	.LASF32
 267 0019 00000000 		.4byte	.Ldebug_ranges0+0
 268 001d 00000000 		.4byte	0
 269 0021 00000000 		.4byte	.Ldebug_line0
 270 0025 02       		.uleb128 0x2
 271 0026 01       		.byte	0x1
 272 0027 06       		.byte	0x6
 273 0028 5E020000 		.4byte	.LASF0
 274 002c 02       		.uleb128 0x2
 275 002d 01       		.byte	0x1
 276 002e 08       		.byte	0x8
 277 002f CF000000 		.4byte	.LASF1
 278 0033 02       		.uleb128 0x2
 279 0034 02       		.byte	0x2
 280 0035 05       		.byte	0x5
 281 0036 35020000 		.4byte	.LASF2
 282 003a 02       		.uleb128 0x2
 283 003b 02       		.byte	0x2
 284 003c 07       		.byte	0x7
 285 003d 50000000 		.4byte	.LASF3
 286 0041 02       		.uleb128 0x2
 287 0042 04       		.byte	0x4
 288 0043 05       		.byte	0x5
 289 0044 3F020000 		.4byte	.LASF4
 290 0048 02       		.uleb128 0x2
 291 0049 04       		.byte	0x4
 292 004a 07       		.byte	0x7
 293 004b 7D010000 		.4byte	.LASF5
 294 004f 02       		.uleb128 0x2
 295 0050 08       		.byte	0x8
 296 0051 05       		.byte	0x5
 297 0052 22020000 		.4byte	.LASF6
 298 0056 02       		.uleb128 0x2
 299 0057 08       		.byte	0x8
 300 0058 07       		.byte	0x7
 301 0059 DE010000 		.4byte	.LASF7
 302 005d 03       		.uleb128 0x3
 303 005e 04       		.byte	0x4
 304 005f 05       		.byte	0x5
 305 0060 696E7400 		.ascii	"int\000"
 306 0064 02       		.uleb128 0x2
 307 0065 04       		.byte	0x4
ARM GAS  C:\Users\Revanth\AppData\Local\Temp\ccCm4TTM.s 			page 10


 308 0066 07       		.byte	0x7
 309 0067 D1010000 		.4byte	.LASF8
 310 006b 04       		.uleb128 0x4
 311 006c 8F010000 		.4byte	.LASF12
 312 0070 02       		.byte	0x2
 313 0071 E401     		.2byte	0x1e4
 314 0073 2C000000 		.4byte	0x2c
 315 0077 02       		.uleb128 0x2
 316 0078 04       		.byte	0x4
 317 0079 04       		.byte	0x4
 318 007a B7000000 		.4byte	.LASF9
 319 007e 02       		.uleb128 0x2
 320 007f 08       		.byte	0x8
 321 0080 04       		.byte	0x4
 322 0081 9C010000 		.4byte	.LASF10
 323 0085 02       		.uleb128 0x2
 324 0086 01       		.byte	0x1
 325 0087 08       		.byte	0x8
 326 0088 30020000 		.4byte	.LASF11
 327 008c 04       		.uleb128 0x4
 328 008d 08020000 		.4byte	.LASF13
 329 0091 02       		.byte	0x2
 330 0092 8E02     		.2byte	0x28e
 331 0094 98000000 		.4byte	0x98
 332 0098 05       		.uleb128 0x5
 333 0099 6B000000 		.4byte	0x6b
 334 009d 02       		.uleb128 0x2
 335 009e 08       		.byte	0x8
 336 009f 04       		.byte	0x4
 337 00a0 52020000 		.4byte	.LASF14
 338 00a4 02       		.uleb128 0x2
 339 00a5 04       		.byte	0x4
 340 00a6 07       		.byte	0x7
 341 00a7 0D020000 		.4byte	.LASF15
 342 00ab 06       		.uleb128 0x6
 343 00ac 16020000 		.4byte	.LASF16
 344 00b0 01       		.byte	0x1
 345 00b1 34       		.byte	0x34
 346 00b2 00000000 		.4byte	.LFB0
 347 00b6 A0000000 		.4byte	.LFE0-.LFB0
 348 00ba 01       		.uleb128 0x1
 349 00bb 9C       		.byte	0x9c
 350 00bc D0000000 		.4byte	0xd0
 351 00c0 07       		.uleb128 0x7
 352 00c1 48020000 		.4byte	.LASF18
 353 00c5 01       		.byte	0x1
 354 00c6 37       		.byte	0x37
 355 00c7 6B000000 		.4byte	0x6b
 356 00cb 00000000 		.4byte	.LLST0
 357 00cf 00       		.byte	0
 358 00d0 06       		.uleb128 0x6
 359 00d1 00000000 		.4byte	.LASF17
 360 00d5 01       		.byte	0x1
 361 00d6 8F       		.byte	0x8f
 362 00d7 00000000 		.4byte	.LFB1
 363 00db A0000000 		.4byte	.LFE1-.LFB1
 364 00df 01       		.uleb128 0x1
ARM GAS  C:\Users\Revanth\AppData\Local\Temp\ccCm4TTM.s 			page 11


 365 00e0 9C       		.byte	0x9c
 366 00e1 04010000 		.4byte	0x104
 367 00e5 07       		.uleb128 0x7
 368 00e6 48020000 		.4byte	.LASF18
 369 00ea 01       		.byte	0x1
 370 00eb 92       		.byte	0x92
 371 00ec 6B000000 		.4byte	0x6b
 372 00f0 2B000000 		.4byte	.LLST1
 373 00f4 07       		.uleb128 0x7
 374 00f5 95010000 		.4byte	.LASF19
 375 00f9 01       		.byte	0x1
 376 00fa 93       		.byte	0x93
 377 00fb 6B000000 		.4byte	0x6b
 378 00ff 61000000 		.4byte	.LLST2
 379 0103 00       		.byte	0
 380 0104 08       		.uleb128 0x8
 381 0105 C1010000 		.4byte	.LASF20
 382 0109 03       		.byte	0x3
 383 010a 21       		.byte	0x21
 384 010b 98000000 		.4byte	0x98
 385 010f 08       		.uleb128 0x8
 386 0110 A3010000 		.4byte	.LASF21
 387 0114 03       		.byte	0x3
 388 0115 22       		.byte	0x22
 389 0116 98000000 		.4byte	0x98
 390 011a 09       		.uleb128 0x9
 391 011b 98000000 		.4byte	0x98
 392 011f 2A010000 		.4byte	0x12a
 393 0123 0A       		.uleb128 0xa
 394 0124 A4000000 		.4byte	0xa4
 395 0128 04       		.byte	0x4
 396 0129 00       		.byte	0
 397 012a 08       		.uleb128 0x8
 398 012b 63000000 		.4byte	.LASF22
 399 012f 03       		.byte	0x3
 400 0130 25       		.byte	0x25
 401 0131 35010000 		.4byte	0x135
 402 0135 05       		.uleb128 0x5
 403 0136 1A010000 		.4byte	0x11a
 404 013a 08       		.uleb128 0x8
 405 013b 6B010000 		.4byte	.LASF23
 406 013f 03       		.byte	0x3
 407 0140 26       		.byte	0x26
 408 0141 98000000 		.4byte	0x98
 409 0145 08       		.uleb128 0x8
 410 0146 6A020000 		.4byte	.LASF24
 411 014a 03       		.byte	0x3
 412 014b 27       		.byte	0x27
 413 014c 98000000 		.4byte	0x98
 414 0150 08       		.uleb128 0x8
 415 0151 93000000 		.4byte	.LASF25
 416 0155 03       		.byte	0x3
 417 0156 28       		.byte	0x28
 418 0157 98000000 		.4byte	0x98
 419 015b 09       		.uleb128 0x9
 420 015c 98000000 		.4byte	0x98
 421 0160 6B010000 		.4byte	0x16b
ARM GAS  C:\Users\Revanth\AppData\Local\Temp\ccCm4TTM.s 			page 12


 422 0164 0A       		.uleb128 0xa
 423 0165 A4000000 		.4byte	0xa4
 424 0169 05       		.byte	0x5
 425 016a 00       		.byte	0
 426 016b 08       		.uleb128 0x8
 427 016c B3010000 		.4byte	.LASF26
 428 0170 03       		.byte	0x3
 429 0171 2C       		.byte	0x2c
 430 0172 76010000 		.4byte	0x176
 431 0176 05       		.uleb128 0x5
 432 0177 5B010000 		.4byte	0x15b
 433 017b 08       		.uleb128 0x8
 434 017c BD000000 		.4byte	.LASF27
 435 0180 03       		.byte	0x3
 436 0181 2D       		.byte	0x2d
 437 0182 98000000 		.4byte	0x98
 438 0186 08       		.uleb128 0x8
 439 0187 F5010000 		.4byte	.LASF28
 440 018b 03       		.byte	0x3
 441 018c 2E       		.byte	0x2e
 442 018d 98000000 		.4byte	0x98
 443 0191 08       		.uleb128 0x8
 444 0192 A5000000 		.4byte	.LASF29
 445 0196 03       		.byte	0x3
 446 0197 2F       		.byte	0x2f
 447 0198 98000000 		.4byte	0x98
 448 019c 00       		.byte	0
 449              		.section	.debug_abbrev,"",%progbits
 450              	.Ldebug_abbrev0:
 451 0000 01       		.uleb128 0x1
 452 0001 11       		.uleb128 0x11
 453 0002 01       		.byte	0x1
 454 0003 25       		.uleb128 0x25
 455 0004 0E       		.uleb128 0xe
 456 0005 13       		.uleb128 0x13
 457 0006 0B       		.uleb128 0xb
 458 0007 03       		.uleb128 0x3
 459 0008 0E       		.uleb128 0xe
 460 0009 1B       		.uleb128 0x1b
 461 000a 0E       		.uleb128 0xe
 462 000b 55       		.uleb128 0x55
 463 000c 17       		.uleb128 0x17
 464 000d 11       		.uleb128 0x11
 465 000e 01       		.uleb128 0x1
 466 000f 10       		.uleb128 0x10
 467 0010 17       		.uleb128 0x17
 468 0011 00       		.byte	0
 469 0012 00       		.byte	0
 470 0013 02       		.uleb128 0x2
 471 0014 24       		.uleb128 0x24
 472 0015 00       		.byte	0
 473 0016 0B       		.uleb128 0xb
 474 0017 0B       		.uleb128 0xb
 475 0018 3E       		.uleb128 0x3e
 476 0019 0B       		.uleb128 0xb
 477 001a 03       		.uleb128 0x3
 478 001b 0E       		.uleb128 0xe
ARM GAS  C:\Users\Revanth\AppData\Local\Temp\ccCm4TTM.s 			page 13


 479 001c 00       		.byte	0
 480 001d 00       		.byte	0
 481 001e 03       		.uleb128 0x3
 482 001f 24       		.uleb128 0x24
 483 0020 00       		.byte	0
 484 0021 0B       		.uleb128 0xb
 485 0022 0B       		.uleb128 0xb
 486 0023 3E       		.uleb128 0x3e
 487 0024 0B       		.uleb128 0xb
 488 0025 03       		.uleb128 0x3
 489 0026 08       		.uleb128 0x8
 490 0027 00       		.byte	0
 491 0028 00       		.byte	0
 492 0029 04       		.uleb128 0x4
 493 002a 16       		.uleb128 0x16
 494 002b 00       		.byte	0
 495 002c 03       		.uleb128 0x3
 496 002d 0E       		.uleb128 0xe
 497 002e 3A       		.uleb128 0x3a
 498 002f 0B       		.uleb128 0xb
 499 0030 3B       		.uleb128 0x3b
 500 0031 05       		.uleb128 0x5
 501 0032 49       		.uleb128 0x49
 502 0033 13       		.uleb128 0x13
 503 0034 00       		.byte	0
 504 0035 00       		.byte	0
 505 0036 05       		.uleb128 0x5
 506 0037 35       		.uleb128 0x35
 507 0038 00       		.byte	0
 508 0039 49       		.uleb128 0x49
 509 003a 13       		.uleb128 0x13
 510 003b 00       		.byte	0
 511 003c 00       		.byte	0
 512 003d 06       		.uleb128 0x6
 513 003e 2E       		.uleb128 0x2e
 514 003f 01       		.byte	0x1
 515 0040 3F       		.uleb128 0x3f
 516 0041 19       		.uleb128 0x19
 517 0042 03       		.uleb128 0x3
 518 0043 0E       		.uleb128 0xe
 519 0044 3A       		.uleb128 0x3a
 520 0045 0B       		.uleb128 0xb
 521 0046 3B       		.uleb128 0x3b
 522 0047 0B       		.uleb128 0xb
 523 0048 27       		.uleb128 0x27
 524 0049 19       		.uleb128 0x19
 525 004a 11       		.uleb128 0x11
 526 004b 01       		.uleb128 0x1
 527 004c 12       		.uleb128 0x12
 528 004d 06       		.uleb128 0x6
 529 004e 40       		.uleb128 0x40
 530 004f 18       		.uleb128 0x18
 531 0050 9742     		.uleb128 0x2117
 532 0052 19       		.uleb128 0x19
 533 0053 01       		.uleb128 0x1
 534 0054 13       		.uleb128 0x13
 535 0055 00       		.byte	0
ARM GAS  C:\Users\Revanth\AppData\Local\Temp\ccCm4TTM.s 			page 14


 536 0056 00       		.byte	0
 537 0057 07       		.uleb128 0x7
 538 0058 34       		.uleb128 0x34
 539 0059 00       		.byte	0
 540 005a 03       		.uleb128 0x3
 541 005b 0E       		.uleb128 0xe
 542 005c 3A       		.uleb128 0x3a
 543 005d 0B       		.uleb128 0xb
 544 005e 3B       		.uleb128 0x3b
 545 005f 0B       		.uleb128 0xb
 546 0060 49       		.uleb128 0x49
 547 0061 13       		.uleb128 0x13
 548 0062 02       		.uleb128 0x2
 549 0063 17       		.uleb128 0x17
 550 0064 00       		.byte	0
 551 0065 00       		.byte	0
 552 0066 08       		.uleb128 0x8
 553 0067 34       		.uleb128 0x34
 554 0068 00       		.byte	0
 555 0069 03       		.uleb128 0x3
 556 006a 0E       		.uleb128 0xe
 557 006b 3A       		.uleb128 0x3a
 558 006c 0B       		.uleb128 0xb
 559 006d 3B       		.uleb128 0x3b
 560 006e 0B       		.uleb128 0xb
 561 006f 49       		.uleb128 0x49
 562 0070 13       		.uleb128 0x13
 563 0071 3F       		.uleb128 0x3f
 564 0072 19       		.uleb128 0x19
 565 0073 3C       		.uleb128 0x3c
 566 0074 19       		.uleb128 0x19
 567 0075 00       		.byte	0
 568 0076 00       		.byte	0
 569 0077 09       		.uleb128 0x9
 570 0078 01       		.uleb128 0x1
 571 0079 01       		.byte	0x1
 572 007a 49       		.uleb128 0x49
 573 007b 13       		.uleb128 0x13
 574 007c 01       		.uleb128 0x1
 575 007d 13       		.uleb128 0x13
 576 007e 00       		.byte	0
 577 007f 00       		.byte	0
 578 0080 0A       		.uleb128 0xa
 579 0081 21       		.uleb128 0x21
 580 0082 00       		.byte	0
 581 0083 49       		.uleb128 0x49
 582 0084 13       		.uleb128 0x13
 583 0085 2F       		.uleb128 0x2f
 584 0086 0B       		.uleb128 0xb
 585 0087 00       		.byte	0
 586 0088 00       		.byte	0
 587 0089 00       		.byte	0
 588              		.section	.debug_loc,"",%progbits
 589              	.Ldebug_loc0:
 590              	.LLST0:
 591 0000 10000000 		.4byte	.LVL0
 592 0004 14000000 		.4byte	.LVL1
ARM GAS  C:\Users\Revanth\AppData\Local\Temp\ccCm4TTM.s 			page 15


 593 0008 0100     		.2byte	0x1
 594 000a 53       		.byte	0x53
 595 000b 14000000 		.4byte	.LVL1
 596 000f 26000000 		.4byte	.LVL2
 597 0013 0200     		.2byte	0x2
 598 0015 72       		.byte	0x72
 599 0016 00       		.sleb128 0
 600 0017 3E000000 		.4byte	.LVL4
 601 001b 40000000 		.4byte	.LVL5
 602 001f 0200     		.2byte	0x2
 603 0021 72       		.byte	0x72
 604 0022 00       		.sleb128 0
 605 0023 00000000 		.4byte	0
 606 0027 00000000 		.4byte	0
 607              	.LLST1:
 608 002b 0E000000 		.4byte	.LVL7
 609 002f 12000000 		.4byte	.LVL8
 610 0033 0100     		.2byte	0x1
 611 0035 53       		.byte	0x53
 612 0036 12000000 		.4byte	.LVL8
 613 003a 1A000000 		.4byte	.LVL10
 614 003e 0200     		.2byte	0x2
 615 0040 71       		.byte	0x71
 616 0041 00       		.sleb128 0
 617 0042 76000000 		.4byte	.LVL13
 618 0046 7A000000 		.4byte	.LVL14
 619 004a 0100     		.2byte	0x1
 620 004c 53       		.byte	0x53
 621 004d 7A000000 		.4byte	.LVL14
 622 0051 A0000000 		.4byte	.LFE1
 623 0055 0200     		.2byte	0x2
 624 0057 71       		.byte	0x71
 625 0058 00       		.sleb128 0
 626 0059 00000000 		.4byte	0
 627 005d 00000000 		.4byte	0
 628              	.LLST2:
 629 0061 18000000 		.4byte	.LVL9
 630 0065 6C000000 		.4byte	.LVL12
 631 0069 0100     		.2byte	0x1
 632 006b 52       		.byte	0x52
 633 006c 00000000 		.4byte	0
 634 0070 00000000 		.4byte	0
 635              		.section	.debug_aranges,"",%progbits
 636 0000 24000000 		.4byte	0x24
 637 0004 0200     		.2byte	0x2
 638 0006 00000000 		.4byte	.Ldebug_info0
 639 000a 04       		.byte	0x4
 640 000b 00       		.byte	0
 641 000c 0000     		.2byte	0
 642 000e 0000     		.2byte	0
 643 0010 00000000 		.4byte	.LFB0
 644 0014 A0000000 		.4byte	.LFE0-.LFB0
 645 0018 00000000 		.4byte	.LFB1
 646 001c A0000000 		.4byte	.LFE1-.LFB1
 647 0020 00000000 		.4byte	0
 648 0024 00000000 		.4byte	0
 649              		.section	.debug_ranges,"",%progbits
ARM GAS  C:\Users\Revanth\AppData\Local\Temp\ccCm4TTM.s 			page 16


 650              	.Ldebug_ranges0:
 651 0000 00000000 		.4byte	.LFB0
 652 0004 A0000000 		.4byte	.LFE0
 653 0008 00000000 		.4byte	.LFB1
 654 000c A0000000 		.4byte	.LFE1
 655 0010 00000000 		.4byte	0
 656 0014 00000000 		.4byte	0
 657              		.section	.debug_line,"",%progbits
 658              	.Ldebug_line0:
 659 0000 A2000000 		.section	.debug_str,"MS",%progbits,1
 659      02005300 
 659      00000201 
 659      FB0E0D00 
 659      01010101 
 660              	.LASF17:
 661 0000 5350494D 		.ascii	"SPIM_RX_ISR\000"
 661      5F52585F 
 661      49535200 
 662              	.LASF32:
 663 000c 433A5C55 		.ascii	"C:\\Users\\Revanth\\Documents\\GitHub\\AS76_FFP\\AS"
 663      73657273 
 663      5C526576 
 663      616E7468 
 663      5C446F63 
 664 0039 37365F46 		.ascii	"76_FFP\\AS76_FFP6.cydsn\000"
 664      46505C41 
 664      5337365F 
 664      46465036 
 664      2E637964 
 665              	.LASF3:
 666 0050 73686F72 		.ascii	"short unsigned int\000"
 666      7420756E 
 666      7369676E 
 666      65642069 
 666      6E7400
 667              	.LASF22:
 668 0063 5350494D 		.ascii	"SPIM_txBuffer\000"
 668      5F747842 
 668      75666665 
 668      7200
 669              	.LASF31:
 670 0071 47656E65 		.ascii	"Generated_Source\\PSoC5\\SPIM_INT.c\000"
 670      72617465 
 670      645F536F 
 670      75726365 
 670      5C50536F 
 671              	.LASF25:
 672 0093 5350494D 		.ascii	"SPIM_txBufferFull\000"
 672      5F747842 
 672      75666665 
 672      7246756C 
 672      6C00
 673              	.LASF29:
 674 00a5 5350494D 		.ascii	"SPIM_rxBufferFull\000"
 674      5F727842 
 674      75666665 
 674      7246756C 
ARM GAS  C:\Users\Revanth\AppData\Local\Temp\ccCm4TTM.s 			page 17


 674      6C00
 675              	.LASF9:
 676 00b7 666C6F61 		.ascii	"float\000"
 676      7400
 677              	.LASF27:
 678 00bd 5350494D 		.ascii	"SPIM_rxBufferRead\000"
 678      5F727842 
 678      75666665 
 678      72526561 
 678      6400
 679              	.LASF1:
 680 00cf 756E7369 		.ascii	"unsigned char\000"
 680      676E6564 
 680      20636861 
 680      7200
 681              	.LASF30:
 682 00dd 474E5520 		.ascii	"GNU C11 5.4.1 20160609 (release) [ARM/embedded-5-br"
 682      43313120 
 682      352E342E 
 682      31203230 
 682      31363036 
 683 0110 616E6368 		.ascii	"anch revision 237715] -mcpu=cortex-m3 -mthumb -g -O"
 683      20726576 
 683      6973696F 
 683      6E203233 
 683      37373135 
 684 0143 67202D66 		.ascii	"g -ffunction-sections -ffat-lto-objects\000"
 684      66756E63 
 684      74696F6E 
 684      2D736563 
 684      74696F6E 
 685              	.LASF23:
 686 016b 5350494D 		.ascii	"SPIM_txBufferRead\000"
 686      5F747842 
 686      75666665 
 686      72526561 
 686      6400
 687              	.LASF5:
 688 017d 6C6F6E67 		.ascii	"long unsigned int\000"
 688      20756E73 
 688      69676E65 
 688      6420696E 
 688      7400
 689              	.LASF12:
 690 018f 75696E74 		.ascii	"uint8\000"
 690      3800
 691              	.LASF19:
 692 0195 72784461 		.ascii	"rxData\000"
 692      746100
 693              	.LASF10:
 694 019c 646F7562 		.ascii	"double\000"
 694      6C6500
 695              	.LASF21:
 696 01a3 5350494D 		.ascii	"SPIM_swStatusRx\000"
 696      5F737753 
 696      74617475 
 696      73527800 
ARM GAS  C:\Users\Revanth\AppData\Local\Temp\ccCm4TTM.s 			page 18


 697              	.LASF26:
 698 01b3 5350494D 		.ascii	"SPIM_rxBuffer\000"
 698      5F727842 
 698      75666665 
 698      7200
 699              	.LASF20:
 700 01c1 5350494D 		.ascii	"SPIM_swStatusTx\000"
 700      5F737753 
 700      74617475 
 700      73547800 
 701              	.LASF8:
 702 01d1 756E7369 		.ascii	"unsigned int\000"
 702      676E6564 
 702      20696E74 
 702      00
 703              	.LASF7:
 704 01de 6C6F6E67 		.ascii	"long long unsigned int\000"
 704      206C6F6E 
 704      6720756E 
 704      7369676E 
 704      65642069 
 705              	.LASF28:
 706 01f5 5350494D 		.ascii	"SPIM_rxBufferWrite\000"
 706      5F727842 
 706      75666665 
 706      72577269 
 706      746500
 707              	.LASF13:
 708 0208 72656738 		.ascii	"reg8\000"
 708      00
 709              	.LASF15:
 710 020d 73697A65 		.ascii	"sizetype\000"
 710      74797065 
 710      00
 711              	.LASF16:
 712 0216 5350494D 		.ascii	"SPIM_TX_ISR\000"
 712      5F54585F 
 712      49535200 
 713              	.LASF6:
 714 0222 6C6F6E67 		.ascii	"long long int\000"
 714      206C6F6E 
 714      6720696E 
 714      7400
 715              	.LASF11:
 716 0230 63686172 		.ascii	"char\000"
 716      00
 717              	.LASF2:
 718 0235 73686F72 		.ascii	"short int\000"
 718      7420696E 
 718      7400
 719              	.LASF4:
 720 023f 6C6F6E67 		.ascii	"long int\000"
 720      20696E74 
 720      00
 721              	.LASF18:
 722 0248 746D7053 		.ascii	"tmpStatus\000"
 722      74617475 
ARM GAS  C:\Users\Revanth\AppData\Local\Temp\ccCm4TTM.s 			page 19


 722      7300
 723              	.LASF14:
 724 0252 6C6F6E67 		.ascii	"long double\000"
 724      20646F75 
 724      626C6500 
 725              	.LASF0:
 726 025e 7369676E 		.ascii	"signed char\000"
 726      65642063 
 726      68617200 
 727              	.LASF24:
 728 026a 5350494D 		.ascii	"SPIM_txBufferWrite\000"
 728      5F747842 
 728      75666665 
 728      72577269 
 728      746500
 729              		.ident	"GCC: (GNU Tools for ARM Embedded Processors) 5.4.1 20160609 (release) [ARM/embedded-5-bran
