ARM GAS  C:\Users\Revanth\AppData\Local\Temp\ccBqnU9l.s 			page 1


   1              		.syntax unified
   2              		.cpu cortex-m3
   3              		.fpu softvfp
   4              		.eabi_attribute 20, 1
   5              		.eabi_attribute 21, 1
   6              		.eabi_attribute 23, 3
   7              		.eabi_attribute 24, 1
   8              		.eabi_attribute 25, 1
   9              		.eabi_attribute 26, 1
  10              		.eabi_attribute 30, 1
  11              		.eabi_attribute 34, 1
  12              		.eabi_attribute 18, 4
  13              		.thumb
  14              		.syntax unified
  15              		.file	"USB_cls.c"
  16              		.text
  17              	.Ltext0:
  18              		.cfi_sections	.debug_frame
  19              		.section	.text.USB_DispatchClassRqst,"ax",%progbits
  20              		.align	2
  21              		.global	USB_DispatchClassRqst
  22              		.thumb
  23              		.thumb_func
  24              		.type	USB_DispatchClassRqst, %function
  25              	USB_DispatchClassRqst:
  26              	.LFB0:
  27              		.file 1 "Generated_Source\\PSoC5\\USB_cls.c"
   1:Generated_Source\PSoC5/USB_cls.c **** /***************************************************************************//**
   2:Generated_Source\PSoC5/USB_cls.c **** * \file USB_cls.c
   3:Generated_Source\PSoC5/USB_cls.c **** * \version 3.20
   4:Generated_Source\PSoC5/USB_cls.c **** *
   5:Generated_Source\PSoC5/USB_cls.c **** * \brief
   6:Generated_Source\PSoC5/USB_cls.c **** *  This file contains the USB Class request handler.
   7:Generated_Source\PSoC5/USB_cls.c **** *
   8:Generated_Source\PSoC5/USB_cls.c **** ********************************************************************************
   9:Generated_Source\PSoC5/USB_cls.c **** * \copyright
  10:Generated_Source\PSoC5/USB_cls.c **** * Copyright 2008-2016, Cypress Semiconductor Corporation.  All rights reserved.
  11:Generated_Source\PSoC5/USB_cls.c **** * You may use this file only in accordance with the license, terms, conditions,
  12:Generated_Source\PSoC5/USB_cls.c **** * disclaimers, and limitations in the end user license agreement accompanying
  13:Generated_Source\PSoC5/USB_cls.c **** * the software package with which this file was provided.
  14:Generated_Source\PSoC5/USB_cls.c **** *******************************************************************************/
  15:Generated_Source\PSoC5/USB_cls.c **** 
  16:Generated_Source\PSoC5/USB_cls.c **** #include "USB_pvt.h"
  17:Generated_Source\PSoC5/USB_cls.c **** #include "cyapicallbacks.h"
  18:Generated_Source\PSoC5/USB_cls.c **** 
  19:Generated_Source\PSoC5/USB_cls.c **** #if(USB_EXTERN_CLS == USB_FALSE)
  20:Generated_Source\PSoC5/USB_cls.c **** 
  21:Generated_Source\PSoC5/USB_cls.c **** /***************************************
  22:Generated_Source\PSoC5/USB_cls.c **** * User Implemented Class Driver Declarations.
  23:Generated_Source\PSoC5/USB_cls.c **** ***************************************/
  24:Generated_Source\PSoC5/USB_cls.c **** /* `#START USER_DEFINED_CLASS_DECLARATIONS` Place your declaration here */
  25:Generated_Source\PSoC5/USB_cls.c **** 
  26:Generated_Source\PSoC5/USB_cls.c **** /* `#END` */
  27:Generated_Source\PSoC5/USB_cls.c **** 
  28:Generated_Source\PSoC5/USB_cls.c **** 
  29:Generated_Source\PSoC5/USB_cls.c **** /*******************************************************************************
  30:Generated_Source\PSoC5/USB_cls.c **** * Function Name: USB_DispatchClassRqst
ARM GAS  C:\Users\Revanth\AppData\Local\Temp\ccBqnU9l.s 			page 2


  31:Generated_Source\PSoC5/USB_cls.c **** ****************************************************************************//**
  32:Generated_Source\PSoC5/USB_cls.c **** *  This routine dispatches class specific requests depend on interface class.
  33:Generated_Source\PSoC5/USB_cls.c **** *
  34:Generated_Source\PSoC5/USB_cls.c **** * \return
  35:Generated_Source\PSoC5/USB_cls.c **** *  requestHandled.
  36:Generated_Source\PSoC5/USB_cls.c **** *
  37:Generated_Source\PSoC5/USB_cls.c **** * \reentrant
  38:Generated_Source\PSoC5/USB_cls.c **** *  No.
  39:Generated_Source\PSoC5/USB_cls.c **** *
  40:Generated_Source\PSoC5/USB_cls.c **** *******************************************************************************/
  41:Generated_Source\PSoC5/USB_cls.c **** uint8 USB_DispatchClassRqst(void) 
  42:Generated_Source\PSoC5/USB_cls.c **** {
  28              		.loc 1 42 0
  29              		.cfi_startproc
  30              		@ args = 0, pretend = 0, frame = 0
  31              		@ frame_needed = 0, uses_anonymous_args = 0
  32 0000 08B5     		push	{r3, lr}
  33              		.cfi_def_cfa_offset 8
  34              		.cfi_offset 3, -8
  35              		.cfi_offset 14, -4
  36              	.LVL0:
  43:Generated_Source\PSoC5/USB_cls.c ****     uint8 interfaceNumber;
  44:Generated_Source\PSoC5/USB_cls.c ****     uint8 requestHandled = USB_FALSE;
  45:Generated_Source\PSoC5/USB_cls.c **** 
  46:Generated_Source\PSoC5/USB_cls.c ****     /* Get interface to which request is intended. */
  47:Generated_Source\PSoC5/USB_cls.c ****     switch (USB_bmRequestTypeReg & USB_RQST_RCPT_MASK)
  37              		.loc 1 47 0
  38 0002 164B     		ldr	r3, .L14
  39 0004 1B78     		ldrb	r3, [r3]	@ zero_extendqisi2
  40 0006 03F00303 		and	r3, r3, #3
  41 000a 012B     		cmp	r3, #1
  42 000c 02D0     		beq	.L3
  43 000e 022B     		cmp	r3, #2
  44 0010 04D0     		beq	.L4
  45 0012 0FE0     		b	.L11
  46              	.L3:
  48:Generated_Source\PSoC5/USB_cls.c ****     {
  49:Generated_Source\PSoC5/USB_cls.c ****         case USB_RQST_RCPT_IFC:
  50:Generated_Source\PSoC5/USB_cls.c ****             /* Class-specific request directed to interface: wIndexLoReg 
  51:Generated_Source\PSoC5/USB_cls.c ****             * contains interface number.
  52:Generated_Source\PSoC5/USB_cls.c ****             */
  53:Generated_Source\PSoC5/USB_cls.c ****             interfaceNumber = (uint8) USB_wIndexLoReg;
  47              		.loc 1 53 0
  48 0014 114B     		ldr	r3, .L14
  49 0016 1B79     		ldrb	r3, [r3, #4]	@ zero_extendqisi2
  50 0018 DBB2     		uxtb	r3, r3
  51              	.LVL1:
  54:Generated_Source\PSoC5/USB_cls.c ****             break;
  52              		.loc 1 54 0
  53 001a 0CE0     		b	.L2
  54              	.LVL2:
  55              	.L4:
  55:Generated_Source\PSoC5/USB_cls.c ****         
  56:Generated_Source\PSoC5/USB_cls.c ****         case USB_RQST_RCPT_EP:
  57:Generated_Source\PSoC5/USB_cls.c ****             /* Class-specific request directed to endpoint: wIndexLoReg contains 
  58:Generated_Source\PSoC5/USB_cls.c ****             * endpoint number. Find interface related to endpoint. 
  59:Generated_Source\PSoC5/USB_cls.c ****             */
ARM GAS  C:\Users\Revanth\AppData\Local\Temp\ccBqnU9l.s 			page 3


  60:Generated_Source\PSoC5/USB_cls.c ****             interfaceNumber = USB_EP[USB_wIndexLoReg & USB_DIR_UNUSED].interface;
  56              		.loc 1 60 0
  57 001c 0F4B     		ldr	r3, .L14
  58 001e 1B79     		ldrb	r3, [r3, #4]	@ zero_extendqisi2
  59 0020 03F07F03 		and	r3, r3, #127
  60 0024 03EB4303 		add	r3, r3, r3, lsl #1
  61 0028 9A00     		lsls	r2, r3, #2
  62 002a 0D4B     		ldr	r3, .L14+4
  63 002c 1A44     		add	r2, r2, r3
  64 002e 937A     		ldrb	r3, [r2, #10]	@ zero_extendqisi2
  65 0030 DBB2     		uxtb	r3, r3
  66              	.LVL3:
  61:Generated_Source\PSoC5/USB_cls.c ****             break;
  67              		.loc 1 61 0
  68 0032 00E0     		b	.L2
  69              	.LVL4:
  70              	.L11:
  62:Generated_Source\PSoC5/USB_cls.c ****             
  63:Generated_Source\PSoC5/USB_cls.c ****         default:
  64:Generated_Source\PSoC5/USB_cls.c ****             /* Default interface is zero. */
  65:Generated_Source\PSoC5/USB_cls.c ****             interfaceNumber = 0u;
  71              		.loc 1 65 0
  72 0034 0023     		movs	r3, #0
  73              	.L2:
  74              	.LVL5:
  66:Generated_Source\PSoC5/USB_cls.c ****             break;
  67:Generated_Source\PSoC5/USB_cls.c ****     }
  68:Generated_Source\PSoC5/USB_cls.c ****     
  69:Generated_Source\PSoC5/USB_cls.c ****     /* Check that interface is within acceptable range */
  70:Generated_Source\PSoC5/USB_cls.c ****     if (interfaceNumber <= USB_MAX_INTERFACES_NUMBER)
  75              		.loc 1 70 0
  76 0036 022B     		cmp	r3, #2
  77 0038 0CD8     		bhi	.L9
  71:Generated_Source\PSoC5/USB_cls.c ****     {
  72:Generated_Source\PSoC5/USB_cls.c ****     #if (defined(USB_ENABLE_HID_CLASS)   || \
  73:Generated_Source\PSoC5/USB_cls.c ****          defined(USB_ENABLE_AUDIO_CLASS) || \
  74:Generated_Source\PSoC5/USB_cls.c ****          defined(USB_ENABLE_CDC_CLASS)   || \
  75:Generated_Source\PSoC5/USB_cls.c ****          USB_ENABLE_MSC_CLASS)
  76:Generated_Source\PSoC5/USB_cls.c **** 
  77:Generated_Source\PSoC5/USB_cls.c ****         /* Handle class request depends on interface type. */
  78:Generated_Source\PSoC5/USB_cls.c ****         switch (USB_interfaceClass[interfaceNumber])
  78              		.loc 1 78 0
  79 003a 0A4A     		ldr	r2, .L14+8
  80 003c 1268     		ldr	r2, [r2]
  81 003e D35C     		ldrb	r3, [r2, r3]	@ zero_extendqisi2
  82              	.LVL6:
  83 0040 022B     		cmp	r3, #2
  84 0042 04D0     		beq	.L6
  85 0044 032B     		cmp	r3, #3
  86 0046 07D1     		bne	.L12
  79:Generated_Source\PSoC5/USB_cls.c ****         {
  80:Generated_Source\PSoC5/USB_cls.c ****         #if defined(USB_ENABLE_HID_CLASS)
  81:Generated_Source\PSoC5/USB_cls.c ****             case USB_CLASS_HID:
  82:Generated_Source\PSoC5/USB_cls.c ****                 requestHandled = USB_DispatchHIDClassRqst();
  87              		.loc 1 82 0
  88 0048 FFF7FEFF 		bl	USB_DispatchHIDClassRqst
  89              	.LVL7:
ARM GAS  C:\Users\Revanth\AppData\Local\Temp\ccBqnU9l.s 			page 4


  83:Generated_Source\PSoC5/USB_cls.c ****                 break;
  90              		.loc 1 83 0
  91 004c 08BD     		pop	{r3, pc}
  92              	.LVL8:
  93              	.L6:
  84:Generated_Source\PSoC5/USB_cls.c ****         #endif /* (USB_ENABLE_HID_CLASS) */
  85:Generated_Source\PSoC5/USB_cls.c ****                 
  86:Generated_Source\PSoC5/USB_cls.c ****         #if defined(USB_ENABLE_AUDIO_CLASS)
  87:Generated_Source\PSoC5/USB_cls.c ****             case USB_CLASS_AUDIO:
  88:Generated_Source\PSoC5/USB_cls.c ****                 requestHandled = USB_DispatchAUDIOClassRqst();
  89:Generated_Source\PSoC5/USB_cls.c ****                 break;
  90:Generated_Source\PSoC5/USB_cls.c ****         #endif /* (USB_CLASS_AUDIO) */
  91:Generated_Source\PSoC5/USB_cls.c ****                 
  92:Generated_Source\PSoC5/USB_cls.c ****         #if defined(USB_ENABLE_CDC_CLASS)
  93:Generated_Source\PSoC5/USB_cls.c ****             case USB_CLASS_CDC:
  94:Generated_Source\PSoC5/USB_cls.c ****                 requestHandled = USB_DispatchCDCClassRqst();
  94              		.loc 1 94 0
  95 004e FFF7FEFF 		bl	USB_DispatchCDCClassRqst
  96              	.LVL9:
  95:Generated_Source\PSoC5/USB_cls.c ****                 break;
  97              		.loc 1 95 0
  98 0052 08BD     		pop	{r3, pc}
  99              	.LVL10:
 100              	.L9:
  44:Generated_Source\PSoC5/USB_cls.c **** 
 101              		.loc 1 44 0
 102 0054 0020     		movs	r0, #0
 103 0056 08BD     		pop	{r3, pc}
 104              	.LVL11:
 105              	.L12:
  96:Generated_Source\PSoC5/USB_cls.c ****         #endif /* (USB_ENABLE_CDC_CLASS) */
  97:Generated_Source\PSoC5/USB_cls.c ****             
  98:Generated_Source\PSoC5/USB_cls.c ****         #if (USB_ENABLE_MSC_CLASS)
  99:Generated_Source\PSoC5/USB_cls.c ****             case USB_CLASS_MSD:
 100:Generated_Source\PSoC5/USB_cls.c ****             #if (USB_HANDLE_MSC_REQUESTS)
 101:Generated_Source\PSoC5/USB_cls.c ****                 /* MSC requests are handled by the component. */
 102:Generated_Source\PSoC5/USB_cls.c ****                 requestHandled = USB_DispatchMSCClassRqst();
 103:Generated_Source\PSoC5/USB_cls.c ****             #elif defined(USB_DISPATCH_MSC_CLASS_RQST_CALLBACK)
 104:Generated_Source\PSoC5/USB_cls.c ****                 /* MSC requests are handled by user defined callbcak. */
 105:Generated_Source\PSoC5/USB_cls.c ****                 requestHandled = USB_DispatchMSCClassRqst_Callback();
 106:Generated_Source\PSoC5/USB_cls.c ****             #else
 107:Generated_Source\PSoC5/USB_cls.c ****                 /* MSC requests are not handled. */
 108:Generated_Source\PSoC5/USB_cls.c ****                 requestHandled = USB_FALSE;
 109:Generated_Source\PSoC5/USB_cls.c ****             #endif /* (USB_HANDLE_MSC_REQUESTS) */
 110:Generated_Source\PSoC5/USB_cls.c ****                 break;
 111:Generated_Source\PSoC5/USB_cls.c ****         #endif /* (USB_ENABLE_MSC_CLASS) */
 112:Generated_Source\PSoC5/USB_cls.c ****             
 113:Generated_Source\PSoC5/USB_cls.c ****             default:
 114:Generated_Source\PSoC5/USB_cls.c ****                 /* Request is not handled: unknown class request type. */
 115:Generated_Source\PSoC5/USB_cls.c ****                 requestHandled = USB_FALSE;
 106              		.loc 1 115 0
 107 0058 0020     		movs	r0, #0
 108              	.LVL12:
 116:Generated_Source\PSoC5/USB_cls.c ****                 break;
 117:Generated_Source\PSoC5/USB_cls.c ****         }
 118:Generated_Source\PSoC5/USB_cls.c ****     #endif /* Class support is enabled */
 119:Generated_Source\PSoC5/USB_cls.c ****     }
ARM GAS  C:\Users\Revanth\AppData\Local\Temp\ccBqnU9l.s 			page 5


 120:Generated_Source\PSoC5/USB_cls.c ****     
 121:Generated_Source\PSoC5/USB_cls.c ****     /* `#START USER_DEFINED_CLASS_CODE` Place your Class request here */
 122:Generated_Source\PSoC5/USB_cls.c **** 
 123:Generated_Source\PSoC5/USB_cls.c ****     /* `#END` */
 124:Generated_Source\PSoC5/USB_cls.c **** 
 125:Generated_Source\PSoC5/USB_cls.c **** #ifdef USB_DISPATCH_CLASS_RQST_CALLBACK
 126:Generated_Source\PSoC5/USB_cls.c ****     if (USB_FALSE == requestHandled)
 127:Generated_Source\PSoC5/USB_cls.c ****     {
 128:Generated_Source\PSoC5/USB_cls.c ****         requestHandled = USB_DispatchClassRqst_Callback(interfaceNumber);
 129:Generated_Source\PSoC5/USB_cls.c ****     }
 130:Generated_Source\PSoC5/USB_cls.c **** #endif /* (USB_DISPATCH_CLASS_RQST_CALLBACK) */
 131:Generated_Source\PSoC5/USB_cls.c **** 
 132:Generated_Source\PSoC5/USB_cls.c ****     return (requestHandled);
 133:Generated_Source\PSoC5/USB_cls.c **** }
 109              		.loc 1 133 0
 110 005a 08BD     		pop	{r3, pc}
 111              	.L15:
 112              		.align	2
 113              	.L14:
 114 005c 00600040 		.word	1073766400
 115 0060 00000000 		.word	USB_EP
 116 0064 00000000 		.word	USB_interfaceClass
 117              		.cfi_endproc
 118              	.LFE0:
 119              		.size	USB_DispatchClassRqst, .-USB_DispatchClassRqst
 120              		.text
 121              	.Letext0:
 122              		.file 2 "Generated_Source\\PSoC5\\cytypes.h"
 123              		.file 3 "Generated_Source\\PSoC5\\USB.h"
 124              		.file 4 "Generated_Source\\PSoC5\\USB_pvt.h"
 125              		.section	.debug_info,"",%progbits
 126              	.Ldebug_info0:
 127 0000 EE010000 		.4byte	0x1ee
 128 0004 0400     		.2byte	0x4
 129 0006 00000000 		.4byte	.Ldebug_abbrev0
 130 000a 04       		.byte	0x4
 131 000b 01       		.uleb128 0x1
 132 000c BB000000 		.4byte	.LASF34
 133 0010 0C       		.byte	0xc
 134 0011 F5010000 		.4byte	.LASF35
 135 0015 16000000 		.4byte	.LASF36
 136 0019 00000000 		.4byte	.Ldebug_ranges0+0
 137 001d 00000000 		.4byte	0
 138 0021 00000000 		.4byte	.Ldebug_line0
 139 0025 02       		.uleb128 0x2
 140 0026 01       		.byte	0x1
 141 0027 06       		.byte	0x6
 142 0028 9F020000 		.4byte	.LASF0
 143 002c 02       		.uleb128 0x2
 144 002d 01       		.byte	0x1
 145 002e 08       		.byte	0x8
 146 002f AD000000 		.4byte	.LASF1
 147 0033 02       		.uleb128 0x2
 148 0034 02       		.byte	0x2
 149 0035 05       		.byte	0x5
 150 0036 44020000 		.4byte	.LASF2
 151 003a 02       		.uleb128 0x2
ARM GAS  C:\Users\Revanth\AppData\Local\Temp\ccBqnU9l.s 			page 6


 152 003b 02       		.byte	0x2
 153 003c 07       		.byte	0x7
 154 003d 5A000000 		.4byte	.LASF3
 155 0041 02       		.uleb128 0x2
 156 0042 04       		.byte	0x4
 157 0043 05       		.byte	0x5
 158 0044 5E020000 		.4byte	.LASF4
 159 0048 02       		.uleb128 0x2
 160 0049 04       		.byte	0x4
 161 004a 07       		.byte	0x7
 162 004b 49010000 		.4byte	.LASF5
 163 004f 02       		.uleb128 0x2
 164 0050 08       		.byte	0x8
 165 0051 05       		.byte	0x5
 166 0052 26020000 		.4byte	.LASF6
 167 0056 02       		.uleb128 0x2
 168 0057 08       		.byte	0x8
 169 0058 07       		.byte	0x7
 170 0059 C1010000 		.4byte	.LASF7
 171 005d 03       		.uleb128 0x3
 172 005e 04       		.byte	0x4
 173 005f 05       		.byte	0x5
 174 0060 696E7400 		.ascii	"int\000"
 175 0064 02       		.uleb128 0x2
 176 0065 04       		.byte	0x4
 177 0066 07       		.byte	0x7
 178 0067 B4010000 		.4byte	.LASF8
 179 006b 04       		.uleb128 0x4
 180 006c 4E020000 		.4byte	.LASF9
 181 0070 02       		.byte	0x2
 182 0071 E401     		.2byte	0x1e4
 183 0073 2C000000 		.4byte	0x2c
 184 0077 04       		.uleb128 0x4
 185 0078 A2010000 		.4byte	.LASF10
 186 007c 02       		.byte	0x2
 187 007d E501     		.2byte	0x1e5
 188 007f 3A000000 		.4byte	0x3a
 189 0083 02       		.uleb128 0x2
 190 0084 04       		.byte	0x4
 191 0085 04       		.byte	0x4
 192 0086 9E000000 		.4byte	.LASF11
 193 008a 02       		.uleb128 0x2
 194 008b 08       		.byte	0x8
 195 008c 04       		.byte	0x4
 196 008d 70010000 		.4byte	.LASF12
 197 0091 02       		.uleb128 0x2
 198 0092 01       		.byte	0x1
 199 0093 08       		.byte	0x8
 200 0094 34020000 		.4byte	.LASF13
 201 0098 02       		.uleb128 0x2
 202 0099 08       		.byte	0x8
 203 009a 04       		.byte	0x4
 204 009b 93020000 		.4byte	.LASF14
 205 009f 02       		.uleb128 0x2
 206 00a0 04       		.byte	0x4
 207 00a1 07       		.byte	0x7
 208 00a2 16020000 		.4byte	.LASF15
ARM GAS  C:\Users\Revanth\AppData\Local\Temp\ccBqnU9l.s 			page 7


 209 00a6 05       		.uleb128 0x5
 210 00a7 0C       		.byte	0xc
 211 00a8 03       		.byte	0x3
 212 00a9 91       		.byte	0x91
 213 00aa 1B010000 		.4byte	0x11b
 214 00ae 06       		.uleb128 0x6
 215 00af 77010000 		.4byte	.LASF16
 216 00b3 03       		.byte	0x3
 217 00b4 93       		.byte	0x93
 218 00b5 6B000000 		.4byte	0x6b
 219 00b9 00       		.byte	0
 220 00ba 06       		.uleb128 0x6
 221 00bb A9010000 		.4byte	.LASF17
 222 00bf 03       		.byte	0x3
 223 00c0 94       		.byte	0x94
 224 00c1 6B000000 		.4byte	0x6b
 225 00c5 01       		.byte	0x1
 226 00c6 06       		.uleb128 0x6
 227 00c7 D8010000 		.4byte	.LASF18
 228 00cb 03       		.byte	0x3
 229 00cc 95       		.byte	0x95
 230 00cd 6B000000 		.4byte	0x6b
 231 00d1 02       		.byte	0x2
 232 00d2 06       		.uleb128 0x6
 233 00d3 A4000000 		.4byte	.LASF19
 234 00d7 03       		.byte	0x3
 235 00d8 96       		.byte	0x96
 236 00d9 6B000000 		.4byte	0x6b
 237 00dd 03       		.byte	0x3
 238 00de 06       		.uleb128 0x6
 239 00df 5B010000 		.4byte	.LASF20
 240 00e3 03       		.byte	0x3
 241 00e4 97       		.byte	0x97
 242 00e5 6B000000 		.4byte	0x6b
 243 00e9 04       		.byte	0x4
 244 00ea 06       		.uleb128 0x6
 245 00eb 1F020000 		.4byte	.LASF21
 246 00ef 03       		.byte	0x3
 247 00f0 98       		.byte	0x98
 248 00f1 6B000000 		.4byte	0x6b
 249 00f5 05       		.byte	0x5
 250 00f6 06       		.uleb128 0x6
 251 00f7 7E010000 		.4byte	.LASF22
 252 00fb 03       		.byte	0x3
 253 00fc 99       		.byte	0x99
 254 00fd 77000000 		.4byte	0x77
 255 0101 06       		.byte	0x6
 256 0102 06       		.uleb128 0x6
 257 0103 39020000 		.4byte	.LASF23
 258 0107 03       		.byte	0x3
 259 0108 9A       		.byte	0x9a
 260 0109 77000000 		.4byte	0x77
 261 010d 08       		.byte	0x8
 262 010e 06       		.uleb128 0x6
 263 010f 54020000 		.4byte	.LASF24
 264 0113 03       		.byte	0x3
 265 0114 9B       		.byte	0x9b
ARM GAS  C:\Users\Revanth\AppData\Local\Temp\ccBqnU9l.s 			page 8


 266 0115 6B000000 		.4byte	0x6b
 267 0119 0A       		.byte	0xa
 268 011a 00       		.byte	0
 269 011b 07       		.uleb128 0x7
 270 011c 67020000 		.4byte	.LASF25
 271 0120 03       		.byte	0x3
 272 0121 9C       		.byte	0x9c
 273 0122 A6000000 		.4byte	0xa6
 274 0126 05       		.uleb128 0x5
 275 0127 08       		.byte	0x8
 276 0128 03       		.byte	0x3
 277 0129 C9       		.byte	0xc9
 278 012a 3B010000 		.4byte	0x13b
 279 012e 06       		.uleb128 0x6
 280 012f 88000000 		.4byte	.LASF26
 281 0133 03       		.byte	0x3
 282 0134 CB       		.byte	0xcb
 283 0135 3B010000 		.4byte	0x13b
 284 0139 00       		.byte	0
 285 013a 00       		.byte	0
 286 013b 08       		.uleb128 0x8
 287 013c 6B000000 		.4byte	0x6b
 288 0140 4B010000 		.4byte	0x14b
 289 0144 09       		.uleb128 0x9
 290 0145 9F000000 		.4byte	0x9f
 291 0149 07       		.byte	0x7
 292 014a 00       		.byte	0
 293 014b 07       		.uleb128 0x7
 294 014c 74000000 		.4byte	.LASF27
 295 0150 03       		.byte	0x3
 296 0151 CC       		.byte	0xcc
 297 0152 26010000 		.4byte	0x126
 298 0156 0A       		.uleb128 0xa
 299 0157 00000000 		.4byte	.LASF37
 300 015b 01       		.byte	0x1
 301 015c 29       		.byte	0x29
 302 015d 6B000000 		.4byte	0x6b
 303 0161 00000000 		.4byte	.LFB0
 304 0165 68000000 		.4byte	.LFE0-.LFB0
 305 0169 01       		.uleb128 0x1
 306 016a 9C       		.byte	0x9c
 307 016b A0010000 		.4byte	0x1a0
 308 016f 0B       		.uleb128 0xb
 309 0170 60010000 		.4byte	.LASF28
 310 0174 01       		.byte	0x1
 311 0175 2B       		.byte	0x2b
 312 0176 6B000000 		.4byte	0x6b
 313 017a 00000000 		.4byte	.LLST0
 314 017e 0B       		.uleb128 0xb
 315 017f 8F000000 		.4byte	.LASF29
 316 0183 01       		.byte	0x1
 317 0184 2C       		.byte	0x2c
 318 0185 6B000000 		.4byte	0x6b
 319 0189 34000000 		.4byte	.LLST1
 320 018d 0C       		.uleb128 0xc
 321 018e 4C000000 		.4byte	.LVL7
 322 0192 DB010000 		.4byte	0x1db
ARM GAS  C:\Users\Revanth\AppData\Local\Temp\ccBqnU9l.s 			page 9


 323 0196 0C       		.uleb128 0xc
 324 0197 52000000 		.4byte	.LVL9
 325 019b E6010000 		.4byte	0x1e6
 326 019f 00       		.byte	0
 327 01a0 0D       		.uleb128 0xd
 328 01a1 E2010000 		.4byte	.LASF30
 329 01a5 04       		.byte	0x4
 330 01a6 78       		.byte	0x78
 331 01a7 AB010000 		.4byte	0x1ab
 332 01ab 0E       		.uleb128 0xe
 333 01ac 04       		.byte	0x4
 334 01ad B1010000 		.4byte	0x1b1
 335 01b1 0F       		.uleb128 0xf
 336 01b2 6B000000 		.4byte	0x6b
 337 01b6 08       		.uleb128 0x8
 338 01b7 C6010000 		.4byte	0x1c6
 339 01bb C6010000 		.4byte	0x1c6
 340 01bf 09       		.uleb128 0x9
 341 01c0 9F000000 		.4byte	0x9f
 342 01c4 08       		.byte	0x8
 343 01c5 00       		.byte	0
 344 01c6 10       		.uleb128 0x10
 345 01c7 1B010000 		.4byte	0x11b
 346 01cb 0D       		.uleb128 0xd
 347 01cc 6D000000 		.4byte	.LASF31
 348 01d0 04       		.byte	0x4
 349 01d1 7A       		.byte	0x7a
 350 01d2 D6010000 		.4byte	0x1d6
 351 01d6 10       		.uleb128 0x10
 352 01d7 B6010000 		.4byte	0x1b6
 353 01db 11       		.uleb128 0x11
 354 01dc 89010000 		.4byte	.LASF32
 355 01e0 89010000 		.4byte	.LASF32
 356 01e4 04       		.byte	0x4
 357 01e5 D8       		.byte	0xd8
 358 01e6 11       		.uleb128 0x11
 359 01e7 7A020000 		.4byte	.LASF33
 360 01eb 7A020000 		.4byte	.LASF33
 361 01ef 04       		.byte	0x4
 362 01f0 E0       		.byte	0xe0
 363 01f1 00       		.byte	0
 364              		.section	.debug_abbrev,"",%progbits
 365              	.Ldebug_abbrev0:
 366 0000 01       		.uleb128 0x1
 367 0001 11       		.uleb128 0x11
 368 0002 01       		.byte	0x1
 369 0003 25       		.uleb128 0x25
 370 0004 0E       		.uleb128 0xe
 371 0005 13       		.uleb128 0x13
 372 0006 0B       		.uleb128 0xb
 373 0007 03       		.uleb128 0x3
 374 0008 0E       		.uleb128 0xe
 375 0009 1B       		.uleb128 0x1b
 376 000a 0E       		.uleb128 0xe
 377 000b 55       		.uleb128 0x55
 378 000c 17       		.uleb128 0x17
 379 000d 11       		.uleb128 0x11
ARM GAS  C:\Users\Revanth\AppData\Local\Temp\ccBqnU9l.s 			page 10


 380 000e 01       		.uleb128 0x1
 381 000f 10       		.uleb128 0x10
 382 0010 17       		.uleb128 0x17
 383 0011 00       		.byte	0
 384 0012 00       		.byte	0
 385 0013 02       		.uleb128 0x2
 386 0014 24       		.uleb128 0x24
 387 0015 00       		.byte	0
 388 0016 0B       		.uleb128 0xb
 389 0017 0B       		.uleb128 0xb
 390 0018 3E       		.uleb128 0x3e
 391 0019 0B       		.uleb128 0xb
 392 001a 03       		.uleb128 0x3
 393 001b 0E       		.uleb128 0xe
 394 001c 00       		.byte	0
 395 001d 00       		.byte	0
 396 001e 03       		.uleb128 0x3
 397 001f 24       		.uleb128 0x24
 398 0020 00       		.byte	0
 399 0021 0B       		.uleb128 0xb
 400 0022 0B       		.uleb128 0xb
 401 0023 3E       		.uleb128 0x3e
 402 0024 0B       		.uleb128 0xb
 403 0025 03       		.uleb128 0x3
 404 0026 08       		.uleb128 0x8
 405 0027 00       		.byte	0
 406 0028 00       		.byte	0
 407 0029 04       		.uleb128 0x4
 408 002a 16       		.uleb128 0x16
 409 002b 00       		.byte	0
 410 002c 03       		.uleb128 0x3
 411 002d 0E       		.uleb128 0xe
 412 002e 3A       		.uleb128 0x3a
 413 002f 0B       		.uleb128 0xb
 414 0030 3B       		.uleb128 0x3b
 415 0031 05       		.uleb128 0x5
 416 0032 49       		.uleb128 0x49
 417 0033 13       		.uleb128 0x13
 418 0034 00       		.byte	0
 419 0035 00       		.byte	0
 420 0036 05       		.uleb128 0x5
 421 0037 13       		.uleb128 0x13
 422 0038 01       		.byte	0x1
 423 0039 0B       		.uleb128 0xb
 424 003a 0B       		.uleb128 0xb
 425 003b 3A       		.uleb128 0x3a
 426 003c 0B       		.uleb128 0xb
 427 003d 3B       		.uleb128 0x3b
 428 003e 0B       		.uleb128 0xb
 429 003f 01       		.uleb128 0x1
 430 0040 13       		.uleb128 0x13
 431 0041 00       		.byte	0
 432 0042 00       		.byte	0
 433 0043 06       		.uleb128 0x6
 434 0044 0D       		.uleb128 0xd
 435 0045 00       		.byte	0
 436 0046 03       		.uleb128 0x3
ARM GAS  C:\Users\Revanth\AppData\Local\Temp\ccBqnU9l.s 			page 11


 437 0047 0E       		.uleb128 0xe
 438 0048 3A       		.uleb128 0x3a
 439 0049 0B       		.uleb128 0xb
 440 004a 3B       		.uleb128 0x3b
 441 004b 0B       		.uleb128 0xb
 442 004c 49       		.uleb128 0x49
 443 004d 13       		.uleb128 0x13
 444 004e 38       		.uleb128 0x38
 445 004f 0B       		.uleb128 0xb
 446 0050 00       		.byte	0
 447 0051 00       		.byte	0
 448 0052 07       		.uleb128 0x7
 449 0053 16       		.uleb128 0x16
 450 0054 00       		.byte	0
 451 0055 03       		.uleb128 0x3
 452 0056 0E       		.uleb128 0xe
 453 0057 3A       		.uleb128 0x3a
 454 0058 0B       		.uleb128 0xb
 455 0059 3B       		.uleb128 0x3b
 456 005a 0B       		.uleb128 0xb
 457 005b 49       		.uleb128 0x49
 458 005c 13       		.uleb128 0x13
 459 005d 00       		.byte	0
 460 005e 00       		.byte	0
 461 005f 08       		.uleb128 0x8
 462 0060 01       		.uleb128 0x1
 463 0061 01       		.byte	0x1
 464 0062 49       		.uleb128 0x49
 465 0063 13       		.uleb128 0x13
 466 0064 01       		.uleb128 0x1
 467 0065 13       		.uleb128 0x13
 468 0066 00       		.byte	0
 469 0067 00       		.byte	0
 470 0068 09       		.uleb128 0x9
 471 0069 21       		.uleb128 0x21
 472 006a 00       		.byte	0
 473 006b 49       		.uleb128 0x49
 474 006c 13       		.uleb128 0x13
 475 006d 2F       		.uleb128 0x2f
 476 006e 0B       		.uleb128 0xb
 477 006f 00       		.byte	0
 478 0070 00       		.byte	0
 479 0071 0A       		.uleb128 0xa
 480 0072 2E       		.uleb128 0x2e
 481 0073 01       		.byte	0x1
 482 0074 3F       		.uleb128 0x3f
 483 0075 19       		.uleb128 0x19
 484 0076 03       		.uleb128 0x3
 485 0077 0E       		.uleb128 0xe
 486 0078 3A       		.uleb128 0x3a
 487 0079 0B       		.uleb128 0xb
 488 007a 3B       		.uleb128 0x3b
 489 007b 0B       		.uleb128 0xb
 490 007c 27       		.uleb128 0x27
 491 007d 19       		.uleb128 0x19
 492 007e 49       		.uleb128 0x49
 493 007f 13       		.uleb128 0x13
ARM GAS  C:\Users\Revanth\AppData\Local\Temp\ccBqnU9l.s 			page 12


 494 0080 11       		.uleb128 0x11
 495 0081 01       		.uleb128 0x1
 496 0082 12       		.uleb128 0x12
 497 0083 06       		.uleb128 0x6
 498 0084 40       		.uleb128 0x40
 499 0085 18       		.uleb128 0x18
 500 0086 9742     		.uleb128 0x2117
 501 0088 19       		.uleb128 0x19
 502 0089 01       		.uleb128 0x1
 503 008a 13       		.uleb128 0x13
 504 008b 00       		.byte	0
 505 008c 00       		.byte	0
 506 008d 0B       		.uleb128 0xb
 507 008e 34       		.uleb128 0x34
 508 008f 00       		.byte	0
 509 0090 03       		.uleb128 0x3
 510 0091 0E       		.uleb128 0xe
 511 0092 3A       		.uleb128 0x3a
 512 0093 0B       		.uleb128 0xb
 513 0094 3B       		.uleb128 0x3b
 514 0095 0B       		.uleb128 0xb
 515 0096 49       		.uleb128 0x49
 516 0097 13       		.uleb128 0x13
 517 0098 02       		.uleb128 0x2
 518 0099 17       		.uleb128 0x17
 519 009a 00       		.byte	0
 520 009b 00       		.byte	0
 521 009c 0C       		.uleb128 0xc
 522 009d 898201   		.uleb128 0x4109
 523 00a0 00       		.byte	0
 524 00a1 11       		.uleb128 0x11
 525 00a2 01       		.uleb128 0x1
 526 00a3 31       		.uleb128 0x31
 527 00a4 13       		.uleb128 0x13
 528 00a5 00       		.byte	0
 529 00a6 00       		.byte	0
 530 00a7 0D       		.uleb128 0xd
 531 00a8 34       		.uleb128 0x34
 532 00a9 00       		.byte	0
 533 00aa 03       		.uleb128 0x3
 534 00ab 0E       		.uleb128 0xe
 535 00ac 3A       		.uleb128 0x3a
 536 00ad 0B       		.uleb128 0xb
 537 00ae 3B       		.uleb128 0x3b
 538 00af 0B       		.uleb128 0xb
 539 00b0 49       		.uleb128 0x49
 540 00b1 13       		.uleb128 0x13
 541 00b2 3F       		.uleb128 0x3f
 542 00b3 19       		.uleb128 0x19
 543 00b4 3C       		.uleb128 0x3c
 544 00b5 19       		.uleb128 0x19
 545 00b6 00       		.byte	0
 546 00b7 00       		.byte	0
 547 00b8 0E       		.uleb128 0xe
 548 00b9 0F       		.uleb128 0xf
 549 00ba 00       		.byte	0
 550 00bb 0B       		.uleb128 0xb
ARM GAS  C:\Users\Revanth\AppData\Local\Temp\ccBqnU9l.s 			page 13


 551 00bc 0B       		.uleb128 0xb
 552 00bd 49       		.uleb128 0x49
 553 00be 13       		.uleb128 0x13
 554 00bf 00       		.byte	0
 555 00c0 00       		.byte	0
 556 00c1 0F       		.uleb128 0xf
 557 00c2 26       		.uleb128 0x26
 558 00c3 00       		.byte	0
 559 00c4 49       		.uleb128 0x49
 560 00c5 13       		.uleb128 0x13
 561 00c6 00       		.byte	0
 562 00c7 00       		.byte	0
 563 00c8 10       		.uleb128 0x10
 564 00c9 35       		.uleb128 0x35
 565 00ca 00       		.byte	0
 566 00cb 49       		.uleb128 0x49
 567 00cc 13       		.uleb128 0x13
 568 00cd 00       		.byte	0
 569 00ce 00       		.byte	0
 570 00cf 11       		.uleb128 0x11
 571 00d0 2E       		.uleb128 0x2e
 572 00d1 00       		.byte	0
 573 00d2 3F       		.uleb128 0x3f
 574 00d3 19       		.uleb128 0x19
 575 00d4 3C       		.uleb128 0x3c
 576 00d5 19       		.uleb128 0x19
 577 00d6 6E       		.uleb128 0x6e
 578 00d7 0E       		.uleb128 0xe
 579 00d8 03       		.uleb128 0x3
 580 00d9 0E       		.uleb128 0xe
 581 00da 3A       		.uleb128 0x3a
 582 00db 0B       		.uleb128 0xb
 583 00dc 3B       		.uleb128 0x3b
 584 00dd 0B       		.uleb128 0xb
 585 00de 00       		.byte	0
 586 00df 00       		.byte	0
 587 00e0 00       		.byte	0
 588              		.section	.debug_loc,"",%progbits
 589              	.Ldebug_loc0:
 590              	.LLST0:
 591 0000 1A000000 		.4byte	.LVL1
 592 0004 1C000000 		.4byte	.LVL2
 593 0008 0100     		.2byte	0x1
 594 000a 53       		.byte	0x53
 595 000b 32000000 		.4byte	.LVL3
 596 000f 34000000 		.4byte	.LVL4
 597 0013 0100     		.2byte	0x1
 598 0015 53       		.byte	0x53
 599 0016 36000000 		.4byte	.LVL5
 600 001a 40000000 		.4byte	.LVL6
 601 001e 0100     		.2byte	0x1
 602 0020 53       		.byte	0x53
 603 0021 54000000 		.4byte	.LVL10
 604 0025 58000000 		.4byte	.LVL11
 605 0029 0100     		.2byte	0x1
 606 002b 53       		.byte	0x53
 607 002c 00000000 		.4byte	0
ARM GAS  C:\Users\Revanth\AppData\Local\Temp\ccBqnU9l.s 			page 14


 608 0030 00000000 		.4byte	0
 609              	.LLST1:
 610 0034 02000000 		.4byte	.LVL0
 611 0038 4C000000 		.4byte	.LVL7
 612 003c 0200     		.2byte	0x2
 613 003e 30       		.byte	0x30
 614 003f 9F       		.byte	0x9f
 615 0040 4C000000 		.4byte	.LVL7
 616 0044 4E000000 		.4byte	.LVL8
 617 0048 0100     		.2byte	0x1
 618 004a 50       		.byte	0x50
 619 004b 4E000000 		.4byte	.LVL8
 620 004f 52000000 		.4byte	.LVL9
 621 0053 0200     		.2byte	0x2
 622 0055 30       		.byte	0x30
 623 0056 9F       		.byte	0x9f
 624 0057 52000000 		.4byte	.LVL9
 625 005b 54000000 		.4byte	.LVL10
 626 005f 0100     		.2byte	0x1
 627 0061 50       		.byte	0x50
 628 0062 54000000 		.4byte	.LVL10
 629 0066 5A000000 		.4byte	.LVL12
 630 006a 0200     		.2byte	0x2
 631 006c 30       		.byte	0x30
 632 006d 9F       		.byte	0x9f
 633 006e 5A000000 		.4byte	.LVL12
 634 0072 68000000 		.4byte	.LFE0
 635 0076 0100     		.2byte	0x1
 636 0078 50       		.byte	0x50
 637 0079 00000000 		.4byte	0
 638 007d 00000000 		.4byte	0
 639              		.section	.debug_aranges,"",%progbits
 640 0000 1C000000 		.4byte	0x1c
 641 0004 0200     		.2byte	0x2
 642 0006 00000000 		.4byte	.Ldebug_info0
 643 000a 04       		.byte	0x4
 644 000b 00       		.byte	0
 645 000c 0000     		.2byte	0
 646 000e 0000     		.2byte	0
 647 0010 00000000 		.4byte	.LFB0
 648 0014 68000000 		.4byte	.LFE0-.LFB0
 649 0018 00000000 		.4byte	0
 650 001c 00000000 		.4byte	0
 651              		.section	.debug_ranges,"",%progbits
 652              	.Ldebug_ranges0:
 653 0000 00000000 		.4byte	.LFB0
 654 0004 68000000 		.4byte	.LFE0
 655 0008 00000000 		.4byte	0
 656 000c 00000000 		.4byte	0
 657              		.section	.debug_line,"",%progbits
 658              	.Ldebug_line0:
 659 0000 87000000 		.section	.debug_str,"MS",%progbits,1
 659      02005A00 
 659      00000201 
 659      FB0E0D00 
 659      01010101 
 660              	.LASF37:
ARM GAS  C:\Users\Revanth\AppData\Local\Temp\ccBqnU9l.s 			page 15


 661 0000 5553425F 		.ascii	"USB_DispatchClassRqst\000"
 661      44697370 
 661      61746368 
 661      436C6173 
 661      73527173 
 662              	.LASF36:
 663 0016 433A5C55 		.ascii	"C:\\Users\\Revanth\\Documents\\GitHub\\AS76_FFP\\AS"
 663      73657273 
 663      5C526576 
 663      616E7468 
 663      5C446F63 
 664 0043 37365F46 		.ascii	"76_FFP\\AS76_FFP6.cydsn\000"
 664      46505C41 
 664      5337365F 
 664      46465036 
 664      2E637964 
 665              	.LASF3:
 666 005a 73686F72 		.ascii	"short unsigned int\000"
 666      7420756E 
 666      7369676E 
 666      65642069 
 666      6E7400
 667              	.LASF31:
 668 006d 5553425F 		.ascii	"USB_EP\000"
 668      455000
 669              	.LASF27:
 670 0074 5553425F 		.ascii	"USB_ep0_data_struct\000"
 670      6570305F 
 670      64617461 
 670      5F737472 
 670      75637400 
 671              	.LASF26:
 672 0088 65704461 		.ascii	"epData\000"
 672      746100
 673              	.LASF29:
 674 008f 72657175 		.ascii	"requestHandled\000"
 674      65737448 
 674      616E646C 
 674      656400
 675              	.LASF11:
 676 009e 666C6F61 		.ascii	"float\000"
 676      7400
 677              	.LASF19:
 678 00a4 6570546F 		.ascii	"epToggle\000"
 678      67676C65 
 678      00
 679              	.LASF1:
 680 00ad 756E7369 		.ascii	"unsigned char\000"
 680      676E6564 
 680      20636861 
 680      7200
 681              	.LASF34:
 682 00bb 474E5520 		.ascii	"GNU C11 5.4.1 20160609 (release) [ARM/embedded-5-br"
 682      43313120 
 682      352E342E 
 682      31203230 
 682      31363036 
ARM GAS  C:\Users\Revanth\AppData\Local\Temp\ccBqnU9l.s 			page 16


 683 00ee 616E6368 		.ascii	"anch revision 237715] -mcpu=cortex-m3 -mthumb -g -O"
 683      20726576 
 683      6973696F 
 683      6E203233 
 683      37373135 
 684 0121 67202D66 		.ascii	"g -ffunction-sections -ffat-lto-objects\000"
 684      66756E63 
 684      74696F6E 
 684      2D736563 
 684      74696F6E 
 685              	.LASF5:
 686 0149 6C6F6E67 		.ascii	"long unsigned int\000"
 686      20756E73 
 686      69676E65 
 686      6420696E 
 686      7400
 687              	.LASF20:
 688 015b 61646472 		.ascii	"addr\000"
 688      00
 689              	.LASF28:
 690 0160 696E7465 		.ascii	"interfaceNumber\000"
 690      72666163 
 690      654E756D 
 690      62657200 
 691              	.LASF12:
 692 0170 646F7562 		.ascii	"double\000"
 692      6C6500
 693              	.LASF16:
 694 0177 61747472 		.ascii	"attrib\000"
 694      696200
 695              	.LASF22:
 696 017e 62756666 		.ascii	"buffOffset\000"
 696      4F666673 
 696      657400
 697              	.LASF32:
 698 0189 5553425F 		.ascii	"USB_DispatchHIDClassRqst\000"
 698      44697370 
 698      61746368 
 698      48494443 
 698      6C617373 
 699              	.LASF10:
 700 01a2 75696E74 		.ascii	"uint16\000"
 700      313600
 701              	.LASF17:
 702 01a9 61706945 		.ascii	"apiEpState\000"
 702      70537461 
 702      746500
 703              	.LASF8:
 704 01b4 756E7369 		.ascii	"unsigned int\000"
 704      676E6564 
 704      20696E74 
 704      00
 705              	.LASF7:
 706 01c1 6C6F6E67 		.ascii	"long long unsigned int\000"
 706      206C6F6E 
 706      6720756E 
 706      7369676E 
ARM GAS  C:\Users\Revanth\AppData\Local\Temp\ccBqnU9l.s 			page 17


 706      65642069 
 707              	.LASF18:
 708 01d8 68774570 		.ascii	"hwEpState\000"
 708      53746174 
 708      6500
 709              	.LASF30:
 710 01e2 5553425F 		.ascii	"USB_interfaceClass\000"
 710      696E7465 
 710      72666163 
 710      65436C61 
 710      737300
 711              	.LASF35:
 712 01f5 47656E65 		.ascii	"Generated_Source\\PSoC5\\USB_cls.c\000"
 712      72617465 
 712      645F536F 
 712      75726365 
 712      5C50536F 
 713              	.LASF15:
 714 0216 73697A65 		.ascii	"sizetype\000"
 714      74797065 
 714      00
 715              	.LASF21:
 716 021f 65704D6F 		.ascii	"epMode\000"
 716      646500
 717              	.LASF6:
 718 0226 6C6F6E67 		.ascii	"long long int\000"
 718      206C6F6E 
 718      6720696E 
 718      7400
 719              	.LASF13:
 720 0234 63686172 		.ascii	"char\000"
 720      00
 721              	.LASF23:
 722 0239 62756666 		.ascii	"bufferSize\000"
 722      65725369 
 722      7A6500
 723              	.LASF2:
 724 0244 73686F72 		.ascii	"short int\000"
 724      7420696E 
 724      7400
 725              	.LASF9:
 726 024e 75696E74 		.ascii	"uint8\000"
 726      3800
 727              	.LASF24:
 728 0254 696E7465 		.ascii	"interface\000"
 728      72666163 
 728      6500
 729              	.LASF4:
 730 025e 6C6F6E67 		.ascii	"long int\000"
 730      20696E74 
 730      00
 731              	.LASF25:
 732 0267 545F5553 		.ascii	"T_USB_EP_CTL_BLOCK\000"
 732      425F4550 
 732      5F43544C 
 732      5F424C4F 
 732      434B00
ARM GAS  C:\Users\Revanth\AppData\Local\Temp\ccBqnU9l.s 			page 18


 733              	.LASF33:
 734 027a 5553425F 		.ascii	"USB_DispatchCDCClassRqst\000"
 734      44697370 
 734      61746368 
 734      43444343 
 734      6C617373 
 735              	.LASF14:
 736 0293 6C6F6E67 		.ascii	"long double\000"
 736      20646F75 
 736      626C6500 
 737              	.LASF0:
 738 029f 7369676E 		.ascii	"signed char\000"
 738      65642063 
 738      68617200 
 739              		.ident	"GCC: (GNU Tools for ARM Embedded Processors) 5.4.1 20160609 (release) [ARM/embedded-5-bran
