ARM GAS  C:\Users\Revanth\AppData\Local\Temp\cccvrwBX.s 			page 1


   1              		.syntax unified
   2              		.cpu cortex-m3
   3              		.fpu softvfp
   4              		.eabi_attribute 20, 1
   5              		.eabi_attribute 21, 1
   6              		.eabi_attribute 23, 3
   7              		.eabi_attribute 24, 1
   8              		.eabi_attribute 25, 1
   9              		.eabi_attribute 26, 1
  10              		.eabi_attribute 30, 1
  11              		.eabi_attribute 34, 1
  12              		.eabi_attribute 18, 4
  13              		.thumb
  14              		.syntax unified
  15              		.file	"main.c"
  16              		.text
  17              	.Ltext0:
  18              		.cfi_sections	.debug_frame
  19              		.section	.text.main,"ax",%progbits
  20              		.align	2
  21              		.global	main
  22              		.thumb
  23              		.thumb_func
  24              		.type	main, %function
  25              	main:
  26              	.LFB64:
  27              		.file 1 "main.c"
   1:main.c        **** /* ========================================
   2:main.c        ****    Copyright Sigtuple, 2022
   3:main.c        ****    All Rights Reserved
   4:main.c        ****    UNPUBLISHED, LICENSED SOFTWARE.
   5:main.c        **** 
   6:main.c        ****    CONFIDENTIAL AND PROPRIETARY INFORMATION
   7:main.c        ****    WHICH IS THE PROPERTY OF SIGTUPLE.
   8:main.c        **** 
   9:main.c        ****    ========================================
  10:main.c        **** */
  11:main.c        **** #include "project.h"
  12:main.c        **** #include <stdlib.h>
  13:main.c        **** #include <string.h>
  14:main.c        **** #include "AS76.h"
  15:main.c        **** 
  16:main.c        **** #include "variables.h"
  17:main.c        **** 
  18:main.c        **** 
  19:main.c        **** uint8_t status_x =0xFF;
  20:main.c        **** uint8_t status_y =0xFF;
  21:main.c        **** uint8_t status_z =0xFF;
  22:main.c        **** uint8_t status_t =0xFF;
  23:main.c        **** 
  24:main.c        **** 
  25:main.c        **** 
  26:main.c        **** int main(void)
  27:main.c        **** {
  28              		.loc 1 27 0
  29              		.cfi_startproc
  30              		@ Volatile: function does not return.
ARM GAS  C:\Users\Revanth\AppData\Local\Temp\cccvrwBX.s 			page 2


  31              		@ args = 0, pretend = 0, frame = 0
  32              		@ frame_needed = 0, uses_anonymous_args = 0
  33 0000 00B5     		push	{lr}
  34              		.cfi_def_cfa_offset 4
  35              		.cfi_offset 14, -4
  36 0002 83B0     		sub	sp, sp, #12
  37              		.cfi_def_cfa_offset 16
  28:main.c        ****     CyGlobalIntEnable;                                  /* Enable global interrupts. */
  38              		.loc 1 28 0
  39              		.syntax unified
  40              	@ 28 "main.c" 1
  41 0004 62B6     		CPSIE   i
  42              	@ 0 "" 2
  29:main.c        ****     wait_timer_Init();
  43              		.loc 1 29 0
  44              		.thumb
  45              		.syntax unified
  46 0006 FFF7FEFF 		bl	wait_timer_Init
  47              	.LVL0:
  30:main.c        ****     
  31:main.c        ****     
  32:main.c        ****     
  33:main.c        ****     LED3_Write(0xFF);
  48              		.loc 1 33 0
  49 000a FF20     		movs	r0, #255
  50 000c FFF7FEFF 		bl	LED3_Write
  51              	.LVL1:
  34:main.c        ****     LED2_Write(0xFF);
  52              		.loc 1 34 0
  53 0010 FF20     		movs	r0, #255
  54 0012 FFF7FEFF 		bl	LED2_Write
  55              	.LVL2:
  35:main.c        ****     Initialize_PWM();   
  56              		.loc 1 35 0
  57 0016 FFF7FEFF 		bl	Initialize_PWM
  58              	.LVL3:
  36:main.c        ****    PWM_CondenserLED_WriteCompare(0x00);
  59              		.loc 1 36 0
  60 001a 0020     		movs	r0, #0
  61 001c FFF7FEFF 		bl	PWM_CondenserLED_WriteCompare
  62              	.LVL4:
  37:main.c        ****    PWM_BarcodeCondenser_LED_WriteCompare(0);
  63              		.loc 1 37 0
  64 0020 0020     		movs	r0, #0
  65 0022 FFF7FEFF 		bl	PWM_BarcodeCondenser_LED_WriteCompare
  66              	.LVL5:
  38:main.c        ****    Pin_Backlight_Write(0x00);
  67              		.loc 1 38 0
  68 0026 0020     		movs	r0, #0
  69 0028 FFF7FEFF 		bl	Pin_Backlight_Write
  70              	.LVL6:
  39:main.c        ****     UART_PCB_LOG_Start();   
  71              		.loc 1 39 0
  72 002c FFF7FEFF 		bl	UART_PCB_LOG_Start
  73              	.LVL7:
  40:main.c        ****     Write_Debug_UART_Char("PCB On/PCB RESET**********  \r\n");
  74              		.loc 1 40 0
ARM GAS  C:\Users\Revanth\AppData\Local\Temp\cccvrwBX.s 			page 3


  75 0030 3748     		ldr	r0, .L5
  76 0032 FFF7FEFF 		bl	Write_Debug_UART_Char
  77              	.LVL8:
  41:main.c        ****     Initialize_USB();                                   /* Start USB to communicate with motherbord
  78              		.loc 1 41 0
  79 0036 FFF7FEFF 		bl	Initialize_USB
  80              	.LVL9:
  42:main.c        ****     Initialize_And_Start_All_Opt_Encoder();             /* Start optical decoder. */    
  81              		.loc 1 42 0
  82 003a FFF7FEFF 		bl	Initialize_And_Start_All_Opt_Encoder
  83              	.LVL10:
  43:main.c        ****     SPIM_Start();                                       /* SPI communication start for motor driver
  84              		.loc 1 43 0
  85 003e FFF7FEFF 		bl	SPIM_Start
  86              	.LVL11:
  44:main.c        ****     Initialize_Motor(TMC5160_nCS_MotorX);
  87              		.loc 1 44 0
  88 0042 0020     		movs	r0, #0
  89 0044 FFF7FEFF 		bl	Initialize_Motor
  90              	.LVL12:
  45:main.c        ****     CyDelayUs(100);
  91              		.loc 1 45 0
  92 0048 6420     		movs	r0, #100
  93 004a FFF7FEFF 		bl	CyDelayUs
  94              	.LVL13:
  46:main.c        ****     Initialize_Motor(TMC5160_nCS_MotorY); 
  95              		.loc 1 46 0
  96 004e 0120     		movs	r0, #1
  97 0050 FFF7FEFF 		bl	Initialize_Motor
  98              	.LVL14:
  47:main.c        ****     CyDelayUs(100);
  99              		.loc 1 47 0
 100 0054 6420     		movs	r0, #100
 101 0056 FFF7FEFF 		bl	CyDelayUs
 102              	.LVL15:
  48:main.c        ****     Initialize_Motor(TMC5160_nCS_MotorZ); 
 103              		.loc 1 48 0
 104 005a 0220     		movs	r0, #2
 105 005c FFF7FEFF 		bl	Initialize_Motor
 106              	.LVL16:
  49:main.c        ****     CyDelayUs(100);
 107              		.loc 1 49 0
 108 0060 6420     		movs	r0, #100
 109 0062 FFF7FEFF 		bl	CyDelayUs
 110              	.LVL17:
  50:main.c        ****     Initialize_Motor(TMC5160_nCS_MotorT); 
 111              		.loc 1 50 0
 112 0066 0320     		movs	r0, #3
 113 0068 FFF7FEFF 		bl	Initialize_Motor
 114              	.LVL18:
  51:main.c        ****     CyDelayUs(100);
 115              		.loc 1 51 0
 116 006c 6420     		movs	r0, #100
 117 006e FFF7FEFF 		bl	CyDelayUs
 118              	.LVL19:
  52:main.c        ****     Initialize_Motor(TMC5160_nCS_MotorO); 
 119              		.loc 1 52 0
ARM GAS  C:\Users\Revanth\AppData\Local\Temp\cccvrwBX.s 			page 4


 120 0072 0420     		movs	r0, #4
 121 0074 FFF7FEFF 		bl	Initialize_Motor
 122              	.LVL20:
  53:main.c        ****     CyDelayUs(100);
 123              		.loc 1 53 0
 124 0078 6420     		movs	r0, #100
 125 007a FFF7FEFF 		bl	CyDelayUs
 126              	.LVL21:
  54:main.c        **** 
  55:main.c        ****  
  56:main.c        ****     // API for Homing X,Y,Z,T
  57:main.c        ****     //TMC5160_MotorZ_EN_Write(0x00);
  58:main.c        ****     CyDelay(100);
 127              		.loc 1 58 0
 128 007e 6420     		movs	r0, #100
 129 0080 FFF7FEFF 		bl	CyDelay
 130              	.LVL22:
  59:main.c        ****     //homeZ(TMC5160_nCS_MotorZ);
  60:main.c        ****     //TMC5160_MotorX_EN_Write(0x00);
  61:main.c        ****     CyDelay(100);
 131              		.loc 1 61 0
 132 0084 6420     		movs	r0, #100
 133 0086 FFF7FEFF 		bl	CyDelay
 134              	.LVL23:
  62:main.c        ****     //homeX(TMC5160_nCS_MotorX);
  63:main.c        ****     //TMC5160_MotorY_EN_Write(0x00);
  64:main.c        ****     CyDelay(100);
 135              		.loc 1 64 0
 136 008a 6420     		movs	r0, #100
 137 008c FFF7FEFF 		bl	CyDelay
 138              	.LVL24:
  65:main.c        ****     //homeY(TMC5160_nCS_MotorY);
  66:main.c        ****     
  67:main.c        ****     TMC5160_MotorT_EN_Write(0x00);
 139              		.loc 1 67 0
 140 0090 0020     		movs	r0, #0
 141 0092 FFF7FEFF 		bl	TMC5160_MotorT_EN_Write
 142              	.LVL25:
  68:main.c        ****     //homeT(TMC5160_nCS_MotorT);
  69:main.c        ****     //GotoPos(42000, TMC5160_nCS_MotorT);
  70:main.c        ****     //WaitTillPositionReached(TMC5160_nCS_MotorT);
  71:main.c        ****     CyDelay(100);
 143              		.loc 1 71 0
 144 0096 6420     		movs	r0, #100
 145 0098 FFF7FEFF 		bl	CyDelay
 146              	.LVL26:
  72:main.c        ****     TMC5160_MotorT_EN_Write(0xFF); 
 147              		.loc 1 72 0
 148 009c FF20     		movs	r0, #255
 149 009e FFF7FEFF 		bl	TMC5160_MotorT_EN_Write
 150              	.LVL27:
  73:main.c        ****     //TMC5160_MotorO_EN_Write(0x00);
  74:main.c        ****     update_max_velocity(6200, TMC5160_nCS_MotorO);
 151              		.loc 1 74 0
 152 00a2 0421     		movs	r1, #4
 153 00a4 41F63800 		movw	r0, #6200
 154 00a8 FFF7FEFF 		bl	update_max_velocity
ARM GAS  C:\Users\Revanth\AppData\Local\Temp\cccvrwBX.s 			page 5


 155              	.LVL28:
  75:main.c        ****     
  76:main.c        ****     QuadDec_X_SetCounter(0x00) ;
 156              		.loc 1 76 0
 157 00ac 0020     		movs	r0, #0
 158 00ae FFF7FEFF 		bl	QuadDec_X_SetCounter
 159              	.LVL29:
  77:main.c        ****     QuadDec_Y_SetCounter(0x00) ;  
 160              		.loc 1 77 0
 161 00b2 0020     		movs	r0, #0
 162 00b4 FFF7FEFF 		bl	QuadDec_Y_SetCounter
 163              	.LVL30:
  78:main.c        ****     
  79:main.c        ****     LED3_Write(0x00);
 164              		.loc 1 79 0
 165 00b8 0020     		movs	r0, #0
 166 00ba FFF7FEFF 		bl	LED3_Write
 167              	.LVL31:
  80:main.c        ****     LED2_Write(0x00);
 168              		.loc 1 80 0
 169 00be 0020     		movs	r0, #0
 170 00c0 FFF7FEFF 		bl	LED2_Write
 171              	.LVL32:
  81:main.c        ****     
  82:main.c        ****    
  83:main.c        ****    CyDelay(10); 
 172              		.loc 1 83 0
 173 00c4 0A20     		movs	r0, #10
 174 00c6 FFF7FEFF 		bl	CyDelay
 175              	.LVL33:
  84:main.c        ****    Ring(1,0x1E,0xC4,0x0E,0x0A);
 176              		.loc 1 84 0
 177 00ca 0A23     		movs	r3, #10
 178 00cc 0093     		str	r3, [sp]
 179 00ce 0E23     		movs	r3, #14
 180 00d0 C422     		movs	r2, #196
 181 00d2 1E21     		movs	r1, #30
 182 00d4 0120     		movs	r0, #1
 183 00d6 FFF7FEFF 		bl	Ring
 184              	.LVL34:
 185              	.L3:
  85:main.c        ****   //Ring(1,0x24,0x00,0xFF,0x0A);
  86:main.c        ****     
  87:main.c        ****    //BF22(0xFF,0xFF,0xFF,0x0A,0x00,0xFF,0xFF,0x0A,0xFF,128,0x00,0x0A,0x00,0x00,0x00,0x00,0xFF,0x00,
  88:main.c        ****         
  89:main.c        **** ////////////////////////////////////////// LOOP ///////////////////////////////////////////////////
  90:main.c        ****         
  91:main.c        ****     for (;;)  
  92:main.c        ****     {    
  93:main.c        ****         Is_USB_Unpluged();                              /* Reset MCU if USB unplugged or plugged. *
 186              		.loc 1 93 0
 187 00da FFF7FEFF 		bl	Is_USB_Unpluged
 188              	.LVL35:
  94:main.c        ****         //LED3_Write(0xFF);
  95:main.c        ****        // goTo_X(100);
  96:main.c        ****         if (0 != USB_DataIsReady())                     /* Check for input data from host. */
 189              		.loc 1 96 0
ARM GAS  C:\Users\Revanth\AppData\Local\Temp\cccvrwBX.s 			page 6


 190 00de FFF7FEFF 		bl	USB_DataIsReady
 191              	.LVL36:
 192 00e2 88B1     		cbz	r0, .L2
  97:main.c        ****         {       
  98:main.c        ****             count = USB_GetAll(USB_received);           /* Read received data and re-enable OUT end
 193              		.loc 1 98 0
 194 00e4 0B48     		ldr	r0, .L5+4
 195 00e6 FFF7FEFF 		bl	USB_GetAll
 196              	.LVL37:
 197 00ea 0B4B     		ldr	r3, .L5+8
 198 00ec 1880     		strh	r0, [r3]	@ movhi
  99:main.c        ****             if(count >= 2)                              /* Check if data id more then 2 bytes. */
 199              		.loc 1 99 0
 200 00ee 0128     		cmp	r0, #1
 201 00f0 0AD9     		bls	.L2
 100:main.c        ****             {
 101:main.c        ****                 Write_Debug_UART_Char("\n\nDATA RECEIVED  \r\n");
 202              		.loc 1 101 0
 203 00f2 0A48     		ldr	r0, .L5+12
 204 00f4 FFF7FEFF 		bl	Write_Debug_UART_Char
 205              	.LVL38:
 102:main.c        ****                 LED2_Write(0xFF);
 206              		.loc 1 102 0
 207 00f8 FF20     		movs	r0, #255
 208 00fa FFF7FEFF 		bl	LED2_Write
 209              	.LVL39:
 103:main.c        ****                 Process_USB_Data();
 210              		.loc 1 103 0
 211 00fe FFF7FEFF 		bl	Process_USB_Data
 212              	.LVL40:
 104:main.c        ****                 LED2_Write(0x00);
 213              		.loc 1 104 0
 214 0102 0020     		movs	r0, #0
 215 0104 FFF7FEFF 		bl	LED2_Write
 216              	.LVL41:
 217              	.L2:
 105:main.c        ****                   /* Process The USB incoming data. */
 106:main.c        ****              
 107:main.c        **** 
 108:main.c        ****             }
 109:main.c        ****         }            
 110:main.c        ****     
 111:main.c        ****     
 112:main.c        **** 
 113:main.c        ****     CyDelayUs(100);
 218              		.loc 1 113 0
 219 0108 6420     		movs	r0, #100
 220 010a FFF7FEFF 		bl	CyDelayUs
 221              	.LVL42:
 114:main.c        **** 
 115:main.c        ****         
 116:main.c        ****         }    
 222              		.loc 1 116 0
 223 010e E4E7     		b	.L3
 224              	.L6:
 225              		.align	2
 226              	.L5:
ARM GAS  C:\Users\Revanth\AppData\Local\Temp\cccvrwBX.s 			page 7


 227 0110 00000000 		.word	.LC0
 228 0114 00000000 		.word	USB_received
 229 0118 00000000 		.word	count
 230 011c 20000000 		.word	.LC1
 231              		.cfi_endproc
 232              	.LFE64:
 233              		.size	main, .-main
 234              		.global	status_t
 235              		.global	status_z
 236              		.global	status_y
 237              		.global	status_x
 238              		.comm	USB_transmit,58,4
 239              		.comm	USB_received,64,4
 240              		.comm	count,2,2
 241              		.comm	Is_Slide_On_Gripper,1,1
 242              		.data
 243              		.type	status_t, %object
 244              		.size	status_t, 1
 245              	status_t:
 246 0000 FF       		.byte	-1
 247              		.type	status_z, %object
 248              		.size	status_z, 1
 249              	status_z:
 250 0001 FF       		.byte	-1
 251              		.type	status_y, %object
 252              		.size	status_y, 1
 253              	status_y:
 254 0002 FF       		.byte	-1
 255              		.type	status_x, %object
 256              		.size	status_x, 1
 257              	status_x:
 258 0003 FF       		.byte	-1
 259              		.section	.rodata.str1.4,"aMS",%progbits,1
 260              		.align	2
 261              	.LC0:
 262 0000 50434220 		.ascii	"PCB On/PCB RESET**********  \015\012\000"
 262      4F6E2F50 
 262      43422052 
 262      45534554 
 262      2A2A2A2A 
 263 001f 00       		.space	1
 264              	.LC1:
 265 0020 0A0A4441 		.ascii	"\012\012DATA RECEIVED  \015\012\000"
 265      54412052 
 265      45434549 
 265      56454420 
 265      200D0A00 
 266              		.text
 267              	.Letext0:
 268              		.file 2 "c:\\program files (x86)\\cypress\\psoc creator\\4.4\\psoc creator\\import\\gnu\\arm\\5.4.
 269              		.file 3 "c:\\program files (x86)\\cypress\\psoc creator\\4.4\\psoc creator\\import\\gnu\\arm\\5.4.
 270              		.file 4 "Generated_Source\\PSoC5/cytypes.h"
 271              		.file 5 "Generated_Source\\PSoC5/core_cm3.h"
 272              		.file 6 "variables.h"
 273              		.file 7 "Generated_Source\\PSoC5/wait_timer.h"
 274              		.file 8 "Generated_Source\\PSoC5/LED3.h"
 275              		.file 9 "Generated_Source\\PSoC5/LED2.h"
ARM GAS  C:\Users\Revanth\AppData\Local\Temp\cccvrwBX.s 			page 8


 276              		.file 10 "Generated_Source\\PSoC5/PWM_CondenserLED.h"
 277              		.file 11 "Generated_Source\\PSoC5/PWM_BarcodeCondenser_LED.h"
 278              		.file 12 "Generated_Source\\PSoC5/Pin_Backlight.h"
 279              		.file 13 "Generated_Source\\PSoC5/UART_PCB_LOG.h"
 280              		.file 14 "Generated_Source\\PSoC5/SPIM.h"
 281              		.file 15 "Generated_Source\\PSoC5/CyLib.h"
 282              		.file 16 "Generated_Source\\PSoC5/TMC5160_MotorT_EN.h"
 283              		.file 17 "AS76.h"
 284              		.file 18 "Generated_Source\\PSoC5/QuadDec_X.h"
 285              		.file 19 "Generated_Source\\PSoC5/QuadDec_Y.h"
 286              		.file 20 "Generated_Source\\PSoC5/USB_cdc.h"
 287              		.section	.debug_info,"",%progbits
 288              	.Ldebug_info0:
 289 0000 D8050000 		.4byte	0x5d8
 290 0004 0400     		.2byte	0x4
 291 0006 00000000 		.4byte	.Ldebug_abbrev0
 292 000a 04       		.byte	0x4
 293 000b 01       		.uleb128 0x1
 294 000c 02010000 		.4byte	.LASF55
 295 0010 0C       		.byte	0xc
 296 0011 0B030000 		.4byte	.LASF56
 297 0015 B5010000 		.4byte	.LASF57
 298 0019 00000000 		.4byte	.Ldebug_ranges0+0
 299 001d 00000000 		.4byte	0
 300 0021 00000000 		.4byte	.Ldebug_line0
 301 0025 02       		.uleb128 0x2
 302 0026 01       		.byte	0x1
 303 0027 06       		.byte	0x6
 304 0028 97030000 		.4byte	.LASF0
 305 002c 03       		.uleb128 0x3
 306 002d 00000000 		.4byte	.LASF4
 307 0031 02       		.byte	0x2
 308 0032 1D       		.byte	0x1d
 309 0033 37000000 		.4byte	0x37
 310 0037 02       		.uleb128 0x2
 311 0038 01       		.byte	0x1
 312 0039 08       		.byte	0x8
 313 003a F4000000 		.4byte	.LASF1
 314 003e 02       		.uleb128 0x2
 315 003f 02       		.byte	0x2
 316 0040 05       		.byte	0x5
 317 0041 36030000 		.4byte	.LASF2
 318 0045 02       		.uleb128 0x2
 319 0046 02       		.byte	0x2
 320 0047 07       		.byte	0x7
 321 0048 A2010000 		.4byte	.LASF3
 322 004c 03       		.uleb128 0x3
 323 004d 53000000 		.4byte	.LASF5
 324 0051 02       		.byte	0x2
 325 0052 3F       		.byte	0x3f
 326 0053 57000000 		.4byte	0x57
 327 0057 02       		.uleb128 0x2
 328 0058 04       		.byte	0x4
 329 0059 05       		.byte	0x5
 330 005a 7C000000 		.4byte	.LASF6
 331 005e 02       		.uleb128 0x2
 332 005f 04       		.byte	0x4
ARM GAS  C:\Users\Revanth\AppData\Local\Temp\cccvrwBX.s 			page 9


 333 0060 07       		.byte	0x7
 334 0061 90010000 		.4byte	.LASF7
 335 0065 02       		.uleb128 0x2
 336 0066 08       		.byte	0x8
 337 0067 05       		.byte	0x5
 338 0068 FD020000 		.4byte	.LASF8
 339 006c 02       		.uleb128 0x2
 340 006d 08       		.byte	0x8
 341 006e 07       		.byte	0x7
 342 006f A3020000 		.4byte	.LASF9
 343 0073 04       		.uleb128 0x4
 344 0074 04       		.byte	0x4
 345 0075 05       		.byte	0x5
 346 0076 696E7400 		.ascii	"int\000"
 347 007a 02       		.uleb128 0x2
 348 007b 04       		.byte	0x4
 349 007c 07       		.byte	0x7
 350 007d 96020000 		.4byte	.LASF10
 351 0081 03       		.uleb128 0x3
 352 0082 BA020000 		.4byte	.LASF11
 353 0086 03       		.byte	0x3
 354 0087 18       		.byte	0x18
 355 0088 2C000000 		.4byte	0x2c
 356 008c 03       		.uleb128 0x3
 357 008d CD020000 		.4byte	.LASF12
 358 0091 03       		.byte	0x3
 359 0092 2C       		.byte	0x2c
 360 0093 4C000000 		.4byte	0x4c
 361 0097 05       		.uleb128 0x5
 362 0098 40030000 		.4byte	.LASF13
 363 009c 04       		.byte	0x4
 364 009d E401     		.2byte	0x1e4
 365 009f 37000000 		.4byte	0x37
 366 00a3 05       		.uleb128 0x5
 367 00a4 06020000 		.4byte	.LASF14
 368 00a8 04       		.byte	0x4
 369 00a9 E501     		.2byte	0x1e5
 370 00ab 45000000 		.4byte	0x45
 371 00af 05       		.uleb128 0x5
 372 00b0 81020000 		.4byte	.LASF15
 373 00b4 04       		.byte	0x4
 374 00b5 E701     		.2byte	0x1e7
 375 00b7 25000000 		.4byte	0x25
 376 00bb 02       		.uleb128 0x2
 377 00bc 04       		.byte	0x4
 378 00bd 04       		.byte	0x4
 379 00be DE000000 		.4byte	.LASF16
 380 00c2 02       		.uleb128 0x2
 381 00c3 08       		.byte	0x8
 382 00c4 04       		.byte	0x4
 383 00c5 A3030000 		.4byte	.LASF17
 384 00c9 02       		.uleb128 0x2
 385 00ca 01       		.byte	0x1
 386 00cb 08       		.byte	0x8
 387 00cc 12030000 		.4byte	.LASF18
 388 00d0 02       		.uleb128 0x2
 389 00d1 08       		.byte	0x8
ARM GAS  C:\Users\Revanth\AppData\Local\Temp\cccvrwBX.s 			page 10


 390 00d2 04       		.byte	0x4
 391 00d3 8B030000 		.4byte	.LASF19
 392 00d7 02       		.uleb128 0x2
 393 00d8 04       		.byte	0x4
 394 00d9 07       		.byte	0x7
 395 00da D5020000 		.4byte	.LASF20
 396 00de 06       		.uleb128 0x6
 397 00df 45020000 		.4byte	.LASF58
 398 00e3 01       		.byte	0x1
 399 00e4 1A       		.byte	0x1a
 400 00e5 73000000 		.4byte	0x73
 401 00e9 00000000 		.4byte	.LFB64
 402 00ed 20010000 		.4byte	.LFE64-.LFB64
 403 00f1 01       		.uleb128 0x1
 404 00f2 9C       		.byte	0x9c
 405 00f3 13040000 		.4byte	0x413
 406 00f7 07       		.uleb128 0x7
 407 00f8 4E000000 		.4byte	.LASF50
 408 00fc 01       		.byte	0x1
 409 00fd 54       		.byte	0x54
 410 00fe 73000000 		.4byte	0x73
 411 0102 08010000 		.4byte	0x108
 412 0106 08       		.uleb128 0x8
 413 0107 00       		.byte	0
 414 0108 09       		.uleb128 0x9
 415 0109 0A000000 		.4byte	.LVL0
 416 010d D3040000 		.4byte	0x4d3
 417 0111 0A       		.uleb128 0xa
 418 0112 10000000 		.4byte	.LVL1
 419 0116 DE040000 		.4byte	0x4de
 420 011a 25010000 		.4byte	0x125
 421 011e 0B       		.uleb128 0xb
 422 011f 01       		.uleb128 0x1
 423 0120 50       		.byte	0x50
 424 0121 02       		.uleb128 0x2
 425 0122 09       		.byte	0x9
 426 0123 FF       		.byte	0xff
 427 0124 00       		.byte	0
 428 0125 0A       		.uleb128 0xa
 429 0126 16000000 		.4byte	.LVL2
 430 012a E9040000 		.4byte	0x4e9
 431 012e 39010000 		.4byte	0x139
 432 0132 0B       		.uleb128 0xb
 433 0133 01       		.uleb128 0x1
 434 0134 50       		.byte	0x50
 435 0135 02       		.uleb128 0x2
 436 0136 09       		.byte	0x9
 437 0137 FF       		.byte	0xff
 438 0138 00       		.byte	0
 439 0139 09       		.uleb128 0x9
 440 013a 1A000000 		.4byte	.LVL3
 441 013e F4040000 		.4byte	0x4f4
 442 0142 0A       		.uleb128 0xa
 443 0143 20000000 		.4byte	.LVL4
 444 0147 FF040000 		.4byte	0x4ff
 445 014b 55010000 		.4byte	0x155
 446 014f 0B       		.uleb128 0xb
ARM GAS  C:\Users\Revanth\AppData\Local\Temp\cccvrwBX.s 			page 11


 447 0150 01       		.uleb128 0x1
 448 0151 50       		.byte	0x50
 449 0152 01       		.uleb128 0x1
 450 0153 30       		.byte	0x30
 451 0154 00       		.byte	0
 452 0155 0A       		.uleb128 0xa
 453 0156 26000000 		.4byte	.LVL5
 454 015a 0A050000 		.4byte	0x50a
 455 015e 68010000 		.4byte	0x168
 456 0162 0B       		.uleb128 0xb
 457 0163 01       		.uleb128 0x1
 458 0164 50       		.byte	0x50
 459 0165 01       		.uleb128 0x1
 460 0166 30       		.byte	0x30
 461 0167 00       		.byte	0
 462 0168 0A       		.uleb128 0xa
 463 0169 2C000000 		.4byte	.LVL6
 464 016d 15050000 		.4byte	0x515
 465 0171 7B010000 		.4byte	0x17b
 466 0175 0B       		.uleb128 0xb
 467 0176 01       		.uleb128 0x1
 468 0177 50       		.byte	0x50
 469 0178 01       		.uleb128 0x1
 470 0179 30       		.byte	0x30
 471 017a 00       		.byte	0
 472 017b 09       		.uleb128 0x9
 473 017c 30000000 		.4byte	.LVL7
 474 0180 20050000 		.4byte	0x520
 475 0184 0A       		.uleb128 0xa
 476 0185 36000000 		.4byte	.LVL8
 477 0189 2B050000 		.4byte	0x52b
 478 018d 9B010000 		.4byte	0x19b
 479 0191 0B       		.uleb128 0xb
 480 0192 01       		.uleb128 0x1
 481 0193 50       		.byte	0x50
 482 0194 05       		.uleb128 0x5
 483 0195 03       		.byte	0x3
 484 0196 00000000 		.4byte	.LC0
 485 019a 00       		.byte	0
 486 019b 09       		.uleb128 0x9
 487 019c 3A000000 		.4byte	.LVL9
 488 01a0 36050000 		.4byte	0x536
 489 01a4 09       		.uleb128 0x9
 490 01a5 3E000000 		.4byte	.LVL10
 491 01a9 41050000 		.4byte	0x541
 492 01ad 09       		.uleb128 0x9
 493 01ae 42000000 		.4byte	.LVL11
 494 01b2 4C050000 		.4byte	0x54c
 495 01b6 0A       		.uleb128 0xa
 496 01b7 48000000 		.4byte	.LVL12
 497 01bb 57050000 		.4byte	0x557
 498 01bf C9010000 		.4byte	0x1c9
 499 01c3 0B       		.uleb128 0xb
 500 01c4 01       		.uleb128 0x1
 501 01c5 50       		.byte	0x50
 502 01c6 01       		.uleb128 0x1
 503 01c7 30       		.byte	0x30
ARM GAS  C:\Users\Revanth\AppData\Local\Temp\cccvrwBX.s 			page 12


 504 01c8 00       		.byte	0
 505 01c9 0A       		.uleb128 0xa
 506 01ca 4E000000 		.4byte	.LVL13
 507 01ce 62050000 		.4byte	0x562
 508 01d2 DD010000 		.4byte	0x1dd
 509 01d6 0B       		.uleb128 0xb
 510 01d7 01       		.uleb128 0x1
 511 01d8 50       		.byte	0x50
 512 01d9 02       		.uleb128 0x2
 513 01da 08       		.byte	0x8
 514 01db 64       		.byte	0x64
 515 01dc 00       		.byte	0
 516 01dd 0A       		.uleb128 0xa
 517 01de 54000000 		.4byte	.LVL14
 518 01e2 57050000 		.4byte	0x557
 519 01e6 F0010000 		.4byte	0x1f0
 520 01ea 0B       		.uleb128 0xb
 521 01eb 01       		.uleb128 0x1
 522 01ec 50       		.byte	0x50
 523 01ed 01       		.uleb128 0x1
 524 01ee 31       		.byte	0x31
 525 01ef 00       		.byte	0
 526 01f0 0A       		.uleb128 0xa
 527 01f1 5A000000 		.4byte	.LVL15
 528 01f5 62050000 		.4byte	0x562
 529 01f9 04020000 		.4byte	0x204
 530 01fd 0B       		.uleb128 0xb
 531 01fe 01       		.uleb128 0x1
 532 01ff 50       		.byte	0x50
 533 0200 02       		.uleb128 0x2
 534 0201 08       		.byte	0x8
 535 0202 64       		.byte	0x64
 536 0203 00       		.byte	0
 537 0204 0A       		.uleb128 0xa
 538 0205 60000000 		.4byte	.LVL16
 539 0209 57050000 		.4byte	0x557
 540 020d 17020000 		.4byte	0x217
 541 0211 0B       		.uleb128 0xb
 542 0212 01       		.uleb128 0x1
 543 0213 50       		.byte	0x50
 544 0214 01       		.uleb128 0x1
 545 0215 32       		.byte	0x32
 546 0216 00       		.byte	0
 547 0217 0A       		.uleb128 0xa
 548 0218 66000000 		.4byte	.LVL17
 549 021c 62050000 		.4byte	0x562
 550 0220 2B020000 		.4byte	0x22b
 551 0224 0B       		.uleb128 0xb
 552 0225 01       		.uleb128 0x1
 553 0226 50       		.byte	0x50
 554 0227 02       		.uleb128 0x2
 555 0228 08       		.byte	0x8
 556 0229 64       		.byte	0x64
 557 022a 00       		.byte	0
 558 022b 0A       		.uleb128 0xa
 559 022c 6C000000 		.4byte	.LVL18
 560 0230 57050000 		.4byte	0x557
ARM GAS  C:\Users\Revanth\AppData\Local\Temp\cccvrwBX.s 			page 13


 561 0234 3E020000 		.4byte	0x23e
 562 0238 0B       		.uleb128 0xb
 563 0239 01       		.uleb128 0x1
 564 023a 50       		.byte	0x50
 565 023b 01       		.uleb128 0x1
 566 023c 33       		.byte	0x33
 567 023d 00       		.byte	0
 568 023e 0A       		.uleb128 0xa
 569 023f 72000000 		.4byte	.LVL19
 570 0243 62050000 		.4byte	0x562
 571 0247 52020000 		.4byte	0x252
 572 024b 0B       		.uleb128 0xb
 573 024c 01       		.uleb128 0x1
 574 024d 50       		.byte	0x50
 575 024e 02       		.uleb128 0x2
 576 024f 08       		.byte	0x8
 577 0250 64       		.byte	0x64
 578 0251 00       		.byte	0
 579 0252 0A       		.uleb128 0xa
 580 0253 78000000 		.4byte	.LVL20
 581 0257 57050000 		.4byte	0x557
 582 025b 65020000 		.4byte	0x265
 583 025f 0B       		.uleb128 0xb
 584 0260 01       		.uleb128 0x1
 585 0261 50       		.byte	0x50
 586 0262 01       		.uleb128 0x1
 587 0263 34       		.byte	0x34
 588 0264 00       		.byte	0
 589 0265 0A       		.uleb128 0xa
 590 0266 7E000000 		.4byte	.LVL21
 591 026a 62050000 		.4byte	0x562
 592 026e 79020000 		.4byte	0x279
 593 0272 0B       		.uleb128 0xb
 594 0273 01       		.uleb128 0x1
 595 0274 50       		.byte	0x50
 596 0275 02       		.uleb128 0x2
 597 0276 08       		.byte	0x8
 598 0277 64       		.byte	0x64
 599 0278 00       		.byte	0
 600 0279 0A       		.uleb128 0xa
 601 027a 84000000 		.4byte	.LVL22
 602 027e 6D050000 		.4byte	0x56d
 603 0282 8D020000 		.4byte	0x28d
 604 0286 0B       		.uleb128 0xb
 605 0287 01       		.uleb128 0x1
 606 0288 50       		.byte	0x50
 607 0289 02       		.uleb128 0x2
 608 028a 08       		.byte	0x8
 609 028b 64       		.byte	0x64
 610 028c 00       		.byte	0
 611 028d 0A       		.uleb128 0xa
 612 028e 8A000000 		.4byte	.LVL23
 613 0292 6D050000 		.4byte	0x56d
 614 0296 A1020000 		.4byte	0x2a1
 615 029a 0B       		.uleb128 0xb
 616 029b 01       		.uleb128 0x1
 617 029c 50       		.byte	0x50
ARM GAS  C:\Users\Revanth\AppData\Local\Temp\cccvrwBX.s 			page 14


 618 029d 02       		.uleb128 0x2
 619 029e 08       		.byte	0x8
 620 029f 64       		.byte	0x64
 621 02a0 00       		.byte	0
 622 02a1 0A       		.uleb128 0xa
 623 02a2 90000000 		.4byte	.LVL24
 624 02a6 6D050000 		.4byte	0x56d
 625 02aa B5020000 		.4byte	0x2b5
 626 02ae 0B       		.uleb128 0xb
 627 02af 01       		.uleb128 0x1
 628 02b0 50       		.byte	0x50
 629 02b1 02       		.uleb128 0x2
 630 02b2 08       		.byte	0x8
 631 02b3 64       		.byte	0x64
 632 02b4 00       		.byte	0
 633 02b5 0A       		.uleb128 0xa
 634 02b6 96000000 		.4byte	.LVL25
 635 02ba 78050000 		.4byte	0x578
 636 02be C8020000 		.4byte	0x2c8
 637 02c2 0B       		.uleb128 0xb
 638 02c3 01       		.uleb128 0x1
 639 02c4 50       		.byte	0x50
 640 02c5 01       		.uleb128 0x1
 641 02c6 30       		.byte	0x30
 642 02c7 00       		.byte	0
 643 02c8 0A       		.uleb128 0xa
 644 02c9 9C000000 		.4byte	.LVL26
 645 02cd 6D050000 		.4byte	0x56d
 646 02d1 DC020000 		.4byte	0x2dc
 647 02d5 0B       		.uleb128 0xb
 648 02d6 01       		.uleb128 0x1
 649 02d7 50       		.byte	0x50
 650 02d8 02       		.uleb128 0x2
 651 02d9 08       		.byte	0x8
 652 02da 64       		.byte	0x64
 653 02db 00       		.byte	0
 654 02dc 0A       		.uleb128 0xa
 655 02dd A2000000 		.4byte	.LVL27
 656 02e1 78050000 		.4byte	0x578
 657 02e5 F0020000 		.4byte	0x2f0
 658 02e9 0B       		.uleb128 0xb
 659 02ea 01       		.uleb128 0x1
 660 02eb 50       		.byte	0x50
 661 02ec 02       		.uleb128 0x2
 662 02ed 09       		.byte	0x9
 663 02ee FF       		.byte	0xff
 664 02ef 00       		.byte	0
 665 02f0 0A       		.uleb128 0xa
 666 02f1 AC000000 		.4byte	.LVL28
 667 02f5 83050000 		.4byte	0x583
 668 02f9 0A030000 		.4byte	0x30a
 669 02fd 0B       		.uleb128 0xb
 670 02fe 01       		.uleb128 0x1
 671 02ff 50       		.byte	0x50
 672 0300 03       		.uleb128 0x3
 673 0301 0A       		.byte	0xa
 674 0302 3818     		.2byte	0x1838
ARM GAS  C:\Users\Revanth\AppData\Local\Temp\cccvrwBX.s 			page 15


 675 0304 0B       		.uleb128 0xb
 676 0305 01       		.uleb128 0x1
 677 0306 51       		.byte	0x51
 678 0307 01       		.uleb128 0x1
 679 0308 34       		.byte	0x34
 680 0309 00       		.byte	0
 681 030a 0A       		.uleb128 0xa
 682 030b B2000000 		.4byte	.LVL29
 683 030f 8E050000 		.4byte	0x58e
 684 0313 1D030000 		.4byte	0x31d
 685 0317 0B       		.uleb128 0xb
 686 0318 01       		.uleb128 0x1
 687 0319 50       		.byte	0x50
 688 031a 01       		.uleb128 0x1
 689 031b 30       		.byte	0x30
 690 031c 00       		.byte	0
 691 031d 0A       		.uleb128 0xa
 692 031e B8000000 		.4byte	.LVL30
 693 0322 99050000 		.4byte	0x599
 694 0326 30030000 		.4byte	0x330
 695 032a 0B       		.uleb128 0xb
 696 032b 01       		.uleb128 0x1
 697 032c 50       		.byte	0x50
 698 032d 01       		.uleb128 0x1
 699 032e 30       		.byte	0x30
 700 032f 00       		.byte	0
 701 0330 0A       		.uleb128 0xa
 702 0331 BE000000 		.4byte	.LVL31
 703 0335 DE040000 		.4byte	0x4de
 704 0339 43030000 		.4byte	0x343
 705 033d 0B       		.uleb128 0xb
 706 033e 01       		.uleb128 0x1
 707 033f 50       		.byte	0x50
 708 0340 01       		.uleb128 0x1
 709 0341 30       		.byte	0x30
 710 0342 00       		.byte	0
 711 0343 0A       		.uleb128 0xa
 712 0344 C4000000 		.4byte	.LVL32
 713 0348 E9040000 		.4byte	0x4e9
 714 034c 56030000 		.4byte	0x356
 715 0350 0B       		.uleb128 0xb
 716 0351 01       		.uleb128 0x1
 717 0352 50       		.byte	0x50
 718 0353 01       		.uleb128 0x1
 719 0354 30       		.byte	0x30
 720 0355 00       		.byte	0
 721 0356 0A       		.uleb128 0xa
 722 0357 CA000000 		.4byte	.LVL33
 723 035b 6D050000 		.4byte	0x56d
 724 035f 69030000 		.4byte	0x369
 725 0363 0B       		.uleb128 0xb
 726 0364 01       		.uleb128 0x1
 727 0365 50       		.byte	0x50
 728 0366 01       		.uleb128 0x1
 729 0367 3A       		.byte	0x3a
 730 0368 00       		.byte	0
 731 0369 0A       		.uleb128 0xa
ARM GAS  C:\Users\Revanth\AppData\Local\Temp\cccvrwBX.s 			page 16


 732 036a DA000000 		.4byte	.LVL34
 733 036e A4050000 		.4byte	0x5a4
 734 0372 92030000 		.4byte	0x392
 735 0376 0B       		.uleb128 0xb
 736 0377 01       		.uleb128 0x1
 737 0378 50       		.byte	0x50
 738 0379 01       		.uleb128 0x1
 739 037a 31       		.byte	0x31
 740 037b 0B       		.uleb128 0xb
 741 037c 01       		.uleb128 0x1
 742 037d 51       		.byte	0x51
 743 037e 01       		.uleb128 0x1
 744 037f 4E       		.byte	0x4e
 745 0380 0B       		.uleb128 0xb
 746 0381 01       		.uleb128 0x1
 747 0382 52       		.byte	0x52
 748 0383 02       		.uleb128 0x2
 749 0384 08       		.byte	0x8
 750 0385 C4       		.byte	0xc4
 751 0386 0B       		.uleb128 0xb
 752 0387 01       		.uleb128 0x1
 753 0388 53       		.byte	0x53
 754 0389 01       		.uleb128 0x1
 755 038a 3E       		.byte	0x3e
 756 038b 0B       		.uleb128 0xb
 757 038c 02       		.uleb128 0x2
 758 038d 7D       		.byte	0x7d
 759 038e 00       		.sleb128 0
 760 038f 01       		.uleb128 0x1
 761 0390 3A       		.byte	0x3a
 762 0391 00       		.byte	0
 763 0392 09       		.uleb128 0x9
 764 0393 DE000000 		.4byte	.LVL35
 765 0397 AF050000 		.4byte	0x5af
 766 039b 09       		.uleb128 0x9
 767 039c E2000000 		.4byte	.LVL36
 768 03a0 BA050000 		.4byte	0x5ba
 769 03a4 0A       		.uleb128 0xa
 770 03a5 EA000000 		.4byte	.LVL37
 771 03a9 C5050000 		.4byte	0x5c5
 772 03ad BB030000 		.4byte	0x3bb
 773 03b1 0B       		.uleb128 0xb
 774 03b2 01       		.uleb128 0x1
 775 03b3 50       		.byte	0x50
 776 03b4 05       		.uleb128 0x5
 777 03b5 03       		.byte	0x3
 778 03b6 00000000 		.4byte	USB_received
 779 03ba 00       		.byte	0
 780 03bb 0A       		.uleb128 0xa
 781 03bc F8000000 		.4byte	.LVL38
 782 03c0 2B050000 		.4byte	0x52b
 783 03c4 D2030000 		.4byte	0x3d2
 784 03c8 0B       		.uleb128 0xb
 785 03c9 01       		.uleb128 0x1
 786 03ca 50       		.byte	0x50
 787 03cb 05       		.uleb128 0x5
 788 03cc 03       		.byte	0x3
ARM GAS  C:\Users\Revanth\AppData\Local\Temp\cccvrwBX.s 			page 17


 789 03cd 20000000 		.4byte	.LC1
 790 03d1 00       		.byte	0
 791 03d2 0A       		.uleb128 0xa
 792 03d3 FE000000 		.4byte	.LVL39
 793 03d7 E9040000 		.4byte	0x4e9
 794 03db E6030000 		.4byte	0x3e6
 795 03df 0B       		.uleb128 0xb
 796 03e0 01       		.uleb128 0x1
 797 03e1 50       		.byte	0x50
 798 03e2 02       		.uleb128 0x2
 799 03e3 09       		.byte	0x9
 800 03e4 FF       		.byte	0xff
 801 03e5 00       		.byte	0
 802 03e6 09       		.uleb128 0x9
 803 03e7 02010000 		.4byte	.LVL40
 804 03eb D0050000 		.4byte	0x5d0
 805 03ef 0A       		.uleb128 0xa
 806 03f0 08010000 		.4byte	.LVL41
 807 03f4 E9040000 		.4byte	0x4e9
 808 03f8 02040000 		.4byte	0x402
 809 03fc 0B       		.uleb128 0xb
 810 03fd 01       		.uleb128 0x1
 811 03fe 50       		.byte	0x50
 812 03ff 01       		.uleb128 0x1
 813 0400 30       		.byte	0x30
 814 0401 00       		.byte	0
 815 0402 0C       		.uleb128 0xc
 816 0403 0E010000 		.4byte	.LVL42
 817 0407 62050000 		.4byte	0x562
 818 040b 0B       		.uleb128 0xb
 819 040c 01       		.uleb128 0x1
 820 040d 50       		.byte	0x50
 821 040e 02       		.uleb128 0x2
 822 040f 08       		.byte	0x8
 823 0410 64       		.byte	0x64
 824 0411 00       		.byte	0
 825 0412 00       		.byte	0
 826 0413 0D       		.uleb128 0xd
 827 0414 F9010000 		.4byte	.LASF21
 828 0418 05       		.byte	0x5
 829 0419 1207     		.2byte	0x712
 830 041b 1F040000 		.4byte	0x41f
 831 041f 0E       		.uleb128 0xe
 832 0420 8C000000 		.4byte	0x8c
 833 0424 0F       		.uleb128 0xf
 834 0425 85000000 		.4byte	.LASF22
 835 0429 06       		.byte	0x6
 836 042a 16       		.byte	0x16
 837 042b 35040000 		.4byte	0x435
 838 042f 05       		.uleb128 0x5
 839 0430 03       		.byte	0x3
 840 0431 00000000 		.4byte	Is_Slide_On_Gripper
 841 0435 02       		.uleb128 0x2
 842 0436 01       		.byte	0x1
 843 0437 02       		.byte	0x2
 844 0438 AA030000 		.4byte	.LASF23
 845 043c 0F       		.uleb128 0xf
ARM GAS  C:\Users\Revanth\AppData\Local\Temp\cccvrwBX.s 			page 18


 846 043d 20030000 		.4byte	.LASF24
 847 0441 06       		.byte	0x6
 848 0442 17       		.byte	0x17
 849 0443 A3000000 		.4byte	0xa3
 850 0447 05       		.uleb128 0x5
 851 0448 03       		.byte	0x3
 852 0449 00000000 		.4byte	count
 853 044d 10       		.uleb128 0x10
 854 044e 97000000 		.4byte	0x97
 855 0452 5D040000 		.4byte	0x45d
 856 0456 11       		.uleb128 0x11
 857 0457 D7000000 		.4byte	0xd7
 858 045b 3F       		.byte	0x3f
 859 045c 00       		.byte	0
 860 045d 0F       		.uleb128 0xf
 861 045e 38020000 		.4byte	.LASF25
 862 0462 06       		.byte	0x6
 863 0463 18       		.byte	0x18
 864 0464 4D040000 		.4byte	0x44d
 865 0468 05       		.uleb128 0x5
 866 0469 03       		.byte	0x3
 867 046a 00000000 		.4byte	USB_received
 868 046e 10       		.uleb128 0x10
 869 046f AF000000 		.4byte	0xaf
 870 0473 7E040000 		.4byte	0x47e
 871 0477 11       		.uleb128 0x11
 872 0478 D7000000 		.4byte	0xd7
 873 047c 39       		.byte	0x39
 874 047d 00       		.byte	0
 875 047e 0F       		.uleb128 0xf
 876 047f 1B000000 		.4byte	.LASF26
 877 0483 06       		.byte	0x6
 878 0484 19       		.byte	0x19
 879 0485 6E040000 		.4byte	0x46e
 880 0489 05       		.uleb128 0x5
 881 048a 03       		.byte	0x3
 882 048b 00000000 		.4byte	USB_transmit
 883 048f 0F       		.uleb128 0xf
 884 0490 C7030000 		.4byte	.LASF27
 885 0494 01       		.byte	0x1
 886 0495 13       		.byte	0x13
 887 0496 81000000 		.4byte	0x81
 888 049a 05       		.uleb128 0x5
 889 049b 03       		.byte	0x3
 890 049c 00000000 		.4byte	status_x
 891 04a0 0F       		.uleb128 0xf
 892 04a1 D0030000 		.4byte	.LASF28
 893 04a5 01       		.byte	0x1
 894 04a6 14       		.byte	0x14
 895 04a7 81000000 		.4byte	0x81
 896 04ab 05       		.uleb128 0x5
 897 04ac 03       		.byte	0x3
 898 04ad 00000000 		.4byte	status_y
 899 04b1 0F       		.uleb128 0xf
 900 04b2 17030000 		.4byte	.LASF29
 901 04b6 01       		.byte	0x1
 902 04b7 15       		.byte	0x15
ARM GAS  C:\Users\Revanth\AppData\Local\Temp\cccvrwBX.s 			page 19


 903 04b8 81000000 		.4byte	0x81
 904 04bc 05       		.uleb128 0x5
 905 04bd 03       		.byte	0x3
 906 04be 00000000 		.4byte	status_z
 907 04c2 0F       		.uleb128 0xf
 908 04c3 DE020000 		.4byte	.LASF30
 909 04c7 01       		.byte	0x1
 910 04c8 16       		.byte	0x16
 911 04c9 81000000 		.4byte	0x81
 912 04cd 05       		.uleb128 0x5
 913 04ce 03       		.byte	0x3
 914 04cf 00000000 		.4byte	status_t
 915 04d3 12       		.uleb128 0x12
 916 04d4 E4000000 		.4byte	.LASF31
 917 04d8 E4000000 		.4byte	.LASF31
 918 04dc 07       		.byte	0x7
 919 04dd 8A       		.byte	0x8a
 920 04de 12       		.uleb128 0x12
 921 04df BE000000 		.4byte	.LASF32
 922 04e3 BE000000 		.4byte	.LASF32
 923 04e7 08       		.byte	0x8
 924 04e8 26       		.byte	0x26
 925 04e9 12       		.uleb128 0x12
 926 04ea 5D000000 		.4byte	.LASF33
 927 04ee 5D000000 		.4byte	.LASF33
 928 04f2 09       		.byte	0x9
 929 04f3 26       		.byte	0x26
 930 04f4 12       		.uleb128 0x12
 931 04f5 B0030000 		.4byte	.LASF34
 932 04f9 B0030000 		.4byte	.LASF34
 933 04fd 06       		.byte	0x6
 934 04fe 2B       		.byte	0x2b
 935 04ff 12       		.uleb128 0x12
 936 0500 59020000 		.4byte	.LASF35
 937 0504 59020000 		.4byte	.LASF35
 938 0508 0A       		.byte	0xa
 939 0509 C3       		.byte	0xc3
 940 050a 12       		.uleb128 0x12
 941 050b 28000000 		.4byte	.LASF36
 942 050f 28000000 		.4byte	.LASF36
 943 0513 0B       		.byte	0xb
 944 0514 C3       		.byte	0xc3
 945 0515 12       		.uleb128 0x12
 946 0516 77030000 		.4byte	.LASF37
 947 051a 77030000 		.4byte	.LASF37
 948 051e 0C       		.byte	0xc
 949 051f 26       		.byte	0x26
 950 0520 12       		.uleb128 0x12
 951 0521 25020000 		.4byte	.LASF38
 952 0525 25020000 		.4byte	.LASF38
 953 0529 0D       		.byte	0xd
 954 052a 54       		.byte	0x54
 955 052b 12       		.uleb128 0x12
 956 052c E7020000 		.4byte	.LASF39
 957 0530 E7020000 		.4byte	.LASF39
 958 0534 06       		.byte	0x6
 959 0535 3E       		.byte	0x3e
ARM GAS  C:\Users\Revanth\AppData\Local\Temp\cccvrwBX.s 			page 20


 960 0536 12       		.uleb128 0x12
 961 0537 4A020000 		.4byte	.LASF40
 962 053b 4A020000 		.4byte	.LASF40
 963 053f 06       		.byte	0x6
 964 0540 3A       		.byte	0x3a
 965 0541 12       		.uleb128 0x12
 966 0542 99000000 		.4byte	.LASF41
 967 0546 99000000 		.4byte	.LASF41
 968 054a 06       		.byte	0x6
 969 054b 20       		.byte	0x20
 970 054c 12       		.uleb128 0x12
 971 054d C2020000 		.4byte	.LASF42
 972 0551 C2020000 		.4byte	.LASF42
 973 0555 0E       		.byte	0xe
 974 0556 4D       		.byte	0x4d
 975 0557 12       		.uleb128 0x12
 976 0558 66030000 		.4byte	.LASF43
 977 055c 66030000 		.4byte	.LASF43
 978 0560 06       		.byte	0x6
 979 0561 1F       		.byte	0x1f
 980 0562 12       		.uleb128 0x12
 981 0563 77020000 		.4byte	.LASF44
 982 0567 77020000 		.4byte	.LASF44
 983 056b 0F       		.byte	0xf
 984 056c 77       		.byte	0x77
 985 056d 12       		.uleb128 0x12
 986 056e BF030000 		.4byte	.LASF45
 987 0572 BF030000 		.4byte	.LASF45
 988 0576 0F       		.byte	0xf
 989 0577 76       		.byte	0x76
 990 0578 12       		.uleb128 0x12
 991 0579 0D020000 		.4byte	.LASF46
 992 057d 0D020000 		.4byte	.LASF46
 993 0581 10       		.byte	0x10
 994 0582 26       		.byte	0x26
 995 0583 12       		.uleb128 0x12
 996 0584 68000000 		.4byte	.LASF47
 997 0588 68000000 		.4byte	.LASF47
 998 058c 11       		.byte	0x11
 999 058d 2D       		.byte	0x2d
 1000 058e 12       		.uleb128 0x12
 1001 058f 46030000 		.4byte	.LASF48
 1002 0593 46030000 		.4byte	.LASF48
 1003 0597 12       		.byte	0x12
 1004 0598 4F       		.byte	0x4f
 1005 0599 12       		.uleb128 0x12
 1006 059a C9000000 		.4byte	.LASF49
 1007 059e C9000000 		.4byte	.LASF49
 1008 05a2 13       		.byte	0x13
 1009 05a3 4F       		.byte	0x4f
 1010 05a4 12       		.uleb128 0x12
 1011 05a5 4E000000 		.4byte	.LASF50
 1012 05a9 4E000000 		.4byte	.LASF50
 1013 05ad 01       		.byte	0x1
 1014 05ae 54       		.byte	0x54
 1015 05af 12       		.uleb128 0x12
 1016 05b0 86020000 		.4byte	.LASF51
ARM GAS  C:\Users\Revanth\AppData\Local\Temp\cccvrwBX.s 			page 21


 1017 05b4 86020000 		.4byte	.LASF51
 1018 05b8 06       		.byte	0x6
 1019 05b9 38       		.byte	0x38
 1020 05ba 12       		.uleb128 0x12
 1021 05bb 26030000 		.4byte	.LASF52
 1022 05bf 26030000 		.4byte	.LASF52
 1023 05c3 14       		.byte	0x14
 1024 05c4 29       		.byte	0x29
 1025 05c5 12       		.uleb128 0x12
 1026 05c6 5B030000 		.4byte	.LASF53
 1027 05ca 5B030000 		.4byte	.LASF53
 1028 05ce 14       		.byte	0x14
 1029 05cf 2B       		.byte	0x2b
 1030 05d0 12       		.uleb128 0x12
 1031 05d1 0A000000 		.4byte	.LASF54
 1032 05d5 0A000000 		.4byte	.LASF54
 1033 05d9 06       		.byte	0x6
 1034 05da 36       		.byte	0x36
 1035 05db 00       		.byte	0
 1036              		.section	.debug_abbrev,"",%progbits
 1037              	.Ldebug_abbrev0:
 1038 0000 01       		.uleb128 0x1
 1039 0001 11       		.uleb128 0x11
 1040 0002 01       		.byte	0x1
 1041 0003 25       		.uleb128 0x25
 1042 0004 0E       		.uleb128 0xe
 1043 0005 13       		.uleb128 0x13
 1044 0006 0B       		.uleb128 0xb
 1045 0007 03       		.uleb128 0x3
 1046 0008 0E       		.uleb128 0xe
 1047 0009 1B       		.uleb128 0x1b
 1048 000a 0E       		.uleb128 0xe
 1049 000b 55       		.uleb128 0x55
 1050 000c 17       		.uleb128 0x17
 1051 000d 11       		.uleb128 0x11
 1052 000e 01       		.uleb128 0x1
 1053 000f 10       		.uleb128 0x10
 1054 0010 17       		.uleb128 0x17
 1055 0011 00       		.byte	0
 1056 0012 00       		.byte	0
 1057 0013 02       		.uleb128 0x2
 1058 0014 24       		.uleb128 0x24
 1059 0015 00       		.byte	0
 1060 0016 0B       		.uleb128 0xb
 1061 0017 0B       		.uleb128 0xb
 1062 0018 3E       		.uleb128 0x3e
 1063 0019 0B       		.uleb128 0xb
 1064 001a 03       		.uleb128 0x3
 1065 001b 0E       		.uleb128 0xe
 1066 001c 00       		.byte	0
 1067 001d 00       		.byte	0
 1068 001e 03       		.uleb128 0x3
 1069 001f 16       		.uleb128 0x16
 1070 0020 00       		.byte	0
 1071 0021 03       		.uleb128 0x3
 1072 0022 0E       		.uleb128 0xe
 1073 0023 3A       		.uleb128 0x3a
ARM GAS  C:\Users\Revanth\AppData\Local\Temp\cccvrwBX.s 			page 22


 1074 0024 0B       		.uleb128 0xb
 1075 0025 3B       		.uleb128 0x3b
 1076 0026 0B       		.uleb128 0xb
 1077 0027 49       		.uleb128 0x49
 1078 0028 13       		.uleb128 0x13
 1079 0029 00       		.byte	0
 1080 002a 00       		.byte	0
 1081 002b 04       		.uleb128 0x4
 1082 002c 24       		.uleb128 0x24
 1083 002d 00       		.byte	0
 1084 002e 0B       		.uleb128 0xb
 1085 002f 0B       		.uleb128 0xb
 1086 0030 3E       		.uleb128 0x3e
 1087 0031 0B       		.uleb128 0xb
 1088 0032 03       		.uleb128 0x3
 1089 0033 08       		.uleb128 0x8
 1090 0034 00       		.byte	0
 1091 0035 00       		.byte	0
 1092 0036 05       		.uleb128 0x5
 1093 0037 16       		.uleb128 0x16
 1094 0038 00       		.byte	0
 1095 0039 03       		.uleb128 0x3
 1096 003a 0E       		.uleb128 0xe
 1097 003b 3A       		.uleb128 0x3a
 1098 003c 0B       		.uleb128 0xb
 1099 003d 3B       		.uleb128 0x3b
 1100 003e 05       		.uleb128 0x5
 1101 003f 49       		.uleb128 0x49
 1102 0040 13       		.uleb128 0x13
 1103 0041 00       		.byte	0
 1104 0042 00       		.byte	0
 1105 0043 06       		.uleb128 0x6
 1106 0044 2E       		.uleb128 0x2e
 1107 0045 01       		.byte	0x1
 1108 0046 3F       		.uleb128 0x3f
 1109 0047 19       		.uleb128 0x19
 1110 0048 03       		.uleb128 0x3
 1111 0049 0E       		.uleb128 0xe
 1112 004a 3A       		.uleb128 0x3a
 1113 004b 0B       		.uleb128 0xb
 1114 004c 3B       		.uleb128 0x3b
 1115 004d 0B       		.uleb128 0xb
 1116 004e 27       		.uleb128 0x27
 1117 004f 19       		.uleb128 0x19
 1118 0050 49       		.uleb128 0x49
 1119 0051 13       		.uleb128 0x13
 1120 0052 8701     		.uleb128 0x87
 1121 0054 19       		.uleb128 0x19
 1122 0055 11       		.uleb128 0x11
 1123 0056 01       		.uleb128 0x1
 1124 0057 12       		.uleb128 0x12
 1125 0058 06       		.uleb128 0x6
 1126 0059 40       		.uleb128 0x40
 1127 005a 18       		.uleb128 0x18
 1128 005b 9742     		.uleb128 0x2117
 1129 005d 19       		.uleb128 0x19
 1130 005e 01       		.uleb128 0x1
ARM GAS  C:\Users\Revanth\AppData\Local\Temp\cccvrwBX.s 			page 23


 1131 005f 13       		.uleb128 0x13
 1132 0060 00       		.byte	0
 1133 0061 00       		.byte	0
 1134 0062 07       		.uleb128 0x7
 1135 0063 2E       		.uleb128 0x2e
 1136 0064 01       		.byte	0x1
 1137 0065 3F       		.uleb128 0x3f
 1138 0066 19       		.uleb128 0x19
 1139 0067 03       		.uleb128 0x3
 1140 0068 0E       		.uleb128 0xe
 1141 0069 3A       		.uleb128 0x3a
 1142 006a 0B       		.uleb128 0xb
 1143 006b 3B       		.uleb128 0x3b
 1144 006c 0B       		.uleb128 0xb
 1145 006d 49       		.uleb128 0x49
 1146 006e 13       		.uleb128 0x13
 1147 006f 3C       		.uleb128 0x3c
 1148 0070 19       		.uleb128 0x19
 1149 0071 01       		.uleb128 0x1
 1150 0072 13       		.uleb128 0x13
 1151 0073 00       		.byte	0
 1152 0074 00       		.byte	0
 1153 0075 08       		.uleb128 0x8
 1154 0076 18       		.uleb128 0x18
 1155 0077 00       		.byte	0
 1156 0078 00       		.byte	0
 1157 0079 00       		.byte	0
 1158 007a 09       		.uleb128 0x9
 1159 007b 898201   		.uleb128 0x4109
 1160 007e 00       		.byte	0
 1161 007f 11       		.uleb128 0x11
 1162 0080 01       		.uleb128 0x1
 1163 0081 31       		.uleb128 0x31
 1164 0082 13       		.uleb128 0x13
 1165 0083 00       		.byte	0
 1166 0084 00       		.byte	0
 1167 0085 0A       		.uleb128 0xa
 1168 0086 898201   		.uleb128 0x4109
 1169 0089 01       		.byte	0x1
 1170 008a 11       		.uleb128 0x11
 1171 008b 01       		.uleb128 0x1
 1172 008c 31       		.uleb128 0x31
 1173 008d 13       		.uleb128 0x13
 1174 008e 01       		.uleb128 0x1
 1175 008f 13       		.uleb128 0x13
 1176 0090 00       		.byte	0
 1177 0091 00       		.byte	0
 1178 0092 0B       		.uleb128 0xb
 1179 0093 8A8201   		.uleb128 0x410a
 1180 0096 00       		.byte	0
 1181 0097 02       		.uleb128 0x2
 1182 0098 18       		.uleb128 0x18
 1183 0099 9142     		.uleb128 0x2111
 1184 009b 18       		.uleb128 0x18
 1185 009c 00       		.byte	0
 1186 009d 00       		.byte	0
 1187 009e 0C       		.uleb128 0xc
ARM GAS  C:\Users\Revanth\AppData\Local\Temp\cccvrwBX.s 			page 24


 1188 009f 898201   		.uleb128 0x4109
 1189 00a2 01       		.byte	0x1
 1190 00a3 11       		.uleb128 0x11
 1191 00a4 01       		.uleb128 0x1
 1192 00a5 31       		.uleb128 0x31
 1193 00a6 13       		.uleb128 0x13
 1194 00a7 00       		.byte	0
 1195 00a8 00       		.byte	0
 1196 00a9 0D       		.uleb128 0xd
 1197 00aa 34       		.uleb128 0x34
 1198 00ab 00       		.byte	0
 1199 00ac 03       		.uleb128 0x3
 1200 00ad 0E       		.uleb128 0xe
 1201 00ae 3A       		.uleb128 0x3a
 1202 00af 0B       		.uleb128 0xb
 1203 00b0 3B       		.uleb128 0x3b
 1204 00b1 05       		.uleb128 0x5
 1205 00b2 49       		.uleb128 0x49
 1206 00b3 13       		.uleb128 0x13
 1207 00b4 3F       		.uleb128 0x3f
 1208 00b5 19       		.uleb128 0x19
 1209 00b6 3C       		.uleb128 0x3c
 1210 00b7 19       		.uleb128 0x19
 1211 00b8 00       		.byte	0
 1212 00b9 00       		.byte	0
 1213 00ba 0E       		.uleb128 0xe
 1214 00bb 35       		.uleb128 0x35
 1215 00bc 00       		.byte	0
 1216 00bd 49       		.uleb128 0x49
 1217 00be 13       		.uleb128 0x13
 1218 00bf 00       		.byte	0
 1219 00c0 00       		.byte	0
 1220 00c1 0F       		.uleb128 0xf
 1221 00c2 34       		.uleb128 0x34
 1222 00c3 00       		.byte	0
 1223 00c4 03       		.uleb128 0x3
 1224 00c5 0E       		.uleb128 0xe
 1225 00c6 3A       		.uleb128 0x3a
 1226 00c7 0B       		.uleb128 0xb
 1227 00c8 3B       		.uleb128 0x3b
 1228 00c9 0B       		.uleb128 0xb
 1229 00ca 49       		.uleb128 0x49
 1230 00cb 13       		.uleb128 0x13
 1231 00cc 3F       		.uleb128 0x3f
 1232 00cd 19       		.uleb128 0x19
 1233 00ce 02       		.uleb128 0x2
 1234 00cf 18       		.uleb128 0x18
 1235 00d0 00       		.byte	0
 1236 00d1 00       		.byte	0
 1237 00d2 10       		.uleb128 0x10
 1238 00d3 01       		.uleb128 0x1
 1239 00d4 01       		.byte	0x1
 1240 00d5 49       		.uleb128 0x49
 1241 00d6 13       		.uleb128 0x13
 1242 00d7 01       		.uleb128 0x1
 1243 00d8 13       		.uleb128 0x13
 1244 00d9 00       		.byte	0
ARM GAS  C:\Users\Revanth\AppData\Local\Temp\cccvrwBX.s 			page 25


 1245 00da 00       		.byte	0
 1246 00db 11       		.uleb128 0x11
 1247 00dc 21       		.uleb128 0x21
 1248 00dd 00       		.byte	0
 1249 00de 49       		.uleb128 0x49
 1250 00df 13       		.uleb128 0x13
 1251 00e0 2F       		.uleb128 0x2f
 1252 00e1 0B       		.uleb128 0xb
 1253 00e2 00       		.byte	0
 1254 00e3 00       		.byte	0
 1255 00e4 12       		.uleb128 0x12
 1256 00e5 2E       		.uleb128 0x2e
 1257 00e6 00       		.byte	0
 1258 00e7 3F       		.uleb128 0x3f
 1259 00e8 19       		.uleb128 0x19
 1260 00e9 3C       		.uleb128 0x3c
 1261 00ea 19       		.uleb128 0x19
 1262 00eb 6E       		.uleb128 0x6e
 1263 00ec 0E       		.uleb128 0xe
 1264 00ed 03       		.uleb128 0x3
 1265 00ee 0E       		.uleb128 0xe
 1266 00ef 3A       		.uleb128 0x3a
 1267 00f0 0B       		.uleb128 0xb
 1268 00f1 3B       		.uleb128 0x3b
 1269 00f2 0B       		.uleb128 0xb
 1270 00f3 00       		.byte	0
 1271 00f4 00       		.byte	0
 1272 00f5 00       		.byte	0
 1273              		.section	.debug_aranges,"",%progbits
 1274 0000 1C000000 		.4byte	0x1c
 1275 0004 0200     		.2byte	0x2
 1276 0006 00000000 		.4byte	.Ldebug_info0
 1277 000a 04       		.byte	0x4
 1278 000b 00       		.byte	0
 1279 000c 0000     		.2byte	0
 1280 000e 0000     		.2byte	0
 1281 0010 00000000 		.4byte	.LFB64
 1282 0014 20010000 		.4byte	.LFE64-.LFB64
 1283 0018 00000000 		.4byte	0
 1284 001c 00000000 		.4byte	0
 1285              		.section	.debug_ranges,"",%progbits
 1286              	.Ldebug_ranges0:
 1287 0000 00000000 		.4byte	.LFB64
 1288 0004 20010000 		.4byte	.LFE64
 1289 0008 00000000 		.4byte	0
 1290 000c 00000000 		.4byte	0
 1291              		.section	.debug_line,"",%progbits
 1292              	.Ldebug_line0:
 1293 0000 80020000 		.section	.debug_str,"MS",%progbits,1
 1293      02003902 
 1293      00000201 
 1293      FB0E0D00 
 1293      01010101 
 1294              	.LASF4:
 1295 0000 5F5F7569 		.ascii	"__uint8_t\000"
 1295      6E74385F 
 1295      7400
ARM GAS  C:\Users\Revanth\AppData\Local\Temp\cccvrwBX.s 			page 26


 1296              	.LASF54:
 1297 000a 50726F63 		.ascii	"Process_USB_Data\000"
 1297      6573735F 
 1297      5553425F 
 1297      44617461 
 1297      00
 1298              	.LASF26:
 1299 001b 5553425F 		.ascii	"USB_transmit\000"
 1299      7472616E 
 1299      736D6974 
 1299      00
 1300              	.LASF36:
 1301 0028 50574D5F 		.ascii	"PWM_BarcodeCondenser_LED_WriteCompare\000"
 1301      42617263 
 1301      6F646543 
 1301      6F6E6465 
 1301      6E736572 
 1302              	.LASF50:
 1303 004e 52696E67 		.ascii	"Ring\000"
 1303      00
 1304              	.LASF5:
 1305 0053 5F5F696E 		.ascii	"__int32_t\000"
 1305      7433325F 
 1305      7400
 1306              	.LASF33:
 1307 005d 4C454432 		.ascii	"LED2_Write\000"
 1307      5F577269 
 1307      746500
 1308              	.LASF47:
 1309 0068 75706461 		.ascii	"update_max_velocity\000"
 1309      74655F6D 
 1309      61785F76 
 1309      656C6F63 
 1309      69747900 
 1310              	.LASF6:
 1311 007c 6C6F6E67 		.ascii	"long int\000"
 1311      20696E74 
 1311      00
 1312              	.LASF22:
 1313 0085 49735F53 		.ascii	"Is_Slide_On_Gripper\000"
 1313      6C696465 
 1313      5F4F6E5F 
 1313      47726970 
 1313      70657200 
 1314              	.LASF41:
 1315 0099 496E6974 		.ascii	"Initialize_And_Start_All_Opt_Encoder\000"
 1315      69616C69 
 1315      7A655F41 
 1315      6E645F53 
 1315      74617274 
 1316              	.LASF32:
 1317 00be 4C454433 		.ascii	"LED3_Write\000"
 1317      5F577269 
 1317      746500
 1318              	.LASF49:
 1319 00c9 51756164 		.ascii	"QuadDec_Y_SetCounter\000"
 1319      4465635F 
ARM GAS  C:\Users\Revanth\AppData\Local\Temp\cccvrwBX.s 			page 27


 1319      595F5365 
 1319      74436F75 
 1319      6E746572 
 1320              	.LASF16:
 1321 00de 666C6F61 		.ascii	"float\000"
 1321      7400
 1322              	.LASF31:
 1323 00e4 77616974 		.ascii	"wait_timer_Init\000"
 1323      5F74696D 
 1323      65725F49 
 1323      6E697400 
 1324              	.LASF1:
 1325 00f4 756E7369 		.ascii	"unsigned char\000"
 1325      676E6564 
 1325      20636861 
 1325      7200
 1326              	.LASF55:
 1327 0102 474E5520 		.ascii	"GNU C11 5.4.1 20160609 (release) [ARM/embedded-5-br"
 1327      43313120 
 1327      352E342E 
 1327      31203230 
 1327      31363036 
 1328 0135 616E6368 		.ascii	"anch revision 237715] -mcpu=cortex-m3 -mthumb -g -O"
 1328      20726576 
 1328      6973696F 
 1328      6E203233 
 1328      37373135 
 1329 0168 67202D66 		.ascii	"g -ffunction-sections -ffat-lto-objects\000"
 1329      66756E63 
 1329      74696F6E 
 1329      2D736563 
 1329      74696F6E 
 1330              	.LASF7:
 1331 0190 6C6F6E67 		.ascii	"long unsigned int\000"
 1331      20756E73 
 1331      69676E65 
 1331      6420696E 
 1331      7400
 1332              	.LASF3:
 1333 01a2 73686F72 		.ascii	"short unsigned int\000"
 1333      7420756E 
 1333      7369676E 
 1333      65642069 
 1333      6E7400
 1334              	.LASF57:
 1335 01b5 433A5C55 		.ascii	"C:\\Users\\Revanth\\Documents\\GitHub\\AS76_FFP\\AS"
 1335      73657273 
 1335      5C526576 
 1335      616E7468 
 1335      5C446F63 
 1336 01e2 37365F46 		.ascii	"76_FFP\\AS76_FFP9.cydsn\000"
 1336      46505C41 
 1336      5337365F 
 1336      46465039 
 1336      2E637964 
 1337              	.LASF21:
 1338 01f9 49544D5F 		.ascii	"ITM_RxBuffer\000"
ARM GAS  C:\Users\Revanth\AppData\Local\Temp\cccvrwBX.s 			page 28


 1338      52784275 
 1338      66666572 
 1338      00
 1339              	.LASF14:
 1340 0206 75696E74 		.ascii	"uint16\000"
 1340      313600
 1341              	.LASF46:
 1342 020d 544D4335 		.ascii	"TMC5160_MotorT_EN_Write\000"
 1342      3136305F 
 1342      4D6F746F 
 1342      72545F45 
 1342      4E5F5772 
 1343              	.LASF38:
 1344 0225 55415254 		.ascii	"UART_PCB_LOG_Start\000"
 1344      5F504342 
 1344      5F4C4F47 
 1344      5F537461 
 1344      727400
 1345              	.LASF25:
 1346 0238 5553425F 		.ascii	"USB_received\000"
 1346      72656365 
 1346      69766564 
 1346      00
 1347              	.LASF58:
 1348 0245 6D61696E 		.ascii	"main\000"
 1348      00
 1349              	.LASF40:
 1350 024a 496E6974 		.ascii	"Initialize_USB\000"
 1350      69616C69 
 1350      7A655F55 
 1350      534200
 1351              	.LASF35:
 1352 0259 50574D5F 		.ascii	"PWM_CondenserLED_WriteCompare\000"
 1352      436F6E64 
 1352      656E7365 
 1352      724C4544 
 1352      5F577269 
 1353              	.LASF44:
 1354 0277 43794465 		.ascii	"CyDelayUs\000"
 1354      6C617955 
 1354      7300
 1355              	.LASF15:
 1356 0281 696E7438 		.ascii	"int8\000"
 1356      00
 1357              	.LASF51:
 1358 0286 49735F55 		.ascii	"Is_USB_Unpluged\000"
 1358      53425F55 
 1358      6E706C75 
 1358      67656400 
 1359              	.LASF10:
 1360 0296 756E7369 		.ascii	"unsigned int\000"
 1360      676E6564 
 1360      20696E74 
 1360      00
 1361              	.LASF9:
 1362 02a3 6C6F6E67 		.ascii	"long long unsigned int\000"
 1362      206C6F6E 
ARM GAS  C:\Users\Revanth\AppData\Local\Temp\cccvrwBX.s 			page 29


 1362      6720756E 
 1362      7369676E 
 1362      65642069 
 1363              	.LASF11:
 1364 02ba 75696E74 		.ascii	"uint8_t\000"
 1364      385F7400 
 1365              	.LASF42:
 1366 02c2 5350494D 		.ascii	"SPIM_Start\000"
 1366      5F537461 
 1366      727400
 1367              	.LASF12:
 1368 02cd 696E7433 		.ascii	"int32_t\000"
 1368      325F7400 
 1369              	.LASF20:
 1370 02d5 73697A65 		.ascii	"sizetype\000"
 1370      74797065 
 1370      00
 1371              	.LASF30:
 1372 02de 73746174 		.ascii	"status_t\000"
 1372      75735F74 
 1372      00
 1373              	.LASF39:
 1374 02e7 57726974 		.ascii	"Write_Debug_UART_Char\000"
 1374      655F4465 
 1374      6275675F 
 1374      55415254 
 1374      5F436861 
 1375              	.LASF8:
 1376 02fd 6C6F6E67 		.ascii	"long long int\000"
 1376      206C6F6E 
 1376      6720696E 
 1376      7400
 1377              	.LASF56:
 1378 030b 6D61696E 		.ascii	"main.c\000"
 1378      2E6300
 1379              	.LASF18:
 1380 0312 63686172 		.ascii	"char\000"
 1380      00
 1381              	.LASF29:
 1382 0317 73746174 		.ascii	"status_z\000"
 1382      75735F7A 
 1382      00
 1383              	.LASF24:
 1384 0320 636F756E 		.ascii	"count\000"
 1384      7400
 1385              	.LASF52:
 1386 0326 5553425F 		.ascii	"USB_DataIsReady\000"
 1386      44617461 
 1386      49735265 
 1386      61647900 
 1387              	.LASF2:
 1388 0336 73686F72 		.ascii	"short int\000"
 1388      7420696E 
 1388      7400
 1389              	.LASF13:
 1390 0340 75696E74 		.ascii	"uint8\000"
 1390      3800
ARM GAS  C:\Users\Revanth\AppData\Local\Temp\cccvrwBX.s 			page 30


 1391              	.LASF48:
 1392 0346 51756164 		.ascii	"QuadDec_X_SetCounter\000"
 1392      4465635F 
 1392      585F5365 
 1392      74436F75 
 1392      6E746572 
 1393              	.LASF53:
 1394 035b 5553425F 		.ascii	"USB_GetAll\000"
 1394      47657441 
 1394      6C6C00
 1395              	.LASF43:
 1396 0366 496E6974 		.ascii	"Initialize_Motor\000"
 1396      69616C69 
 1396      7A655F4D 
 1396      6F746F72 
 1396      00
 1397              	.LASF37:
 1398 0377 50696E5F 		.ascii	"Pin_Backlight_Write\000"
 1398      4261636B 
 1398      6C696768 
 1398      745F5772 
 1398      69746500 
 1399              	.LASF19:
 1400 038b 6C6F6E67 		.ascii	"long double\000"
 1400      20646F75 
 1400      626C6500 
 1401              	.LASF0:
 1402 0397 7369676E 		.ascii	"signed char\000"
 1402      65642063 
 1402      68617200 
 1403              	.LASF17:
 1404 03a3 646F7562 		.ascii	"double\000"
 1404      6C6500
 1405              	.LASF23:
 1406 03aa 5F426F6F 		.ascii	"_Bool\000"
 1406      6C00
 1407              	.LASF34:
 1408 03b0 496E6974 		.ascii	"Initialize_PWM\000"
 1408      69616C69 
 1408      7A655F50 
 1408      574D00
 1409              	.LASF45:
 1410 03bf 43794465 		.ascii	"CyDelay\000"
 1410      6C617900 
 1411              	.LASF27:
 1412 03c7 73746174 		.ascii	"status_x\000"
 1412      75735F78 
 1412      00
 1413              	.LASF28:
 1414 03d0 73746174 		.ascii	"status_y\000"
 1414      75735F79 
 1414      00
 1415              		.ident	"GCC: (GNU Tools for ARM Embedded Processors) 5.4.1 20160609 (release) [ARM/embedded-5-bran
